 	q		p		E
    -64.159307       0.000000       0.012953
     64.159307       0.000000       0.012953
   -128.318614       0.000000       0.003290
    128.318614       0.000000       0.003290
   -192.477921       0.000000       0.000111
    192.477921       0.000000       0.000111

 ------------------------------------------------------------------------
Energy[ 01 ]=      0.000893 and       0.000893, Norm =       1.009076
 -------------------------------------------------------------------------
D[01,01]=      0.001178     -0.000000i
D[02,01]=     -0.001178     -0.000000i
D[03,01]=     -0.015477     -0.000000i
D[04,01]=      0.015477     -0.000000i
D[05,01]=     -0.706936     -0.000000i
D[06,01]=      0.706936     +0.000000i

 ------------------------------------------------------------------------
Energy[ 02 ]=      0.000893 and       0.000893, Norm =       1.009074
 -------------------------------------------------------------------------
D[01,02]=     -0.001168     -0.000000i
D[02,02]=     -0.001168     -0.000000i
D[03,02]=      0.015473     -0.000000i
D[04,02]=      0.015473     -0.000000i
D[05,02]=      0.706937     +0.000000i
D[06,02]=      0.706936     -0.000000i

 ------------------------------------------------------------------------
Energy[ 03 ]=      0.004045 and       0.004045, Norm =       0.890513
 -------------------------------------------------------------------------
D[01,03]=      0.034180     +0.000000i
D[02,03]=     -0.034180     +0.000000i
D[03,03]=     -0.688586     +0.000000i
D[04,03]=      0.688586     +0.000000i
D[05,03]=      0.157103     +0.000000i
D[06,03]=     -0.157103     +0.000000i

 ------------------------------------------------------------------------
Energy[ 04 ]=      0.004045 and       0.004045, Norm =       0.890696
 -------------------------------------------------------------------------
D[01,04]=     -0.033867     +0.000000i
D[02,04]=     -0.033867     +0.000000i
D[03,04]=      0.688601     +0.000000i
D[04,04]=      0.688601     +0.000000i
D[05,04]=     -0.157106     +0.000000i
D[06,04]=     -0.157106     +0.000000i

 ------------------------------------------------------------------------
Energy[ 05 ]=      0.014219 and       0.014219, Norm =       0.928633
 -------------------------------------------------------------------------
D[01,05]=     -0.697086     +0.000000i
D[02,05]=      0.697086     +0.000000i
D[03,05]=      0.116319     +0.000000i
D[04,05]=     -0.116319     +0.000000i
D[05,05]=     -0.023266     +0.000000i
D[06,05]=      0.023266     +0.000000i

 ------------------------------------------------------------------------
Energy[ 06 ]=      0.014274 and       0.014274, Norm =       0.932152
 -------------------------------------------------------------------------
D[01,06]=      0.697054     +0.000000i
D[02,06]=      0.697054     +0.000000i
D[03,06]=     -0.116502     +0.000000i
D[04,06]=     -0.116502     +0.000000i
D[05,06]=      0.023303     +0.000000i
D[06,06]=      0.023303     +0.000000i

