 	q		p		E
      0.000000      -0.200020       0.020004
      0.000000       0.200020       0.020004
      0.000000      -0.400040       0.080016
      0.000000       0.400040       0.080016

 ------------------------------------------------------------------------
Energy[ 01 ]=      0.500000 and       0.500000, Norm =       1.000000
 -------------------------------------------------------------------------
D[01,01]=   (      0.673563,     -0.000000)
D[02,01]=   (      0.673563,     +0.000000)
D[03,01]=   (     -0.173671,     +0.000000)
D[04,01]=   (     -0.173671,     -0.000000)

 ------------------------------------------------------------------------
Energy[ 02 ]=      1.500000 and       1.500000, Norm =       1.000000
 -------------------------------------------------------------------------
D[01,02]=   (     -4.769152,     -0.000000)
D[02,02]=   (      4.769152,     -0.000000)
D[03,02]=   (      0.617378,     +0.000000)
D[04,02]=   (     -0.617378,     +0.000000)

 ------------------------------------------------------------------------
Energy[ 03 ]=      2.501676 and       2.501676, Norm =       1.000000
 -------------------------------------------------------------------------
D[01,03]=   (    -11.897401,     +0.000000)
D[02,03]=   (    -11.897401,     -0.000000)
D[03,03]=   (     12.259781,     -0.000000)
D[04,03]=   (     12.259781,     +0.000000)

 ------------------------------------------------------------------------
Energy[ 04 ]=      3.501010 and       3.501010, Norm =       1.000000
 -------------------------------------------------------------------------
D[01,04]=   (   -145.729740,     +0.000000)
D[02,04]=   (    145.729740,     +0.000000)
D[03,04]=   (     75.084268,     -0.000000)
D[04,04]=   (    -75.084268,     -0.000000)

