 	q		p		E
      0.000000      -0.200020       0.000001
      0.000000       0.200020       0.000001
      0.000000      -0.400040       0.000002
      0.000000       0.400040       0.000002

 ___________________________________________
U[01,01]=       0.507080     +0.000000i
U[02,01]=       0.507080     -0.000000i
U[03,01]=       0.492818     -0.000000i
U[04,01]=       0.492818     -0.000000i

 ___________________________________________
U[01,02]=      -0.323690     -0.000000i
U[02,02]=       0.323690     -0.000000i
U[03,02]=      -0.628669     -0.000000i
U[04,02]=       0.628669     +0.000000i

 ___________________________________________
U[01,03]=      -0.628669     +0.000000i
U[02,03]=       0.628669     +0.000000i
U[03,03]=       0.323690     +0.000000i
U[04,03]=      -0.323690     +0.000000i

 ___________________________________________
U[01,04]=      -0.492818     +0.000000i
U[02,04]=      -0.492818     +0.000000i
U[03,04]=       0.507080     +0.000000i
U[04,04]=       0.507080     +0.000000i

