0.1 3.7342318548 3.37830819959 0.99999999938 9.74469110312 9.74621319129 19.4909042944 -0.00152208816881
0.15000000000000002 3.89841007471 3.18745238807 0.999999998567 9.74470251901 9.74620175444 19.4909042735 -0.00149923542397
0.2 4.05284429969 2.98862960557 0.999999997838 9.74472142576 9.74618282885 19.4909042546 -0.00146140308613
0.25 4.1971485246 2.7823368055 0.999999997226 9.74474763477 9.74615660404 19.4909042388 -0.0014089692715
0.3 4.33096206403 2.56908961244 0.999999996751 9.74478088429 9.74612334222 19.4909042265 -0.00134245793641
0.35 4.45395045382 2.3494210333 0.999999996412 9.74482084205 9.74608337569 19.4909042177 -0.00126253364003
0.39999999999999997 4.56580628705 2.12388012513 0.999999996197 9.74486710863 9.74603710354 19.4909042122 -0.00116999491246
0.44999999999999996 4.66624998239 1.89303062274 0.99999999594 9.74491921987 9.74598498564 19.4909042055 -0.00106576576943
0.49999999999999994 4.75503048291 1.65744952967 0.999999995639 9.74497665515 9.74592754265 19.4909041978 -0.000950887496519
0.5499999999999999 4.83192588359 1.41772567596 0.999999995556 9.74503884341 9.74586535247 19.4909041959 -0.000826509061406
0.6 4.89674398599 1.17445824639 0.999999995628 9.74510516262 9.74579903559 19.4909041982 -0.000693872966796
0.65 4.94932277859 0.928255282854 0.999999995724 9.74517494869 9.74572925278 19.4909042015 -0.000554304089541
0.7000000000000001 4.9895308418 0.679732164537 0.999999995769 9.74524750349 9.74565670024 19.4909042037 -0.000409196744829
0.7500000000000001 5.01726767641 0.429510069807 0.999999995738 9.7453221018 9.74558210252 19.4909042043 -0.000260000719594
0.8000000000000002 5.03246395477 0.178214423586 0.999999995643 9.74539799835 9.74550620509 19.4909042034 -0.000108206739966
0.8500000000000002 5.03508169409 -0.0735266658812 0.999999995513 9.74547443515 9.74542976668 19.4909042018 4.46684661704e-05
0.9000000000000002 5.02511435141 -0.325083976976 0.99999999539 9.74555064886 9.74535355151 19.4909042004 0.000197097348712
0.9500000000000003 5.00258683987 -0.575828747428 0.999999995311 9.74562587839 9.74527832157 19.4909042 0.000347556819315
1.0000000000000002 4.96755546653 -0.825134245898 0.999999995307 9.74569937237 9.74520482889 19.4909042013 0.000494543485847
1.0500000000000003 4.92010779158 -1.07237733847 0.999999995388 9.74577039659 9.7451338079 19.4909042045 0.00063658869062
1.1000000000000003 4.86036240949 -1.31694004619 0.999999995534 9.74583824116 9.74506596793 19.4909042091 0.000772273225239
1.1500000000000004 4.7884686526 -1.55821108964 0.999999995682 9.7459022275 9.74500198595 19.4909042135 0.000900241552017
1.2000000000000004 4.70460621787 -1.79558741686 0.99999999567 9.74596171444 9.74494249893 19.4909042134 0.00101921551074
1.2500000000000004 4.60898471771 -2.02847571067 0.999999995267 9.74601610501 9.74488809798 19.490904203 0.00112800702986
1.3000000000000005 4.50184315606 -2.2562938716 0.999999994306 9.74606485385 9.74483932421 19.4909041781 0.00122552963915
1.3500000000000005 4.38344933104 -2.47847247292 0.999999992559 9.74610747121 9.74479666158 19.4909041328 0.00131080963065
1.4000000000000006 4.25409916555 -2.69445618381 0.999999989851 9.74614352909 9.74476053363 19.4909040627 0.00138299546072
1.4500000000000006 4.11411596763 -2.9037051575 0.9999999861 9.74617266595 9.74473129982 19.4909039658 0.00144136613417
1.5000000000000007 3.96384962239 -3.10569638051 0.999999981304 9.74619459015 9.74470925172 19.4909038419 0.00148533843479
1.5500000000000007 3.80367571742 -3.29992497998 0.999999975621 9.74620908382 9.74469461132 19.4909036951 0.00151447249936
1.6000000000000008 3.63399460408 -3.48590548557 0.99999996935 9.74621600479 9.7446875285 19.4909035333 0.00152847628549
1.6500000000000008 3.45523039677 -3.66317304287 0.999999962856 9.74621528719 9.74468807848 19.4909033657 0.00152720870805
1.7000000000000008 3.26782991292 -3.83128457531 0.999999956507 9.74620694153 9.74469626028 19.4909032018 0.0015106812457
1.7500000000000009 3.07226155615 -3.9898198916 0.999999950714 9.74619105499 9.74471199724 19.4909030522 0.00147905775079
1.800000000000001 2.86901414548 -4.13838273603 0.999999945783 9.74616778905 9.74473513582 19.4909029249 0.00143265323319
1.850000000000001 2.6585956936 -4.27660177884 0.999999941847 9.74613737704 9.7447654461 19.4909028231 0.00137193093616
1.900000000000001 2.44153213706 -4.40413154441 0.999999938977 9.74610012312 9.74480262574 19.4909027489 0.00129749738502
1.950000000000001 2.21836602171 -4.52065327475 0.999999937094 9.74605639832 9.74484630176 19.4909027001 0.00121009655791
2.000000000000001 1.9896551466 -4.62587572622 0.99999993602 9.74600663728 9.74489603497 19.4909026723 0.00111060230436
2.0500000000000007 1.75597116982 -4.71953589748 0.999999935539 9.74595133461 9.74495132519 19.4909026598 0.0010000094192
2.1000000000000005 1.5178981796 -4.80139968688 0.999999935383 9.74589103981 9.74501161613 19.4909026559 0.000879423680254
2.1500000000000004 1.27603123444 -4.87126247758 0.99999993541 9.74582635369 9.7450763033 19.490902657 0.000750050382175
2.2 1.03097487574 -4.928949649 0.999999935508 9.74575792135 9.74514473883 19.4909026602 0.000613182526187
2.25 0.783341616775 -4.97431701324 0.99999993558 9.74568642546 9.74521623753 19.490902663 0.000470187927708
2.3 0.533750411721 -5.00725117552 0.999999935581 9.74561257988 9.74529008441 19.4909026643 0.000322495469455
2.3499999999999996 0.28282510861 -5.02766981759 0.99999993551 9.74553712242 9.74536554155 19.490902664 0.000171580867963
2.3999999999999995 0.03119289002 -5.03552190348 0.99999993539 9.74546080726 9.74544185529 19.4909026626 1.89519731192e-05
2.4499999999999993 -0.22051729455 -5.03078780705 0.999999935259 9.74538439732 9.74551826359 19.4909026609 -0.000133866264824
2.499999999999999 -0.471676300727 -5.0134793611 0.999999935157 9.74530865648 9.74559400349 19.49090266 -0.000285347007718
2.549999999999999 -0.721656361797 -4.9836398277 0.999999935119 9.74523434187 9.74566831864 19.4909026605 -0.000433976770006
2.5999999999999988 -0.969832657793 -4.94134379017 0.999999935165 9.74516219621 9.74574046674 19.4909026629 -0.000578270527599
2.6499999999999986 -1.21558487722 -4.88669696657 0.999999935289 9.74509294029 9.74580972681 19.4909026671 -0.000716786520551
2.6999999999999984 -1.45829876753 -4.81983594549 0.999999935447 9.74502726561 9.74587540623 19.4909026718 -0.000848140618933
2.7499999999999982 -1.69736767038 -4.74092784467 0.999999935546 9.74496582732 9.74593684743 19.4909026747 -0.000971020105881
2.799999999999998 -1.93219403802 -4.65016989326 0.999999935311 9.74490923616 9.7459934326 19.4909026688 -0.00108419644862
2.849999999999998 -2.16219092684 -4.54778893889 0.99999993461 9.74485805611 9.74604459448 19.4909026506 -0.00118653837342
2.8999999999999977 -2.38678346439 -4.43404088061 0.999999933213 9.74481279588 9.74608981849 19.4909026144 -0.00127702260829
2.9499999999999975 -2.60541028629 -4.30921002933 0.999999930922 9.74477390531 9.74612864976 19.4909025551 -0.00135474445008
2.9999999999999973 -2.81752493935 -4.17360839717 0.999999927617 9.74474177133 9.74616069827 19.4909024696 -0.00141892694064
3.049999999999997 -3.0225972474 -4.02757491759 0.999999923235 9.74471671389 9.74618564249 19.4909023564 -0.00146892860078
3.099999999999997 -3.22011463646 -3.87147459824 0.999999917892 9.7446989841 9.7462032343 19.4909022184 -0.00150425019319
3.149999999999997 -3.40958341594 -3.70569760862 0.999999911834 9.74468876123 9.74621330081 19.490902062 -0.00152453957877
3.1999999999999966 -3.59053001256 -3.53065830487 0.999999905383 9.74468615023 9.74621574529 19.4909018955 -0.00152959506068
3.2499999999999964 -3.76250215405 -3.34679419408 0.999999898915 9.74469118062 9.74621054796 19.4909017286 -0.00151936733731
3.2999999999999963 -3.92506999964 -3.15456484079 0.999999892855 9.7447038061 9.74619776603 19.4909015721 -0.00149395993735
3.349999999999996 -4.07782721436 -2.95445071826 0.999999887544 9.74472390359 9.74617753138 19.490901435 -0.00145362779924
3.399999999999996 -4.22039198474 -2.74695200758 0.999999883171 9.74475127373 9.74615004824 19.490901322 -0.00139877450625
3.4499999999999957 -4.35240797309 -2.53258734747 0.999999879862 9.74478564395 9.74611559245 19.4909012364 -0.00132994850541
3.4999999999999956 -4.4735452082 -2.31189253794 0.99999987759 9.7448266701 9.74607450747 19.4909011776 -0.00124783737169
3.5499999999999954 -4.58350091007 -2.08541920107 0.999999876202 9.74487394028 9.74602720132 19.4909011416 -0.00115326104459
3.599999999999995 -4.6820002467 -1.85373340227 0.999999875501 9.74492697978 9.74597414365 19.4909011234 -0.00104716386992
3.649999999999995 -4.76879702106 -1.61741423536 0.999999875248 9.74498525588 9.74591586109 19.490901117 -0.00093060521426
3.699999999999995 -4.8436742864 -1.3770523752 0.999999875202 9.74504818352 9.74585293253 19.490901116 -0.000804749008591
3.7499999999999947 -4.90644488857 -1.13324860126 0.999999875286 9.74511513313 9.74578598561 19.4909011187 -0.000670852485436
3.7999999999999945 -4.95695193374 -0.886612295993 0.999999875377 9.74518543439 9.74571568753 19.4909011219 -0.000530253147175
3.8499999999999943 -4.99506918061 -0.63775992173 0.99999987541 9.74525838414 9.74564273977 19.4909011239 -0.000384355629825
3.899999999999994 -5.0207013559 -0.387313479801 0.999999875367 9.7453332533 9.74556787093 19.4909011242 -0.000234617631897
3.949999999999994 -5.03378439254 -0.135898955882 0.999999875263 9.74540929393 9.74549182924 19.4909011232 -8.25353052558e-05
3.999999999999994 -5.03428558974 0.115855244653 0.999999875132 9.74548574662 9.74541537489 19.4909011215 7.0371734413e-05
4.049999999999994 -5.02220369477 0.367319867412 0.999999875013 9.74556184789 9.74533927227 19.4909011202 0.00022257562009
4.099999999999993 -4.99756890608 0.617866381799 0.999999874945 9.74563683776 9.74526428225 19.49090112 0.000372555514731
4.149999999999993 -4.96044279781 0.86686855201 0.999999874955 9.74570996723 9.74519115441 19.4909011216 0.000518812819087
4.199999999999993 -4.91091816589 1.1137040023 0.999999875049 9.74578050566 9.74512061949 19.4909011251 0.000659886174396
4.249999999999993 -4.84911879611 1.35775577258 0.999999875202 9.74584774798 9.74505338188 19.4909011299 0.00079436609982
4.299999999999993 -4.77519915472 1.59841386055 0.999999875341 9.74591102153 9.74499011241 19.4909011339 0.000920909117657
4.3499999999999925 -4.68934400231 1.83507674629 0.999999875272 9.74596969187 9.74493144048 19.4909011324 0.00103825139322
4.399999999999992 -4.59176793206 2.06715289587 0.999999874792 9.74602317052 9.74487794942 19.4909011199 0.00114522110218
4.449999999999992 -4.48271483333 2.29406223975 0.99999987371 9.74607092096 9.74483017092 19.4909010919 0.00124075003943
4.499999999999992 -4.36245728207 2.51523762276 0.999999871813 9.74611246356 9.74478857919 19.4909010427 0.00132388436762
4.549999999999992 -4.23129585952 2.73012622162 0.999999868943 9.74614738122 9.74475358729 19.4909009685 0.00139379393749
4.599999999999992 -4.08955840094 2.93819092675 0.999999864998 9.74617532354 9.74472554299 19.4909008665 0.0014497805548
4.6499999999999915 -3.93759917617 3.13891168475 0.999999860034 9.74619601149 9.74470472685 19.4909007383 0.00149128463877
4.699999999999991 -3.77579800411 3.33178679825 0.99999985425 9.74620923994 9.74469134906 19.490900589 0.00151789087605
4.749999999999991 -3.60455930344 3.51633417991 0.999999847909 9.74621487896 9.74468554639 19.4909004253 0.00152933256878
4.799999999999991 -3.42431108173 3.69209255739 0.999999841392 9.74621287566 9.74468738147 19.4909002571 0.00152549418672
4.849999999999991 -3.23550386566 3.85862262629 0.999999835124 9.74620325404 9.7446968413 19.4909000953 0.00150641273346
4.899999999999991 -3.03860957495 4.01550814815 0.999999829471 9.74618611355 9.74471383583 19.4908999494 0.00147227771038
4.94999999999999 -2.83412034277 4.16235699087 0.999999824678 9.74616162748 9.74473819807 19.4908998256 0.00142342940638
4.99999999999999 -2.62254728572 4.29880210884 0.999999820926 9.74613004196 9.74476968661 19.4908997286 0.00136035534945
5.04999999999999 -2.40441922626 4.4245024603 0.999999818241 9.74609167239 9.74480798669 19.4908996591 0.00128368569926
5.09999999999999 -2.18028137092 4.53914385985 0.999999816502 9.74604690047 9.74485271357 19.490899614 0.00119418690263
5.14999999999999 -1.95069394763 4.64243976369 0.999999815542 9.74599617144 9.7449034177 19.4908995891 0.00109275374314
5.1999999999999895 -1.71623080536 4.73413198586 0.99999981514 9.74593998958 9.74495958919 19.4908995788 0.00098040039207
5.249999999999989 -1.47747797988 4.81399134355 0.999999815018 9.74587891302 9.74502066277 19.4908995758 0.00085825024381
5.299999999999989 -1.23503222891 4.88181822996 0.999999815066 9.74581355079 9.74508602665 19.4908995774 0.000727524140702
5.349999999999989 -0.989499540557 4.93744311319 0.999999815165 9.74574455465 9.74515502604 19.4908995807 0.000589528611302
5.399999999999989 -0.741493618674 4.98072696002 0.999999815226 9.74567261301 9.74522697029 19.4908995833 0.000445642712259
5.449999999999989 -0.491634348906 5.01156158336 0.999999815215 9.74559844426 9.74530114005 19.4908995843 0.000297304212003
5.4999999999999885 -0.240546249304 5.02986991271 0.999999815133 9.74552278951 9.74537679424 19.4908995838 0.000145995267776
5.549999999999988 0.0111430906472 5.03560618678 0.999999815009 9.74544640495 9.74545317729 19.4908995822 -6.77233850588e-06
5.599999999999988 0.262804578675 5.02875606788 0.99999981488 9.74537005419 9.74552952646 19.4908995807 -0.000159472270245
5.649999999999988 0.513809192122 5.00933667773 0.999999814787 9.74529450052 9.74560507939 19.4908995799 -0.000310578870246
5.699999999999988 0.763529550175 4.97739655471 0.999999814762 9.74522049918 9.74567908157 19.4908995807 -0.000458582391211
5.749999999999988 1.01134148199 4.93301553247 0.999999814822 9.74514878972 9.74575079378 19.4908995835 -0.000602004057055
5.799999999999987 1.2566255868 4.87630454047 0.999999814956 9.74508008853 9.74581949934 19.4908995879 -0.000739410807384
5.849999999999987 1.49876878208 4.80740532665 0.999999815113 9.74501508147 9.74588451105 19.4908995925 -0.000869429575053
5.899999999999987 1.73716583595 4.72649010315 0.99999981517 9.74495441669 9.74594517761 19.4908995943 -0.000990760913717
5.949999999999987 1.97122087992 4.63376111591 0.999999814872 9.74489869744 9.74600088923 19.4908995867 -0.00110219178844
5.999999999999987 2.20034889829 4.5294501391 0.999999814067 9.74484847874 9.74605108705 19.4908995658 -0.00120260831595
6.0499999999999865 2.42397719033 4.41381789583 0.999999812535 9.74480425979 9.74609526629 19.4908995261 -0.00129100649268
6.099999999999986 2.64154680178 4.28715340649 0.999999810087 9.74476648012 9.7461329826 19.4908994627 -0.00136650248117
6.149999999999986 2.85251392192 4.14977326634 0.999999806585 9.74473551533 9.74616385685 19.4908993722 -0.00142834151907
6.199999999999986 3.05635124281 4.00202085419 0.999999802032 9.74471167441 9.74618758015 19.4908992546 -0.00147590573757
6.249999999999986 3.25254927731 3.84426547411 0.999999796573 9.74469519663 9.74620391697 19.4908991136 -0.00150872033851
6.299999999999986 3.44061763251 3.67690143241 0.999999790408 9.74468624817 9.74621270628 19.4908989545 -0.00152645811086
6.349999999999985 3.62008623547 3.50034705201 0.999999783911 9.74468492188 9.74621386489 19.4908987868 -0.00152894301079
6.399999999999985 3.79050650815 3.31504362693 0.999999777501 9.7446912349 9.74620738643 19.4908986213 -0.00151615153529
6.449999999999985 3.95145248861 3.12145431923 0.999999771553 9.74470512754 9.74619334022 19.4908984678 -0.00148821268878
6.499999999999985 4.10252189573 2.92006300135 0.999999766366 9.74472646361 9.74617187019 19.4908983338 -0.00144540657846
6.549999999999985 4.24333713466 2.7113730467 0.999999762176 9.74475503194 9.74614319356 19.4908982255 -0.00138816162639
6.5999999999999845 4.37354624065 2.4959060715 0.999999759058 9.74479054742 9.74610759745 19.4908981449 -0.00131705002995
6.649999999999984 4.49282375873 2.27420063095 0.999999756938 9.74483265395 9.74606543601 19.49089809 -0.00123278205691
6.699999999999984 4.60087155723 2.04681087321 0.999999755681 9.74488092905 9.7460171283 19.4908980573 -0.00113619924461
6.749999999999984 4.69741957292 1.81430515425 0.999999755075 9.74493488786 9.74596315381 19.4908980417 -0.00102826595609
6.799999999999984 4.78222648605 1.57726461727 0.999999754865 9.74499398825 9.74590404811 19.4908980364 -0.000910059858064
6.849999999999984 4.8550803235 1.33628174018 0.999999754852 9.74505763744 9.74584039889 19.4908980363 -0.000782761448134
6.8999999999999835 4.91579898862 1.09195885465 0.999999754944 9.74512519847 9.74577284081 19.4908980393 -0.000647642344703
6.949999999999983 4.96423071637 0.84490664067 0.999999755028 9.74519599502 9.74570204731 19.4908980423 -0.000506052292036
6.999999999999983 5.00025445265 0.595742600107 0.999999755049 9.7452693191 9.74562872495 19.4908980441 -0.000359405848567
7.049999999999983 5.02378015687 0.3450895133 0.999999754994 9.74534443794 9.74555360616 19.4908980441 -0.000209168213823
7.099999999999983 5.03474902704 0.0935738824289 0.999999754883 9.74542060117 9.74547744171 19.4908980429 -5.68405419471e-05
7.149999999999983 5.03313364669 -0.158175634416 0.999999754751 9.74549704816 9.74540099306 19.4908980412 9.60550994535e-05
7.199999999999982 5.01893805343 -0.409529794551 0.999999754638 9.74557301548 9.74532502453 19.49089804 0.00024799095585
7.249999999999982 4.99219772885 -0.659860343479 0.999999754582 9.74564774449 9.74525029563 19.4908980401 0.000397448867945
7.299999999999982 4.95297950983 -0.908541585196 0.999999754606 9.74572048877 9.74517755331 19.4908980421 0.000542935459325
7.349999999999982 4.90138142149 -1.15495194611 0.999999754713 9.74579052148 9.7451075244 19.4908980459 0.000682997082961
7.399999999999982 4.8375324322 -1.39847552865 0.99999975487 9.74585714252 9.74504090813 19.4908980506 0.000816234383874
7.4499999999999815 4.76159213116 -1.63850365067 0.999999754996 9.74591968533 9.74497836901 19.4908980543 0.000941316322686
7.499999999999981 4.67375032958 -1.87443636689 0.999999754866 9.74597752244 9.74492052868 19.4908980511 0.00105699375804
7.549999999999981 4.57422658623 -2.10568396837 0.999999754299 9.74603007394 9.7448679625 19.4908980364 0.00116211144298
7.599999999999981 4.46326965861 -2.33166845656 0.999999753097 9.74607681248 9.74482119279 19.4908980053 0.00125561969353
7.649999999999981 4.34115688128 -2.55182498791 0.999999751049 9.74611726855 9.74478068369 19.4908979522 0.00133658486098
7.699999999999981 4.20819347257 -2.76560328576 0.99999974799 9.7461510358 9.74474683731 19.4908978731 0.00140419848955
7.7499999999999805 4.06471177177 -2.97246901569 0.99999974387 9.7461777759 9.74471999074 19.4908977666 0.00145778516135
7.79999999999998 3.9110704084 -3.17190512111 0.999999738772 9.74619722209 9.74470041289 19.490897635 0.00149680920175
7.84999999999998 3.74765340585 -3.36341311563 0.99999973285 9.74620918115 9.74468830096 19.4908974821 0.00152088018762
7.89999999999998 3.57486922153 -3.54651432899 0.999999726445 9.74621353666 9.74468378013 19.4908973168 0.0015297565331
7.94999999999998 3.39314972591 -3.72075110352 0.999999719962 9.74621024886 9.7446869006 19.4908971495 0.00152334826531
7.99999999999998 3.2029491231 -3.88568793802 0.999999713773 9.74619935396 9.74469763574 19.4908969897 0.00150171822053
8.04999999999998 3.00474281554 -4.0409125763 0.999999708229 9.74618096398 9.74471588257 19.4908968466 0.00146508140544
8.09999999999998 2.79902621578 -4.1860370376 0.999999703613 9.74615526515 9.74474146214 19.4908967273 0.00141380301302
8.14999999999998 2.58631350819 -4.32069858636 0.999999700052 9.74612251512 9.74477412011 19.4908966352 0.00134839501056
8.199999999999982 2.36713636375 -4.44456063883 0.999999697525 9.74608304041 9.74481352939 19.4908965698 0.00126951102177
8.249999999999982 2.14204261118 -4.55731360438 0.999999695933 9.74603723405 9.7448592945 19.4908965285 0.00117793955466
8.299999999999983 1.91159486764 -4.65867565933 0.999999695086 9.74598555138 9.74491095521 19.4908965066 0.00107459616778
8.349999999999984 1.67636913247 -4.74839345131 0.999999694753 9.7459285061 9.74496799195 19.4908964981 0.000960514146591
8.399999999999984 1.43695334751 -4.82624273259 0.999999694658 9.74586666497 9.74502983083 19.4908964958 0.000836834144807
8.449999999999985 1.19394592753 -4.89202892049 0.999999694723 9.74580064507 9.74509585287 19.4908964979 0.000704792206303
8.499999999999986 0.947954264521 -4.94558758381 0.99999969482 9.74573110461 9.74516539659 19.4908965012 0.000565708025938
8.549999999999986 0.699593209538 -4.98678485379 0.999999694871 9.74565873754 9.74523776603 19.4908965036 0.000420971511074
8.599999999999987 0.449483535873 -5.01551775869 0.999999694847 9.74558426661 9.7453122377 19.4908965043 0.000272028907933
8.649999999999988 0.198250387454 -5.03171448124 0.999999694756 9.74550843596 9.74538806757 19.4908965035 0.000120368396892
8.699999999999989 -0.0534782836862 -5.03533453804 0.999999694627 9.7454320036 9.74546449833 19.4908965019 -3.24947290968e-05
8.74999999999999 -0.305073286968 -5.02636888085 0.999999694502 9.74535573362 9.7455407668 19.4908965004 -0.000185033183317
8.79999999999999 -0.555905765912 -5.00483991914 0.999999694418 9.74528038849 9.74561611141 19.4908964999 -0.00033572292228
8.84999999999999 -0.805348769951 -4.9708014641 0.999999694407 9.74520672135 9.74568977971 19.4908965011 -0.000483058357807
8.899999999999991 -1.05277882148 -4.92433859415 0.999999694482 9.74513546838 9.74576103576 19.4908965041 -0.000625567381101
8.949999999999992 -1.29757747424 -4.86556744226 0.999999694624 9.74506734132 9.74582916736 19.4908965087 -0.000761826036805
8.999999999999993 -1.53913285907 -4.7946349057 0.999999694776 9.74500302022 9.74589349293 19.4908965131 -0.000890472707845
9.049999999999994 -1.77684121332 -4.71171827887 0.999999694788 9.74494314607 9.74595336765 19.4908965137 -0.00101022157896
9.099999999999994 -2.0101083899 -4.61702481016 0.99999969442 9.74488831438 9.74600818984 19.4908965042 -0.00111987545914
9.149999999999995 -2.23835134235 -4.51079118393 0.999999693511 9.74483907122 9.74605740943 19.4908964807 -0.00121833820189
9.199999999999996 -2.46099958216 -4.39328292891 0.999999691837 9.74479590598 9.74610053129 19.4908964373 -0.00130462530722
9.249999999999996 -2.67749660467 -4.26479375454 0.999999689209 9.74475924762 9.74613712165 19.4908963693 -0.00137787403219
9.299999999999997 -2.88730128008 -4.12564481685 0.999999685533 9.74472946102 9.74616681322 19.4908962742 -0.00143735219994
9.349999999999998 -3.08988920597 -3.97618391572 0.999999680829 9.74470684357 9.74618930915 19.4908961527 -0.00148246558384
9.399999999999999 -3.28475401803 -3.81678462555 0.999999675207 9.74469162189 9.74620438568 19.4908960076 -0.00151276378797
9.45 -3.47140865571 -3.64784536156 0.999999668961 9.74468395067 9.74621189569 19.4908958464 -0.00152794501395
9.5 -3.64938657963 -3.46978838393 0.999999662476 9.74468391009 9.74621176888 19.490895679 -0.00152785879273
9.55 -3.81824293766 -3.28305874236 0.999999656106 9.7446915037 9.74620401084 19.4908955145 -0.00151250713426
9.600000000000001 -3.97755567685 -3.08812316373 0.999999650251 9.74470665934 9.74618870403 19.4908953634 -0.00148204469174
9.650000000000002 -4.12692659832 -2.88546888545 0.999999645233 9.74472922846 9.7461660053 19.4908952338 -0.00143677683829
9.700000000000003 -4.26598235255 -2.67560243768 0.999999641227 9.74475898691 9.74613614333 19.4908951302 -0.00137715642092
9.750000000000004 -4.39437537259 -2.45904837724 0.999999638272 9.74479563726 9.74609941651 19.4908950538 -0.0013037792474
9.800000000000004 -4.51178474273 -2.23634797651 0.999999636313 9.74483881237 9.74605619065 19.490895003 -0.00121737828549
9.850000000000005 -4.61791700072 -2.0080578705 0.999999635185 9.74488807874 9.74600689503 19.4908949738 -0.00111881629483
9.900000000000006 -4.71250687116 -1.77474866559 0.999999634663 9.74494294146 9.74595201883 19.4908949603 -0.00100907737
9.950000000000006 -4.79531792866 -1.53700351329 0.999999634491 9.74500284937 9.7458921066 19.490894956 -0.000889257230534
10.000000000000007 -4.86614318869 -1.29541665267 0.999999634506 9.74506720205 9.74582775465 19.4908949567 -0.000760552596865
10.050000000000008 -4.92480562498 -1.05059192505 0.999999634602 9.74513535536 9.74575960446 19.4908949598 -0.000624249105677
