        0.010000        0.513534
        0.020000        0.513665
        0.030000        0.513882
        0.040000        0.514187
        0.050000        0.514579
        0.060000        0.515057
        0.070000        0.515623
        0.080000        0.516275
        0.090000        0.517014
        0.100000        0.517839
        0.110000        0.518750
        0.120000        0.519748
        0.130000        0.520832
        0.140000        0.522002
        0.150000        0.523258
        0.160000        0.524599
        0.170000        0.526025
        0.180000        0.527537
        0.190000        0.529133
        0.200000        0.530814
        0.210000        0.532579
        0.220000        0.534428
        0.230000        0.536361
        0.240000        0.538378
        0.250000        0.540477
        0.260000        0.542659
        0.270000        0.544924
        0.280000        0.547271
        0.290000        0.549699
        0.300000        0.552209
        0.310000        0.554799
        0.320000        0.557470
        0.330000        0.560221
        0.340000        0.563052
        0.350000        0.565962
        0.360000        0.568950
        0.370000        0.572017
        0.380000        0.575162
        0.390000        0.578383
        0.400000        0.581682
        0.410000        0.585056
        0.420000        0.588506
        0.430000        0.592032
        0.440000        0.595632
        0.450000        0.599305
        0.460000        0.603052
        0.470000        0.606872
        0.480000        0.610764
        0.490000        0.614728
        0.500000        0.618762
        0.510000        0.622867
        0.520000        0.627041
        0.530000        0.631285
        0.540000        0.635596
        0.550000        0.639975
        0.560000        0.644421
        0.570000        0.648933
        0.580000        0.653510
        0.590000        0.658152
        0.600000        0.662859
        0.610000        0.667628
        0.620000        0.672460
        0.630000        0.677353
        0.640000        0.682307
        0.650000        0.687321
        0.660000        0.692395
        0.670000        0.697527
        0.680000        0.702717
        0.690000        0.707963
        0.700000        0.713266
        0.710000        0.718624
        0.720000        0.724036
        0.730000        0.729501
        0.740000        0.735019
        0.750000        0.740588
        0.760000        0.746209
        0.770000        0.751879
        0.780000        0.757598
        0.790000        0.763365
        0.800000        0.769179
        0.810000        0.775040
        0.820000        0.780946
        0.830000        0.786896
        0.840000        0.792889
        0.850000        0.798925
        0.860000        0.805002
        0.870000        0.811120
        0.880000        0.817277
        0.890000        0.823472
        0.900000        0.829705
        0.910000        0.835975
        0.920000        0.842280
        0.930000        0.848620
        0.940000        0.854993
        0.950000        0.861398
        0.960000        0.867835
        0.970000        0.874303
        0.980000        0.880799
        0.990000        0.887324
        1.000000        0.893877
        1.010000        0.900455
        1.020000        0.907059
        1.030000        0.913687
        1.040000        0.920338
        1.050000        0.927010
        1.060000        0.933704
        1.070000        0.940418
        1.080000        0.947150
        1.090000        0.953900
        1.100000        0.960667
        1.110000        0.967449
        1.120000        0.974246
        1.130000        0.981056
        1.140000        0.987878
        1.150000        0.994712
        1.160000        1.001555
        1.170000        1.008408
        1.180000        1.015268
        1.190000        1.022135
        1.200000        1.029008
        1.210000        1.035886
        1.220000        1.042767
        1.230000        1.049650
        1.240000        1.056535
        1.250000        1.063419
        1.260000        1.070303
        1.270000        1.077185
        1.280000        1.084064
        1.290000        1.090938
        1.300000        1.097807
        1.310000        1.104670
        1.320000        1.111525
        1.330000        1.118371
        1.340000        1.125208
        1.350000        1.132033
        1.360000        1.138847
        1.370000        1.145648
        1.380000        1.152435
        1.390000        1.159206
        1.400000        1.165962
        1.410000        1.172699
        1.420000        1.179419
        1.430000        1.186119
        1.440000        1.192798
        1.450000        1.199455
        1.460000        1.206090
        1.470000        1.212701
        1.480000        1.219287
        1.490000        1.225847
        1.500000        1.232381
        1.510000        1.238886
        1.520000        1.245362
        1.530000        1.251808
        1.540000        1.258222
        1.550000        1.264605
        1.560000        1.270954
        1.570000        1.277270
        1.580000        1.283550
        1.590000        1.289793
        1.600000        1.296000
        1.610000        1.302168
        1.620000        1.308297
        1.630000        1.314385
        1.640000        1.320433
        1.650000        1.326438
        1.660000        1.332400
        1.670000        1.338318
        1.680000        1.344191
        1.690000        1.350018
        1.700000        1.355798
        1.710000        1.361530
        1.720000        1.367214
        1.730000        1.372847
        1.740000        1.378431
        1.750000        1.383962
        1.760000        1.389441
        1.770000        1.394867
        1.780000        1.400239
        1.790000        1.405556
        1.800000        1.410817
        1.810000        1.416021
        1.820000        1.421168
        1.830000        1.426256
        1.840000        1.431285
        1.850000        1.436254
        1.860000        1.441162
        1.870000        1.446009
        1.880000        1.450793
        1.890000        1.455514
        1.900000        1.460172
        1.910000        1.464764
        1.920000        1.469291
        1.930000        1.473752
        1.940000        1.478147
        1.950000        1.482473
        1.960000        1.486732
        1.970000        1.490921
        1.980000        1.495041
        1.990000        1.499091
        2.000000        1.503069
        2.010000        1.506976
        2.020000        1.510811
        2.030000        1.514573
        2.040000        1.518262
        2.050000        1.521876
        2.060000        1.525416
        2.070000        1.528881
        2.080000        1.532270
        2.090000        1.535583
        2.100000        1.538819
        2.110000        1.541977
        2.120000        1.545058
        2.130000        1.548060
        2.140000        1.550984
        2.150000        1.553828
        2.160000        1.556592
        2.170000        1.559276
        2.180000        1.561880
        2.190000        1.564402
        2.200000        1.566843
        2.210000        1.569202
        2.220000        1.571479
        2.230000        1.573673
        2.240000        1.575785
        2.250000        1.577812
        2.260000        1.579756
        2.270000        1.581617
        2.280000        1.583392
        2.290000        1.585084
        2.300000        1.586690
        2.310000        1.588212
        2.320000        1.589648
        2.330000        1.590998
        2.340000        1.592262
        2.350000        1.593441
        2.360000        1.594533
        2.370000        1.595539
        2.380000        1.596458
        2.390000        1.597291
        2.400000        1.598037
        2.410000        1.598696
        2.420000        1.599267
        2.430000        1.599752
        2.440000        1.600149
        2.450000        1.600459
        2.460000        1.600681
        2.470000        1.600816
        2.480000        1.600864
        2.490000        1.600824
        2.500000        1.600697
        2.510000        1.600482
        2.520000        1.600180
        2.530000        1.599790
        2.540000        1.599313
        2.550000        1.598749
        2.560000        1.598098
        2.570000        1.597359
        2.580000        1.596534
        2.590000        1.595622
        2.600000        1.594623
        2.610000        1.593537
        2.620000        1.592366
        2.630000        1.591108
        2.640000        1.589764
        2.650000        1.588334
        2.660000        1.586819
        2.670000        1.585219
        2.680000        1.583533
        2.690000        1.581763
        2.700000        1.579908
        2.710000        1.577969
        2.720000        1.575946
        2.730000        1.573840
        2.740000        1.571650
        2.750000        1.569378
        2.760000        1.567023
        2.770000        1.564585
        2.780000        1.562066
        2.790000        1.559466
        2.800000        1.556785
        2.810000        1.554023
        2.820000        1.551181
        2.830000        1.548259
        2.840000        1.545258
        2.850000        1.542179
        2.860000        1.539021
        2.870000        1.535786
        2.880000        1.532473
        2.890000        1.529084
        2.900000        1.525619
        2.910000        1.522078
        2.920000        1.518462
        2.930000        1.514772
        2.940000        1.511008
        2.950000        1.507171
        2.960000        1.503261
        2.970000        1.499279
        2.980000        1.495225
        2.990000        1.491101
        3.000000        1.486907
        3.010000        1.482644
        3.020000        1.478312
        3.030000        1.473912
        3.040000        1.469445
        3.050000        1.464911
        3.060000        1.460311
        3.070000        1.455646
        3.080000        1.450917
        3.090000        1.446124
        3.100000        1.441268
        3.110000        1.436350
        3.120000        1.431371
        3.130000        1.426332
        3.140000        1.421233
        3.150000        1.416075
        3.160000        1.410858
        3.170000        1.405585
        3.180000        1.400256
        3.190000        1.394870
        3.200000        1.389431
        3.210000        1.383937
        3.220000        1.378391
        3.230000        1.372792
        3.240000        1.367143
        3.250000        1.361443
        3.260000        1.355694
        3.270000        1.349897
        3.280000        1.344053
        3.290000        1.338161
        3.300000        1.332225
        3.310000        1.326243
        3.320000        1.320219
        3.330000        1.314151
        3.340000        1.308042
        3.350000        1.301892
        3.360000        1.295702
        3.370000        1.289474
        3.380000        1.283208
        3.390000        1.276905
        3.400000        1.270567
        3.410000        1.264194
        3.420000        1.257787
        3.430000        1.251347
        3.440000        1.244876
        3.450000        1.238375
        3.460000        1.231844
        3.470000        1.225284
        3.480000        1.218697
        3.490000        1.212084
        3.500000        1.205445
        3.510000        1.198783
        3.520000        1.192097
        3.530000        1.185389
        3.540000        1.178660
        3.550000        1.171911
        3.560000        1.165143
        3.570000        1.158358
        3.580000        1.151556
        3.590000        1.144738
        3.600000        1.137906
        3.610000        1.131060
        3.620000        1.124203
        3.630000        1.117334
        3.640000        1.110455
        3.650000        1.103567
        3.660000        1.096671
        3.670000        1.089769
        3.680000        1.082861
        3.690000        1.075948
        3.700000        1.069032
        3.710000        1.062114
        3.720000        1.055195
        3.730000        1.048276
        3.740000        1.041357
        3.750000        1.034441
        3.760000        1.027528
        3.770000        1.020620
        3.780000        1.013717
        3.790000        1.006820
        3.800000        0.999932
        3.810000        0.993052
        3.820000        0.986182
        3.830000        0.979324
        3.840000        0.972477
        3.850000        0.965644
        3.860000        0.958825
        3.870000        0.952021
        3.880000        0.945234
        3.890000        0.938465
        3.900000        0.931715
        3.910000        0.924984
        3.920000        0.918274
        3.930000        0.911586
        3.940000        0.904922
        3.950000        0.898281
        3.960000        0.891666
        3.970000        0.885077
        3.980000        0.878515
        3.990000        0.871981
        4.000000        0.865478
        4.010000        0.859004
        4.020000        0.852562
        4.030000        0.846153
        4.040000        0.839778
        4.050000        0.833437
        4.060000        0.827131
        4.070000        0.820863
        4.080000        0.814632
        4.090000        0.808439
        4.100000        0.802287
        4.110000        0.796175
        4.120000        0.790105
        4.130000        0.784077
        4.140000        0.778093
        4.150000        0.772154
        4.160000        0.766260
        4.170000        0.760412
        4.180000        0.754613
        4.190000        0.748861
        4.200000        0.743159
        4.210000        0.737507
        4.220000        0.731906
        4.230000        0.726357
        4.240000        0.720861
        4.250000        0.715419
        4.260000        0.710031
        4.270000        0.704699
        4.280000        0.699424
        4.290000        0.694206
        4.300000        0.689046
        4.310000        0.683944
        4.320000        0.678903
        4.329719        0.674062
        4.340000        0.669003
        4.350000        0.664145
        4.360000        0.659351
        4.370000        0.654620
        4.380000        0.649954
        4.390000        0.645353
        4.400000        0.640819
        4.410000        0.636350
        4.420000        0.631950
        4.430000        0.627617
        4.440000        0.623353
        4.450000        0.619159
        4.460000        0.615035
        4.470000        0.610982
        4.480000        0.607001
        4.490000        0.603091
        4.500000        0.599255
        4.510000        0.595491
        4.520000        0.591802
        4.530000        0.588188
        4.540000        0.584648
        4.550000        0.581185
        4.560000        0.577798
        4.570000        0.574487
        4.580000        0.571255
        4.590000        0.568100
        4.600000        0.565023
        4.609630        0.562135
        4.620000        0.559107
        4.630000        0.556269
        4.640000        0.553511
        4.650000        0.550834
        4.660000        0.548238
        4.670000        0.545724
        4.680000        0.543292
        4.690000        0.540943
        4.700000        0.538676
        4.710000        0.536492
        4.720000        0.534392
        4.730000        0.532376
        4.740000        0.530444
        4.750000        0.528596
        4.760000        0.526834
        4.769117        0.525301
        4.780000        0.523564
        4.790000        0.522058
        4.800000        0.520637
        4.810000        0.519302
        4.820000        0.518054
        4.830000        0.516893
        4.840000        0.515818
        4.850000        0.514830
        4.860000        0.513929
        4.869892        0.513123
        4.880000        0.512388
        4.890000        0.511749
        4.900000        0.511198
        4.910000        0.510734
        4.920000        0.510358
        4.929748        0.510075
        4.940000        0.509869
        4.950000        0.509756
        4.960000        0.509731
        4.970000        0.509794
        4.980000        0.509945
        4.990000        0.510183
        5.000000        0.510510
        5.010000        0.510924
        5.020000        0.511426
        5.030000        0.512015
        5.040000        0.512692
        5.050000        0.513457
        5.060000        0.514308
        5.070000        0.515247
        5.080000        0.516273
        5.090000        0.517385
        5.100000        0.518585
        5.110000        0.519870
        5.120000        0.521242
        5.130000        0.522700
        5.140000        0.524244
        5.150000        0.525873
        5.160000        0.527587
        5.170000        0.529387
        5.180000        0.531271
        5.190000        0.533239
        5.200000        0.535292
        5.210000        0.537428
        5.220000        0.539648
        5.230000        0.541951
        5.240000        0.544336
        5.250000        0.546804
        5.260000        0.549353
        5.270000        0.551984
        5.280000        0.554697
        5.290000        0.557489
        5.300000        0.560362
        5.310000        0.563315
        5.320000        0.566347
        5.330000        0.569457
        5.340000        0.572646
        5.350000        0.575912
        5.360000        0.579256
        5.370000        0.582676
        5.380000        0.586173
        5.390000        0.589745
        5.400000        0.593392
        5.410000        0.597113
        5.420000        0.600908
        5.430000        0.604776
        5.440000        0.608717
        5.450000        0.612730
        5.460000        0.616813
        5.470000        0.620968
        5.480000        0.625192
        5.490000        0.629486
        5.500000        0.633848
        5.510000        0.638278
        5.520000        0.642775
        5.530000        0.647339
        5.540000        0.651968
        5.550000        0.656662
        5.560000        0.661420
        5.570000        0.666242
        5.580000        0.671126
        5.590000        0.676073
        5.600000        0.681080
        5.610000        0.686147
        5.620000        0.691274
        5.630000        0.696459
        5.640000        0.701702
        5.650000        0.707002
        5.660000        0.712358
        5.670000        0.717770
        5.680000        0.723235
        5.690000        0.728754
        5.700000        0.734326
        5.710000        0.739949
        5.720000        0.745622
        5.730000        0.751346
        5.740000        0.757119
        5.750000        0.762939
        5.760000        0.768807
        5.770000        0.774720
        5.780000        0.780679
        5.790000        0.786682
        5.800000        0.792728
        5.810000        0.798816
        5.820000        0.804946
        5.830000        0.811116
        5.840000        0.817325
        5.850000        0.823572
        5.860000        0.829857
        5.870000        0.836178
        5.880000        0.842534
        5.890000        0.848924
        5.900000        0.855347
        5.910000        0.861803
        5.920000        0.868289
        5.930000        0.874806
        5.940000        0.881352
        5.950000        0.887925
        5.960000        0.894526
        5.970000        0.901152
        5.980000        0.907803
        5.990000        0.914478
        6.000000        0.921175
        6.010000        0.927894
        6.020000        0.934633
        6.030000        0.941392
        6.040000        0.948169
        6.050000        0.954963
        6.060000        0.961773
        6.070000        0.968598
        6.080000        0.975437
        6.090000        0.982289
        6.100000        0.989153
        6.110000        0.996027
        6.120000        1.002910
        6.130000        1.009802
        6.140000        1.016701
        6.150000        1.023606
        6.160000        1.030517
        6.170000        1.037431
        6.180000        1.044348
        6.190000        1.051267
        6.200000        1.058186
        6.210000        1.065105
        6.220000        1.072022
        6.230000        1.078936
        6.240000        1.085847
        6.250000        1.092752
        6.260000        1.099652
        6.270000        1.106544
        6.280000        1.113428
        6.290000        1.120302
        6.300000        1.127166
        6.310000        1.134019
        6.320000        1.140858
        6.330000        1.147684
        6.340000        1.154495
        6.350000        1.161289
        6.360000        1.168067
        6.370000        1.174826
        6.380000        1.181566
        6.390000        1.188286
        6.400000        1.194984
        6.410000        1.201660
        6.420000        1.208312
        6.430000        1.214940
        6.440000        1.221541
        6.450000        1.228116
        6.460000        1.234663
        6.470000        1.241181
        6.480000        1.247669
        6.490000        1.254126
        6.500000        1.260551
        6.510000        1.266943
        6.520000        1.273301
        6.530000        1.279624
        6.540000        1.285911
        6.550000        1.292160
        6.560000        1.298371
        6.570000        1.304544
        6.580000        1.310676
        6.590000        1.316766
        6.600000        1.322815
        6.610000        1.328821
        6.620000        1.334783
        6.630000        1.340699
        6.640000        1.346570
        6.650000        1.352394
        6.660000        1.358170
        6.670000        1.363897
        6.680000        1.369574
        6.690000        1.375201
        6.700000        1.380777
        6.710000        1.386300
        6.720000        1.391770
        6.730000        1.397186
        6.740000        1.402546
        6.750000        1.407851
        6.760000        1.413099
        6.770000        1.418290
        6.780000        1.423422
        6.790000        1.428495
        6.800000        1.433508
        6.810000        1.438460
        6.820000        1.443350
        6.830000        1.448178
        6.840000        1.452943
        6.850000        1.457644
        6.860000        1.462280
        6.870000        1.466851
        6.880000        1.471356
        6.890000        1.475793
        6.900000        1.480164
        6.910000        1.484465
        6.920000        1.488698
        6.930000        1.492861
        6.940000        1.496954
        6.950000        1.500976
        6.960000        1.504926
        6.970000        1.508804
        6.980000        1.512609
        6.990000        1.516341
        7.000000        1.519998
        7.010000        1.523581
        7.020000        1.527089
        7.030000        1.530520
        7.040000        1.533876
        7.050000        1.537154
        7.060000        1.540355
        7.070000        1.543479
        7.080000        1.546523
        7.090000        1.549489
        7.100000        1.552376
        7.110000        1.555182
        7.120000        1.557909
        7.130000        1.560554
        7.140000        1.563119
        7.150000        1.565602
        7.160000        1.568003
        7.170000        1.570321
        7.180000        1.572557
        7.190000        1.574710
        7.200000        1.576780
        7.210000        1.578766
        7.220000        1.580668
        7.230000        1.582485
        7.240000        1.584218
        7.250000        1.585866
        7.260000        1.587429
        7.270000        1.588906
        7.280000        1.590298
        7.290000        1.591604
        7.300000        1.592824
        7.310000        1.593957
        7.320000        1.595004
        7.330000        1.595965
        7.340000        1.596839
        7.350000        1.597626
        7.360000        1.598326
        7.370000        1.598938
        7.380000        1.599464
        7.390000        1.599902
        7.400000        1.600253
        7.410000        1.600517
        7.420000        1.600693
        7.430000        1.600782
        7.440000        1.600783
        7.450000        1.600697
        7.460000        1.600523
        7.470000        1.600262
        7.480000        1.599914
        7.490000        1.599478
        7.500000        1.598955
        7.510000        1.598345
        7.520000        1.597647
        7.530000        1.596863
        7.540000        1.595992
        7.550000        1.595035
        7.560000        1.593990
        7.570000        1.592860
        7.580000        1.591643
        7.590000        1.590341
        7.600000        1.588953
        7.610000        1.587479
        7.620000        1.585920
        7.630000        1.584276
        7.640000        1.582547
        7.650000        1.580734
        7.660000        1.578837
        7.670000        1.576856
        7.680000        1.574791
        7.690000        1.572643
        7.700000        1.570412
        7.710000        1.568099
        7.720000        1.565704
        7.730000        1.563227
        7.740000        1.560668
        7.750000        1.558029
        7.760000        1.555309
        7.770000        1.552510
        7.780000        1.549630
        7.790000        1.546672
        7.800000        1.543635
        7.810000        1.540520
        7.820000        1.537327
        7.830000        1.534057
        7.840000        1.530710
        7.850000        1.527288
        7.860000        1.523790
        7.870000        1.520217
        7.880000        1.516569
        7.890000        1.512848
        7.900000        1.509054
        7.910000        1.505187
        7.920000        1.501248
        7.930000        1.497238
        7.940000        1.493157
        7.950000        1.489007
        7.960000        1.484787
        7.970000        1.480498
        7.980000        1.476141
        7.990000        1.471717
        8.000000        1.467227
        8.010000        1.462671
        8.020000        1.458050
        8.030000        1.453364
        8.040000        1.448615
        8.050000        1.443803
        8.060000        1.438929
        8.070000        1.433994
        8.080000        1.428998
        8.090000        1.423943
        8.100000        1.418828
        8.110000        1.413656
        8.120000        1.408427
        8.130000        1.403141
        8.140000        1.397800
        8.150000        1.392404
        8.160000        1.386954
        8.170000        1.381452
        8.180000        1.375898
        8.190000        1.370292
        8.200000        1.364636
        8.210000        1.358931
        8.220000        1.353178
        8.230000        1.347377
        8.240000        1.341529
        8.250000        1.335636
        8.260000        1.329699
        8.270000        1.323718
        8.280000        1.317694
        8.290000        1.311628
        8.300000        1.305521
        8.310000        1.299375
        8.320000        1.293190
        8.330000        1.286967
        8.340000        1.280707
        8.350000        1.274412
        8.360000        1.268081
        8.370000        1.261717
        8.380000        1.255320
        8.390000        1.248892
        8.400000        1.242432
        8.410000        1.235943
        8.420000        1.229426
        8.430000        1.222881
        8.440000        1.216309
        8.450000        1.209712
        8.460000        1.203090
        8.470000        1.196446
        8.480000        1.189778
        8.490000        1.183090
        8.500000        1.176382
        8.510000        1.169654
        8.520000        1.162908
        8.530000        1.156146
        8.540000        1.149368
        8.550000        1.142575
        8.560000        1.135768
        8.570000        1.128949
        8.580000        1.122119
        8.590000        1.115278
        8.600000        1.108427
        8.610000        1.101569
        8.620000        1.094704
        8.630000        1.087832
        8.640000        1.080956
        8.650000        1.074076
        8.660000        1.067194
        8.670000        1.060309
        8.680000        1.053425
        8.690000        1.046541
        8.700000        1.039659
        8.710000        1.032779
        8.720000        1.025904
        8.730000        1.019034
        8.740000        1.012170
        8.750000        1.005313
        8.760000        0.998464
        8.770000        0.991625
        8.780000        0.984797
        8.790000        0.977980
        8.800000        0.971176
        8.810000        0.964386
        8.820000        0.957611
        8.830000        0.950852
        8.840000        0.944110
        8.850000        0.937386
        8.860000        0.930681
        8.870000        0.923997
        8.880000        0.917334
        8.890000        0.910693
        8.900000        0.904076
        8.910000        0.897484
        8.920000        0.890917
        8.930000        0.884377
        8.940000        0.877865
        8.950000        0.871381
        8.960000        0.864928
        8.970000        0.858505
        8.980000        0.852114
        8.990000        0.845756
        9.000000        0.839432
        9.010000        0.833143
        9.020000        0.826890
        9.030000        0.820673
        9.040000        0.814495
        9.050000        0.808356
        9.060000        0.802256
        9.070000        0.796198
        9.080000        0.790181
        9.090000        0.784207
        9.100000        0.778277
        9.110000        0.772392
        9.120000        0.766552
        9.130000        0.760759
        9.140000        0.755013
        9.150000        0.749316
        9.160000        0.743668
        9.170000        0.738071
        9.180000        0.732524
        9.190000        0.727030
        9.200000        0.721589
        9.210000        0.716201
        9.220000        0.710868
        9.230000        0.705591
        9.240000        0.700370
        9.250000        0.695206
        9.260000        0.690100
        9.270000        0.685054
        9.280000        0.680066
        9.290000        0.675139
        9.300000        0.670274
        9.310000        0.665470
        9.320000        0.660729
        9.330000        0.656052
        9.340000        0.651439
        9.350000        0.646891
        9.360000        0.642409
        9.370000        0.637993
        9.380000        0.633644
        9.390000        0.629363
        9.400000        0.625151
        9.410000        0.621008
        9.420000        0.616935
        9.430000        0.612932
        9.440000        0.609001
        9.450000        0.605142
        9.460000        0.601354
        9.470000        0.597640
        9.480000        0.594000
        9.490000        0.590433
        9.500000        0.586942
        9.510000        0.583526
        9.520000        0.580185
        9.530000        0.576922
        9.540000        0.573735
        9.550000        0.570625
        9.560000        0.567594
        9.570000        0.564640
        9.580000        0.561766
        9.590000        0.558971
        9.600000        0.556256
        9.610000        0.553622
        9.620000        0.551067
        9.630000        0.548594
        9.640000        0.546203
        9.650000        0.543893
        9.660000        0.541665
        9.670000        0.539520
        9.680000        0.537458
        9.690000        0.535479
        9.700000        0.533584
        9.710000        0.531773
        9.720000        0.530046
        9.730000        0.528403
        9.740000        0.526845
        9.750000        0.525372
        9.760000        0.523984
        9.770000        0.522681
        9.780000        0.521464
        9.790000        0.520333
        9.800000        0.519288
        9.810000        0.518329
        9.820000        0.517456
        9.830000        0.516670
        9.840000        0.515970
        9.850000        0.515357
        9.860000        0.514831
        9.870000        0.514391
        9.880000        0.514039
        9.890000        0.513773
        9.900000        0.513595
        9.910000        0.513503
        9.920000        0.513499
        9.930000        0.513582
        9.940000        0.513752
        9.950000        0.514009
        9.960000        0.514352
        9.970000        0.514783
        9.980000        0.515301
        9.990000        0.515905
       10.000000        0.516597
       10.010000        0.517374
       10.020000        0.518239
       10.030000        0.519189
       10.040000        0.520226
       10.050000        0.521348
       10.060000        0.522557
       10.070000        0.523851
       10.080000        0.525231
       10.090000        0.526695
       10.100000        0.528245
       10.110000        0.529880
       10.120000        0.531599
       10.130000        0.533402
       10.140000        0.535289
       10.150000        0.537259
       10.160000        0.539313
       10.170000        0.541450
       10.180000        0.543669
       10.190000        0.545971
       10.200000        0.548355
       10.210000        0.550820
       10.220000        0.553366
       10.230000        0.555993
       10.240000        0.558700
       10.250000        0.561487
       10.260000        0.564353
       10.270000        0.567299
       10.280000        0.570322
       10.290000        0.573424
       10.300000        0.576604
       10.310000        0.579860
       10.320000        0.583193
       10.330000        0.586602
       10.340000        0.590086
       10.350000        0.593645
       10.360000        0.597278
       10.370000        0.600985
       10.380000        0.604765
       10.390000        0.608617
       10.400000        0.612542
       10.410000        0.616537
       10.420000        0.620603
       10.430000        0.624740
       10.440000        0.628945
       10.450000        0.633219
       10.460000        0.637561
       10.470000        0.641970
       10.480000        0.646446
       10.490000        0.650988
       10.500000        0.655595
       10.510000        0.660266
       10.520000        0.665000
       10.530000        0.669798
       10.540000        0.674658
       10.550000        0.679578
       10.560000        0.684560
       10.570000        0.689601
       10.580000        0.694701
       10.590000        0.699859
       10.600000        0.705075
       10.610000        0.710347
       10.620000        0.715674
       10.630000        0.721057
       10.640000        0.726493
       10.650000        0.731982
       10.660000        0.737523
       10.670000        0.743116
       10.680000        0.748759
       10.690000        0.754451
       10.700000        0.760192
       10.710000        0.765981
       10.720000        0.771816
       10.730000        0.777697
       10.740000        0.783623
       10.750000        0.789593
       10.760000        0.795606
       10.770000        0.801660
       10.780000        0.807756
       10.790000        0.813892
       10.800000        0.820066
       10.810000        0.826279
       10.820000        0.832529
       10.830000        0.838815
       10.840000        0.845135
       10.850000        0.851490
       10.860000        0.857878
       10.870000        0.864298
       10.880000        0.870749
       10.890000        0.877230
       10.900000        0.883740
       10.910000        0.890277
       10.920000        0.896842
       10.930000        0.903432
       10.940000        0.910047
       10.950000        0.916685
       10.960000        0.923346
       10.970000        0.930029
       10.980000        0.936732
       10.990000        0.943454
       11.000000        0.950195
       11.010000        0.956953
       11.020000        0.963727
       11.030000        0.970516
       11.040000        0.977319
       11.050000        0.984134
       11.060000        0.990962
       11.070000        0.997800
       11.080000        1.004648
       11.090000        1.011505
       11.100000        1.018369
       11.110000        1.025239
       11.120000        1.032114
       11.130000        1.038993
       11.140000        1.045876
       11.150000        1.052760
       11.160000        1.059645
       11.170000        1.066530
       11.180000        1.073413
       11.190000        1.080293
       11.200000        1.087171
       11.210000        1.094043
       11.220000        1.100909
       11.230000        1.107769
       11.240000        1.114621
       11.250000        1.121463
       11.260000        1.128295
       11.270000        1.135116
       11.280000        1.141924
       11.290000        1.148719
       11.300000        1.155499
       11.310000        1.162264
       11.320000        1.169012
       11.330000        1.175742
       11.340000        1.182453
       11.350000        1.189144
       11.360000        1.195814
       11.370000        1.202461
       11.380000        1.209086
       11.390000        1.215686
       11.400000        1.222261
       11.410000        1.228809
       11.420000        1.235330
       11.430000        1.241823
       11.440000        1.248286
       11.450000        1.254718
       11.460000        1.261119
       11.470000        1.267487
       11.480000        1.273822
       11.490000        1.280121
       11.500000        1.286385
       11.510000        1.292613
       11.520000        1.298802
       11.530000        1.304953
       11.540000        1.311065
       11.550000        1.317135
       11.560000        1.323164
       11.570000        1.329151
       11.580000        1.335093
       11.590000        1.340992
       11.600000        1.346844
       11.610000        1.352651
       11.620000        1.358410
       11.630000        1.364121
       11.640000        1.369782
       11.650000        1.375394
       11.660000        1.380954
       11.670000        1.386463
       11.680000        1.391919
       11.690000        1.397321
       11.700000        1.402668
       11.710000        1.407960
       11.720000        1.413196
       11.730000        1.418375
       11.740000        1.423496
       11.750000        1.428558
       11.760000        1.433561
       11.770000        1.438503
       11.780000        1.443384
       11.790000        1.448204
       11.800000        1.452960
       11.810000        1.457653
       11.820000        1.462282
       11.830000        1.466846
       11.840000        1.471344
       11.850000        1.475775
       11.860000        1.480140
       11.870000        1.484436
       11.880000        1.488664
       11.890000        1.492823
       11.900000        1.496912
       11.910000        1.500930
       11.920000        1.504877
       11.930000        1.508752
       11.940000        1.512555
       11.950000        1.516285
       11.960000        1.519940
       11.970000        1.523522
       11.980000        1.527029
       11.990000        1.530460
       12.000000        1.533816
       12.010000        1.537094
       12.020000        1.540296
       12.030000        1.543420
       12.040000        1.546466
       12.050000        1.549434
       12.060000        1.552322
       12.070000        1.555131
       12.080000        1.557860
       12.090000        1.560509
       12.100000        1.563077
       12.110000        1.565563
       12.120000        1.567968
       12.130000        1.570291
       12.140000        1.572531
       12.150000        1.574688
       12.160000        1.576763
       12.170000        1.578754
       12.180000        1.580661
       12.190000        1.582483
       12.200000        1.584222
       12.210000        1.585876
       12.220000        1.587445
       12.230000        1.588928
       12.240000        1.590326
       12.250000        1.591639
       12.260000        1.592865
       12.270000        1.594006
       12.280000        1.595060
       12.290000        1.596028
       12.300000        1.596909
       12.310000        1.597703
       12.320000        1.598410
       12.330000        1.599030
       12.340000        1.599563
       12.350000        1.600009
       12.360000        1.600368
       12.370000        1.600639
       12.380000        1.600823
       12.390000        1.600919
       12.400000        1.600928
       12.410000        1.600850
       12.420000        1.600684
       12.430000        1.600430
       12.440000        1.600090
       12.450000        1.599661
       12.460000        1.599146
       12.470000        1.598543
       12.480000        1.597853
       12.490000        1.597076
       12.500000        1.596213
       12.510000        1.595262
       12.520000        1.594225
       12.530000        1.593102
       12.540000        1.591892
       12.550000        1.590596
       12.560000        1.589214
       12.570000        1.587747
       12.580000        1.586194
       12.590000        1.584556
       12.600000        1.582833
       12.610000        1.581025
       12.620000        1.579133
       12.630000        1.577157
       12.640000        1.575097
       12.650000        1.572954
       12.660000        1.570728
       12.670000        1.568419
       12.680000        1.566027
       12.690000        1.563554
       12.700000        1.560999
       12.710000        1.558362
       12.720000        1.555646
       12.730000        1.552848
       12.740000        1.549971
       12.750000        1.547014
       12.760000        1.543979
       12.770000        1.540865
       12.780000        1.537673
       12.790000        1.534403
       12.800000        1.531057
       12.810000        1.527634
       12.820000        1.524135
       12.830000        1.520561
       12.840000        1.516912
       12.850000        1.513189
       12.860000        1.509393
       12.870000        1.505523
       12.880000        1.501582
       12.890000        1.497568
       12.900000        1.493484
       12.910000        1.489329
       12.920000        1.485104
       12.930000        1.480810
       12.940000        1.476448
       12.950000        1.472018
       12.960000        1.467521
       12.970000        1.462958
       12.980000        1.458329
       12.990000        1.453636
       13.000000        1.448878
       13.010000        1.444058
       13.020000        1.439175
       13.030000        1.434230
       13.040000        1.429224
       13.050000        1.424158
       13.060000        1.419032
       13.070000        1.413849
       13.080000        1.408607
       13.090000        1.403309
       13.100000        1.397955
       13.110000        1.392545
       13.120000        1.387081
       13.130000        1.381564
       13.140000        1.375995
       13.150000        1.370374
       13.160000        1.364702
       13.170000        1.358981
       13.180000        1.353210
       13.190000        1.347392
       13.200000        1.341526
       13.210000        1.335615
       13.220000        1.329659
       13.230000        1.323658
       13.240000        1.317614
       13.250000        1.311528
       13.260000        1.305400
       13.270000        1.299233
       13.280000        1.293026
       13.290000        1.286781
       13.300000        1.280498
       13.310000        1.274180
       13.320000        1.267826
       13.330000        1.261437
       13.340000        1.255016
       13.350000        1.248562
       13.360000        1.242078
       13.370000        1.235563
       13.380000        1.229019
       13.390000        1.222447
       13.400000        1.215848
       13.410000        1.209224
       13.420000        1.202574
       13.430000        1.195901
       13.440000        1.189205
       13.450000        1.182487
       13.460000        1.175749
       13.470000        1.168992
       13.480000        1.162216
       13.490000        1.155423
       13.500000        1.148614
       13.510000        1.141789
       13.520000        1.134951
       13.530000        1.128100
       13.540000        1.121237
       13.550000        1.114363
       13.560000        1.107480
       13.570000        1.100589
       13.580000        1.093690
       13.590000        1.086784
       13.600000        1.079874
       13.610000        1.072960
       13.620000        1.066042
       13.630000        1.059123
       13.640000        1.052204
       13.650000        1.045284
       13.660000        1.038367
       13.670000        1.031452
       13.680000        1.024540
       13.690000        1.017634
       13.700000        1.010733
       13.710000        1.003840
       13.720000        0.996955
       13.730000        0.990079
       13.740000        0.983214
       13.750000        0.976360
       13.760000        0.969519
       13.770000        0.962692
       13.780000        0.955879
       13.790000        0.949083
       13.800000        0.942303
       13.810000        0.935542
       13.820000        0.928799
       13.830000        0.922078
       13.840000        0.915377
       13.850000        0.908699
       13.860000        0.902044
       13.870000        0.895415
       13.880000        0.888810
       13.890000        0.882233
       13.900000        0.875683
       13.910000        0.869162
       13.920000        0.862671
       13.930000        0.856211
       13.940000        0.849784
       13.950000        0.843389
       13.960000        0.837028
       13.970000        0.830702
       13.980000        0.824412
       13.990000        0.818160
       14.000000        0.811945
       14.010000        0.805770
       14.020000        0.799635
       14.030000        0.793541
       14.040000        0.787489
       14.050000        0.781480
       14.060000        0.775515
       14.070000        0.769595
       14.080000        0.763722
       14.090000        0.757895
       14.100000        0.752115
       14.110000        0.746385
       14.120000        0.740704
       14.130000        0.735074
       14.140000        0.729496
       14.150000        0.723970
       14.160000        0.718497
       14.170000        0.713078
       14.180000        0.707715
       14.190000        0.702407
       14.200000        0.697156
       14.210000        0.691963
       14.220000        0.686828
       14.230000        0.681753
       14.240000        0.676738
       14.250000        0.671783
       14.260000        0.666891
       14.270000        0.662060
       14.280000        0.657294
       14.290000        0.652591
       14.300000        0.647953
       14.310000        0.643380
       14.320000        0.638874
       14.330000        0.634435
       14.340000        0.630064
       14.350000        0.625761
       14.360000        0.621527
       14.370000        0.617364
       14.380000        0.613270
       14.390000        0.609248
       14.400000        0.605298
       14.410000        0.601420
       14.420000        0.597615
       14.430000        0.593884
       14.440000        0.590227
       14.450000        0.586645
       14.460000        0.583138
       14.470000        0.579708
       14.480000        0.576354
       14.490000        0.573077
       14.500000        0.569878
       14.510000        0.566757
       14.520000        0.563714
       14.530000        0.560751
       14.540000        0.557867
       14.550000        0.555064
       14.560000        0.552341
       14.570000        0.549699
       14.580000        0.547139
       14.590000        0.544660
       14.600000        0.542264
       14.610000        0.539950
       14.620000        0.537719
       14.630000        0.535571
       14.640000        0.533508
       14.650000        0.531528
       14.660000        0.529633
       14.670000        0.527822
       14.680000        0.526096
       14.690000        0.524456
       14.700000        0.522900
       14.710000        0.521431
       14.720000        0.520048
       14.730000        0.518751
       14.740000        0.517540
       14.750000        0.516416
       14.760000        0.515379
       14.770000        0.514428
       14.780000        0.513565
       14.790000        0.512789
       14.800000        0.512100
       14.810000        0.511499
       14.820000        0.510986
       14.830000        0.510560
       14.840000        0.510222
       14.850000        0.509971
       14.860000        0.509809
       14.870000        0.509734
       14.880000        0.509747
       14.890000        0.509848
       14.900000        0.510037
       14.910000        0.510314
       14.920000        0.510678
       14.930000        0.511131
       14.940000        0.511670
       14.950000        0.512298
       14.960000        0.513013
       14.970000        0.513815
       14.980000        0.514704
       14.990000        0.515681
       15.000000        0.516744
       15.010000        0.517894
       15.020000        0.519131
       15.030000        0.520454
       15.040000        0.521863
       15.050000        0.523358
       15.060000        0.524939
       15.070000        0.526605
       15.080000        0.528356
       15.090000        0.530193
       15.100000        0.532113
       15.110000        0.534118
       15.120000        0.536207
       15.130000        0.538380
       15.140000        0.540635
       15.150000        0.542974
       15.160000        0.545395
       15.170000        0.547898
       15.180000        0.550483
       15.190000        0.553150
       15.200000        0.555897
       15.210000        0.558724
       15.220000        0.561632
       15.230000        0.564619
       15.240000        0.567685
       15.250000        0.570829
       15.260000        0.574052
       15.270000        0.577352
       15.280000        0.580729
       15.290000        0.584182
       15.300000        0.587711
       15.310000        0.591316
       15.320000        0.594995
       15.330000        0.598748
       15.340000        0.602575
       15.350000        0.606475
       15.360000        0.610447
       15.370000        0.614490
       15.380000        0.618605
       15.390000        0.622790
       15.400000        0.627044
       15.410000        0.631368
       15.420000        0.635759
       15.430000        0.640218
       15.440000        0.644744
       15.450000        0.649336
       15.460000        0.653994
       15.470000        0.658716
       15.480000        0.663502
       15.490000        0.668350
       15.500000        0.673262
       15.510000        0.678234
       15.520000        0.683268
       15.530000        0.688361
       15.540000        0.693513
       15.550000        0.698723
       15.560000        0.703991
       15.570000        0.709316
       15.580000        0.714696
       15.590000        0.720130
       15.600000        0.725619
       15.610000        0.731161
       15.620000        0.736755
       15.630000        0.742400
       15.640000        0.748095
       15.650000        0.753840
       15.660000        0.759634
       15.670000        0.765475
       15.680000        0.771362
       15.690000        0.777295
       15.700000        0.783273
       15.710000        0.789295
       15.720000        0.795360
       15.730000        0.801466
       15.740000        0.807613
       15.750000        0.813800
       15.760000        0.820025
       15.770000        0.826289
       15.780000        0.832589
       15.790000        0.838925
       15.800000        0.845296
       15.810000        0.851701
       15.820000        0.858138
       15.830000        0.864607
       15.840000        0.871107
       15.850000        0.877636
       15.860000        0.884194
       15.870000        0.890779
       15.880000        0.897391
       15.890000        0.904028
       15.900000        0.910689
       15.910000        0.917374
       15.920000        0.924080
       15.930000        0.930808
       15.940000        0.937556
       15.950000        0.944322
       15.960000        0.951106
       15.970000        0.957908
       15.980000        0.964724
       15.990000        0.971555
       16.000000        0.978400
       16.010000        0.985257
       16.020000        0.992125
       16.030000        0.999003
       16.040000        1.005890
       16.050000        1.012785
       16.060000        1.019687
       16.070000        1.026594
       16.080000        1.033506
       16.090000        1.040422
       16.100000        1.047339
       16.110000        1.054258
       16.120000        1.061177
       16.130000        1.068095
       16.140000        1.075011
       16.150000        1.081924
       16.160000        1.088832
       16.170000        1.095735
       16.180000        1.102631
       16.190000        1.109519
       16.200000        1.116399
       16.210000        1.123269
       16.220000        1.130128
       16.230000        1.136974
       16.240000        1.143808
       16.250000        1.150627
       16.260000        1.157430
       16.270000        1.164218
       16.280000        1.170987
       16.290000        1.177738
       16.300000        1.184469
       16.310000        1.191180
       16.320000        1.197868
       16.330000        1.204533
       16.340000        1.211174
       16.350000        1.217790
       16.360000        1.224380
       16.370000        1.230943
       16.380000        1.237477
       16.390000        1.243982
       16.400000        1.250457
       16.410000        1.256900
       16.420000        1.263310
       16.430000        1.269687
       16.440000        1.276029
       16.450000        1.282336
       16.460000        1.288607
       16.470000        1.294839
       16.480000        1.301033
       16.490000        1.307188
       16.500000        1.313302
       16.510000        1.319374
       16.520000        1.325404
       16.530000        1.331390
       16.540000        1.337332
       16.550000        1.343228
       16.560000        1.349078
       16.570000        1.354881
       16.580000        1.360636
       16.590000        1.366341
       16.600000        1.371996
       16.610000        1.377601
       16.620000        1.383153
       16.630000        1.388653
       16.640000        1.394099
       16.650000        1.399490
       16.660000        1.404827
       16.670000        1.410106
       16.680000        1.415329
       16.690000        1.420494
       16.700000        1.425600
       16.710000        1.430647
       16.720000        1.435633
       16.730000        1.440558
       16.740000        1.445421
       16.750000        1.450221
       16.760000        1.454958
       16.770000        1.459630
       16.780000        1.464238
       16.790000        1.468779
       16.800000        1.473254
       16.810000        1.477662
       16.820000        1.482002
       16.830000        1.486274
       16.840000        1.490476
       16.850000        1.494608
       16.860000        1.498670
       16.870000        1.502660
       16.880000        1.506578
       16.890000        1.510424
       16.900000        1.514197
       16.910000        1.517896
       16.920000        1.521520
       16.930000        1.525070
       16.940000        1.528544
       16.950000        1.531942
       16.960000        1.535264
       16.970000        1.538508
       16.980000        1.541675
       16.990000        1.544764
       17.000000        1.547773
       17.010000        1.550704
       17.020000        1.553556
       17.030000        1.556327
       17.040000        1.559018
       17.050000        1.561628
       17.060000        1.564156
       17.070000        1.566603
       17.080000        1.568968
       17.090000        1.571250
       17.100000        1.573449
       17.110000        1.575565
       17.120000        1.577598
       17.130000        1.579547
       17.140000        1.581411
       17.150000        1.583191
       17.160000        1.584887
       17.170000        1.586497
       17.180000        1.588022
       17.190000        1.589462
       17.200000        1.590816
       17.210000        1.592084
       17.220000        1.593265
       17.230000        1.594361
       17.240000        1.595370
       17.250000        1.596292
       17.260000        1.597128
       17.270000        1.597876
       17.280000        1.598537
       17.290000        1.599112
       17.300000        1.599599
       17.310000        1.599999
       17.320000        1.600311
       17.330000        1.600536
       17.340000        1.600673
       17.350000        1.600724
       17.360000        1.600686
       17.370000        1.600561
       17.380000        1.600349
       17.390000        1.600049
       17.400000        1.599662
       17.410000        1.599188
       17.420000        1.598626
       17.430000        1.597977
       17.440000        1.597242
       17.450000        1.596419
       17.460000        1.595510
       17.470000        1.594514
       17.480000        1.593432
       17.490000        1.592263
       17.500000        1.591009
       17.510000        1.589668
       17.520000        1.588242
       17.530000        1.586731
       17.540000        1.585134
       17.550000        1.583452
       17.560000        1.581686
       17.570000        1.579836
       17.580000        1.577902
       17.590000        1.575883
       17.600000        1.573782
       17.610000        1.571597
       17.620000        1.569330
       17.630000        1.566980
       17.640000        1.564549
       17.650000        1.562036
       17.660000        1.559442
       17.670000        1.556767
       17.680000        1.554012
       17.690000        1.551177
       17.700000        1.548262
       17.710000        1.545269
       17.720000        1.542197
       17.730000        1.539048
       17.740000        1.535821
       17.750000        1.532517
       17.760000        1.529136
       17.770000        1.525680
       17.780000        1.522149
       17.790000        1.518543
       17.800000        1.514863
       17.810000        1.511109
       17.820000        1.507283
       17.830000        1.503384
       17.840000        1.499414
       17.850000        1.495372
       17.860000        1.491261
       17.870000        1.487079
       17.880000        1.482829
       17.890000        1.478510
       17.900000        1.474123
       17.910000        1.469670
       17.920000        1.465150
       17.930000        1.460565
       17.940000        1.455916
       17.950000        1.451202
       17.960000        1.446425
       17.970000        1.441585
       17.980000        1.436684
       17.990000        1.431722
       18.000000        1.426700
       18.010000        1.421618
       18.020000        1.416478
       18.030000        1.411281
       18.040000        1.406026
       18.050000        1.400716
       18.060000        1.395351
       18.070000        1.389931
       18.080000        1.384458
       18.090000        1.378932
       18.100000        1.373355
       18.110000        1.367727
       18.120000        1.362050
       18.130000        1.356323
       18.140000        1.350549
       18.150000        1.344727
       18.160000        1.338859
       18.170000        1.332947
       18.180000        1.326990
       18.190000        1.320989
       18.200000        1.314947
       18.210000        1.308863
       18.220000        1.302739
       18.230000        1.296575
       18.240000        1.290373
       18.250000        1.284134
       18.260000        1.277858
       18.270000        1.271547
       18.280000        1.265202
       18.290000        1.258823
       18.300000        1.252412
       18.310000        1.245970
       18.320000        1.239498
       18.330000        1.232996
       18.340000        1.226466
       18.350000        1.219909
       18.360000        1.213326
       18.370000        1.206718
       18.380000        1.200087
       18.390000        1.193432
       18.400000        1.186755
       18.410000        1.180058
       18.420000        1.173341
       18.430000        1.166606
       18.440000        1.159853
       18.450000        1.153083
       18.460000        1.146298
       18.470000        1.139499
       18.480000        1.132687
       18.490000        1.125863
       18.500000        1.119028
       18.510000        1.112183
       18.520000        1.105329
       18.530000        1.098468
       18.540000        1.091600
       18.550000        1.084726
       18.560000        1.077848
       18.570000        1.070967
       18.580000        1.064084
       18.590000        1.057200
       18.600000        1.050316
       18.610000        1.043432
       18.620000        1.036552
       18.630000        1.029674
       18.640000        1.022801
       18.650000        1.015934
       18.660000        1.009073
       18.670000        1.002220
       18.680000        0.995376
       18.690000        0.988542
       18.700000        0.981718
       18.710000        0.974907
       18.720000        0.968110
       18.730000        0.961326
       18.740000        0.954558
       18.750000        0.947807
       18.760000        0.941073
       18.770000        0.934358
       18.780000        0.927662
       18.790000        0.920987
       18.800000        0.914334
       18.810000        0.907705
       18.820000        0.901099
       18.830000        0.894518
       18.840000        0.887963
       18.850000        0.881436
       18.860000        0.874936
       18.870000        0.868466
       18.880000        0.862026
       18.890000        0.855618
       18.900000        0.849242
       18.910000        0.842899
       18.920000        0.836591
       18.930000        0.830318
       18.940000        0.824081
       18.950000        0.817882
       18.960000        0.811721
       18.970000        0.805600
       18.980000        0.799519
       18.990000        0.793479
       19.000000        0.787481
       19.010000        0.781527
       19.020000        0.775617
       19.030000        0.769752
       19.040000        0.763933
       19.050000        0.758162
       19.060000        0.752438
       19.070000        0.746763
       19.080000        0.741138
       19.090000        0.735563
       19.100000        0.730040
       19.110000        0.724570
       19.120000        0.719153
       19.130000        0.713790
       19.140000        0.708482
       19.150000        0.703230
       19.160000        0.698034
       19.170000        0.692897
       19.180000        0.687817
       19.190000        0.682797
       19.200000        0.677837
       19.210000        0.672938
       19.220000        0.668100
       19.230000        0.663325
       19.240000        0.658612
       19.250000        0.653964
       19.260000        0.649380
       19.270000        0.644862
       19.280000        0.640409
       19.290000        0.636024
       19.300000        0.631705
       19.310000        0.627456
       19.320000        0.623274
       19.330000        0.619163
       19.340000        0.615121
       19.350000        0.611151
       19.360000        0.607252
       19.370000        0.603425
       19.380000        0.599671
       19.390000        0.595990
       19.400000        0.592382
       19.410000        0.588850
       19.420000        0.585392
       19.430000        0.582010
       19.440000        0.578704
       19.450000        0.575475
       19.460000        0.572323
       19.470000        0.569248
       19.480000        0.566252
       19.490000        0.563334
       19.500000        0.560496
       19.510000        0.557737
       19.520000        0.555058
       19.530000        0.552459
       19.540000        0.549942
       19.550000        0.547505
       19.560000        0.545151
       19.570000        0.542878
       19.580000        0.540687
       19.590000        0.538580
       19.600000        0.536555
       19.610000        0.534614
       19.620000        0.532757
       19.630000        0.530983
       19.640000        0.529294
       19.650000        0.527689
       19.660000        0.526169
       19.670000        0.524734
       19.680000        0.523385
       19.690000        0.522121
       19.700000        0.520943
       19.710000        0.519850
       19.720000        0.518844
       19.730000        0.517924
       19.740000        0.517090
       19.750000        0.516342
       19.760000        0.515682
       19.770000        0.515108
       19.780000        0.514621
       19.790000        0.514220
       19.800000        0.513907
       19.810000        0.513681
       19.820000        0.513542
       19.830000        0.513490
       19.840000        0.513525
       19.850000        0.513647
       19.860000        0.513856
       19.870000        0.514152
       19.880000        0.514535
       19.890000        0.515005
       19.900000        0.515562
       19.910000        0.516205
       19.920000        0.516935
       19.930000        0.517752
       19.940000        0.518655
       19.950000        0.519644
       19.960000        0.520720
       19.970000        0.521881
       19.980000        0.523128
       19.990000        0.524461
       20.000000        0.525879
       20.010000        0.527382
       20.020000        0.528970
       20.030000        0.530643
       20.040000        0.532400
       20.050000        0.534240
       20.060000        0.536165
       20.070000        0.538173
       20.080000        0.540265
       20.090000        0.542439
       20.100000        0.544695
       20.110000        0.547034
       20.120000        0.549454
       20.130000        0.551956
       20.140000        0.554539
       20.150000        0.557202
       20.160000        0.559945
       20.170000        0.562768
       20.180000        0.565670
       20.190000        0.568651
       20.200000        0.571710
       20.210000        0.574847
       20.220000        0.578061
       20.230000        0.581352
       20.240000        0.584719
       20.250000        0.588162
       20.260000        0.591679
       20.270000        0.595272
       20.280000        0.598939
       20.290000        0.602678
       20.300000        0.606491
       20.310000        0.610376
       20.320000        0.614333
       20.330000        0.618360
       20.340000        0.622458
       20.350000        0.626626
       20.360000        0.630862
       20.370000        0.635167
       20.380000        0.639539
       20.390000        0.643979
       20.400000        0.648484
       20.410000        0.653056
       20.420000        0.657691
       20.430000        0.662391
       20.440000        0.667154
       20.450000        0.671980
       20.460000        0.676867
       20.470000        0.681816
       20.480000        0.686824
       20.490000        0.691892
       20.500000        0.697019
       20.510000        0.702203
       20.520000        0.707444
       20.530000        0.712741
       20.540000        0.718094
       20.550000        0.723500
       20.560000        0.728961
       20.570000        0.734473
       20.580000        0.740038
       20.590000        0.745654
       20.600000        0.751319
       20.610000        0.757033
       20.620000        0.762796
       20.630000        0.768606
       20.640000        0.774462
       20.650000        0.780363
       20.660000        0.786309
       20.670000        0.792299
       20.680000        0.798330
       20.690000        0.804404
       20.700000        0.810518
       20.710000        0.816671
       20.720000        0.822863
       20.730000        0.829093
       20.740000        0.835359
       20.750000        0.841661
       20.760000        0.847997
       20.770000        0.854368
       20.780000        0.860770
       20.790000        0.867204
       20.800000        0.873669
       20.810000        0.880163
       20.820000        0.886685
       20.830000        0.893235
       20.840000        0.899812
       20.850000        0.906413
       20.860000        0.913039
       20.870000        0.919688
       20.880000        0.926359
       20.890000        0.933051
       20.900000        0.939763
       20.910000        0.946494
       20.920000        0.953243
       20.930000        0.960008
       20.940000        0.966789
       20.950000        0.973585
       20.960000        0.980394
       20.970000        0.987215
       20.980000        0.994048
       20.990000        1.000891
       21.000000        1.007743
       21.010000        1.014603
       21.020000        1.021470
       21.030000        1.028343
       21.040000        1.035221
       21.050000        1.042102
       21.060000        1.048985
       21.070000        1.055870
       21.080000        1.062755
       21.090000        1.069640
       21.100000        1.076522
       21.110000        1.083402
       21.120000        1.090277
       21.130000        1.097147
       21.140000        1.104011
       21.150000        1.110867
       21.160000        1.117715
       21.170000        1.124553
       21.180000        1.131381
       21.190000        1.138196
       21.200000        1.144999
       21.210000        1.151788
       21.220000        1.158561
       21.230000        1.165319
       21.240000        1.172059
       21.250000        1.178781
       21.260000        1.185483
       21.270000        1.192165
       21.280000        1.198826
       21.290000        1.205463
       21.300000        1.212077
       21.310000        1.218667
       21.320000        1.225230
       21.330000        1.231766
       21.340000        1.238275
       21.350000        1.244755
       21.360000        1.251204
       21.370000        1.257623
       21.380000        1.264010
       21.390000        1.270363
       21.400000        1.276682
       21.410000        1.282967
       21.420000        1.289215
       21.430000        1.295425
       21.440000        1.301598
       21.450000        1.307732
       21.460000        1.313825
       21.470000        1.319878
       21.480000        1.325888
       21.490000        1.331855
       21.500000        1.337779
       21.510000        1.343657
       21.520000        1.349489
       21.530000        1.355275
       21.540000        1.361013
       21.550000        1.366702
       21.560000        1.372342
       21.570000        1.377931
       21.580000        1.383468
       21.590000        1.388954
       21.600000        1.394386
       21.610000        1.399764
       21.620000        1.405087
       21.630000        1.410355
       21.640000        1.415565
       21.650000        1.420719
       21.660000        1.425814
       21.670000        1.430850
       21.680000        1.435826
       21.690000        1.440741
       21.700000        1.445595
       21.710000        1.450387
       21.720000        1.455115
       21.730000        1.459780
       21.740000        1.464380
       21.750000        1.468915
       21.760000        1.473384
       21.770000        1.477786
       21.780000        1.482120
       21.790000        1.486386
       21.800000        1.490584
       21.810000        1.494712
       21.820000        1.498769
       21.830000        1.502756
       21.840000        1.506672
       21.850000        1.510515
       21.860000        1.514285
       21.870000        1.517982
       21.880000        1.521606
       21.890000        1.525154
       21.900000        1.528628
       21.910000        1.532025
       21.920000        1.535347
       21.930000        1.538592
       21.940000        1.541759
       21.950000        1.544849
       21.960000        1.547860
       21.970000        1.550793
       21.980000        1.553646
       21.990000        1.556420
       22.000000        1.559113
       22.010000        1.561726
       22.020000        1.564258
       22.030000        1.566709
       22.040000        1.569077
       22.050000        1.571363
       22.060000        1.573567
       22.070000        1.575688
       22.080000        1.577725
       22.090000        1.579679
       22.100000        1.581549
       22.110000        1.583335
       22.120000        1.585036
       22.130000        1.586652
       22.140000        1.588183
       22.150000        1.589629
       22.160000        1.590989
       22.170000        1.592264
       22.180000        1.593452
       22.190000        1.594555
       22.200000        1.595570
       22.210000        1.596500
       22.220000        1.597342
       22.230000        1.598098
       22.240000        1.598767
       22.250000        1.599349
       22.260000        1.599843
       22.270000        1.600251
       22.280000        1.600571
       22.290000        1.600803
       22.300000        1.600949
       22.310000        1.601006
       22.320000        1.600977
       22.330000        1.600859
       22.340000        1.600655
       22.350000        1.600363
       22.360000        1.599983
       22.370000        1.599516
       22.380000        1.598962
       22.390000        1.598321
       22.400000        1.597593
       22.410000        1.596778
       22.420000        1.595875
       22.430000        1.594887
       22.440000        1.593811
       22.450000        1.592650
       22.460000        1.591402
       22.470000        1.590068
       22.480000        1.588648
       22.490000        1.587143
       22.500000        1.585552
       22.510000        1.583877
       22.520000        1.582116
       22.530000        1.580272
       22.540000        1.578342
       22.550000        1.576329
       22.560000        1.574233
       22.570000        1.572053
       22.580000        1.569790
       22.590000        1.567444
       22.600000        1.565016
       22.610000        1.562507
       22.620000        1.559916
       22.630000        1.557244
       22.640000        1.554491
       22.650000        1.551659
       22.660000        1.548746
       22.670000        1.545755
       22.680000        1.542685
       22.690000        1.539536
       22.700000        1.536310
       22.710000        1.533006
       22.720000        1.529626
       22.730000        1.526169
       22.740000        1.522637
       22.750000        1.519030
       22.760000        1.515349
       22.770000        1.511593
       22.780000        1.507764
       22.790000        1.503863
       22.800000        1.499889
       22.810000        1.495844
       22.820000        1.491728
       22.830000        1.487543
       22.840000        1.483287
       22.850000        1.478963
       22.860000        1.474571
       22.870000        1.470111
       22.880000        1.465585
       22.890000        1.460993
       22.900000        1.456336
       22.910000        1.451614
       22.920000        1.446828
       22.930000        1.441980
       22.940000        1.437069
       22.950000        1.432097
       22.960000        1.427065
       22.970000        1.421972
       22.980000        1.416821
       22.990000        1.411612
       23.000000        1.406345
       23.010000        1.401022
       23.020000        1.395643
       23.030000        1.390210
       23.040000        1.384722
       23.050000        1.379182
       23.060000        1.373590
       23.070000        1.367946
       23.080000        1.362252
       23.090000        1.356509
       23.100000        1.350717
       23.110000        1.344878
       23.120000        1.338992
       23.130000        1.333060
       23.140000        1.327084
       23.150000        1.321064
       23.160000        1.315001
       23.170000        1.308897
       23.180000        1.302752
       23.190000        1.296566
       23.200000        1.290342
       23.210000        1.284081
       23.220000        1.277782
       23.230000        1.271447
       23.240000        1.265078
       23.250000        1.258675
       23.260000        1.252239
       23.270000        1.245772
       23.280000        1.239273
       23.290000        1.232745
       23.300000        1.226189
       23.310000        1.219605
       23.320000        1.212994
       23.330000        1.206359
       23.340000        1.199698
       23.350000        1.193015
       23.360000        1.186309
       23.370000        1.179582
       23.380000        1.172835
       23.390000        1.166070
       23.400000        1.159286
       23.410000        1.152485
       23.420000        1.145669
       23.430000        1.138838
       23.440000        1.131994
       23.450000        1.125137
       23.460000        1.118269
       23.470000        1.111391
       23.480000        1.104504
       23.490000        1.097609
       23.500000        1.090707
       23.510000        1.083799
       23.520000        1.076886
       23.530000        1.069970
       23.540000        1.063052
       23.550000        1.056132
       23.560000        1.049212
       23.570000        1.042294
       23.580000        1.035377
       23.590000        1.028463
       23.600000        1.021553
       23.610000        1.014649
       23.620000        1.007751
       23.630000        1.000861
       23.640000        0.993980
       23.650000        0.987109
       23.660000        0.980248
       23.670000        0.973399
       23.680000        0.966564
       23.690000        0.959743
       23.700000        0.952937
       23.710000        0.946147
       23.720000        0.939375
       23.730000        0.932622
       23.740000        0.925888
       23.750000        0.919175
       23.760000        0.912484
       23.770000        0.905816
       23.780000        0.899172
       23.790000        0.892553
       23.800000        0.885960
       23.810000        0.879394
       23.820000        0.872857
       23.830000        0.866349
       23.840000        0.859871
       23.850000        0.853425
       23.860000        0.847011
       23.870000        0.840630
       23.880000        0.834285
       23.890000        0.827974
       23.900000        0.821700
       23.910000        0.815464
       23.920000        0.809266
       23.930000        0.803108
       23.940000        0.796991
       23.950000        0.790915
       23.960000        0.784881
       23.970000        0.778891
       23.980000        0.772946
       23.990000        0.767046
       24.000000        0.761192
       24.010000        0.755385
       24.020000        0.749627
       24.030000        0.743918
       24.040000        0.738259
       24.050000        0.732651
       24.060000        0.727095
       24.070000        0.721592
       24.080000        0.716143
       24.090000        0.710748
       24.100000        0.705408
       24.110000        0.700125
       24.120000        0.694899
       24.130000        0.689731
       24.140000        0.684622
       24.150000        0.679572
       24.160000        0.674583
       24.170000        0.669656
       24.180000        0.664790
       24.190000        0.659987
       24.200000        0.655248
       24.210000        0.650573
       24.220000        0.645963
       24.230000        0.641420
       24.240000        0.636942
       24.250000        0.632533
       24.260000        0.628191
       24.270000        0.623918
       24.280000        0.619714
       24.290000        0.615581
       24.300000        0.611518
       24.310000        0.607527
       24.320000        0.603608
       24.330000        0.599762
       24.340000        0.595989
       24.350000        0.592289
       24.360000        0.588665
       24.370000        0.585116
       24.380000        0.581642
       24.390000        0.578244
       24.400000        0.574924
       24.410000        0.571681
       24.420000        0.568515
       24.430000        0.565428
       24.440000        0.562420
       24.450000        0.559491
       24.460000        0.556642
       24.470000        0.553874
       24.480000        0.551186
       24.490000        0.548579
       24.500000        0.546054
       24.510000        0.543611
       24.520000        0.541250
       24.530000        0.538972
       24.540000        0.536778
       24.550000        0.534666
       24.560000        0.532639
       24.570000        0.530696
       24.580000        0.528837
       24.590000        0.527063
       24.600000        0.525374
       24.610000        0.523771
       24.620000        0.522253
       24.630000        0.520821
       24.640000        0.519475
       24.650000        0.518215
       24.660000        0.517042
       24.670000        0.515955
       24.680000        0.514956
       24.690000        0.514043
       24.700000        0.513218
       24.710000        0.512479
       24.720000        0.511829
       24.730000        0.511265
       24.740000        0.510790
       24.750000        0.510402
       24.760000        0.510102
       24.770000        0.509890
       24.780000        0.509765
       24.790000        0.509729
       24.800000        0.509780
       24.810000        0.509919
       24.820000        0.510146
       24.830000        0.510461
       24.840000        0.510863
       24.850000        0.511353
       24.860000        0.511931
       24.870000        0.512597
       24.880000        0.513349
       24.890000        0.514189
       24.900000        0.515116
       24.910000        0.516131
       24.920000        0.517232
       24.930000        0.518419
       24.940000        0.519693
       24.950000        0.521054
       24.960000        0.522500
       24.970000        0.524032
       24.980000        0.525650
       24.990000        0.527353
       25.000000        0.529141
       25.010000        0.531014
       25.020000        0.532971
       25.030000        0.535013
       25.040000        0.537138
       25.050000        0.539347
       25.060000        0.541638
       25.070000        0.544013
       25.080000        0.546470
       25.090000        0.549008
       25.100000        0.551629
       25.110000        0.554330
       25.120000        0.557112
       25.130000        0.559974
       25.140000        0.562916
       25.150000        0.565937
       25.160000        0.569037
       25.170000        0.572216
       25.180000        0.575472
       25.190000        0.578805
       25.200000        0.582215
       25.210000        0.585702
       25.220000        0.589264
       25.230000        0.592901
       25.240000        0.596612
       25.250000        0.600397
       25.260000        0.604256
       25.270000        0.608187
       25.280000        0.612190
       25.290000        0.616264
       25.300000        0.620409
       25.310000        0.624624
       25.320000        0.628909
       25.330000        0.633262
       25.340000        0.637683
       25.350000        0.642171
       25.360000        0.646726
       25.370000        0.651346
       25.380000        0.656031
       25.390000        0.660781
       25.400000        0.665594
       25.410000        0.670470
       25.420000        0.675408
       25.430000        0.680407
       25.440000        0.685466
       25.450000        0.690585
       25.460000        0.695763
       25.470000        0.700998
       25.480000        0.706291
       25.490000        0.711639
       25.500000        0.717043
       25.510000        0.722501
       25.520000        0.728013
       25.530000        0.733577
       25.540000        0.739194
       25.550000        0.744861
       25.560000        0.750578
       25.570000        0.756343
       25.580000        0.762158
       25.590000        0.768019
       25.600000        0.773926
       25.610000        0.779879
       25.620000        0.785876
       25.630000        0.791916
       25.640000        0.797999
       25.650000        0.804123
       25.660000        0.810287
       25.670000        0.816491
       25.680000        0.822733
       25.690000        0.829012
       25.700000        0.835328
       25.710000        0.841679
       25.720000        0.848065
       25.730000        0.854484
       25.740000        0.860935
       25.750000        0.867417
       25.760000        0.873930
       25.770000        0.880471
       25.780000        0.887041
       25.790000        0.893638
       25.800000        0.900260
       25.810000        0.906908
       25.820000        0.913579
       25.830000        0.920273
       25.840000        0.926989
       25.850000        0.933726
       25.860000        0.940481
       25.870000        0.947256
       25.880000        0.954047
       25.890000        0.960855
       25.900000        0.967678
       25.910000        0.974515
       25.920000        0.981365
       25.930000        0.988226
       25.940000        0.995099
       25.950000        1.001981
       25.960000        1.008871
       25.970000        1.015769
       25.980000        1.022673
       25.990000        1.029583
       26.000000        1.036496
       26.010000        1.043413
       26.020000        1.050331
       26.030000        1.057250
       26.040000        1.064168
       26.050000        1.071085
       26.060000        1.077999
       26.070000        1.084910
       26.080000        1.091816
       26.090000        1.098716
       26.100000        1.105609
       26.110000        1.112493
       26.120000        1.119368
       26.130000        1.126233
       26.140000        1.133087
       26.150000        1.139927
       26.160000        1.146755
       26.170000        1.153567
       26.180000        1.160363
       26.190000        1.167143
       26.200000        1.173904
       26.210000        1.180646
       26.220000        1.187368
       26.230000        1.194069
       26.240000        1.200747
       26.250000        1.207402
       26.260000        1.214032
       26.270000        1.220636
       26.280000        1.227214
       26.290000        1.233764
       26.300000        1.240286
       26.310000        1.246777
       26.320000        1.253238
       26.330000        1.259667
       26.340000        1.266062
       26.350000        1.272424
       26.360000        1.278751
       26.370000        1.285042
       26.380000        1.291295
       26.390000        1.297511
       26.400000        1.303688
       26.410000        1.309824
       26.420000        1.315920
       26.430000        1.321974
       26.440000        1.327984
       26.450000        1.333951
       26.460000        1.339873
       26.470000        1.345749
       26.480000        1.351578
       26.490000        1.357360
       26.500000        1.363093
       26.510000        1.368776
       26.520000        1.374409
       26.530000        1.379991
       26.540000        1.385520
       26.550000        1.390996
       26.560000        1.396418
       26.570000        1.401785
       26.580000        1.407096
       26.590000        1.412351
       26.600000        1.417548
       26.610000        1.422687
       26.620000        1.427767
       26.630000        1.432787
       26.640000        1.437747
       26.650000        1.442644
       26.660000        1.447480
       26.670000        1.452252
       26.680000        1.456960
       26.690000        1.461604
       26.700000        1.466183
       26.710000        1.470695
       26.720000        1.475141
       26.730000        1.479519
       26.740000        1.483828
       26.750000        1.488069
       26.760000        1.492241
       26.770000        1.496342
       26.780000        1.500372
       26.790000        1.504331
       26.800000        1.508217
       26.810000        1.512031
       26.820000        1.515771
       26.830000        1.519437
       26.840000        1.523028
       26.850000        1.526545
       26.860000        1.529986
       26.870000        1.533350
       26.880000        1.536637
       26.890000        1.539848
       26.900000        1.542980
       26.910000        1.546034
       26.920000        1.549009
       26.930000        1.551905
       26.940000        1.554721
       26.950000        1.557457
       26.960000        1.560112
       26.970000        1.562686
       26.980000        1.565178
       26.990000        1.567589
       27.000000        1.569917
       27.010000        1.572163
       27.020000        1.574325
       27.030000        1.576405
       27.040000        1.578400
       27.050000        1.580312
       27.060000        1.582139
       27.070000        1.583882
       27.080000        1.585540
       27.090000        1.587113
       27.100000        1.588600
       27.110000        1.590002
       27.120000        1.591318
       27.130000        1.592548
       27.140000        1.593691
       27.150000        1.594748
       27.160000        1.595719
       27.170000        1.596603
       27.180000        1.597400
       27.190000        1.598110
       27.200000        1.598733
       27.210000        1.599269
       27.220000        1.599717
       27.230000        1.600079
       27.240000        1.600352
       27.250000        1.600539
       27.260000        1.600638
       27.270000        1.600649
       27.280000        1.600573
       27.290000        1.600409
       27.300000        1.600158
       27.310000        1.599820
       27.320000        1.599394
       27.330000        1.598881
       27.340000        1.598281
       27.350000        1.597594
       27.360000        1.596820
       27.370000        1.595959
       27.380000        1.595011
       27.390000        1.593977
       27.400000        1.592857
       27.410000        1.591650
       27.420000        1.590358
       27.430000        1.588979
       27.440000        1.587516
       27.450000        1.585966
       27.460000        1.584332
       27.470000        1.582613
       27.480000        1.580810
       27.490000        1.578922
       27.500000        1.576951
       27.510000        1.574896
       27.520000        1.572757
       27.530000        1.570536
       27.540000        1.568232
       27.550000        1.565847
       27.560000        1.563379
       27.570000        1.560830
       27.580000        1.558200
       27.590000        1.555490
       27.600000        1.552699
       27.610000        1.549829
       27.620000        1.546880
       27.630000        1.543852
       27.640000        1.540745
       27.650000        1.537561
       27.660000        1.534300
       27.670000        1.530963
       27.680000        1.527549
       27.690000        1.524059
       27.700000        1.520495
       27.710000        1.516856
       27.720000        1.513143
       27.730000        1.509357
       27.740000        1.505499
       27.750000        1.501568
       27.760000        1.497566
       27.770000        1.493494
       27.780000        1.489351
       27.790000        1.485139
       27.800000        1.480858
       27.810000        1.476509
       27.820000        1.472093
       27.830000        1.467611
       27.840000        1.463062
       27.850000        1.458448
       27.860000        1.453770
       27.870000        1.449028
       27.880000        1.444223
       27.890000        1.439356
       27.900000        1.434428
       27.910000        1.429439
       27.920000        1.424391
       27.930000        1.419283
       27.940000        1.414118
       27.950000        1.408895
       27.960000        1.403616
       27.970000        1.398281
       27.980000        1.392892
       27.990000        1.387448
       28.000000        1.381952
       28.010000        1.376403
       28.020000        1.370804
       28.030000        1.365154
       28.040000        1.359454
       28.050000        1.353706
       28.060000        1.347911
       28.070000        1.342069
       28.080000        1.336181
       28.090000        1.330249
       28.100000        1.324273
       28.110000        1.318254
       28.120000        1.312193
       28.130000        1.306091
       28.140000        1.299949
       28.150000        1.293769
       28.160000        1.287550
       28.170000        1.281295
       28.180000        1.275003
       28.190000        1.268677
       28.200000        1.262317
       28.210000        1.255924
       28.220000        1.249499
       28.230000        1.243043
       28.240000        1.236558
       28.250000        1.230044
       28.260000        1.223502
       28.270000        1.216933
       28.280000        1.210339
       28.290000        1.203721
       28.300000        1.197079
       28.310000        1.190414
       28.320000        1.183729
       28.330000        1.177023
       28.340000        1.170297
       28.350000        1.163554
       28.360000        1.156794
       28.370000        1.150018
       28.380000        1.143227
       28.390000        1.136422
       28.400000        1.129604
       28.410000        1.122775
       28.420000        1.115936
       28.430000        1.109087
       28.440000        1.102230
       28.450000        1.095365
       28.460000        1.088495
       28.470000        1.081620
       28.480000        1.074740
       28.490000        1.067858
       28.500000        1.060975
       28.510000        1.054091
       28.520000        1.047207
       28.530000        1.040325
       28.540000        1.033446
       28.550000        1.026570
       28.560000        1.019700
       28.570000        1.012835
       28.580000        1.005978
       28.590000        0.999129
       28.600000        0.992289
       28.610000        0.985460
       28.620000        0.978642
       28.630000        0.971837
       28.640000        0.965046
       28.650000        0.958270
       28.660000        0.951509
       28.670000        0.944765
       28.680000        0.938040
       28.690000        0.931334
       28.700000        0.924647
       28.710000        0.917982
       28.720000        0.911340
       28.730000        0.904721
       28.740000        0.898126
       28.750000        0.891557
       28.760000        0.885015
       28.770000        0.878500
       28.780000        0.872014
       28.790000        0.865557
       28.800000        0.859131
       28.810000        0.852737
       28.820000        0.846376
       28.830000        0.840049
       28.840000        0.833756
       28.850000        0.827500
       28.860000        0.821280
       28.870000        0.815098
       28.880000        0.808955
       28.890000        0.802852
       28.900000        0.796789
       28.910000        0.790768
       28.920000        0.784790
       28.930000        0.778856
       28.940000        0.772966
       28.950000        0.767122
       28.960000        0.761324
       28.970000        0.755574
       28.980000        0.749872
       28.990000        0.744220
       29.000000        0.738617
       29.010000        0.733066
       29.020000        0.727567
       29.030000        0.722120
       29.040000        0.716727
       29.050000        0.711389
       29.060000        0.706106
       29.070000        0.700880
       29.080000        0.695710
       29.090000        0.690599
       29.100000        0.685546
       29.110000        0.680553
       29.120000        0.675620
       29.130000        0.670748
       29.140000        0.665939
       29.150000        0.661191
       29.160000        0.656508
       29.170000        0.651888
       29.180000        0.647334
       29.190000        0.642845
       29.200000        0.638423
       29.210000        0.634068
       29.220000        0.629780
       29.230000        0.625561
       29.240000        0.621411
       29.250000        0.617331
       29.260000        0.613322
       29.270000        0.609383
       29.280000        0.605517
       29.290000        0.601722
       29.300000        0.598001
       29.310000        0.594353
       29.320000        0.590780
       29.330000        0.587281
       29.340000        0.583857
       29.350000        0.580509
       29.360000        0.577238
       29.370000        0.574043
       29.380000        0.570926
       29.390000        0.567887
       29.400000        0.564926
       29.410000        0.562044
       29.420000        0.559241
       29.430000        0.556518
       29.440000        0.553875
       29.450000        0.551313
       29.460000        0.548832
       29.470000        0.546432
       29.480000        0.544115
       29.490000        0.541879
       29.500000        0.539726
       29.510000        0.537655
       29.520000        0.535668
       29.530000        0.533765
       29.540000        0.531945
       29.550000        0.530210
       29.560000        0.528558
       29.570000        0.526992
       29.580000        0.525510
       29.590000        0.524114
       29.600000        0.522803
       29.610000        0.521577
       29.620000        0.520438
       29.630000        0.519384
       29.640000        0.518417
       29.650000        0.517535
       29.660000        0.516740
       29.670000        0.516032
       29.680000        0.515411
       29.690000        0.514876
       29.700000        0.514428
       29.710000        0.514067
       29.720000        0.513793
       29.730000        0.513606
       29.740000        0.513506
       29.750000        0.513493
       29.760000        0.513567
       29.770000        0.513728
       29.780000        0.513976
       29.790000        0.514312
       29.800000        0.514734
       29.810000        0.515243
       29.820000        0.515839
       29.830000        0.516521
       29.840000        0.517291
       29.850000        0.518146
       29.860000        0.519088
       29.870000        0.520117
       29.880000        0.521231
       29.890000        0.522431
       29.900000        0.523717
       29.910000        0.525088
       29.920000        0.526544
       29.930000        0.528085
       29.940000        0.529712
       29.950000        0.531422
       29.960000        0.533217
       29.970000        0.535096
       29.980000        0.537058
       29.990000        0.539104
