 	q		p		E
    -64.159307       0.000000       0.012953
     64.159307       0.000000       0.012953
   -128.318614       0.000000       0.003290
    128.318614       0.000000       0.003290
   -192.477921       0.000000       0.000111
    192.477921       0.000000       0.000111

 ___________________________________________
U[01,01]=       0.355512     -0.000000i
U[02,01]=       0.355512     -0.000000i
U[03,01]=       0.498805     +0.000000i
U[04,01]=       0.498805     -0.000000i
U[05,01]=       0.353277     -0.000000i
U[06,01]=       0.353277     -0.000000i

 ___________________________________________
U[01,02]=      -0.352722     -0.000000i
U[02,02]=       0.352722     -0.000000i
U[03,02]=      -0.499600     -0.000000i
U[04,02]=       0.499600     +0.000000i
U[05,02]=      -0.354946     -0.000000i
U[06,02]=       0.354946     -0.000000i

 ___________________________________________
U[01,03]=       0.500002     +0.000000i
U[02,03]=       0.500002     -0.000000i
U[03,03]=      -0.002246     -0.000000i
U[04,03]=      -0.002246     -0.000000i
U[05,03]=      -0.499993     -0.000000i
U[06,03]=      -0.499993     -0.000000i

 ___________________________________________
U[01,04]=      -0.499983     -0.000000i
U[02,04]=       0.499983     -0.000000i
U[03,04]=      -0.002246     -0.000000i
U[04,04]=       0.002246     -0.000000i
U[05,04]=       0.500012     +0.000000i
U[06,04]=      -0.500012     -0.000000i

 ___________________________________________
U[01,05]=       0.354407     -0.000000i
U[02,05]=      -0.354407     -0.000000i
U[03,05]=      -0.500394     -0.000000i
U[04,05]=       0.500394     +0.000000i
U[05,05]=       0.352139     -0.000000i
U[06,05]=      -0.352139     -0.000000i

 ___________________________________________
U[01,06]=      -0.351582     -0.000000i
U[02,06]=      -0.351582     -0.000000i
U[03,06]=       0.501187     +0.000000i
U[04,06]=       0.501187     -0.000000i
U[05,06]=      -0.353839     -0.000000i
U[06,06]=      -0.353839     -0.000000i

