      0.50000000      0.50000000      0.00000000      0.00000000
      1.50000000      1.50000000      0.00000000      0.00000000
      2.50000000      2.50000000      0.00000000      0.00000000
      3.50000000      3.50000000      0.00000000      0.00000000
      4.50000000      4.50000000      0.00000000      0.00000000
      5.50000000      5.50000000      0.00000000      0.00000000
      6.50000000      6.50000000      0.00000000      0.00000000
      7.50000000      7.50000000      0.00000000      0.00000000
      8.50000000      8.50000000      0.00000000      0.00000000
      9.50000000      9.50000000      0.00000000      0.00000000
     10.50000000     10.50000000      0.00000000      0.00000002
     11.50000000     11.50000006      0.00000006      0.00000049
     12.50000000     12.50000014      0.00000014      0.00000108
     13.50000000     13.50000008      0.00000008      0.00000061
     14.50000000     14.50000010      0.00000010      0.00000066
     15.50000000     15.50000027      0.00000027      0.00000173
     16.50000000     16.49998989      0.00001011      0.00006128
     17.50000000     17.49942465      0.00057535      0.00328772
     18.50000000     18.28629579      0.21370421      1.15515788
     19.50000000     25.98044530      6.48044530     33.23305281
