 	q		p		E
   -128.318614       0.000000       0.003290
    128.318614       0.000000       0.003290
   -192.477921       0.000000       0.000111
    192.477921       0.000000       0.000111

 ------------------------------------------------------------------------
Energy[ 01 ]=      0.000893 and       0.000893, Norm =       0.999964
 -------------------------------------------------------------------------
D[01,01]=     -0.000000     +0.000000i
D[02,01]=      0.021174     +0.000000i
D[03,01]=     -0.000019     +0.000000i
D[04,01]=      0.995366     +0.000000i

 ------------------------------------------------------------------------
Energy[ 02 ]=      0.000893 and       0.000893, Norm =       1.000036
 -------------------------------------------------------------------------
D[01,02]=      0.021155     +0.000000i
D[02,02]=      0.000000     +0.000000i
D[03,02]=      0.995406     +0.000000i
D[04,02]=      0.000019     +0.000000i

 ------------------------------------------------------------------------
Energy[ 03 ]=      0.004070 and       0.004070, Norm =       0.999982
 -------------------------------------------------------------------------
D[01,03]=      0.000019     +0.000000i
D[02,03]=     -1.022104     +0.000000i
D[03,03]=     -0.000004     +0.000000i
D[04,03]=      0.233222     +0.000000i

 ------------------------------------------------------------------------
Energy[ 04 ]=      0.004070 and       0.004070, Norm =       1.000018
 -------------------------------------------------------------------------
D[01,04]=      1.022125     +0.000000i
D[02,04]=      0.000019     +0.000000i
D[03,04]=     -0.233136     +0.000000i
D[04,04]=     -0.000004     +0.000000i

