  0.25000000000000000       : 
 -->  0.25000000000000000       =>    0.0000000000000000        0.0000000000000000        0.0000000000000000     
 -->  0.25000000000000000       =>    0.0000000000000000       0.25000000000000000        3.1250000000000000E-002
  0.25000000000000000       : 
 -->  0.25000000000000000       =>   0.25000000000000000        0.0000000000000000        3.1250000000000000E-002
 -->  0.25000000000000000       =>   0.25000000000000000       0.25000000000000000        6.2500000000000000E-002
  0.25000000000000000       : 
 -->  0.25000000000000000       =>   0.50000000000000000        0.0000000000000000       0.12500000000000000     
 -->  0.25000000000000000       =>   0.50000000000000000       0.25000000000000000       0.15625000000000000     
  0.25000000000000000       : 
 -->  0.25000000000000000       =>   0.75000000000000000        0.0000000000000000       0.28125000000000000     
 -->  0.25000000000000000       =>   0.75000000000000000       0.25000000000000000       0.31250000000000000     
  0.25000000000000000       : 
 -->  0.25000000000000000       =>    1.0000000000000000        0.0000000000000000       0.50000000000000000     
 -->  0.25000000000000000       =>    1.0000000000000000       0.25000000000000000       0.53125000000000000     
  0.25000000000000000       : 
 -->  0.25000000000000000       =>    1.2500000000000000        0.0000000000000000       0.78125000000000000     
 -->  0.25000000000000000       =>    1.2500000000000000       0.25000000000000000       0.81250000000000000     
  0.25000000000000000       : 
 -->  0.25000000000000000       =>    1.5000000000000000        0.0000000000000000        1.1250000000000000     
 -->  0.25000000000000000       =>    1.5000000000000000       0.25000000000000000        1.1562500000000000     
  0.25000000000000000       : 
 -->  0.25000000000000000       =>    1.7500000000000000        0.0000000000000000        1.5312500000000000     
 -->  0.25000000000000000       =>    1.7500000000000000       0.25000000000000000        1.5625000000000000     
 ___________________________________________
U[01,01]=       0.500000     +0.000000i
U[02,01]=       0.500000     +0.000000i
U[03,01]=       0.500000     -0.000000i
U[04,01]=       0.500000     +0.000000i

 ___________________________________________
U[01,02]=       0.000000     -0.500000i
U[02,02]=      -0.000000     +0.500000i
U[03,02]=       0.500000     +0.000000i
U[04,02]=      -0.500000     -0.000000i

 ___________________________________________
U[01,03]=       0.500000     +0.000000i
U[02,03]=      -0.500000     -0.000000i
U[03,03]=      -0.000000     -0.500000i
U[04,03]=      -0.000000     +0.500000i

 ___________________________________________
U[01,04]=       0.500000     +0.000000i
U[02,04]=       0.500000     +0.000000i
U[03,04]=      -0.500000     +0.000000i
U[04,04]=      -0.500000     -0.000000i

       overlap        hamiltonian
      3.87693309       0.50000016
      0.12115416       3.50000000
      0.00001972       2.50000001
      0.00189303       1.50000003
