13
  20 10000.00000000     0.01000000
    1.000000
    0.00000000    -0.88622693     0.39269908 
    0.00000000     0.88622693     0.39269908 
    0.00000000    -1.77245385     1.57079633 
    0.00000000     1.77245385     1.57079633 
   -0.88622693     0.00000000     0.39269908 
    0.88622693     0.00000000     0.39269908 
   -0.88622693    -0.88622693     0.78539816 
   -0.88622693     0.88622693     0.78539816 
    0.88622693    -0.88622693     0.78539816 
    0.88622693     0.88622693     0.78539816 
   -0.88622693    -1.77245385     1.96349541 
   -0.88622693     1.77245385     1.96349541 
    0.88622693    -1.77245385     1.96349541 
    0.88622693     1.77245385     1.96349541 
   -1.77245385     0.00000000     1.57079633 
    1.77245385     0.00000000     1.57079633 
   -1.77245385    -0.88622693     1.96349541 
   -1.77245385     0.88622693     1.96349541 
    1.77245385    -0.88622693     1.96349541 
    1.77245385     0.88622693     1.96349541 
