 23.29077405       -104.08655773 
-23.00668126        104.13895337 
 -5.81611239         21.58619247 
  5.79745849        -21.58966717 
 89.79251688         30.71022183 
-90.07539352        -30.76206115 
-74.52168392          7.00005847 
-57.14101734        -42.00969492 
 57.17047699         42.15038486 
 74.59942626         -7.12135033 
  4.22374688          0.00198692 
  3.72731675          2.17842517 
 -3.72159383         -2.17592992 
 -4.21747980         -0.00226412 
-21.11623071         -6.05261699 
 21.13456724          6.05594652 
  3.62147681          2.05940089 
  4.25853835          0.15562399 
 -4.25835591         -0.14946562 
 -3.61912578         -2.06512441 
