 	q		p		E
    -64.159307       0.000000       0.012953
     64.159307       0.000000       0.012953
   -128.318614       0.000000       0.003290
    128.318614       0.000000       0.003290
   -192.477921       0.000000       0.000111
    192.477921       0.000000       0.000111

 ------------------------------------------------------------------------
Energy[ 01 ]=      0.000893 and       0.000893, Norm =       1.000000
 -------------------------------------------------------------------------
D[01,01]=      0.001173     +0.000000i
D[02,01]=     -0.001173     +0.000000i
D[03,01]=     -0.015407     +0.000000i
D[04,01]=      0.015407     +0.000000i
D[05,01]=     -0.703750     +0.000000i
D[06,01]=      0.703750     +0.000000i

 ------------------------------------------------------------------------
Energy[ 02 ]=      0.000893 and       0.000893, Norm =       1.000000
 -------------------------------------------------------------------------
D[01,02]=     -0.001163     +0.000000i
D[02,02]=     -0.001163     +0.000000i
D[03,02]=      0.015404     +0.000000i
D[04,02]=      0.015404     +0.000000i
D[05,02]=      0.703751     +0.000000i
D[06,02]=      0.703751     +0.000000i

 ------------------------------------------------------------------------
Energy[ 03 ]=      0.004045 and       0.004045, Norm =       1.000000
 -------------------------------------------------------------------------
D[01,03]=      0.036220     +0.000000i
D[02,03]=     -0.036220     +0.000000i
D[03,03]=     -0.729689     +0.000000i
D[04,03]=      0.729689     +0.000000i
D[05,03]=      0.166480     +0.000000i
D[06,03]=     -0.166480     +0.000000i

 ------------------------------------------------------------------------
Energy[ 04 ]=      0.004045 and       0.004045, Norm =       1.000000
 -------------------------------------------------------------------------
D[01,04]=     -0.035885     +0.000000i
D[02,04]=     -0.035885     +0.000000i
D[03,04]=      0.729630     +0.000000i
D[04,04]=      0.729630     +0.000000i
D[05,04]=     -0.166467     +0.000000i
D[06,04]=     -0.166467     +0.000000i

 ------------------------------------------------------------------------
Energy[ 05 ]=      0.014219 and       0.014219, Norm =       1.000000
 -------------------------------------------------------------------------
D[01,05]=     -0.723376     +0.000000i
D[02,05]=      0.723376     +0.000000i
D[03,05]=      0.120706     +0.000000i
D[04,05]=     -0.120706     +0.000000i
D[05,05]=     -0.024143     +0.000000i
D[06,05]=      0.024143     +0.000000i

 ------------------------------------------------------------------------
Energy[ 06 ]=      0.014274 and       0.014274, Norm =       1.000000
 -------------------------------------------------------------------------
D[01,06]=      0.721976     +0.000000i
D[02,06]=      0.721976     +0.000000i
D[03,06]=     -0.120668     +0.000000i
D[04,06]=     -0.120668     +0.000000i
D[05,06]=      0.024136     +0.000000i
D[06,06]=      0.024136     +0.000000i

