        0.010000       1.00000000        1.50017723       0.98648922       1.00000000
        0.020000       1.00000000        1.50017723       0.98589731       1.00000000
        0.030000       1.00000000        1.50017723       0.98491105       1.00000000
        0.040000       1.00000000        1.50017723       0.98353084       1.00000000
        0.050000       1.00000000        1.50017723       0.98175723       1.00000000
        0.060000       1.00000000        1.50017723       0.97959093       1.00000000
        0.070000       1.00000000        1.50017723       0.97703281       1.00000000
        0.080000       1.00000000        1.50017723       0.97408388       1.00000000
        0.090000       1.00000000        1.50017723       0.97074534       1.00000000
        0.100000       1.00000000        1.50017723       0.96701851       1.00000000
        0.110000       1.00000000        1.50017723       0.96290489       1.00000000
        0.120000       1.00000000        1.50017723       0.95840612       1.00000000
        0.130000       1.00000000        1.50017723       0.95352400       1.00000000
        0.140000       1.00000000        1.50017723       0.94826048       1.00000000
        0.150000       1.00000000        1.50017723       0.94261767       1.00000000
        0.160000       1.00000000        1.50017723       0.93659782       1.00000000
        0.170000       1.00000000        1.50017723       0.93020335       1.00000000
        0.180000       1.00000000        1.50017723       0.92343681       1.00000000
        0.190000       1.00000000        1.50017723       0.91630091       1.00000000
        0.200000       1.00000000        1.50017723       0.90879850       1.00000000
        0.210000       1.00000000        1.50017723       0.90093258       1.00000000
        0.220000       1.00000000        1.50017723       0.89270630       1.00000000
        0.230000       1.00000000        1.50017723       0.88412295       1.00000000
        0.240000       1.00000000        1.50017723       0.87518596       1.00000000
        0.250000       1.00000000        1.50017723       0.86589891       1.00000000
        0.260000       1.00000000        1.50017723       0.85626551       1.00000000
        0.270000       1.00000000        1.50017723       0.84628962       1.00000000
        0.280000       1.00000000        1.50017723       0.83597522       1.00000000
        0.290000       1.00000000        1.50017723       0.82532645       1.00000000
        0.300000       1.00000000        1.50017723       0.81434755       1.00000000
        0.310000       1.00000000        1.50017723       0.80304293       1.00000000
        0.320000       1.00000000        1.50017723       0.79141710       1.00000000
        0.330000       1.00000000        1.50017723       0.77947471       1.00000000
        0.340000       1.00000000        1.50017723       0.76722055       1.00000000
        0.350000       1.00000000        1.50017723       0.75465950       1.00000000
        0.360000       1.00000000        1.50017723       0.74179660       1.00000000
        0.370000       1.00000000        1.50017723       0.72863700       1.00000000
        0.380000       1.00000000        1.50017723       0.71518594       1.00000000
        0.390000       1.00000000        1.50017723       0.70144883       1.00000000
        0.400000       1.00000000        1.50017723       0.68743114       1.00000000
        0.410000       1.00000000        1.50017723       0.67313849       1.00000000
        0.420000       1.00000000        1.50017723       0.65857659       1.00000000
        0.430000       1.00000000        1.50017723       0.64375128       1.00000000
        0.440000       1.00000000        1.50017723       0.62866847       1.00000000
        0.450000       1.00000000        1.50017723       0.61333420       1.00000000
        0.460000       1.00000000        1.50017723       0.59775460       1.00000000
        0.470000       1.00000000        1.50017723       0.58193591       1.00000000
        0.480000       1.00000000        1.50017723       0.56588446       1.00000000
        0.490000       1.00000000        1.50017723       0.54960666       1.00000000
        0.500000       1.00000000        1.50017723       0.53310902       1.00000000
        0.510000       1.00000000        1.50017723       0.51639815       1.00000000
        0.520000       1.00000000        1.50017723       0.49948072       1.00000000
        0.530000       1.00000000        1.50017723       0.48236351       1.00000000
        0.540000       1.00000000        1.50017723       0.46505336       1.00000000
        0.550000       1.00000000        1.50017723       0.44755719       1.00000000
        0.560000       1.00000000        1.50017723       0.42988201       1.00000000
        0.570000       1.00000000        1.50017723       0.41203488       1.00000000
        0.580000       1.00000000        1.50017723       0.39402294       1.00000000
        0.590000       1.00000000        1.50017723       0.37585340       1.00000000
        0.600000       1.00000000        1.50017723       0.35753352       1.00000000
        0.610000       1.00000000        1.50017723       0.33907064       1.00000000
        0.620000       1.00000000        1.50017723       0.32047213       1.00000000
        0.630000       1.00000000        1.50017723       0.30174543       1.00000000
        0.640000       1.00000000        1.50017723       0.28289804       1.00000000
        0.650000       1.00000000        1.50017723       0.26393750       1.00000000
        0.660000       1.00000000        1.50017723       0.24487138       1.00000000
        0.670000       1.00000000        1.50017723       0.22570732       1.00000000
        0.680000       1.00000000        1.50017723       0.20645298       1.00000000
        0.690000       1.00000000        1.50017723       0.18711606       1.00000000
        0.700000       1.00000000        1.50017723       0.16770429       1.00000000
        0.710000       1.00000000        1.50017723       0.14822545       1.00000000
        0.720000       1.00000000        1.50017723       0.12868732       1.00000000
        0.730000       1.00000000        1.50017723       0.10909771       1.00000000
        0.740000       1.00000000        1.50017723       0.08946447       1.00000000
        0.750000       1.00000000        1.50017723       0.06979545       1.00000000
        0.760000       1.00000000        1.50017723       0.05009850       1.00000000
        0.770000       1.00000000        1.50017723       0.03038152       1.00000000
        0.780000       1.00000000        1.50017723       0.01065238       1.00000000
        0.790000       1.00000000        1.50017723      -0.00908101       1.00000000
        0.800000       1.00000000        1.50017723      -0.02881078       1.00000000
        0.810000       1.00000000        1.50017723      -0.04852902       1.00000000
        0.820000       1.00000000        1.50017723      -0.06822784       1.00000000
        0.830000       1.00000000        1.50017723      -0.08789938       1.00000000
        0.840000       1.00000000        1.50017723      -0.10753576       1.00000000
        0.850000       1.00000000        1.50017723      -0.12712913       1.00000000
        0.860000       1.00000000        1.50017723      -0.14667165       1.00000000
        0.870000       1.00000000        1.50017723      -0.16615550       1.00000000
        0.880000       1.00000000        1.50017723      -0.18557289       1.00000000
        0.890000       1.00000000        1.50017723      -0.20491605       1.00000000
        0.900000       1.00000000        1.50017723      -0.22417725       1.00000000
        0.910000       1.00000000        1.50017723      -0.24334878       1.00000000
        0.920000       1.00000000        1.50017723      -0.26242298       1.00000000
        0.930000       1.00000000        1.50017723      -0.28139221       1.00000000
        0.940000       1.00000000        1.50017723      -0.30024889       1.00000000
        0.950000       1.00000000        1.50017723      -0.31898547       1.00000000
        0.960000       1.00000000        1.50017723      -0.33759446       1.00000000
        0.970000       1.00000000        1.50017723      -0.35606842       1.00000000
        0.980000       1.00000000        1.50017723      -0.37439995       1.00000000
        0.990000       1.00000000        1.50017723      -0.39258173       1.00000000
        1.000000       1.00000000        1.50017723      -0.41060649       1.00000000
        1.010000       1.00000000        1.50017723      -0.42846700       1.00000000
        1.020000       1.00000000        1.50017723      -0.44615614       1.00000000
        1.030000       1.00000000        1.50017723      -0.46366682       1.00000000
        1.040000       1.00000000        1.50017723      -0.48099204       1.00000000
        1.050000       1.00000000        1.50017723      -0.49812486       1.00000000
        1.060000       1.00000000        1.50017723      -0.51505845       1.00000000
        1.070000       1.00000000        1.50017723      -0.53178601       1.00000000
        1.080000       1.00000000        1.50017723      -0.54830087       1.00000000
        1.090000       1.00000000        1.50017723      -0.56459642       1.00000000
        1.100000       1.00000000        1.50017723      -0.58066614       1.00000000
        1.110000       1.00000000        1.50017723      -0.59650360       1.00000000
        1.120000       1.00000000        1.50017723      -0.61210246       1.00000000
        1.130000       1.00000000        1.50017723      -0.62745649       1.00000000
        1.140000       1.00000000        1.50017723      -0.64255955       1.00000000
        1.150000       1.00000000        1.50017723      -0.65740559       1.00000000
        1.160000       1.00000000        1.50017723      -0.67198868       1.00000000
        1.170000       1.00000000        1.50017723      -0.68630298       1.00000000
        1.180000       1.00000000        1.50017723      -0.70034277       1.00000000
        1.190000       1.00000000        1.50017723      -0.71410243       1.00000000
        1.200000       1.00000000        1.50017723      -0.72757646       1.00000000
        1.210000       1.00000000        1.50017723      -0.74075947       1.00000000
        1.220000       1.00000000        1.50017723      -0.75364619       1.00000000
        1.230000       1.00000000        1.50017723      -0.76623146       1.00000000
        1.240000       1.00000000        1.50017723      -0.77851024       1.00000000
        1.250000       1.00000000        1.50017723      -0.79047763       1.00000000
        1.260000       1.00000000        1.50017723      -0.80212884       1.00000000
        1.270000       1.00000000        1.50017723      -0.81345921       1.00000000
        1.280000       1.00000000        1.50017723      -0.82446421       1.00000000
        1.290000       1.00000000        1.50017723      -0.83513943       1.00000000
        1.300000       1.00000000        1.50017723      -0.84548061       1.00000000
        1.310000       1.00000000        1.50017723      -0.85548361       1.00000000
        1.320000       1.00000000        1.50017723      -0.86514442       1.00000000
        1.330000       1.00000000        1.50017723      -0.87445919       1.00000000
        1.340000       1.00000000        1.50017723      -0.88342419       1.00000000
        1.350000       1.00000000        1.50017723      -0.89203583       1.00000000
        1.360000       1.00000000        1.50017723      -0.90029066       1.00000000
        1.370000       1.00000000        1.50017723      -0.90818539       1.00000000
        1.380000       1.00000000        1.50017723      -0.91571686       1.00000000
        1.390000       1.00000000        1.50017723      -0.92288206       1.00000000
        1.400000       1.00000000        1.50017723      -0.92967811       1.00000000
        1.410000       1.00000000        1.50017723      -0.93610231       1.00000000
        1.420000       1.00000000        1.50017723      -0.94215208       1.00000000
        1.430000       1.00000000        1.50017723      -0.94782500       1.00000000
        1.440000       1.00000000        1.50017723      -0.95311880       1.00000000
        1.450000       1.00000000        1.50017723      -0.95803136       1.00000000
        1.460000       1.00000000        1.50017723      -0.96256073       1.00000000
        1.470000       1.00000000        1.50017723      -0.96670509       1.00000000
        1.480000       1.00000000        1.50017723      -0.97046277       1.00000000
        1.490000       1.00000000        1.50017723      -0.97383229       1.00000000
        1.500000       1.00000000        1.50017723      -0.97681228       1.00000000
        1.510000       1.00000000        1.50017723      -0.97940157       1.00000000
        1.520000       1.00000000        1.50017723      -0.98159910       1.00000000
        1.530000       1.00000000        1.50017723      -0.98340401       1.00000000
        1.540000       1.00000000        1.50017723      -0.98481557       1.00000000
        1.550000       1.00000000        1.50017723      -0.98583322       1.00000000
        1.560000       1.00000000        1.50017723      -0.98645654       1.00000000
        1.570000       1.00000000        1.50017723      -0.98668530       1.00000000
        1.580000       1.00000000        1.50017723      -0.98651940       1.00000000
        1.590000       1.00000000        1.50017723      -0.98595890       1.00000000
        1.600000       1.00000000        1.50017723      -0.98500403       1.00000000
        1.610000       1.00000000        1.50017723      -0.98365517       1.00000000
        1.620000       1.00000000        1.50017723      -0.98191287       1.00000000
        1.630000       1.00000000        1.50017723      -0.97977781       1.00000000
        1.640000       1.00000000        1.50017723      -0.97725085       1.00000000
        1.650000       1.00000000        1.50017723      -0.97433301       1.00000000
        1.660000       1.00000000        1.50017723      -0.97102545       1.00000000
        1.670000       1.00000000        1.50017723      -0.96732949       1.00000000
        1.680000       1.00000000        1.50017723      -0.96324661       1.00000000
        1.690000       1.00000000        1.50017723      -0.95877844       1.00000000
        1.700000       1.00000000        1.50017723      -0.95392678       1.00000000
        1.710000       1.00000000        1.50017723      -0.94869355       1.00000000
        1.720000       1.00000000        1.50017723      -0.94308087       1.00000000
        1.730000       1.00000000        1.50017723      -0.93709096       1.00000000
        1.740000       1.00000000        1.50017723      -0.93072623       1.00000000
        1.750000       1.00000000        1.50017723      -0.92398922       1.00000000
        1.760000       1.00000000        1.50017723      -0.91688263       1.00000000
        1.770000       1.00000000        1.50017723      -0.90940930       1.00000000
        1.780000       1.00000000        1.50017723      -0.90157221       1.00000000
        1.790000       1.00000000        1.50017723      -0.89337451       1.00000000
        1.800000       1.00000000        1.50017723      -0.88481947       1.00000000
        1.810000       1.00000000        1.50017723      -0.87591052       1.00000000
        1.820000       1.00000000        1.50017723      -0.86665121       1.00000000
        1.830000       1.00000000        1.50017723      -0.85704525       1.00000000
        1.840000       1.00000000        1.50017723      -0.84709649       1.00000000
        1.850000       1.00000000        1.50017723      -0.83680890       1.00000000
        1.860000       1.00000000        1.50017723      -0.82618659       1.00000000
        1.870000       1.00000000        1.50017723      -0.81523383       1.00000000
        1.880000       1.00000000        1.50017723      -0.80395498       1.00000000
        1.890000       1.00000000        1.50017723      -0.79235456       1.00000000
        1.900000       1.00000000        1.50017723      -0.78043720       1.00000000
        1.910000       1.00000000        1.50017723      -0.76820769       1.00000000
        1.920000       1.00000000        1.50017723      -0.75567090       1.00000000
        1.930000       1.00000000        1.50017723      -0.74283185       1.00000000
        1.940000       1.00000000        1.50017723      -0.72969568       1.00000000
        1.950000       1.00000000        1.50017723      -0.71626764       1.00000000
        1.960000       1.00000000        1.50017723      -0.70255311       1.00000000
        1.970000       1.00000000        1.50017723      -0.68855756       1.00000000
        1.980000       1.00000000        1.50017723      -0.67428660       1.00000000
        1.990000       1.00000000        1.50017723      -0.65974593       1.00000000
        2.000000       1.00000000        1.50017723      -0.64494137       1.00000000
        2.010000       1.00000000        1.50017723      -0.62987885       1.00000000
        2.020000       1.00000000        1.50017723      -0.61456438       1.00000000
        2.030000       1.00000000        1.50017723      -0.59900409       1.00000000
        2.040000       1.00000000        1.50017723      -0.58320421       1.00000000
        2.050000       1.00000000        1.50017723      -0.56717106       1.00000000
        2.060000       1.00000000        1.50017723      -0.55091104       1.00000000
        2.070000       1.00000000        1.50017723      -0.53443067       1.00000000
        2.080000       1.00000000        1.50017723      -0.51773654       1.00000000
        2.090000       1.00000000        1.50017723      -0.50083531       1.00000000
        2.100000       1.00000000        1.50017723      -0.48373376       1.00000000
        2.110000       1.00000000        1.50017723      -0.46643872       1.00000000
        2.120000       1.00000000        1.50017723      -0.44895711       1.00000000
        2.130000       1.00000000        1.50017723      -0.43129593       1.00000000
        2.140000       1.00000000        1.50017723      -0.41346223       1.00000000
        2.150000       1.00000000        1.50017723      -0.39546315       1.00000000
        2.160000       1.00000000        1.50017723      -0.37730590       1.00000000
        2.170000       1.00000000        1.50017723      -0.35899772       1.00000000
        2.180000       1.00000000        1.50017723      -0.34054595       1.00000000
        2.190000       1.00000000        1.50017723      -0.32195797       1.00000000
        2.200000       1.00000000        1.50017723      -0.30324121       1.00000000
        2.210000       1.00000000        1.50017723      -0.28440316       1.00000000
        2.220000       1.00000000        1.50017723      -0.26545135       1.00000000
        2.230000       1.00000000        1.50017723      -0.24639336       1.00000000
        2.240000       1.00000000        1.50017723      -0.22723681       1.00000000
        2.250000       1.00000000        1.50017723      -0.20798938       1.00000000
        2.260000       1.00000000        1.50017723      -0.18865875       1.00000000
        2.270000       1.00000000        1.50017723      -0.16925267       1.00000000
        2.280000       1.00000000        1.50017723      -0.14977888       1.00000000
        2.290000       1.00000000        1.50017723      -0.13024518       1.00000000
        2.300000       1.00000000        1.50017723      -0.11065939       1.00000000
        2.310000       1.00000000        1.50017723      -0.09102934       1.00000000
        2.320000       1.00000000        1.50017723      -0.07136287       1.00000000
        2.330000       1.00000000        1.50017723      -0.05166786       1.00000000
        2.340000       1.00000000        1.50017723      -0.03195218       1.00000000
        2.350000       1.00000000        1.50017723      -0.01222373       1.00000000
        2.360000       1.00000000        1.50017723       0.00750962       1.00000000
        2.370000       1.00000000        1.50017723       0.02723996       1.00000000
        2.380000       1.00000000        1.50017723       0.04695941       1.00000000
        2.390000       1.00000000        1.50017723       0.06666007       1.00000000
        2.400000       1.00000000        1.50017723       0.08633407       1.00000000
        2.410000       1.00000000        1.50017723       0.10597354       1.00000000
        2.420000       1.00000000        1.50017723       0.12557062       1.00000000
        2.430000       1.00000000        1.50017723       0.14511747       1.00000000
        2.440000       1.00000000        1.50017723       0.16460628       1.00000000
        2.450000       1.00000000        1.50017723       0.18402925       1.00000000
        2.460000       1.00000000        1.50017723       0.20337861       1.00000000
        2.470000       1.00000000        1.50017723       0.22264662       1.00000000
        2.480000       1.00000000        1.50017723       0.24182557       1.00000000
        2.490000       1.00000000        1.50017723       0.26090780       1.00000000
        2.500000       1.00000000        1.50017723       0.27988566       1.00000000
        2.510000       1.00000000        1.50017723       0.29875158       1.00000000
        2.520000       1.00000000        1.50017723       0.31749800       1.00000000
        2.530000       1.00000000        1.50017723       0.33611743       1.00000000
        2.540000       1.00000000        1.50017723       0.35460241       1.00000000
        2.550000       1.00000000        1.50017723       0.37294556       1.00000000
        2.560000       1.00000000        1.50017723       0.39113953       1.00000000
        2.570000       1.00000000        1.50017723       0.40917705       1.00000000
        2.580000       1.00000000        1.50017723       0.42705091       1.00000000
        2.590000       1.00000000        1.50017723       0.44475395       1.00000000
        2.600000       1.00000000        1.50017723       0.46227910       1.00000000
        2.610000       1.00000000        1.50017723       0.47961934       1.00000000
        2.620000       1.00000000        1.50017723       0.49676774       1.00000000
        2.630000       1.00000000        1.50017723       0.51371744       1.00000000
        2.640000       1.00000000        1.50017723       0.53046166       1.00000000
        2.650000       1.00000000        1.50017723       0.54699370       1.00000000
        2.660000       1.00000000        1.50017723       0.56330695       1.00000000
        2.670000       1.00000000        1.50017723       0.57939489       1.00000000
        2.680000       1.00000000        1.50017723       0.59525108       1.00000000
        2.690000       1.00000000        1.50017723       0.61086917       1.00000000
        2.700000       1.00000000        1.50017723       0.62624293       1.00000000
        2.710000       1.00000000        1.50017723       0.64136619       1.00000000
        2.720000       1.00000000        1.50017723       0.65623292       1.00000000
        2.730000       1.00000000        1.50017723       0.67083716       1.00000000
        2.740000       1.00000000        1.50017723       0.68517308       1.00000000
        2.750000       1.00000000        1.50017723       0.69923494       1.00000000
        2.760000       1.00000000        1.50017723       0.71301711       1.00000000
        2.770000       1.00000000        1.50017723       0.72651408       1.00000000
        2.780000       1.00000000        1.50017723       0.73972046       1.00000000
        2.790000       1.00000000        1.50017723       0.75263096       1.00000000
        2.800000       1.00000000        1.50017723       0.76524042       1.00000000
        2.810000       1.00000000        1.50017723       0.77754380       1.00000000
        2.820000       1.00000000        1.50017723       0.78953616       1.00000000
        2.830000       1.00000000        1.50017723       0.80121272       1.00000000
        2.840000       1.00000000        1.50017723       0.81256881       1.00000000
        2.850000       1.00000000        1.50017723       0.82359988       1.00000000
        2.860000       1.00000000        1.50017723       0.83430152       1.00000000
        2.870000       1.00000000        1.50017723       0.84466945       1.00000000
        2.880000       1.00000000        1.50017723       0.85469953       1.00000000
        2.890000       1.00000000        1.50017723       0.86438774       1.00000000
        2.900000       1.00000000        1.50017723       0.87373020       1.00000000
        2.910000       1.00000000        1.50017723       0.88272318       1.00000000
        2.920000       1.00000000        1.50017723       0.89136309       1.00000000
        2.930000       1.00000000        1.50017723       0.89964646       1.00000000
        2.940000       1.00000000        1.50017723       0.90756999       1.00000000
        2.950000       1.00000000        1.50017723       0.91513050       1.00000000
        2.960000       1.00000000        1.50017723       0.92232497       1.00000000
        2.970000       1.00000000        1.50017723       0.92915052       1.00000000
        2.980000       1.00000000        1.50017723       0.93560442       1.00000000
        2.990000       1.00000000        1.50017723       0.94168410       1.00000000
        3.000000       1.00000000        1.50017723       0.94738711       1.00000000
        3.010000       1.00000000        1.50017723       0.95271118       1.00000000
        3.020000       1.00000000        1.50017723       0.95765418       1.00000000
        3.030000       1.00000000        1.50017723       0.96221413       1.00000000
        3.040000       1.00000000        1.50017723       0.96638921       1.00000000
        3.050000       1.00000000        1.50017723       0.97017775       1.00000000
        3.060000       1.00000000        1.50017723       0.97357822       1.00000000
        3.070000       1.00000000        1.50017723       0.97658928       1.00000000
        3.080000       1.00000000        1.50017723       0.97920972       1.00000000
        3.090000       1.00000000        1.50017723       0.98143848       1.00000000
        3.100000       1.00000000        1.50017723       0.98327469       1.00000000
        3.110000       1.00000000        1.50017723       0.98471759       1.00000000
        3.120000       1.00000000        1.50017723       0.98576662       1.00000000
        3.130000       1.00000000        1.50017723       0.98642136       1.00000000
        3.140000       1.00000000        1.50017723       0.98668155       1.00000000
        3.150000       1.00000000        1.50017723       0.98654707       1.00000000
        3.160000       1.00000000        1.50017723       0.98601799       1.00000000
        3.170000       1.00000000        1.50017723       0.98509451       1.00000000
        3.180000       1.00000000        1.50017723       0.98377701       1.00000000
        3.190000       1.00000000        1.50017723       0.98206602       1.00000000
        3.200000       1.00000000        1.50017723       0.97996220       1.00000000
        3.210000       1.00000000        1.50017723       0.97746642       1.00000000
        3.220000       1.00000000        1.50017723       0.97457966       1.00000000
        3.230000       1.00000000        1.50017723       0.97130309       1.00000000
        3.240000       1.00000000        1.50017723       0.96763800       1.00000000
        3.250000       1.00000000        1.50017723       0.96358588       1.00000000
        3.260000       1.00000000        1.50017723       0.95914833       1.00000000
        3.270000       1.00000000        1.50017723       0.95432714       1.00000000
        3.280000       1.00000000        1.50017723       0.94912422       1.00000000
        3.290000       1.00000000        1.50017723       0.94354167       1.00000000
        3.300000       1.00000000        1.50017723       0.93758172       1.00000000
        3.310000       1.00000000        1.50017723       0.93124675       1.00000000
        3.320000       1.00000000        1.50017723       0.92453929       1.00000000
        3.330000       1.00000000        1.50017723       0.91746202       1.00000000
        3.340000       1.00000000        1.50017723       0.91001779       1.00000000
        3.350000       1.00000000        1.50017723       0.90220956       1.00000000
        3.360000       1.00000000        1.50017723       0.89404045       1.00000000
        3.370000       1.00000000        1.50017723       0.88551375       1.00000000
        3.380000       1.00000000        1.50017723       0.87663285       1.00000000
        3.390000       1.00000000        1.50017723       0.86740130       1.00000000
        3.400000       1.00000000        1.50017723       0.85782281       1.00000000
        3.410000       1.00000000        1.50017723       0.84790120       1.00000000
        3.420000       1.00000000        1.50017723       0.83764045       1.00000000
        3.430000       1.00000000        1.50017723       0.82704464       1.00000000
        3.440000       1.00000000        1.50017723       0.81611803       1.00000000
        3.450000       1.00000000        1.50017723       0.80486499       1.00000000
        3.460000       1.00000000        1.50017723       0.79329001       1.00000000
        3.470000       1.00000000        1.50017723       0.78139772       1.00000000
        3.480000       1.00000000        1.50017723       0.76919288       1.00000000
        3.490000       1.00000000        1.50017723       0.75668038       1.00000000
        3.500000       1.00000000        1.50017723       0.74386522       1.00000000
        3.510000       1.00000000        1.50017723       0.73075252       1.00000000
        3.520000       1.00000000        1.50017723       0.71734752       1.00000000
        3.530000       1.00000000        1.50017723       0.70365560       1.00000000
        3.540000       1.00000000        1.50017723       0.68968223       1.00000000
        3.550000       1.00000000        1.50017723       0.67543299       1.00000000
        3.560000       1.00000000        1.50017723       0.66091359       1.00000000
        3.570000       1.00000000        1.50017723       0.64612983       1.00000000
        3.580000       1.00000000        1.50017723       0.63108763       1.00000000
        3.590000       1.00000000        1.50017723       0.61579300       1.00000000
        3.600000       1.00000000        1.50017723       0.60025206       1.00000000
        3.610000       1.00000000        1.50017723       0.58447103       1.00000000
        3.620000       1.00000000        1.50017723       0.56845622       1.00000000
        3.630000       1.00000000        1.50017723       0.55221403       1.00000000
        3.640000       1.00000000        1.50017723       0.53575097       1.00000000
        3.650000       1.00000000        1.50017723       0.51907361       1.00000000
        3.660000       1.00000000        1.50017723       0.50218863       1.00000000
        3.670000       1.00000000        1.50017723       0.48510278       1.00000000
        3.680000       1.00000000        1.50017723       0.46782290       1.00000000
        3.690000       1.00000000        1.50017723       0.45035589       1.00000000
        3.700000       1.00000000        1.50017723       0.43270875       1.00000000
        3.710000       1.00000000        1.50017723       0.41488853       1.00000000
        3.720000       1.00000000        1.50017723       0.39690236       1.00000000
        3.730000       1.00000000        1.50017723       0.37875743       1.00000000
        3.740000       1.00000000        1.50017723       0.36046101       1.00000000
        3.750000       1.00000000        1.50017723       0.34202041       1.00000000
        3.760000       1.00000000        1.50017723       0.32344300       1.00000000
        3.770000       1.00000000        1.50017723       0.30473622       1.00000000
        3.780000       1.00000000        1.50017723       0.28590755       1.00000000
        3.790000       1.00000000        1.50017723       0.26696452       1.00000000
        3.800000       1.00000000        1.50017723       0.24791471       1.00000000
        3.810000       1.00000000        1.50017723       0.22876573       1.00000000
        3.820000       1.00000000        1.50017723       0.20952526       1.00000000
        3.830000       1.00000000        1.50017723       0.19020097       1.00000000
        3.840000       1.00000000        1.50017723       0.17080061       1.00000000
        3.850000       1.00000000        1.50017723       0.15133193       1.00000000
        3.860000       1.00000000        1.50017723       0.13180272       1.00000000
        3.870000       1.00000000        1.50017723       0.11222078       1.00000000
        3.880000       1.00000000        1.50017723       0.09259397       1.00000000
        3.890000       1.00000000        1.50017723       0.07293011       1.00000000
        3.900000       1.00000000        1.50017723       0.05323709       1.00000000
        3.910000       1.00000000        1.50017723       0.03352277       1.00000000
        3.920000       1.00000000        1.50017723       0.01379504       1.00000000
        3.930000       1.00000000        1.50017723      -0.00593820       1.00000000
        3.940000       1.00000000        1.50017723      -0.02566908       1.00000000
        3.950000       1.00000000        1.50017723      -0.04538968       1.00000000
        3.960000       1.00000000        1.50017723      -0.06509213       1.00000000
        3.970000       1.00000000        1.50017723      -0.08476854       1.00000000
        3.980000       1.00000000        1.50017723      -0.10441104       1.00000000
        3.990000       1.00000000        1.50017723      -0.12401179       1.00000000
        4.000000       1.00000000        1.50017723      -0.14356293       1.00000000
        4.010000       1.00000000        1.50017723      -0.16305664       1.00000000
        4.020000       1.00000000        1.50017723      -0.18248514       1.00000000
        4.030000       1.00000000        1.50017723      -0.20184064       1.00000000
        4.040000       1.00000000        1.50017723      -0.22111541       1.00000000
        4.050000       1.00000000        1.50017723      -0.24030174       1.00000000
        4.060000       1.00000000        1.50017723      -0.25939195       1.00000000
        4.070000       1.00000000        1.50017723      -0.27837841       1.00000000
        4.080000       1.00000000        1.50017723      -0.29725352       1.00000000
        4.090000       1.00000000        1.50017723      -0.31600973       1.00000000
        4.100000       1.00000000        1.50017723      -0.33463954       1.00000000
        4.110000       1.00000000        1.50017723      -0.35313550       1.00000000
        4.120000       1.00000000        1.50017723      -0.37149021       1.00000000
        4.130000       1.00000000        1.50017723      -0.38969633       1.00000000
        4.140000       1.00000000        1.50017723      -0.40774658       1.00000000
        4.150000       1.00000000        1.50017723      -0.42563373       1.00000000
        4.160000       1.00000000        1.50017723      -0.44335064       1.00000000
        4.170000       1.00000000        1.50017723      -0.46089021       1.00000000
        4.180000       1.00000000        1.50017723      -0.47824543       1.00000000
        4.190000       1.00000000        1.50017723      -0.49540936       1.00000000
        4.200000       1.00000000        1.50017723      -0.51237513       1.00000000
        4.210000       1.00000000        1.50017723      -0.52913596       1.00000000
        4.220000       1.00000000        1.50017723      -0.54568514       1.00000000
        4.230000       1.00000000        1.50017723      -0.56201606       1.00000000
        4.240000       1.00000000        1.50017723      -0.57812217       1.00000000
        4.250000       1.00000000        1.50017723      -0.59399705       1.00000000
        4.260000       1.00000000        1.50017723      -0.60963433       1.00000000
        4.270000       1.00000000        1.50017723      -0.62502777       1.00000000
        4.280000       1.00000000        1.50017723      -0.64017121       1.00000000
        4.290000       1.00000000        1.50017723      -0.65505858       1.00000000
        4.300000       1.00000000        1.50017723      -0.66968394       1.00000000
        4.310000       1.00000000        1.50017723      -0.68404144       1.00000000
        4.320000       1.00000000        1.50017723      -0.69812533       1.00000000
        4.330000       1.00000000        1.50017723      -0.71192998       1.00000000
        4.340000       1.00000000        1.50017723      -0.72544986       1.00000000
        4.350000       1.00000000        1.50017723      -0.73867958       1.00000000
        4.360000       1.00000000        1.50017723      -0.75161383       1.00000000
        4.370000       1.00000000        1.50017723      -0.76424745       1.00000000
        4.380000       1.00000000        1.50017723      -0.77657538       1.00000000
        4.390000       1.00000000        1.50017723      -0.78859269       1.00000000
        4.400000       1.00000000        1.50017723      -0.80029457       1.00000000
        4.410000       1.00000000        1.50017723      -0.81167635       1.00000000
        4.420000       1.00000000        1.50017723      -0.82273346       1.00000000
        4.430000       1.00000000        1.50017723      -0.83346149       1.00000000
        4.440000       1.00000000        1.50017723      -0.84385615       1.00000000
        4.450000       1.00000000        1.50017723      -0.85391328       1.00000000
        4.460000       1.00000000        1.50017723      -0.86362886       1.00000000
        4.470000       1.00000000        1.50017723      -0.87299899       1.00000000
        4.480000       1.00000000        1.50017723      -0.88201994       1.00000000
        4.490000       1.00000000        1.50017723      -0.89068809       1.00000000
        4.500000       1.00000000        1.50017723      -0.89899998       1.00000000
        4.510000       1.00000000        1.50017723      -0.90695228       1.00000000
        4.520000       1.00000000        1.50017723      -0.91454181       1.00000000
        4.530000       1.00000000        1.50017723      -0.92176553       1.00000000
        4.540000       1.00000000        1.50017723      -0.92862056       1.00000000
        4.550000       1.00000000        1.50017723      -0.93510416       1.00000000
        4.560000       1.00000000        1.50017723      -0.94121373       1.00000000
        4.570000       1.00000000        1.50017723      -0.94694682       1.00000000
        4.580000       1.00000000        1.50017723      -0.95230115       1.00000000
        4.590000       1.00000000        1.50017723      -0.95727457       1.00000000
        4.600000       1.00000000        1.50017723      -0.96186509       1.00000000
        4.610000       1.00000000        1.50017723      -0.96607088       1.00000000
        4.620000       1.00000000        1.50017723      -0.96989026       1.00000000
        4.630000       1.00000000        1.50017723      -0.97332169       1.00000000
        4.640000       1.00000000        1.50017723      -0.97636380       1.00000000
        4.650000       1.00000000        1.50017723      -0.97901539       1.00000000
        4.660000       1.00000000        1.50017723      -0.98127538       1.00000000
        4.670000       1.00000000        1.50017723      -0.98314287       1.00000000
        4.680000       1.00000000        1.50017723      -0.98461712       1.00000000
        4.690000       1.00000000        1.50017723      -0.98569753       1.00000000
        4.700000       1.00000000        1.50017723      -0.98638368       1.00000000
        4.710000       1.00000000        1.50017723      -0.98667529       1.00000000
        4.720000       1.00000000        1.50017723      -0.98657224       1.00000000
        4.730000       1.00000000        1.50017723      -0.98607458       1.00000000
        4.740000       1.00000000        1.50017723      -0.98518250       1.00000000
        4.750000       1.00000000        1.50017723      -0.98389636       1.00000000
        4.760000       1.00000000        1.50017723      -0.98221667       1.00000000
        4.770000       1.00000000        1.50017723      -0.98014411       1.00000000
        4.780000       1.00000000        1.50017723      -0.97767951       1.00000000
        4.790000       1.00000000        1.50017723      -0.97482385       1.00000000
        4.800000       1.00000000        1.50017723      -0.97157827       1.00000000
        4.810000       1.00000000        1.50017723      -0.96794407       1.00000000
        4.820000       1.00000000        1.50017723      -0.96392271       1.00000000
        4.830000       1.00000000        1.50017723      -0.95951579       1.00000000
        4.840000       1.00000000        1.50017723      -0.95472508       1.00000000
        4.850000       1.00000000        1.50017723      -0.94955249       1.00000000
        4.860000       1.00000000        1.50017723      -0.94400009       1.00000000
        4.870000       1.00000000        1.50017723      -0.93807010       1.00000000
        4.880000       1.00000000        1.50017723      -0.93176490       1.00000000
        4.890000       1.00000000        1.50017723      -0.92508701       1.00000000
        4.900000       1.00000000        1.50017723      -0.91803909       1.00000000
        4.910000       1.00000000        1.50017723      -0.91062397       1.00000000
        4.920000       1.00000000        1.50017723      -0.90284461       1.00000000
        4.930000       1.00000000        1.50017723      -0.89470413       1.00000000
        4.940000       1.00000000        1.50017723      -0.88620578       1.00000000
        4.950000       1.00000000        1.50017723      -0.87735295       1.00000000
        4.960000       1.00000000        1.50017723      -0.86814920       1.00000000
        4.970000       1.00000000        1.50017723      -0.85859820       1.00000000
        4.980000       1.00000000        1.50017723      -0.84870377       1.00000000
        4.990000       1.00000000        1.50017723      -0.83846987       1.00000000
        5.000000       1.00000000        1.50017723      -0.82790059       1.00000000
        5.010000       1.00000000        1.50017723      -0.81700017       1.00000000
        5.020000       1.00000000        1.50017723      -0.80577295       1.00000000
        5.030000       1.00000000        1.50017723      -0.79422344       1.00000000
        5.040000       1.00000000        1.50017723      -0.78235625       1.00000000
        5.050000       1.00000000        1.50017723      -0.77017613       1.00000000
        5.060000       1.00000000        1.50017723      -0.75768794       1.00000000
        5.070000       1.00000000        1.50017723      -0.74489669       1.00000000
        5.080000       1.00000000        1.50017723      -0.73180750       1.00000000
        5.090000       1.00000000        1.50017723      -0.71842559       1.00000000
        5.100000       1.00000000        1.50017723      -0.70475631       1.00000000
        5.110000       1.00000000        1.50017723      -0.69080515       1.00000000
        5.120000       1.00000000        1.50017723      -0.67657767       1.00000000
        5.130000       1.00000000        1.50017723      -0.66207957       1.00000000
        5.140000       1.00000000        1.50017723      -0.64731665       1.00000000
        5.150000       1.00000000        1.50017723      -0.63229481       1.00000000
        5.160000       1.00000000        1.50017723      -0.61702006       1.00000000
        5.170000       1.00000000        1.50017723      -0.60149851       1.00000000
        5.180000       1.00000000        1.50017723      -0.58573637       1.00000000
        5.190000       1.00000000        1.50017723      -0.56973994       1.00000000
        5.200000       1.00000000        1.50017723      -0.55351562       1.00000000
        5.210000       1.00000000        1.50017723      -0.53706991       1.00000000
        5.220000       1.00000000        1.50017723      -0.52040937       1.00000000
        5.230000       1.00000000        1.50017723      -0.50354068       1.00000000
        5.240000       1.00000000        1.50017723      -0.48647058       1.00000000
        5.250000       1.00000000        1.50017723      -0.46920589       1.00000000
        5.260000       1.00000000        1.50017723      -0.45175353       1.00000000
        5.270000       1.00000000        1.50017723      -0.43412048       1.00000000
        5.280000       1.00000000        1.50017723      -0.41631378       1.00000000
        5.290000       1.00000000        1.50017723      -0.39834056       1.00000000
        5.300000       1.00000000        1.50017723      -0.38020801       1.00000000
        5.310000       1.00000000        1.50017723      -0.36192338       1.00000000
        5.320000       1.00000000        1.50017723      -0.34349399       1.00000000
        5.330000       1.00000000        1.50017723      -0.32492721       1.00000000
        5.340000       1.00000000        1.50017723      -0.30623046       1.00000000
        5.350000       1.00000000        1.50017723      -0.28741122       1.00000000
        5.360000       1.00000000        1.50017723      -0.26847702       1.00000000
        5.370000       1.00000000        1.50017723      -0.24943543       1.00000000
        5.380000       1.00000000        1.50017723      -0.23029407       1.00000000
        5.390000       1.00000000        1.50017723      -0.21106060       1.00000000
        5.400000       1.00000000        1.50017723      -0.19174271       1.00000000
        5.410000       1.00000000        1.50017723      -0.17234812       1.00000000
        5.420000       1.00000000        1.50017723      -0.15288459       1.00000000
        5.430000       1.00000000        1.50017723      -0.13335991       1.00000000
        5.440000       1.00000000        1.50017723      -0.11378189       1.00000000
        5.450000       1.00000000        1.50017723      -0.09415836       1.00000000
        5.460000       1.00000000        1.50017723      -0.07449717       1.00000000
        5.470000       1.00000000        1.50017723      -0.05480618       1.00000000
        5.480000       1.00000000        1.50017723      -0.03509327       1.00000000
        5.490000       1.00000000        1.50017723      -0.01536632       1.00000000
        5.500000       1.00000000        1.50017723       0.00436678       1.00000000
        5.510000       1.00000000        1.50017723       0.02409813       1.00000000
        5.520000       1.00000000        1.50017723       0.04381984       1.00000000
        5.530000       1.00000000        1.50017723       0.06352402       1.00000000
        5.540000       1.00000000        1.50017723       0.08320279       1.00000000
        5.550000       1.00000000        1.50017723       0.10284829       1.00000000
        5.560000       1.00000000        1.50017723       0.12245264       1.00000000
        5.570000       1.00000000        1.50017723       0.14200802       1.00000000
        5.580000       1.00000000        1.50017723       0.16150659       1.00000000
        5.590000       1.00000000        1.50017723       0.18094057       1.00000000
        5.600000       1.00000000        1.50017723       0.20030217       1.00000000
        5.610000       1.00000000        1.50017723       0.21958365       1.00000000
        5.620000       1.00000000        1.50017723       0.23877730       1.00000000
        5.630000       1.00000000        1.50017723       0.25787545       1.00000000
        5.640000       1.00000000        1.50017723       0.27687045       1.00000000
        5.650000       1.00000000        1.50017723       0.29575470       1.00000000
        5.660000       1.00000000        1.50017723       0.31452065       1.00000000
        5.670000       1.00000000        1.50017723       0.33316081       1.00000000
        5.680000       1.00000000        1.50017723       0.35166770       1.00000000
        5.690000       1.00000000        1.50017723       0.37003393       1.00000000
        5.700000       1.00000000        1.50017723       0.38825215       1.00000000
        5.710000       1.00000000        1.50017723       0.40631507       1.00000000
        5.720000       1.00000000        1.50017723       0.42421548       1.00000000
        5.730000       1.00000000        1.50017723       0.44194620       1.00000000
        5.740000       1.00000000        1.50017723       0.45950015       1.00000000
        5.750000       1.00000000        1.50017723       0.47687031       1.00000000
        5.760000       1.00000000        1.50017723       0.49404972       1.00000000
        5.770000       1.00000000        1.50017723       0.51103152       1.00000000
        5.780000       1.00000000        1.50017723       0.52780892       1.00000000
        5.790000       1.00000000        1.50017723       0.54437520       1.00000000
        5.800000       1.00000000        1.50017723       0.56072374       1.00000000
        5.810000       1.00000000        1.50017723       0.57684799       1.00000000
        5.820000       1.00000000        1.50017723       0.59274151       1.00000000
        5.830000       1.00000000        1.50017723       0.60839795       1.00000000
        5.840000       1.00000000        1.50017723       0.62381103       1.00000000
        5.850000       1.00000000        1.50017723       0.63897460       1.00000000
        5.860000       1.00000000        1.50017723       0.65388258       1.00000000
        5.870000       1.00000000        1.50017723       0.66852903       1.00000000
        5.880000       1.00000000        1.50017723       0.68290807       1.00000000
        5.890000       1.00000000        1.50017723       0.69701395       1.00000000
        5.900000       1.00000000        1.50017723       0.71084104       1.00000000
        5.910000       1.00000000        1.50017723       0.72438380       1.00000000
        5.920000       1.00000000        1.50017723       0.73763682       1.00000000
        5.930000       1.00000000        1.50017723       0.75059479       1.00000000
        5.940000       1.00000000        1.50017723       0.76325254       1.00000000
        5.950000       1.00000000        1.50017723       0.77560499       1.00000000
        5.960000       1.00000000        1.50017723       0.78764721       1.00000000
        5.970000       1.00000000        1.50017723       0.79937439       1.00000000
        5.980000       1.00000000        1.50017723       0.81078182       1.00000000
        5.990000       1.00000000        1.50017723       0.82186496       1.00000000
        6.000000       1.00000000        1.50017723       0.83261935       1.00000000
        6.010000       1.00000000        1.50017723       0.84304071       1.00000000
        6.020000       1.00000000        1.50017723       0.85312487       1.00000000
        6.030000       1.00000000        1.50017723       0.86286779       1.00000000
        6.040000       1.00000000        1.50017723       0.87226557       1.00000000
        6.050000       1.00000000        1.50017723       0.88131446       1.00000000
        6.060000       1.00000000        1.50017723       0.89001083       1.00000000
        6.070000       1.00000000        1.50017723       0.89835121       1.00000000
        6.080000       1.00000000        1.50017723       0.90633227       1.00000000
        6.090000       1.00000000        1.50017723       0.91395080       1.00000000
        6.100000       1.00000000        1.50017723       0.92120376       1.00000000
        6.110000       1.00000000        1.50017723       0.92808826       1.00000000
        6.120000       1.00000000        1.50017723       0.93460153       1.00000000
        6.130000       1.00000000        1.50017723       0.94074097       1.00000000
        6.140000       1.00000000        1.50017723       0.94650413       1.00000000
        6.150000       1.00000000        1.50017723       0.95188870       1.00000000
        6.160000       1.00000000        1.50017723       0.95689253       1.00000000
        6.170000       1.00000000        1.50017723       0.96151361       1.00000000
        6.180000       1.00000000        1.50017723       0.96575010       1.00000000
        6.190000       1.00000000        1.50017723       0.96960031       1.00000000
        6.200000       1.00000000        1.50017723       0.97306268       1.00000000
        6.210000       1.00000000        1.50017723       0.97613585       1.00000000
        6.220000       1.00000000        1.50017723       0.97881857       1.00000000
        6.230000       1.00000000        1.50017723       0.98110978       1.00000000
        6.240000       1.00000000        1.50017723       0.98300856       1.00000000
        6.250000       1.00000000        1.50017723       0.98451414       1.00000000
        6.260000       1.00000000        1.50017723       0.98562594       1.00000000
        6.270000       1.00000000        1.50017723       0.98634350       1.00000000
        6.280000       1.00000000        1.50017723       0.98666653       1.00000000
        6.290000       1.00000000        1.50017723       0.98659491       1.00000000
        6.300000       1.00000000        1.50017723       0.98612867       1.00000000
        6.310000       1.00000000        1.50017723       0.98526798       1.00000000
        6.320000       1.00000000        1.50017723       0.98401321       1.00000000
        6.330000       1.00000000        1.50017723       0.98236484       1.00000000
        6.340000       1.00000000        1.50017723       0.98032353       1.00000000
        6.350000       1.00000000        1.50017723       0.97789012       1.00000000
        6.360000       1.00000000        1.50017723       0.97506555       1.00000000
        6.370000       1.00000000        1.50017723       0.97185098       1.00000000
        6.380000       1.00000000        1.50017723       0.96824768       1.00000000
        6.390000       1.00000000        1.50017723       0.96425709       1.00000000
        6.400000       1.00000000        1.50017723       0.95988081       1.00000000
        6.410000       1.00000000        1.50017723       0.95512059       1.00000000
        6.420000       1.00000000        1.50017723       0.94997834       1.00000000
        6.430000       1.00000000        1.50017723       0.94445611       1.00000000
        6.440000       1.00000000        1.50017723       0.93855611       1.00000000
        6.450000       1.00000000        1.50017723       0.93228069       1.00000000
        6.460000       1.00000000        1.50017723       0.92563238       1.00000000
        6.470000       1.00000000        1.50017723       0.91861383       1.00000000
        6.480000       1.00000000        1.50017723       0.91122784       1.00000000
        6.490000       1.00000000        1.50017723       0.90347738       1.00000000
        6.500000       1.00000000        1.50017723       0.89536554       1.00000000
        6.510000       1.00000000        1.50017723       0.88689556       1.00000000
        6.520000       1.00000000        1.50017723       0.87807083       1.00000000
        6.530000       1.00000000        1.50017723       0.86889489       1.00000000
        6.540000       1.00000000        1.50017723       0.85937141       1.00000000
        6.550000       1.00000000        1.50017723       0.84950418       1.00000000
        6.560000       1.00000000        1.50017723       0.83929717       1.00000000
        6.570000       1.00000000        1.50017723       0.82875445       1.00000000
        6.580000       1.00000000        1.50017723       0.81788023       1.00000000
        6.590000       1.00000000        1.50017723       0.80667888       1.00000000
        6.600000       1.00000000        1.50017723       0.79515486       1.00000000
        6.610000       1.00000000        1.50017723       0.78331280       1.00000000
        6.620000       1.00000000        1.50017723       0.77115742       1.00000000
        6.630000       1.00000000        1.50017723       0.75869358       1.00000000
        6.640000       1.00000000        1.50017723       0.74592628       1.00000000
        6.650000       1.00000000        1.50017723       0.73286062       1.00000000
        6.660000       1.00000000        1.50017723       0.71950182       1.00000000
        6.670000       1.00000000        1.50017723       0.70585524       1.00000000
        6.680000       1.00000000        1.50017723       0.69192632       1.00000000
        6.690000       1.00000000        1.50017723       0.67772064       1.00000000
        6.700000       1.00000000        1.50017723       0.66324388       1.00000000
        6.710000       1.00000000        1.50017723       0.64850183       1.00000000
        6.720000       1.00000000        1.50017723       0.63350039       1.00000000
        6.730000       1.00000000        1.50017723       0.61824555       1.00000000
        6.740000       1.00000000        1.50017723       0.60274343       1.00000000
        6.750000       1.00000000        1.50017723       0.58700022       1.00000000
        6.760000       1.00000000        1.50017723       0.57102221       1.00000000
        6.770000       1.00000000        1.50017723       0.55481581       1.00000000
        6.780000       1.00000000        1.50017723       0.53838748       1.00000000
        6.790000       1.00000000        1.50017723       0.52174381       1.00000000
        6.800000       1.00000000        1.50017723       0.50489145       1.00000000
        6.810000       1.00000000        1.50017723       0.48783714       1.00000000
        6.820000       1.00000000        1.50017723       0.47058769       1.00000000
        6.830000       1.00000000        1.50017723       0.45315002       1.00000000
        6.840000       1.00000000        1.50017723       0.43553110       1.00000000
        6.850000       1.00000000        1.50017723       0.41773797       1.00000000
        6.860000       1.00000000        1.50017723       0.39977775       1.00000000
        6.870000       1.00000000        1.50017723       0.38165762       1.00000000
        6.880000       1.00000000        1.50017723       0.36338484       1.00000000
        6.890000       1.00000000        1.50017723       0.34496671       1.00000000
        6.900000       1.00000000        1.50017723       0.32641059       1.00000000
        6.910000       1.00000000        1.50017723       0.30772392       1.00000000
        6.920000       1.00000000        1.50017723       0.28891416       1.00000000
        6.930000       1.00000000        1.50017723       0.26998883       1.00000000
        6.940000       1.00000000        1.50017723       0.25095552       1.00000000
        6.950000       1.00000000        1.50017723       0.23182183       1.00000000
        6.960000       1.00000000        1.50017723       0.21259541       1.00000000
        6.970000       1.00000000        1.50017723       0.19328395       1.00000000
        6.980000       1.00000000        1.50017723       0.17389519       1.00000000
        6.990000       1.00000000        1.50017723       0.15443687       1.00000000
        7.000000       1.00000000        1.50017723       0.13491677       1.00000000
        7.010000       1.00000000        1.50017723       0.11534272       1.00000000
        7.020000       1.00000000        1.50017723       0.09572252       1.00000000
        7.030000       1.00000000        1.50017723       0.07606404       1.00000000
        7.040000       1.00000000        1.50017723       0.05637513       1.00000000
        7.050000       1.00000000        1.50017723       0.03666368       1.00000000
        7.060000       1.00000000        1.50017723       0.01693756       1.00000000
        7.070000       1.00000000        1.50017723      -0.00279534       1.00000000
        7.080000       1.00000000        1.50017723      -0.02252711       1.00000000
        7.090000       1.00000000        1.50017723      -0.04224988       1.00000000
        7.100000       1.00000000        1.50017723      -0.06195575       1.00000000
        7.110000       1.00000000        1.50017723      -0.08163683       1.00000000
        7.120000       1.00000000        1.50017723      -0.10128527       1.00000000
        7.130000       1.00000000        1.50017723      -0.12089319       1.00000000
        7.140000       1.00000000        1.50017723      -0.14045275       1.00000000
        7.150000       1.00000000        1.50017723      -0.15995613       1.00000000
        7.160000       1.00000000        1.50017723      -0.17939554       1.00000000
        7.170000       1.00000000        1.50017723      -0.19876319       1.00000000
        7.180000       1.00000000        1.50017723      -0.21805133       1.00000000
        7.190000       1.00000000        1.50017723      -0.23725226       1.00000000
        7.200000       1.00000000        1.50017723      -0.25635829       1.00000000
        7.210000       1.00000000        1.50017723      -0.27536178       1.00000000
        7.220000       1.00000000        1.50017723      -0.29425513       1.00000000
        7.230000       1.00000000        1.50017723      -0.31303078       1.00000000
        7.240000       1.00000000        1.50017723      -0.33168123       1.00000000
        7.250000       1.00000000        1.50017723      -0.35019900       1.00000000
        7.260000       1.00000000        1.50017723      -0.36857670       1.00000000
        7.270000       1.00000000        1.50017723      -0.38680698       1.00000000
        7.280000       1.00000000        1.50017723      -0.40488253       1.00000000
        7.290000       1.00000000        1.50017723      -0.42279614       1.00000000
        7.300000       1.00000000        1.50017723      -0.44054064       1.00000000
        7.310000       1.00000000        1.50017723      -0.45810892       1.00000000
        7.320000       1.00000000        1.50017723      -0.47549397       1.00000000
        7.330000       1.00000000        1.50017723      -0.49268883       1.00000000
        7.340000       1.00000000        1.50017723      -0.50968662       1.00000000
        7.350000       1.00000000        1.50017723      -0.52648054       1.00000000
        7.360000       1.00000000        1.50017723      -0.54306387       1.00000000
        7.370000       1.00000000        1.50017723      -0.55942999       1.00000000
        7.380000       1.00000000        1.50017723      -0.57557234       1.00000000
        7.390000       1.00000000        1.50017723      -0.59148447       1.00000000
        7.400000       1.00000000        1.50017723      -0.60716002       1.00000000
        7.410000       1.00000000        1.50017723      -0.62259271       1.00000000
        7.420000       1.00000000        1.50017723      -0.63777637       1.00000000
        7.430000       1.00000000        1.50017723      -0.65270493       1.00000000
        7.440000       1.00000000        1.50017723      -0.66737241       1.00000000
        7.450000       1.00000000        1.50017723      -0.68177296       1.00000000
        7.460000       1.00000000        1.50017723      -0.69590080       1.00000000
        7.470000       1.00000000        1.50017723      -0.70975030       1.00000000
        7.480000       1.00000000        1.50017723      -0.72331590       1.00000000
        7.490000       1.00000000        1.50017723      -0.73659219       1.00000000
        7.500000       1.00000000        1.50017723      -0.74957385       1.00000000
        7.510000       1.00000000        1.50017723      -0.76225569       1.00000000
        7.520000       1.00000000        1.50017723      -0.77463264       1.00000000
        7.530000       1.00000000        1.50017723      -0.78669974       1.00000000
        7.540000       1.00000000        1.50017723      -0.79845218       1.00000000
        7.550000       1.00000000        1.50017723      -0.80988524       1.00000000
        7.560000       1.00000000        1.50017723      -0.82099436       1.00000000
        7.570000       1.00000000        1.50017723      -0.83177510       1.00000000
        7.580000       1.00000000        1.50017723      -0.84222314       1.00000000
        7.590000       1.00000000        1.50017723      -0.85233430       1.00000000
        7.600000       1.00000000        1.50017723      -0.86210453       1.00000000
        7.610000       1.00000000        1.50017723      -0.87152994       1.00000000
        7.620000       1.00000000        1.50017723      -0.88060674       1.00000000
        7.630000       1.00000000        1.50017723      -0.88933132       1.00000000
        7.640000       1.00000000        1.50017723      -0.89770017       1.00000000
        7.650000       1.00000000        1.50017723      -0.90570996       1.00000000
        7.660000       1.00000000        1.50017723      -0.91335747       1.00000000
        7.670000       1.00000000        1.50017723      -0.92063965       1.00000000
        7.680000       1.00000000        1.50017723      -0.92755359       1.00000000
        7.690000       1.00000000        1.50017723      -0.93409652       1.00000000
        7.700000       1.00000000        1.50017723      -0.94026583       1.00000000
        7.710000       1.00000000        1.50017723      -0.94605904       1.00000000
        7.720000       1.00000000        1.50017723      -0.95147384       1.00000000
        7.730000       1.00000000        1.50017723      -0.95650806       1.00000000
        7.740000       1.00000000        1.50017723      -0.96115969       1.00000000
        7.750000       1.00000000        1.50017723      -0.96542687       1.00000000
        7.760000       1.00000000        1.50017723      -0.96930790       1.00000000
        7.770000       1.00000000        1.50017723      -0.97280121       1.00000000
        7.780000       1.00000000        1.50017723      -0.97590542       1.00000000
        7.790000       1.00000000        1.50017723      -0.97861927       1.00000000
        7.800000       1.00000000        1.50017723      -0.98094169       1.00000000
        7.810000       1.00000000        1.50017723      -0.98287175       1.00000000
        7.820000       1.00000000        1.50017723      -0.98440867       1.00000000
        7.830000       1.00000000        1.50017723      -0.98555185       1.00000000
        7.840000       1.00000000        1.50017723      -0.98630081       1.00000000
        7.850000       1.00000000        1.50017723      -0.98665527       1.00000000
        7.860000       1.00000000        1.50017723      -0.98661508       1.00000000
        7.870000       1.00000000        1.50017723      -0.98618025       1.00000000
        7.880000       1.00000000        1.50017723      -0.98535097       1.00000000
        7.890000       1.00000000        1.50017723      -0.98412756       1.00000000
        7.900000       1.00000000        1.50017723      -0.98251051       1.00000000
        7.910000       1.00000000        1.50017723      -0.98050047       1.00000000
        7.920000       1.00000000        1.50017723      -0.97809824       1.00000000
        7.930000       1.00000000        1.50017723      -0.97530479       1.00000000
        7.940000       1.00000000        1.50017723      -0.97212123       1.00000000
        7.950000       1.00000000        1.50017723      -0.96854883       1.00000000
        7.960000       1.00000000        1.50017723      -0.96458903       1.00000000
        7.970000       1.00000000        1.50017723      -0.96024340       1.00000000
        7.980000       1.00000000        1.50017723      -0.95551369       1.00000000
        7.990000       1.00000000        1.50017723      -0.95040178       1.00000000
        8.000000       1.00000000        1.50017723      -0.94490973       1.00000000
        8.010000       1.00000000        1.50017723      -0.93903973       1.00000000
        8.020000       1.00000000        1.50017723      -0.93279412       1.00000000
        8.030000       1.00000000        1.50017723      -0.92617541       1.00000000
        8.040000       1.00000000        1.50017723      -0.91918624       1.00000000
        8.050000       1.00000000        1.50017723      -0.91182941       1.00000000
        8.060000       1.00000000        1.50017723      -0.90410785       1.00000000
        8.070000       1.00000000        1.50017723      -0.89602467       1.00000000
        8.080000       1.00000000        1.50017723      -0.88758309       1.00000000
        8.090000       1.00000000        1.50017723      -0.87878649       1.00000000
        8.100000       1.00000000        1.50017723      -0.86963838       1.00000000
        8.110000       1.00000000        1.50017723      -0.86014244       1.00000000
        8.120000       1.00000000        1.50017723      -0.85030244       1.00000000
        8.130000       1.00000000        1.50017723      -0.84012234       1.00000000
        8.140000       1.00000000        1.50017723      -0.82960620       1.00000000
        8.150000       1.00000000        1.50017723      -0.81875822       1.00000000
        8.160000       1.00000000        1.50017723      -0.80758276       1.00000000
        8.170000       1.00000000        1.50017723      -0.79608427       1.00000000
        8.180000       1.00000000        1.50017723      -0.78426736       1.00000000
        8.190000       1.00000000        1.50017723      -0.77213675       1.00000000
        8.200000       1.00000000        1.50017723      -0.75969730       1.00000000
        8.210000       1.00000000        1.50017723      -0.74695398       1.00000000
        8.220000       1.00000000        1.50017723      -0.73391189       1.00000000
        8.230000       1.00000000        1.50017723      -0.72057624       1.00000000
        8.240000       1.00000000        1.50017723      -0.70695237       1.00000000
        8.250000       1.00000000        1.50017723      -0.69304573       1.00000000
        8.260000       1.00000000        1.50017723      -0.67886188       1.00000000
        8.270000       1.00000000        1.50017723      -0.66440650       1.00000000
        8.280000       1.00000000        1.50017723      -0.64968536       1.00000000
        8.290000       1.00000000        1.50017723      -0.63470436       1.00000000
        8.300000       1.00000000        1.50017723      -0.61946948       1.00000000
        8.310000       1.00000000        1.50017723      -0.60398682       1.00000000
        8.320000       1.00000000        1.50017723      -0.58826258       1.00000000
        8.330000       1.00000000        1.50017723      -0.57230304       1.00000000
        8.340000       1.00000000        1.50017723      -0.55611459       1.00000000
        8.350000       1.00000000        1.50017723      -0.53970369       1.00000000
        8.360000       1.00000000        1.50017723      -0.52307693       1.00000000
        8.370000       1.00000000        1.50017723      -0.50624094       1.00000000
        8.380000       1.00000000        1.50017723      -0.48920246       1.00000000
        8.390000       1.00000000        1.50017723      -0.47196830       1.00000000
        8.400000       1.00000000        1.50017723      -0.45454537       1.00000000
        8.410000       1.00000000        1.50017723      -0.43694062       1.00000000
        8.420000       1.00000000        1.50017723      -0.41916110       1.00000000
        8.430000       1.00000000        1.50017723      -0.40121392       1.00000000
        8.440000       1.00000000        1.50017723      -0.38310627       1.00000000
        8.450000       1.00000000        1.50017723      -0.36484537       1.00000000
        8.460000       1.00000000        1.50017723      -0.34643855       1.00000000
        8.470000       1.00000000        1.50017723      -0.32789315       1.00000000
        8.480000       1.00000000        1.50017723      -0.30921660       1.00000000
        8.490000       1.00000000        1.50017723      -0.29041636       1.00000000
        8.500000       1.00000000        1.50017723      -0.27149997       1.00000000
        8.510000       1.00000000        1.50017723      -0.25247497       1.00000000
        8.520000       1.00000000        1.50017723      -0.23334899       1.00000000
        8.530000       1.00000000        1.50017723      -0.21412968       1.00000000
        8.540000       1.00000000        1.50017723      -0.19482471       1.00000000
        8.550000       1.00000000        1.50017723      -0.17544182       1.00000000
        8.560000       1.00000000        1.50017723      -0.15598875       1.00000000
        8.570000       1.00000000        1.50017723      -0.13647329       1.00000000
        8.580000       1.00000000        1.50017723      -0.11690324       1.00000000
        8.590000       1.00000000        1.50017723      -0.09728644       1.00000000
        8.600000       1.00000000        1.50017723      -0.07763072       1.00000000
        8.610000       1.00000000        1.50017723      -0.05794394       1.00000000
        8.620000       1.00000000        1.50017723      -0.03823400       1.00000000
        8.630000       1.00000000        1.50017723      -0.01850875       1.00000000
        8.640000       1.00000000        1.50017723       0.00122389       1.00000000
        8.650000       1.00000000        1.50017723       0.02095605       1.00000000
        8.660000       1.00000000        1.50017723       0.04067982       1.00000000
        8.670000       1.00000000        1.50017723       0.06038732       1.00000000
        8.680000       1.00000000        1.50017723       0.08007067       1.00000000
        8.690000       1.00000000        1.50017723       0.09972199       1.00000000
        8.700000       1.00000000        1.50017723       0.11933342       1.00000000
        8.710000       1.00000000        1.50017723       0.13889713       1.00000000
        8.720000       1.00000000        1.50017723       0.15840527       1.00000000
        8.730000       1.00000000        1.50017723       0.17785005       1.00000000
        8.740000       1.00000000        1.50017723       0.19722370       1.00000000
        8.750000       1.00000000        1.50017723       0.21651846       1.00000000
        8.760000       1.00000000        1.50017723       0.23572662       1.00000000
        8.770000       1.00000000        1.50017723       0.25484048       1.00000000
        8.780000       1.00000000        1.50017723       0.27385242       1.00000000
        8.790000       1.00000000        1.50017723       0.29275482       1.00000000
        8.800000       1.00000000        1.50017723       0.31154012       1.00000000
        8.810000       1.00000000        1.50017723       0.33020080       1.00000000
        8.820000       1.00000000        1.50017723       0.34872942       1.00000000
        8.830000       1.00000000        1.50017723       0.36711854       1.00000000
        8.840000       1.00000000        1.50017723       0.38536082       1.00000000
        8.850000       1.00000000        1.50017723       0.40344897       1.00000000
        8.860000       1.00000000        1.50017723       0.42137574       1.00000000
        8.870000       1.00000000        1.50017723       0.43913396       1.00000000
        8.880000       1.00000000        1.50017723       0.45671654       1.00000000
        8.890000       1.00000000        1.50017723       0.47411643       1.00000000
        8.900000       1.00000000        1.50017723       0.49132669       1.00000000
        8.910000       1.00000000        1.50017723       0.50834042       1.00000000
        8.920000       1.00000000        1.50017723       0.52515082       1.00000000
        8.930000       1.00000000        1.50017723       0.54175117       1.00000000
        8.940000       1.00000000        1.50017723       0.55813483       1.00000000
        8.950000       1.00000000        1.50017723       0.57429524       1.00000000
        8.960000       1.00000000        1.50017723       0.59022594       1.00000000
        8.970000       1.00000000        1.50017723       0.60592055       1.00000000
        8.980000       1.00000000        1.50017723       0.62137281       1.00000000
        8.990000       1.00000000        1.50017723       0.63657652       1.00000000
        9.000000       1.00000000        1.50017723       0.65152562       1.00000000
        9.010000       1.00000000        1.50017723       0.66621411       1.00000000
        9.020000       1.00000000        1.50017723       0.68063612       1.00000000
        9.030000       1.00000000        1.50017723       0.69478589       1.00000000
        9.040000       1.00000000        1.50017723       0.70865776       1.00000000
        9.050000       1.00000000        1.50017723       0.72224617       1.00000000
        9.060000       1.00000000        1.50017723       0.73554569       1.00000000
        9.070000       1.00000000        1.50017723       0.74855100       1.00000000
        9.080000       1.00000000        1.50017723       0.76125691       1.00000000
        9.090000       1.00000000        1.50017723       0.77365832       1.00000000
        9.100000       1.00000000        1.50017723       0.78575027       1.00000000
        9.110000       1.00000000        1.50017723       0.79752794       1.00000000
        9.120000       1.00000000        1.50017723       0.80898661       1.00000000
        9.130000       1.00000000        1.50017723       0.82012169       1.00000000
        9.140000       1.00000000        1.50017723       0.83092874       1.00000000
        9.150000       1.00000000        1.50017723       0.84140342       1.00000000
        9.160000       1.00000000        1.50017723       0.85154156       1.00000000
        9.170000       1.00000000        1.50017723       0.86133909       1.00000000
        9.180000       1.00000000        1.50017723       0.87079209       1.00000000
        9.190000       1.00000000        1.50017723       0.87989679       1.00000000
        9.200000       1.00000000        1.50017723       0.88864955       1.00000000
        9.210000       1.00000000        1.50017723       0.89704685       1.00000000
        9.220000       1.00000000        1.50017723       0.90508535       1.00000000
        9.230000       1.00000000        1.50017723       0.91276183       1.00000000
        9.240000       1.00000000        1.50017723       0.92007321       1.00000000
        9.250000       1.00000000        1.50017723       0.92701658       1.00000000
        9.260000       1.00000000        1.50017723       0.93358915       1.00000000
        9.270000       1.00000000        1.50017723       0.93978830       1.00000000
        9.280000       1.00000000        1.50017723       0.94561155       1.00000000
        9.290000       1.00000000        1.50017723       0.95105656       1.00000000
        9.300000       1.00000000        1.50017723       0.95612117       1.00000000
        9.310000       1.00000000        1.50017723       0.96080334       1.00000000
        9.320000       1.00000000        1.50017723       0.96510120       1.00000000
        9.330000       1.00000000        1.50017723       0.96901303       1.00000000
        9.340000       1.00000000        1.50017723       0.97253727       1.00000000
        9.350000       1.00000000        1.50017723       0.97567251       1.00000000
        9.360000       1.00000000        1.50017723       0.97841749       1.00000000
        9.370000       1.00000000        1.50017723       0.98077112       1.00000000
        9.380000       1.00000000        1.50017723       0.98273245       1.00000000
        9.390000       1.00000000        1.50017723       0.98430071       1.00000000
        9.400000       1.00000000        1.50017723       0.98547525       1.00000000
        9.410000       1.00000000        1.50017723       0.98625562       1.00000000
        9.420000       1.00000000        1.50017723       0.98664150       1.00000000
        9.430000       1.00000000        1.50017723       0.98663274       1.00000000
        9.440000       1.00000000        1.50017723       0.98622934       1.00000000
        9.450000       1.00000000        1.50017723       0.98543145       1.00000000
        9.460000       1.00000000        1.50017723       0.98423941       1.00000000
        9.470000       1.00000000        1.50017723       0.98265369       1.00000000
        9.480000       1.00000000        1.50017723       0.98067492       1.00000000
        9.490000       1.00000000        1.50017723       0.97830389       1.00000000
        9.500000       1.00000000        1.50017723       0.97554155       1.00000000
        9.510000       1.00000000        1.50017723       0.97238901       1.00000000
        9.520000       1.00000000        1.50017723       0.96884753       1.00000000
        9.530000       1.00000000        1.50017723       0.96491852       1.00000000
        9.540000       1.00000000        1.50017723       0.96060355       1.00000000
        9.550000       1.00000000        1.50017723       0.95590436       1.00000000
        9.560000       1.00000000        1.50017723       0.95082282       1.00000000
        9.570000       1.00000000        1.50017723       0.94536096       1.00000000
        9.580000       1.00000000        1.50017723       0.93952097       1.00000000
        9.590000       1.00000000        1.50017723       0.93330518       1.00000000
        9.600000       1.00000000        1.50017723       0.92671609       1.00000000
        9.610000       1.00000000        1.50017723       0.91975632       1.00000000
        9.620000       1.00000000        1.50017723       0.91242866       1.00000000
        9.630000       1.00000000        1.50017723       0.90473604       1.00000000
        9.640000       1.00000000        1.50017723       0.89668153       1.00000000
        9.650000       1.00000000        1.50017723       0.88826837       1.00000000
        9.660000       1.00000000        1.50017723       0.87949991       1.00000000
        9.670000       1.00000000        1.50017723       0.87037967       1.00000000
        9.680000       1.00000000        1.50017723       0.86091128       1.00000000
        9.690000       1.00000000        1.50017723       0.85109854       1.00000000
        9.700000       1.00000000        1.50017723       0.84094537       1.00000000
        9.710000       1.00000000        1.50017723       0.83045584       1.00000000
        9.720000       1.00000000        1.50017723       0.81963413       1.00000000
        9.730000       1.00000000        1.50017723       0.80848459       1.00000000
        9.740000       1.00000000        1.50017723       0.79701165       1.00000000
        9.750000       1.00000000        1.50017723       0.78521993       1.00000000
        9.760000       1.00000000        1.50017723       0.77311413       1.00000000
        9.770000       1.00000000        1.50017723       0.76069909       1.00000000
        9.780000       1.00000000        1.50017723       0.74797978       1.00000000
        9.790000       1.00000000        1.50017723       0.73496129       1.00000000
        9.800000       1.00000000        1.50017723       0.72164883       1.00000000
        9.810000       1.00000000        1.50017723       0.70804771       1.00000000
        9.820000       1.00000000        1.50017723       0.69416339       1.00000000
        9.830000       1.00000000        1.50017723       0.68000141       1.00000000
        9.840000       1.00000000        1.50017723       0.66556743       1.00000000
        9.850000       1.00000000        1.50017723       0.65086725       1.00000000
        9.860000       1.00000000        1.50017723       0.63590672       1.00000000
        9.870000       1.00000000        1.50017723       0.62069183       1.00000000
        9.880000       1.00000000        1.50017723       0.60522868       1.00000000
        9.890000       1.00000000        1.50017723       0.58952345       1.00000000
        9.900000       1.00000000        1.50017723       0.57358241       1.00000000
        9.910000       1.00000000        1.50017723       0.55741195       1.00000000
        9.920000       1.00000000        1.50017723       0.54101854       1.00000000
        9.930000       1.00000000        1.50017723       0.52440872       1.00000000
        9.940000       1.00000000        1.50017723       0.50758914       1.00000000
        9.950000       1.00000000        1.50017723       0.49056654       1.00000000
        9.960000       1.00000000        1.50017723       0.47334771       1.00000000
        9.970000       1.00000000        1.50017723       0.45593956       1.00000000
        9.980000       1.00000000        1.50017723       0.43834903       1.00000000
        9.990000       1.00000000        1.50017723       0.42058317       1.00000000
       10.000000       1.00000000        1.50017723       0.40264908       1.00000000
