        0.010000       1.00000000        1.50017723       0.98648922       1.00000000
        0.020000       1.00000000        1.50017723       0.98589731       1.00000000
        0.030000       1.00000000        1.50017723       0.98491105       1.00000000
        0.040000       1.00000000        1.50017723       0.98353084       1.00000000
        0.050000       1.00000000        1.50017723       0.98175723       1.00000000
        0.060000       1.00000000        1.50017723       0.97959092       1.00000000
        0.070000       1.00000000        1.50017723       0.97703280       1.00000000
        0.080000       1.00000000        1.50017723       0.97408387       1.00000000
        0.090000       1.00000000        1.50017723       0.97074533       1.00000000
        0.100000       1.00000000        1.50017723       0.96701850       1.00000000
        0.110000       1.00000000        1.50017723       0.96290487       1.00000000
        0.120000       1.00000000        1.50017723       0.95840609       1.00000000
        0.130000       1.00000000        1.50017723       0.95352397       1.00000000
        0.140000       1.00000000        1.50017723       0.94826044       1.00000000
        0.150000       1.00000000        1.50017723       0.94261763       1.00000000
        0.160000       1.00000000        1.50017723       0.93659778       1.00000000
        0.170000       1.00000000        1.50017723       0.93020330       1.00000000
        0.180000       1.00000000        1.50017723       0.92343675       1.00000000
        0.190000       1.00000000        1.50017723       0.91630084       1.00000000
        0.200000       1.00000000        1.50017723       0.90879843       1.00000000
        0.210000       1.00000000        1.50017723       0.90093250       1.00000000
        0.220000       1.00000000        1.50017723       0.89270621       1.00000000
        0.230000       1.00000000        1.50017723       0.88412286       1.00000000
        0.240000       1.00000000        1.50017723       0.87518586       1.00000000
        0.250000       1.00000000        1.50017723       0.86589880       1.00000000
        0.260000       1.00000000        1.50017723       0.85626540       1.00000000
        0.270000       1.00000000        1.50017723       0.84628949       1.00000000
        0.280000       1.00000000        1.50017723       0.83597509       1.00000000
        0.290000       1.00000000        1.50017723       0.82532630       1.00000000
        0.300000       1.00000000        1.50017723       0.81434739       1.00000000
        0.310000       1.00000000        1.50017723       0.80304276       1.00000000
        0.320000       1.00000000        1.50017723       0.79141692       1.00000000
        0.330000       1.00000000        1.50017723       0.77947452       1.00000000
        0.340000       1.00000000        1.50017723       0.76722034       1.00000000
        0.350000       1.00000000        1.50017723       0.75465928       1.00000000
        0.360000       1.00000000        1.50017723       0.74179637       1.00000000
        0.370000       1.00000000        1.50017723       0.72863675       1.00000000
        0.380000       1.00000000        1.50017723       0.71518569       1.00000000
        0.390000       1.00000000        1.50017723       0.70144856       1.00000000
        0.400000       1.00000000        1.50017723       0.68743086       1.00000000
        0.410000       1.00000000        1.50017723       0.67313819       1.00000000
        0.420000       1.00000000        1.50017723       0.65857628       1.00000000
        0.430000       1.00000000        1.50017723       0.64375095       1.00000000
        0.440000       1.00000000        1.50017723       0.62866812       1.00000000
        0.450000       1.00000000        1.50017723       0.61333384       1.00000000
        0.460000       1.00000000        1.50017723       0.59775423       1.00000000
        0.470000       1.00000000        1.50017723       0.58193552       1.00000000
        0.480000       1.00000000        1.50017723       0.56588405       1.00000000
        0.490000       1.00000000        1.50017723       0.54960623       1.00000000
        0.500000       1.00000000        1.50017723       0.53310858       1.00000000
        0.510000       1.00000000        1.50017723       0.51639769       1.00000000
        0.520000       1.00000000        1.50017723       0.49948024       1.00000000
        0.530000       1.00000000        1.50017723       0.48236301       1.00000000
        0.540000       1.00000000        1.50017723       0.46505284       1.00000000
        0.550000       1.00000000        1.50017723       0.44755666       1.00000000
        0.560000       1.00000000        1.50017723       0.42988146       1.00000000
        0.570000       1.00000000        1.50017723       0.41203431       1.00000000
        0.580000       1.00000000        1.50017723       0.39402235       1.00000000
        0.590000       1.00000000        1.50017723       0.37585279       1.00000000
        0.600000       1.00000000        1.50017723       0.35753289       1.00000000
        0.610000       1.00000000        1.50017723       0.33906998       1.00000000
        0.620000       1.00000000        1.50017723       0.32047145       1.00000000
        0.630000       1.00000000        1.50017723       0.30174473       1.00000000
        0.640000       1.00000000        1.50017723       0.28289732       1.00000000
        0.650000       1.00000000        1.50017723       0.26393675       1.00000000
        0.660000       1.00000000        1.50017723       0.24487062       1.00000000
        0.670000       1.00000000        1.50017723       0.22570653       1.00000000
        0.680000       1.00000000        1.50017723       0.20645217       1.00000000
        0.690000       1.00000000        1.50017723       0.18711522       1.00000000
        0.700000       1.00000000        1.50017723       0.16770344       1.00000000
        0.710000       1.00000000        1.50017723       0.14822457       1.00000000
        0.720000       1.00000000        1.50017723       0.12868641       1.00000000
        0.730000       1.00000000        1.50017723       0.10909678       1.00000000
        0.740000       1.00000000        1.50017723       0.08946351       1.00000000
        0.750000       1.00000000        1.50017723       0.06979446       1.00000000
        0.760000       1.00000000        1.50017723       0.05009749       1.00000000
        0.770000       1.00000000        1.50017723       0.03038048       1.00000000
        0.780000       1.00000000        1.50017723       0.01065132       1.00000000
        0.790000       1.00000000        1.50017723      -0.00908210       1.00000000
        0.800000       1.00000000        1.50017723      -0.02881189       1.00000000
        0.810000       1.00000000        1.50017723      -0.04853016       1.00000000
        0.820000       1.00000000        1.50017723      -0.06822901       1.00000000
        0.830000       1.00000000        1.50017723      -0.08790058       1.00000000
        0.840000       1.00000000        1.50017723      -0.10753699       1.00000000
        0.850000       1.00000000        1.50017723      -0.12713038       1.00000000
        0.860000       1.00000000        1.50017723      -0.14667293       1.00000000
        0.870000       1.00000000        1.50017723      -0.16615681       1.00000000
        0.880000       1.00000000        1.50017723      -0.18557423       1.00000000
        0.890000       1.00000000        1.50017723      -0.20491742       1.00000000
        0.900000       1.00000000        1.50017723      -0.22417865       1.00000000
        0.910000       1.00000000        1.50017723      -0.24335021       1.00000000
        0.920000       1.00000000        1.50017723      -0.26242444       1.00000000
        0.930000       1.00000000        1.50017723      -0.28139370       1.00000000
        0.940000       1.00000000        1.50017723      -0.30025040       1.00000000
        0.950000       1.00000000        1.50017723      -0.31898702       1.00000000
        0.960000       1.00000000        1.50017723      -0.33759604       1.00000000
        0.970000       1.00000000        1.50017723      -0.35607003       1.00000000
        0.980000       1.00000000        1.50017723      -0.37440159       1.00000000
        0.990000       1.00000000        1.50017723      -0.39258341       1.00000000
        1.000000       1.00000000        1.50017723      -0.41060819       1.00000000
        1.010000       1.00000000        1.50017723      -0.42846874       1.00000000
        1.020000       1.00000000        1.50017723      -0.44615791       1.00000000
        1.030000       1.00000000        1.50017723      -0.46366862       1.00000000
        1.040000       1.00000000        1.50017723      -0.48099387       1.00000000
        1.050000       1.00000000        1.50017723      -0.49812673       1.00000000
        1.060000       1.00000000        1.50017723      -0.51506034       1.00000000
        1.070000       1.00000000        1.50017723      -0.53178794       1.00000000
        1.080000       1.00000000        1.50017723      -0.54830284       1.00000000
        1.090000       1.00000000        1.50017723      -0.56459842       1.00000000
        1.100000       1.00000000        1.50017723      -0.58066816       1.00000000
        1.110000       1.00000000        1.50017723      -0.59650566       1.00000000
        1.120000       1.00000000        1.50017723      -0.61210455       1.00000000
        1.130000       1.00000000        1.50017723      -0.62745862       1.00000000
        1.140000       1.00000000        1.50017723      -0.64256171       1.00000000
        1.150000       1.00000000        1.50017723      -0.65740778       1.00000000
        1.160000       1.00000000        1.50017723      -0.67199090       1.00000000
        1.170000       1.00000000        1.50017723      -0.68630524       1.00000000
        1.180000       1.00000000        1.50017723      -0.70034506       1.00000000
        1.190000       1.00000000        1.50017723      -0.71410476       1.00000000
        1.200000       1.00000000        1.50017723      -0.72757882       1.00000000
        1.210000       1.00000000        1.50017723      -0.74076187       1.00000000
        1.220000       1.00000000        1.50017723      -0.75364862       1.00000000
        1.230000       1.00000000        1.50017723      -0.76623392       1.00000000
        1.240000       1.00000000        1.50017723      -0.77851274       1.00000000
        1.250000       1.00000000        1.50017723      -0.79048016       1.00000000
        1.260000       1.00000000        1.50017723      -0.80213141       1.00000000
        1.270000       1.00000000        1.50017723      -0.81346181       1.00000000
        1.280000       1.00000000        1.50017723      -0.82446684       1.00000000
        1.290000       1.00000000        1.50017723      -0.83514210       1.00000000
        1.300000       1.00000000        1.50017723      -0.84548331       1.00000000
        1.310000       1.00000000        1.50017723      -0.85548634       1.00000000
        1.320000       1.00000000        1.50017723      -0.86514718       1.00000000
        1.330000       1.00000000        1.50017723      -0.87446199       1.00000000
        1.340000       1.00000000        1.50017723      -0.88342702       1.00000000
        1.350000       1.00000000        1.50017723      -0.89203869       1.00000000
        1.360000       1.00000000        1.50017723      -0.90029356       1.00000000
        1.370000       1.00000000        1.50017723      -0.90818832       1.00000000
        1.380000       1.00000000        1.50017723      -0.91571982       1.00000000
        1.390000       1.00000000        1.50017723      -0.92288505       1.00000000
        1.400000       1.00000000        1.50017723      -0.92968114       1.00000000
        1.410000       1.00000000        1.50017723      -0.93610537       1.00000000
        1.420000       1.00000000        1.50017723      -0.94215517       1.00000000
        1.430000       1.00000000        1.50017723      -0.94782812       1.00000000
        1.440000       1.00000000        1.50017723      -0.95312195       1.00000000
        1.450000       1.00000000        1.50017723      -0.95803455       1.00000000
        1.460000       1.00000000        1.50017723      -0.96256395       1.00000000
        1.470000       1.00000000        1.50017723      -0.96670834       1.00000000
        1.480000       1.00000000        1.50017723      -0.97046605       1.00000000
        1.490000       1.00000000        1.50017723      -0.97383560       1.00000000
        1.500000       1.00000000        1.50017723      -0.97681562       1.00000000
        1.510000       1.00000000        1.50017723      -0.97940494       1.00000000
        1.520000       1.00000000        1.50017723      -0.98160250       1.00000000
        1.530000       1.00000000        1.50017723      -0.98340744       1.00000000
        1.540000       1.00000000        1.50017723      -0.98481903       1.00000000
        1.550000       1.00000000        1.50017723      -0.98583670       1.00000000
        1.560000       1.00000000        1.50017723      -0.98646006       1.00000000
        1.570000       1.00000000        1.50017723      -0.98668884       1.00000000
        1.580000       1.00000000        1.50017723      -0.98652297       1.00000000
        1.590000       1.00000000        1.50017723      -0.98596250       1.00000000
        1.600000       1.00000000        1.50017723      -0.98500766       1.00000000
        1.610000       1.00000000        1.50017723      -0.98365883       1.00000000
        1.620000       1.00000000        1.50017723      -0.98191655       1.00000000
        1.630000       1.00000000        1.50017723      -0.97978151       1.00000000
        1.640000       1.00000000        1.50017723      -0.97725458       1.00000000
        1.650000       1.00000000        1.50017723      -0.97433676       1.00000000
        1.660000       1.00000000        1.50017723      -0.97102922       1.00000000
        1.670000       1.00000000        1.50017723      -0.96733329       1.00000000
        1.680000       1.00000000        1.50017723      -0.96325043       1.00000000
        1.690000       1.00000000        1.50017723      -0.95878229       1.00000000
        1.700000       1.00000000        1.50017723      -0.95393065       1.00000000
        1.710000       1.00000000        1.50017723      -0.94869745       1.00000000
        1.720000       1.00000000        1.50017723      -0.94308478       1.00000000
        1.730000       1.00000000        1.50017723      -0.93709490       1.00000000
        1.740000       1.00000000        1.50017723      -0.93073019       1.00000000
        1.750000       1.00000000        1.50017723      -0.92399320       1.00000000
        1.760000       1.00000000        1.50017723      -0.91688663       1.00000000
        1.770000       1.00000000        1.50017723      -0.90941331       1.00000000
        1.780000       1.00000000        1.50017723      -0.90157625       1.00000000
        1.790000       1.00000000        1.50017723      -0.89337856       1.00000000
        1.800000       1.00000000        1.50017723      -0.88482354       1.00000000
        1.810000       1.00000000        1.50017723      -0.87591460       1.00000000
        1.820000       1.00000000        1.50017723      -0.86665531       1.00000000
        1.830000       1.00000000        1.50017723      -0.85704937       1.00000000
        1.840000       1.00000000        1.50017723      -0.84710062       1.00000000
        1.850000       1.00000000        1.50017723      -0.83681304       1.00000000
        1.860000       1.00000000        1.50017723      -0.82619075       1.00000000
        1.870000       1.00000000        1.50017723      -0.81523800       1.00000000
        1.880000       1.00000000        1.50017723      -0.80395916       1.00000000
        1.890000       1.00000000        1.50017723      -0.79235875       1.00000000
        1.900000       1.00000000        1.50017723      -0.78044141       1.00000000
        1.910000       1.00000000        1.50017723      -0.76821191       1.00000000
        1.920000       1.00000000        1.50017723      -0.75567513       1.00000000
        1.930000       1.00000000        1.50017723      -0.74283609       1.00000000
        1.940000       1.00000000        1.50017723      -0.72969992       1.00000000
        1.950000       1.00000000        1.50017723      -0.71627189       1.00000000
        1.960000       1.00000000        1.50017723      -0.70255736       1.00000000
        1.970000       1.00000000        1.50017723      -0.68856182       1.00000000
        1.980000       1.00000000        1.50017723      -0.67429086       1.00000000
        1.990000       1.00000000        1.50017723      -0.65975020       1.00000000
        2.000000       1.00000000        1.50017723      -0.64494565       1.00000000
        2.010000       1.00000000        1.50017723      -0.62988312       1.00000000
        2.020000       1.00000000        1.50017723      -0.61456866       1.00000000
        2.030000       1.00000000        1.50017723      -0.59900837       1.00000000
        2.040000       1.00000000        1.50017723      -0.58320849       1.00000000
        2.050000       1.00000000        1.50017723      -0.56717534       1.00000000
        2.060000       1.00000000        1.50017723      -0.55091532       1.00000000
        2.070000       1.00000000        1.50017723      -0.53443495       1.00000000
        2.080000       1.00000000        1.50017723      -0.51774081       1.00000000
        2.090000       1.00000000        1.50017723      -0.50083958       1.00000000
        2.100000       1.00000000        1.50017723      -0.48373803       1.00000000
        2.110000       1.00000000        1.50017723      -0.46644298       1.00000000
        2.120000       1.00000000        1.50017723      -0.44896137       1.00000000
        2.130000       1.00000000        1.50017723      -0.43130018       1.00000000
        2.140000       1.00000000        1.50017723      -0.41346647       1.00000000
        2.150000       1.00000000        1.50017723      -0.39546739       1.00000000
        2.160000       1.00000000        1.50017723      -0.37731012       1.00000000
        2.170000       1.00000000        1.50017723      -0.35900193       1.00000000
        2.180000       1.00000000        1.50017723      -0.34055015       1.00000000
        2.190000       1.00000000        1.50017723      -0.32196216       1.00000000
        2.200000       1.00000000        1.50017723      -0.30324539       1.00000000
        2.210000       1.00000000        1.50017723      -0.28440732       1.00000000
        2.220000       1.00000000        1.50017723      -0.26545549       1.00000000
        2.230000       1.00000000        1.50017723      -0.24639749       1.00000000
        2.240000       1.00000000        1.50017723      -0.22724093       1.00000000
        2.250000       1.00000000        1.50017723      -0.20799348       1.00000000
        2.260000       1.00000000        1.50017723      -0.18866283       1.00000000
        2.270000       1.00000000        1.50017723      -0.16925673       1.00000000
        2.280000       1.00000000        1.50017723      -0.14978292       1.00000000
        2.290000       1.00000000        1.50017723      -0.13024920       1.00000000
        2.300000       1.00000000        1.50017723      -0.11066339       1.00000000
        2.310000       1.00000000        1.50017723      -0.09103331       1.00000000
        2.320000       1.00000000        1.50017723      -0.07136682       1.00000000
        2.330000       1.00000000        1.50017723      -0.05167179       1.00000000
        2.340000       1.00000000        1.50017723      -0.03195609       1.00000000
        2.350000       1.00000000        1.50017723      -0.01222761       1.00000000
        2.360000       1.00000000        1.50017723       0.00750576       1.00000000
        2.370000       1.00000000        1.50017723       0.02723613       1.00000000
        2.380000       1.00000000        1.50017723       0.04695561       1.00000000
        2.390000       1.00000000        1.50017723       0.06665630       1.00000000
        2.400000       1.00000000        1.50017723       0.08633033       1.00000000
        2.410000       1.00000000        1.50017723       0.10596983       1.00000000
        2.420000       1.00000000        1.50017723       0.12556694       1.00000000
        2.430000       1.00000000        1.50017723       0.14511383       1.00000000
        2.440000       1.00000000        1.50017723       0.16460267       1.00000000
        2.450000       1.00000000        1.50017723       0.18402567       1.00000000
        2.460000       1.00000000        1.50017723       0.20337506       1.00000000
        2.470000       1.00000000        1.50017723       0.22264311       1.00000000
        2.480000       1.00000000        1.50017723       0.24182210       1.00000000
        2.490000       1.00000000        1.50017723       0.26090436       1.00000000
        2.500000       1.00000000        1.50017723       0.27988227       1.00000000
        2.510000       1.00000000        1.50017723       0.29874822       1.00000000
        2.520000       1.00000000        1.50017723       0.31749468       1.00000000
        2.530000       1.00000000        1.50017723       0.33611415       1.00000000
        2.540000       1.00000000        1.50017723       0.35459917       1.00000000
        2.550000       1.00000000        1.50017723       0.37294236       1.00000000
        2.560000       1.00000000        1.50017723       0.39113637       1.00000000
        2.570000       1.00000000        1.50017723       0.40917394       1.00000000
        2.580000       1.00000000        1.50017723       0.42704784       1.00000000
        2.590000       1.00000000        1.50017723       0.44475093       1.00000000
        2.600000       1.00000000        1.50017723       0.46227612       1.00000000
        2.610000       1.00000000        1.50017723       0.47961641       1.00000000
        2.620000       1.00000000        1.50017723       0.49676485       1.00000000
        2.630000       1.00000000        1.50017723       0.51371460       1.00000000
        2.640000       1.00000000        1.50017723       0.53045886       1.00000000
        2.650000       1.00000000        1.50017723       0.54699095       1.00000000
        2.660000       1.00000000        1.50017723       0.56330426       1.00000000
        2.670000       1.00000000        1.50017723       0.57939224       1.00000000
        2.680000       1.00000000        1.50017723       0.59524848       1.00000000
        2.690000       1.00000000        1.50017723       0.61086662       1.00000000
        2.700000       1.00000000        1.50017723       0.62624043       1.00000000
        2.710000       1.00000000        1.50017723       0.64136374       1.00000000
        2.720000       1.00000000        1.50017723       0.65623052       1.00000000
        2.730000       1.00000000        1.50017723       0.67083482       1.00000000
        2.740000       1.00000000        1.50017723       0.68517079       1.00000000
        2.750000       1.00000000        1.50017723       0.69923270       1.00000000
        2.760000       1.00000000        1.50017723       0.71301492       1.00000000
        2.770000       1.00000000        1.50017723       0.72651195       1.00000000
        2.780000       1.00000000        1.50017723       0.73971839       1.00000000
        2.790000       1.00000000        1.50017723       0.75262894       1.00000000
        2.800000       1.00000000        1.50017723       0.76523846       1.00000000
        2.810000       1.00000000        1.50017723       0.77754188       1.00000000
        2.820000       1.00000000        1.50017723       0.78953431       1.00000000
        2.830000       1.00000000        1.50017723       0.80121092       1.00000000
        2.840000       1.00000000        1.50017723       0.81256707       1.00000000
        2.850000       1.00000000        1.50017723       0.82359819       1.00000000
        2.860000       1.00000000        1.50017723       0.83429989       1.00000000
        2.870000       1.00000000        1.50017723       0.84466788       1.00000000
        2.880000       1.00000000        1.50017723       0.85469801       1.00000000
        2.890000       1.00000000        1.50017723       0.86438628       1.00000000
        2.900000       1.00000000        1.50017723       0.87372880       1.00000000
        2.910000       1.00000000        1.50017723       0.88272184       1.00000000
        2.920000       1.00000000        1.50017723       0.89136181       1.00000000
        2.930000       1.00000000        1.50017723       0.89964524       1.00000000
        2.940000       1.00000000        1.50017723       0.90756882       1.00000000
        2.950000       1.00000000        1.50017723       0.91512939       1.00000000
        2.960000       1.00000000        1.50017723       0.92232392       1.00000000
        2.970000       1.00000000        1.50017723       0.92914953       1.00000000
        2.980000       1.00000000        1.50017723       0.93560349       1.00000000
        2.990000       1.00000000        1.50017723       0.94168322       1.00000000
        3.000000       1.00000000        1.50017723       0.94738630       1.00000000
        3.010000       1.00000000        1.50017723       0.95271043       1.00000000
        3.020000       1.00000000        1.50017723       0.95765348       1.00000000
        3.030000       1.00000000        1.50017723       0.96221349       1.00000000
        3.040000       1.00000000        1.50017723       0.96638863       1.00000000
        3.050000       1.00000000        1.50017723       0.97017722       1.00000000
        3.060000       1.00000000        1.50017723       0.97357776       1.00000000
        3.070000       1.00000000        1.50017723       0.97658888       1.00000000
        3.080000       1.00000000        1.50017723       0.97920937       1.00000000
        3.090000       1.00000000        1.50017723       0.98143819       1.00000000
        3.100000       1.00000000        1.50017723       0.98327445       1.00000000
        3.110000       1.00000000        1.50017723       0.98471741       1.00000000
        3.120000       1.00000000        1.50017723       0.98576650       1.00000000
        3.130000       1.00000000        1.50017723       0.98642130       1.00000000
        3.140000       1.00000000        1.50017723       0.98668154       1.00000000
        3.150000       1.00000000        1.50017723       0.98654712       1.00000000
        3.160000       1.00000000        1.50017723       0.98601809       1.00000000
        3.170000       1.00000000        1.50017723       0.98509467       1.00000000
        3.180000       1.00000000        1.50017723       0.98377722       1.00000000
        3.190000       1.00000000        1.50017723       0.98206628       1.00000000
        3.200000       1.00000000        1.50017723       0.97996252       1.00000000
        3.210000       1.00000000        1.50017723       0.97746679       1.00000000
        3.220000       1.00000000        1.50017723       0.97458009       1.00000000
        3.230000       1.00000000        1.50017723       0.97130357       1.00000000
        3.240000       1.00000000        1.50017723       0.96763853       1.00000000
        3.250000       1.00000000        1.50017723       0.96358646       1.00000000
        3.260000       1.00000000        1.50017723       0.95914896       1.00000000
        3.270000       1.00000000        1.50017723       0.95432782       1.00000000
        3.280000       1.00000000        1.50017723       0.94912495       1.00000000
        3.290000       1.00000000        1.50017723       0.94354245       1.00000000
        3.300000       1.00000000        1.50017723       0.93758255       1.00000000
        3.310000       1.00000000        1.50017723       0.93124762       1.00000000
        3.320000       1.00000000        1.50017723       0.92454020       1.00000000
        3.330000       1.00000000        1.50017723       0.91746299       1.00000000
        3.340000       1.00000000        1.50017723       0.91001880       1.00000000
        3.350000       1.00000000        1.50017723       0.90221061       1.00000000
        3.360000       1.00000000        1.50017723       0.89404155       1.00000000
        3.370000       1.00000000        1.50017723       0.88551488       1.00000000
        3.380000       1.00000000        1.50017723       0.87663403       1.00000000
        3.390000       1.00000000        1.50017723       0.86740252       1.00000000
        3.400000       1.00000000        1.50017723       0.85782407       1.00000000
        3.410000       1.00000000        1.50017723       0.84790250       1.00000000
        3.420000       1.00000000        1.50017723       0.83764178       1.00000000
        3.430000       1.00000000        1.50017723       0.82704602       1.00000000
        3.440000       1.00000000        1.50017723       0.81611944       1.00000000
        3.450000       1.00000000        1.50017723       0.80486643       1.00000000
        3.460000       1.00000000        1.50017723       0.79329148       1.00000000
        3.470000       1.00000000        1.50017723       0.78139923       1.00000000
        3.480000       1.00000000        1.50017723       0.76919443       1.00000000
        3.490000       1.00000000        1.50017723       0.75668196       1.00000000
        3.500000       1.00000000        1.50017723       0.74386682       1.00000000
        3.510000       1.00000000        1.50017723       0.73075415       1.00000000
        3.520000       1.00000000        1.50017723       0.71734919       1.00000000
        3.530000       1.00000000        1.50017723       0.70365729       1.00000000
        3.540000       1.00000000        1.50017723       0.68968394       1.00000000
        3.550000       1.00000000        1.50017723       0.67543473       1.00000000
        3.560000       1.00000000        1.50017723       0.66091535       1.00000000
        3.570000       1.00000000        1.50017723       0.64613161       1.00000000
        3.580000       1.00000000        1.50017723       0.63108943       1.00000000
        3.590000       1.00000000        1.50017723       0.61579482       1.00000000
        3.600000       1.00000000        1.50017723       0.60025390       1.00000000
        3.610000       1.00000000        1.50017723       0.58447289       1.00000000
        3.620000       1.00000000        1.50017723       0.56845810       1.00000000
        3.630000       1.00000000        1.50017723       0.55221592       1.00000000
        3.640000       1.00000000        1.50017723       0.53575287       1.00000000
        3.650000       1.00000000        1.50017723       0.51907553       1.00000000
        3.660000       1.00000000        1.50017723       0.50219056       1.00000000
        3.670000       1.00000000        1.50017723       0.48510472       1.00000000
        3.680000       1.00000000        1.50017723       0.46782484       1.00000000
        3.690000       1.00000000        1.50017723       0.45035784       1.00000000
        3.700000       1.00000000        1.50017723       0.43271071       1.00000000
        3.710000       1.00000000        1.50017723       0.41489049       1.00000000
        3.720000       1.00000000        1.50017723       0.39690432       1.00000000
        3.730000       1.00000000        1.50017723       0.37875940       1.00000000
        3.740000       1.00000000        1.50017723       0.36046298       1.00000000
        3.750000       1.00000000        1.50017723       0.34202237       1.00000000
        3.760000       1.00000000        1.50017723       0.32344496       1.00000000
        3.770000       1.00000000        1.50017723       0.30473818       1.00000000
        3.780000       1.00000000        1.50017723       0.28590950       1.00000000
        3.790000       1.00000000        1.50017723       0.26696647       1.00000000
        3.800000       1.00000000        1.50017723       0.24791665       1.00000000
        3.810000       1.00000000        1.50017723       0.22876766       1.00000000
        3.820000       1.00000000        1.50017723       0.20952717       1.00000000
        3.830000       1.00000000        1.50017723       0.19020288       1.00000000
        3.840000       1.00000000        1.50017723       0.17080250       1.00000000
        3.850000       1.00000000        1.50017723       0.15133380       1.00000000
        3.860000       1.00000000        1.50017723       0.13180458       1.00000000
        3.870000       1.00000000        1.50017723       0.11222263       1.00000000
        3.880000       1.00000000        1.50017723       0.09259579       1.00000000
        3.890000       1.00000000        1.50017723       0.07293192       1.00000000
        3.900000       1.00000000        1.50017723       0.05323887       1.00000000
        3.910000       1.00000000        1.50017723       0.03352453       1.00000000
        3.920000       1.00000000        1.50017723       0.01379677       1.00000000
        3.930000       1.00000000        1.50017723      -0.00593650       1.00000000
        3.940000       1.00000000        1.50017723      -0.02566740       1.00000000
        3.950000       1.00000000        1.50017723      -0.04538803       1.00000000
        3.960000       1.00000000        1.50017723      -0.06509051       1.00000000
        3.970000       1.00000000        1.50017723      -0.08476695       1.00000000
        3.980000       1.00000000        1.50017723      -0.10440949       1.00000000
        3.990000       1.00000000        1.50017723      -0.12401027       1.00000000
        4.000000       1.00000000        1.50017723      -0.14356144       1.00000000
        4.010000       1.00000000        1.50017723      -0.16305520       1.00000000
        4.020000       1.00000000        1.50017723      -0.18248373       1.00000000
        4.030000       1.00000000        1.50017723      -0.20183928       1.00000000
        4.040000       1.00000000        1.50017723      -0.22111409       1.00000000
        4.050000       1.00000000        1.50017723      -0.24030046       1.00000000
        4.060000       1.00000000        1.50017723      -0.25939071       1.00000000
        4.070000       1.00000000        1.50017723      -0.27837721       1.00000000
        4.080000       1.00000000        1.50017723      -0.29725237       1.00000000
        4.090000       1.00000000        1.50017723      -0.31600863       1.00000000
        4.100000       1.00000000        1.50017723      -0.33463849       1.00000000
        4.110000       1.00000000        1.50017723      -0.35313450       1.00000000
        4.120000       1.00000000        1.50017723      -0.37148926       1.00000000
        4.130000       1.00000000        1.50017723      -0.38969544       1.00000000
        4.140000       1.00000000        1.50017723      -0.40774574       1.00000000
        4.150000       1.00000000        1.50017723      -0.42563295       1.00000000
        4.160000       1.00000000        1.50017723      -0.44334991       1.00000000
        4.170000       1.00000000        1.50017723      -0.46088954       1.00000000
        4.180000       1.00000000        1.50017723      -0.47824482       1.00000000
        4.190000       1.00000000        1.50017723      -0.49540881       1.00000000
        4.200000       1.00000000        1.50017723      -0.51237464       1.00000000
        4.210000       1.00000000        1.50017723      -0.52913553       1.00000000
        4.220000       1.00000000        1.50017723      -0.54568477       1.00000000
        4.230000       1.00000000        1.50017723      -0.56201575       1.00000000
        4.240000       1.00000000        1.50017723      -0.57812194       1.00000000
        4.250000       1.00000000        1.50017723      -0.59399688       1.00000000
        4.260000       1.00000000        1.50017723      -0.60963423       1.00000000
        4.270000       1.00000000        1.50017723      -0.62502773       1.00000000
        4.280000       1.00000000        1.50017723      -0.64017124       1.00000000
        4.290000       1.00000000        1.50017723      -0.65505868       1.00000000
        4.300000       1.00000000        1.50017723      -0.66968412       1.00000000
        4.310000       1.00000000        1.50017723      -0.68404168       1.00000000
        4.320000       1.00000000        1.50017723      -0.69812565       1.00000000
        4.330000       1.00000000        1.50017723      -0.71193037       1.00000000
        4.340000       1.00000000        1.50017723      -0.72545033       1.00000000
        4.350000       1.00000000        1.50017723      -0.73868012       1.00000000
        4.360000       1.00000000        1.50017723      -0.75161445       1.00000000
        4.370000       1.00000000        1.50017723      -0.76424814       1.00000000
        4.380000       1.00000000        1.50017723      -0.77657615       1.00000000
        4.390000       1.00000000        1.50017723      -0.78859353       1.00000000
        4.400000       1.00000000        1.50017723      -0.80029550       1.00000000
        4.410000       1.00000000        1.50017723      -0.81167735       1.00000000
        4.420000       1.00000000        1.50017723      -0.82273455       1.00000000
        4.430000       1.00000000        1.50017723      -0.83346266       1.00000000
        4.440000       1.00000000        1.50017723      -0.84385740       1.00000000
        4.450000       1.00000000        1.50017723      -0.85391461       1.00000000
        4.460000       1.00000000        1.50017723      -0.86363027       1.00000000
        4.470000       1.00000000        1.50017723      -0.87300048       1.00000000
        4.480000       1.00000000        1.50017723      -0.88202151       1.00000000
        4.490000       1.00000000        1.50017723      -0.89068975       1.00000000
        4.500000       1.00000000        1.50017723      -0.89900172       1.00000000
        4.510000       1.00000000        1.50017723      -0.90695410       1.00000000
        4.520000       1.00000000        1.50017723      -0.91454372       1.00000000
        4.530000       1.00000000        1.50017723      -0.92176753       1.00000000
        4.540000       1.00000000        1.50017723      -0.92862264       1.00000000
        4.550000       1.00000000        1.50017723      -0.93510632       1.00000000
        4.560000       1.00000000        1.50017723      -0.94121598       1.00000000
        4.570000       1.00000000        1.50017723      -0.94694916       1.00000000
        4.580000       1.00000000        1.50017723      -0.95230357       1.00000000
        4.590000       1.00000000        1.50017723      -0.95727707       1.00000000
        4.600000       1.00000000        1.50017723      -0.96186768       1.00000000
        4.610000       1.00000000        1.50017723      -0.96607356       1.00000000
        4.620000       1.00000000        1.50017723      -0.96989302       1.00000000
        4.630000       1.00000000        1.50017723      -0.97332453       1.00000000
        4.640000       1.00000000        1.50017723      -0.97636674       1.00000000
        4.650000       1.00000000        1.50017723      -0.97901840       1.00000000
        4.660000       1.00000000        1.50017723      -0.98127848       1.00000000
        4.670000       1.00000000        1.50017723      -0.98314606       1.00000000
        4.680000       1.00000000        1.50017723      -0.98462039       1.00000000
        4.690000       1.00000000        1.50017723      -0.98570089       1.00000000
        4.700000       1.00000000        1.50017723      -0.98638712       1.00000000
        4.710000       1.00000000        1.50017723      -0.98667882       1.00000000
        4.720000       1.00000000        1.50017723      -0.98657585       1.00000000
        4.730000       1.00000000        1.50017723      -0.98607827       1.00000000
        4.740000       1.00000000        1.50017723      -0.98518627       1.00000000
        4.750000       1.00000000        1.50017723      -0.98390021       1.00000000
        4.760000       1.00000000        1.50017723      -0.98222061       1.00000000
        4.770000       1.00000000        1.50017723      -0.98014813       1.00000000
        4.780000       1.00000000        1.50017723      -0.97768361       1.00000000
        4.790000       1.00000000        1.50017723      -0.97482803       1.00000000
        4.800000       1.00000000        1.50017723      -0.97158253       1.00000000
        4.810000       1.00000000        1.50017723      -0.96794841       1.00000000
        4.820000       1.00000000        1.50017723      -0.96392712       1.00000000
        4.830000       1.00000000        1.50017723      -0.95952028       1.00000000
        4.840000       1.00000000        1.50017723      -0.95472965       1.00000000
        4.850000       1.00000000        1.50017723      -0.94955713       1.00000000
        4.860000       1.00000000        1.50017723      -0.94400481       1.00000000
        4.870000       1.00000000        1.50017723      -0.93807490       1.00000000
        4.880000       1.00000000        1.50017723      -0.93176977       1.00000000
        4.890000       1.00000000        1.50017723      -0.92509195       1.00000000
        4.900000       1.00000000        1.50017723      -0.91804411       1.00000000
        4.910000       1.00000000        1.50017723      -0.91062906       1.00000000
        4.920000       1.00000000        1.50017723      -0.90284977       1.00000000
        4.930000       1.00000000        1.50017723      -0.89470936       1.00000000
        4.940000       1.00000000        1.50017723      -0.88621107       1.00000000
        4.950000       1.00000000        1.50017723      -0.87735831       1.00000000
        4.960000       1.00000000        1.50017723      -0.86815463       1.00000000
        4.970000       1.00000000        1.50017723      -0.85860369       1.00000000
        4.980000       1.00000000        1.50017723      -0.84870932       1.00000000
        4.990000       1.00000000        1.50017723      -0.83847549       1.00000000
        5.000000       1.00000000        1.50017723      -0.82790627       1.00000000
        5.010000       1.00000000        1.50017723      -0.81700590       1.00000000
        5.020000       1.00000000        1.50017723      -0.80577875       1.00000000
        5.030000       1.00000000        1.50017723      -0.79422929       1.00000000
        5.040000       1.00000000        1.50017723      -0.78236216       1.00000000
        5.050000       1.00000000        1.50017723      -0.77018209       1.00000000
        5.060000       1.00000000        1.50017723      -0.75769395       1.00000000
        5.070000       1.00000000        1.50017723      -0.74490276       1.00000000
        5.080000       1.00000000        1.50017723      -0.73181361       1.00000000
        5.090000       1.00000000        1.50017723      -0.71843175       1.00000000
        5.100000       1.00000000        1.50017723      -0.70476252       1.00000000
        5.110000       1.00000000        1.50017723      -0.69081140       1.00000000
        5.120000       1.00000000        1.50017723      -0.67658397       1.00000000
        5.130000       1.00000000        1.50017723      -0.66208591       1.00000000
        5.140000       1.00000000        1.50017723      -0.64732303       1.00000000
        5.150000       1.00000000        1.50017723      -0.63230123       1.00000000
        5.160000       1.00000000        1.50017723      -0.61702652       1.00000000
        5.170000       1.00000000        1.50017723      -0.60150500       1.00000000
        5.180000       1.00000000        1.50017723      -0.58574289       1.00000000
        5.190000       1.00000000        1.50017723      -0.56974650       1.00000000
        5.200000       1.00000000        1.50017723      -0.55352221       1.00000000
        5.210000       1.00000000        1.50017723      -0.53707653       1.00000000
        5.220000       1.00000000        1.50017723      -0.52041602       1.00000000
        5.230000       1.00000000        1.50017723      -0.50354735       1.00000000
        5.240000       1.00000000        1.50017723      -0.48647727       1.00000000
        5.250000       1.00000000        1.50017723      -0.46921261       1.00000000
        5.260000       1.00000000        1.50017723      -0.45176027       1.00000000
        5.270000       1.00000000        1.50017723      -0.43412723       1.00000000
        5.280000       1.00000000        1.50017723      -0.41632055       1.00000000
        5.290000       1.00000000        1.50017723      -0.39834735       1.00000000
        5.300000       1.00000000        1.50017723      -0.38021481       1.00000000
        5.310000       1.00000000        1.50017723      -0.36193019       1.00000000
        5.320000       1.00000000        1.50017723      -0.34350081       1.00000000
        5.330000       1.00000000        1.50017723      -0.32493403       1.00000000
        5.340000       1.00000000        1.50017723      -0.30623729       1.00000000
        5.350000       1.00000000        1.50017723      -0.28741805       1.00000000
        5.360000       1.00000000        1.50017723      -0.26848385       1.00000000
        5.370000       1.00000000        1.50017723      -0.24944226       1.00000000
        5.380000       1.00000000        1.50017723      -0.23030090       1.00000000
        5.390000       1.00000000        1.50017723      -0.21106743       1.00000000
        5.400000       1.00000000        1.50017723      -0.19174953       1.00000000
        5.410000       1.00000000        1.50017723      -0.17235493       1.00000000
        5.420000       1.00000000        1.50017723      -0.15289139       1.00000000
        5.430000       1.00000000        1.50017723      -0.13336670       1.00000000
        5.440000       1.00000000        1.50017723      -0.11378867       1.00000000
        5.450000       1.00000000        1.50017723      -0.09416512       1.00000000
        5.460000       1.00000000        1.50017723      -0.07450391       1.00000000
        5.470000       1.00000000        1.50017723      -0.05481290       1.00000000
        5.480000       1.00000000        1.50017723      -0.03509997       1.00000000
        5.490000       1.00000000        1.50017723      -0.01537299       1.00000000
        5.500000       1.00000000        1.50017723       0.00436013       1.00000000
        5.510000       1.00000000        1.50017723       0.02409151       1.00000000
        5.520000       1.00000000        1.50017723       0.04381325       1.00000000
        5.530000       1.00000000        1.50017723       0.06351746       1.00000000
        5.540000       1.00000000        1.50017723       0.08319627       1.00000000
        5.550000       1.00000000        1.50017723       0.10284180       1.00000000
        5.560000       1.00000000        1.50017723       0.12244619       1.00000000
        5.570000       1.00000000        1.50017723       0.14200161       1.00000000
        5.580000       1.00000000        1.50017723       0.16150022       1.00000000
        5.590000       1.00000000        1.50017723       0.18093424       1.00000000
        5.600000       1.00000000        1.50017723       0.20029589       1.00000000
        5.610000       1.00000000        1.50017723       0.21957742       1.00000000
        5.620000       1.00000000        1.50017723       0.23877112       1.00000000
        5.630000       1.00000000        1.50017723       0.25786931       1.00000000
        5.640000       1.00000000        1.50017723       0.27686437       1.00000000
        5.650000       1.00000000        1.50017723       0.29574867       1.00000000
        5.660000       1.00000000        1.50017723       0.31451468       1.00000000
        5.670000       1.00000000        1.50017723       0.33315489       1.00000000
        5.680000       1.00000000        1.50017723       0.35166185       1.00000000
        5.690000       1.00000000        1.50017723       0.37002814       1.00000000
        5.700000       1.00000000        1.50017723       0.38824642       1.00000000
        5.710000       1.00000000        1.50017723       0.40630941       1.00000000
        5.720000       1.00000000        1.50017723       0.42420988       1.00000000
        5.730000       1.00000000        1.50017723       0.44194067       1.00000000
        5.740000       1.00000000        1.50017723       0.45949469       1.00000000
        5.750000       1.00000000        1.50017723       0.47686492       1.00000000
        5.760000       1.00000000        1.50017723       0.49404441       1.00000000
        5.770000       1.00000000        1.50017723       0.51102629       1.00000000
        5.780000       1.00000000        1.50017723       0.52780376       1.00000000
        5.790000       1.00000000        1.50017723       0.54437012       1.00000000
        5.800000       1.00000000        1.50017723       0.56071873       1.00000000
        5.810000       1.00000000        1.50017723       0.57684307       1.00000000
        5.820000       1.00000000        1.50017723       0.59273668       1.00000000
        5.830000       1.00000000        1.50017723       0.60839319       1.00000000
        5.840000       1.00000000        1.50017723       0.62380636       1.00000000
        5.850000       1.00000000        1.50017723       0.63897002       1.00000000
        5.860000       1.00000000        1.50017723       0.65387809       1.00000000
        5.870000       1.00000000        1.50017723       0.66852462       1.00000000
        5.880000       1.00000000        1.50017723       0.68290375       1.00000000
        5.890000       1.00000000        1.50017723       0.69700973       1.00000000
        5.900000       1.00000000        1.50017723       0.71083691       1.00000000
        5.910000       1.00000000        1.50017723       0.72437977       1.00000000
        5.920000       1.00000000        1.50017723       0.73763288       1.00000000
        5.930000       1.00000000        1.50017723       0.75059095       1.00000000
        5.940000       1.00000000        1.50017723       0.76324879       1.00000000
        5.950000       1.00000000        1.50017723       0.77560135       1.00000000
        5.960000       1.00000000        1.50017723       0.78764367       1.00000000
        5.970000       1.00000000        1.50017723       0.79937094       1.00000000
        5.980000       1.00000000        1.50017723       0.81077848       1.00000000
        5.990000       1.00000000        1.50017723       0.82186172       1.00000000
        6.000000       1.00000000        1.50017723       0.83261622       1.00000000
        6.010000       1.00000000        1.50017723       0.84303769       1.00000000
        6.020000       1.00000000        1.50017723       0.85312195       1.00000000
        6.030000       1.00000000        1.50017723       0.86286497       1.00000000
        6.040000       1.00000000        1.50017723       0.87226286       1.00000000
        6.050000       1.00000000        1.50017723       0.88131186       1.00000000
        6.060000       1.00000000        1.50017723       0.89000834       1.00000000
        6.070000       1.00000000        1.50017723       0.89834883       1.00000000
        6.080000       1.00000000        1.50017723       0.90632999       1.00000000
        6.090000       1.00000000        1.50017723       0.91394863       1.00000000
        6.100000       1.00000000        1.50017723       0.92120171       1.00000000
        6.110000       1.00000000        1.50017723       0.92808631       1.00000000
        6.120000       1.00000000        1.50017723       0.93459969       1.00000000
        6.130000       1.00000000        1.50017723       0.94073925       1.00000000
        6.140000       1.00000000        1.50017723       0.94650252       1.00000000
        6.150000       1.00000000        1.50017723       0.95188720       1.00000000
        6.160000       1.00000000        1.50017723       0.95689114       1.00000000
        6.170000       1.00000000        1.50017723       0.96151234       1.00000000
        6.180000       1.00000000        1.50017723       0.96574894       1.00000000
        6.190000       1.00000000        1.50017723       0.96959926       1.00000000
        6.200000       1.00000000        1.50017723       0.97306175       1.00000000
        6.210000       1.00000000        1.50017723       0.97613503       1.00000000
        6.220000       1.00000000        1.50017723       0.97881786       1.00000000
        6.230000       1.00000000        1.50017723       0.98110918       1.00000000
        6.240000       1.00000000        1.50017723       0.98300807       1.00000000
        6.250000       1.00000000        1.50017723       0.98451377       1.00000000
        6.260000       1.00000000        1.50017723       0.98562568       1.00000000
        6.270000       1.00000000        1.50017723       0.98634335       1.00000000
        6.280000       1.00000000        1.50017723       0.98666650       1.00000000
        6.290000       1.00000000        1.50017723       0.98659499       1.00000000
        6.300000       1.00000000        1.50017723       0.98612885       1.00000000
        6.310000       1.00000000        1.50017723       0.98526828       1.00000000
        6.320000       1.00000000        1.50017723       0.98401361       1.00000000
        6.330000       1.00000000        1.50017723       0.98236536       1.00000000
        6.340000       1.00000000        1.50017723       0.98032416       1.00000000
        6.350000       1.00000000        1.50017723       0.97789085       1.00000000
        6.360000       1.00000000        1.50017723       0.97506640       1.00000000
        6.370000       1.00000000        1.50017723       0.97185193       1.00000000
        6.380000       1.00000000        1.50017723       0.96824874       1.00000000
        6.390000       1.00000000        1.50017723       0.96425825       1.00000000
        6.400000       1.00000000        1.50017723       0.95988208       1.00000000
        6.410000       1.00000000        1.50017723       0.95512197       1.00000000
        6.420000       1.00000000        1.50017723       0.94997981       1.00000000
        6.430000       1.00000000        1.50017723       0.94445768       1.00000000
        6.440000       1.00000000        1.50017723       0.93855778       1.00000000
        6.450000       1.00000000        1.50017723       0.93228247       1.00000000
        6.460000       1.00000000        1.50017723       0.92563426       1.00000000
        6.470000       1.00000000        1.50017723       0.91861581       1.00000000
        6.480000       1.00000000        1.50017723       0.91122992       1.00000000
        6.490000       1.00000000        1.50017723       0.90347955       1.00000000
        6.500000       1.00000000        1.50017723       0.89536780       1.00000000
        6.510000       1.00000000        1.50017723       0.88689791       1.00000000
        6.520000       1.00000000        1.50017723       0.87807328       1.00000000
        6.530000       1.00000000        1.50017723       0.86889743       1.00000000
        6.540000       1.00000000        1.50017723       0.85937403       1.00000000
        6.550000       1.00000000        1.50017723       0.84950690       1.00000000
        6.560000       1.00000000        1.50017723       0.83929997       1.00000000
        6.570000       1.00000000        1.50017723       0.82875733       1.00000000
        6.580000       1.00000000        1.50017723       0.81788320       1.00000000
        6.590000       1.00000000        1.50017723       0.80668193       1.00000000
        6.600000       1.00000000        1.50017723       0.79515799       1.00000000
        6.610000       1.00000000        1.50017723       0.78331600       1.00000000
        6.620000       1.00000000        1.50017723       0.77116070       1.00000000
        6.630000       1.00000000        1.50017723       0.75869694       1.00000000
        6.640000       1.00000000        1.50017723       0.74592971       1.00000000
        6.650000       1.00000000        1.50017723       0.73286412       1.00000000
        6.660000       1.00000000        1.50017723       0.71950539       1.00000000
        6.670000       1.00000000        1.50017723       0.70585887       1.00000000
        6.680000       1.00000000        1.50017723       0.69193002       1.00000000
        6.690000       1.00000000        1.50017723       0.67772440       1.00000000
        6.700000       1.00000000        1.50017723       0.66324770       1.00000000
        6.710000       1.00000000        1.50017723       0.64850571       1.00000000
        6.720000       1.00000000        1.50017723       0.63350433       1.00000000
        6.730000       1.00000000        1.50017723       0.61824955       1.00000000
        6.740000       1.00000000        1.50017723       0.60274748       1.00000000
        6.750000       1.00000000        1.50017723       0.58700432       1.00000000
        6.760000       1.00000000        1.50017723       0.57102636       1.00000000
        6.770000       1.00000000        1.50017723       0.55482000       1.00000000
        6.780000       1.00000000        1.50017723       0.53839172       1.00000000
        6.790000       1.00000000        1.50017723       0.52174809       1.00000000
        6.800000       1.00000000        1.50017723       0.50489577       1.00000000
        6.810000       1.00000000        1.50017723       0.48784150       1.00000000
        6.820000       1.00000000        1.50017723       0.47059209       1.00000000
        6.830000       1.00000000        1.50017723       0.45315445       1.00000000
        6.840000       1.00000000        1.50017723       0.43553556       1.00000000
        6.850000       1.00000000        1.50017723       0.41774246       1.00000000
        6.860000       1.00000000        1.50017723       0.39978226       1.00000000
        6.870000       1.00000000        1.50017723       0.38166216       1.00000000
        6.880000       1.00000000        1.50017723       0.36338940       1.00000000
        6.890000       1.00000000        1.50017723       0.34497129       1.00000000
        6.900000       1.00000000        1.50017723       0.32641519       1.00000000
        6.910000       1.00000000        1.50017723       0.30772853       1.00000000
        6.920000       1.00000000        1.50017723       0.28891878       1.00000000
        6.930000       1.00000000        1.50017723       0.26999346       1.00000000
        6.940000       1.00000000        1.50017723       0.25096016       1.00000000
        6.950000       1.00000000        1.50017723       0.23182647       1.00000000
        6.960000       1.00000000        1.50017723       0.21260005       1.00000000
        6.970000       1.00000000        1.50017723       0.19328860       1.00000000
        6.980000       1.00000000        1.50017723       0.17389983       1.00000000
        6.990000       1.00000000        1.50017723       0.15444150       1.00000000
        7.000000       1.00000000        1.50017723       0.13492140       1.00000000
        7.010000       1.00000000        1.50017723       0.11534733       1.00000000
        7.020000       1.00000000        1.50017723       0.09572712       1.00000000
        7.030000       1.00000000        1.50017723       0.07606863       1.00000000
        7.040000       1.00000000        1.50017723       0.05637970       1.00000000
        7.050000       1.00000000        1.50017723       0.03666823       1.00000000
        7.060000       1.00000000        1.50017723       0.01694208       1.00000000
        7.070000       1.00000000        1.50017723      -0.00279084       1.00000000
        7.080000       1.00000000        1.50017723      -0.02252264       1.00000000
        7.090000       1.00000000        1.50017723      -0.04224544       1.00000000
        7.100000       1.00000000        1.50017723      -0.06195134       1.00000000
        7.110000       1.00000000        1.50017723      -0.08163246       1.00000000
        7.120000       1.00000000        1.50017723      -0.10128093       1.00000000
        7.130000       1.00000000        1.50017723      -0.12088889       1.00000000
        7.140000       1.00000000        1.50017723      -0.14044850       1.00000000
        7.150000       1.00000000        1.50017723      -0.15995193       1.00000000
        7.160000       1.00000000        1.50017723      -0.17939138       1.00000000
        7.170000       1.00000000        1.50017723      -0.19875908       1.00000000
        7.180000       1.00000000        1.50017723      -0.21804728       1.00000000
        7.190000       1.00000000        1.50017723      -0.23724826       1.00000000
        7.200000       1.00000000        1.50017723      -0.25635435       1.00000000
        7.210000       1.00000000        1.50017723      -0.27535790       1.00000000
        7.220000       1.00000000        1.50017723      -0.29425132       1.00000000
        7.230000       1.00000000        1.50017723      -0.31302703       1.00000000
        7.240000       1.00000000        1.50017723      -0.33167754       1.00000000
        7.250000       1.00000000        1.50017723      -0.35019539       1.00000000
        7.260000       1.00000000        1.50017723      -0.36857316       1.00000000
        7.270000       1.00000000        1.50017723      -0.38680351       1.00000000
        7.280000       1.00000000        1.50017723      -0.40487914       1.00000000
        7.290000       1.00000000        1.50017723      -0.42279283       1.00000000
        7.300000       1.00000000        1.50017723      -0.44053740       1.00000000
        7.310000       1.00000000        1.50017723      -0.45810577       1.00000000
        7.320000       1.00000000        1.50017723      -0.47549091       1.00000000
        7.330000       1.00000000        1.50017723      -0.49268585       1.00000000
        7.340000       1.00000000        1.50017723      -0.50968373       1.00000000
        7.350000       1.00000000        1.50017723      -0.52647774       1.00000000
        7.360000       1.00000000        1.50017723      -0.54306117       1.00000000
        7.370000       1.00000000        1.50017723      -0.55942738       1.00000000
        7.380000       1.00000000        1.50017723      -0.57556983       1.00000000
        7.390000       1.00000000        1.50017723      -0.59148206       1.00000000
        7.400000       1.00000000        1.50017723      -0.60715771       1.00000000
        7.410000       1.00000000        1.50017723      -0.62259050       1.00000000
        7.420000       1.00000000        1.50017723      -0.63777426       1.00000000
        7.430000       1.00000000        1.50017723      -0.65270293       1.00000000
        7.440000       1.00000000        1.50017723      -0.66737052       1.00000000
        7.450000       1.00000000        1.50017723      -0.68177118       1.00000000
        7.460000       1.00000000        1.50017723      -0.69589913       1.00000000
        7.470000       1.00000000        1.50017723      -0.70974874       1.00000000
        7.480000       1.00000000        1.50017723      -0.72331446       1.00000000
        7.490000       1.00000000        1.50017723      -0.73659086       1.00000000
        7.500000       1.00000000        1.50017723      -0.74957264       1.00000000
        7.510000       1.00000000        1.50017723      -0.76225460       1.00000000
        7.520000       1.00000000        1.50017723      -0.77463167       1.00000000
        7.530000       1.00000000        1.50017723      -0.78669889       1.00000000
        7.540000       1.00000000        1.50017723      -0.79845145       1.00000000
        7.550000       1.00000000        1.50017723      -0.80988464       1.00000000
        7.560000       1.00000000        1.50017723      -0.82099389       1.00000000
        7.570000       1.00000000        1.50017723      -0.83177475       1.00000000
        7.580000       1.00000000        1.50017723      -0.84222292       1.00000000
        7.590000       1.00000000        1.50017723      -0.85233421       1.00000000
        7.600000       1.00000000        1.50017723      -0.86210457       1.00000000
        7.610000       1.00000000        1.50017723      -0.87153011       1.00000000
        7.620000       1.00000000        1.50017723      -0.88060705       1.00000000
        7.630000       1.00000000        1.50017723      -0.88933176       1.00000000
        7.640000       1.00000000        1.50017723      -0.89770074       1.00000000
        7.650000       1.00000000        1.50017723      -0.90571066       1.00000000
        7.660000       1.00000000        1.50017723      -0.91335831       1.00000000
        7.670000       1.00000000        1.50017723      -0.92064063       1.00000000
        7.680000       1.00000000        1.50017723      -0.92755471       1.00000000
        7.690000       1.00000000        1.50017723      -0.93409778       1.00000000
        7.700000       1.00000000        1.50017723      -0.94026722       1.00000000
        7.710000       1.00000000        1.50017723      -0.94606057       1.00000000
        7.720000       1.00000000        1.50017723      -0.95147551       1.00000000
        7.730000       1.00000000        1.50017723      -0.95650987       1.00000000
        7.740000       1.00000000        1.50017723      -0.96116164       1.00000000
        7.750000       1.00000000        1.50017723      -0.96542896       1.00000000
        7.760000       1.00000000        1.50017723      -0.96931013       1.00000000
        7.770000       1.00000000        1.50017723      -0.97280358       1.00000000
        7.780000       1.00000000        1.50017723      -0.97590793       1.00000000
        7.790000       1.00000000        1.50017723      -0.97862192       1.00000000
        7.800000       1.00000000        1.50017723      -0.98094448       1.00000000
        7.810000       1.00000000        1.50017723      -0.98287468       1.00000000
        7.820000       1.00000000        1.50017723      -0.98441175       1.00000000
        7.830000       1.00000000        1.50017723      -0.98555506       1.00000000
        7.840000       1.00000000        1.50017723      -0.98630416       1.00000000
        7.850000       1.00000000        1.50017723      -0.98665876       1.00000000
        7.860000       1.00000000        1.50017723      -0.98661871       1.00000000
        7.870000       1.00000000        1.50017723      -0.98618402       1.00000000
        7.880000       1.00000000        1.50017723      -0.98535488       1.00000000
        7.890000       1.00000000        1.50017723      -0.98413160       1.00000000
        7.900000       1.00000000        1.50017723      -0.98251469       1.00000000
        7.910000       1.00000000        1.50017723      -0.98050479       1.00000000
        7.920000       1.00000000        1.50017723      -0.97810270       1.00000000
        7.930000       1.00000000        1.50017723      -0.97530938       1.00000000
        7.940000       1.00000000        1.50017723      -0.97212596       1.00000000
        7.950000       1.00000000        1.50017723      -0.96855369       1.00000000
        7.960000       1.00000000        1.50017723      -0.96459402       1.00000000
        7.970000       1.00000000        1.50017723      -0.96024853       1.00000000
        7.980000       1.00000000        1.50017723      -0.95551895       1.00000000
        7.990000       1.00000000        1.50017723      -0.95040717       1.00000000
        8.000000       1.00000000        1.50017723      -0.94491525       1.00000000
        8.010000       1.00000000        1.50017723      -0.93904537       1.00000000
        8.020000       1.00000000        1.50017723      -0.93279989       1.00000000
        8.030000       1.00000000        1.50017723      -0.92618131       1.00000000
        8.040000       1.00000000        1.50017723      -0.91919226       1.00000000
        8.050000       1.00000000        1.50017723      -0.91183555       1.00000000
        8.060000       1.00000000        1.50017723      -0.90411412       1.00000000
        8.070000       1.00000000        1.50017723      -0.89603106       1.00000000
        8.080000       1.00000000        1.50017723      -0.88758959       1.00000000
        8.090000       1.00000000        1.50017723      -0.87879311       1.00000000
        8.100000       1.00000000        1.50017723      -0.86964512       1.00000000
        8.110000       1.00000000        1.50017723      -0.86014928       1.00000000
        8.120000       1.00000000        1.50017723      -0.85030940       1.00000000
        8.130000       1.00000000        1.50017723      -0.84012941       1.00000000
        8.140000       1.00000000        1.50017723      -0.82961337       1.00000000
        8.150000       1.00000000        1.50017723      -0.81876551       1.00000000
        8.160000       1.00000000        1.50017723      -0.80759014       1.00000000
        8.170000       1.00000000        1.50017723      -0.79609176       1.00000000
        8.180000       1.00000000        1.50017723      -0.78427495       1.00000000
        8.190000       1.00000000        1.50017723      -0.77214444       1.00000000
        8.200000       1.00000000        1.50017723      -0.75970508       1.00000000
        8.210000       1.00000000        1.50017723      -0.74696186       1.00000000
        8.220000       1.00000000        1.50017723      -0.73391986       1.00000000
        8.230000       1.00000000        1.50017723      -0.72058430       1.00000000
        8.240000       1.00000000        1.50017723      -0.70696052       1.00000000
        8.250000       1.00000000        1.50017723      -0.69305396       1.00000000
        8.260000       1.00000000        1.50017723      -0.67887020       1.00000000
        8.270000       1.00000000        1.50017723      -0.66441489       1.00000000
        8.280000       1.00000000        1.50017723      -0.64969383       1.00000000
        8.290000       1.00000000        1.50017723      -0.63471291       1.00000000
        8.300000       1.00000000        1.50017723      -0.61947810       1.00000000
        8.310000       1.00000000        1.50017723      -0.60399552       1.00000000
        8.320000       1.00000000        1.50017723      -0.58827134       1.00000000
        8.330000       1.00000000        1.50017723      -0.57231187       1.00000000
        8.340000       1.00000000        1.50017723      -0.55612348       1.00000000
        8.350000       1.00000000        1.50017723      -0.53971264       1.00000000
        8.360000       1.00000000        1.50017723      -0.52308593       1.00000000
        8.370000       1.00000000        1.50017723      -0.50625000       1.00000000
        8.380000       1.00000000        1.50017723      -0.48921157       1.00000000
        8.390000       1.00000000        1.50017723      -0.47197747       1.00000000
        8.400000       1.00000000        1.50017723      -0.45455458       1.00000000
        8.410000       1.00000000        1.50017723      -0.43694987       1.00000000
        8.420000       1.00000000        1.50017723      -0.41917040       1.00000000
        8.430000       1.00000000        1.50017723      -0.40122326       1.00000000
        8.440000       1.00000000        1.50017723      -0.38311563       1.00000000
        8.450000       1.00000000        1.50017723      -0.36485477       1.00000000
        8.460000       1.00000000        1.50017723      -0.34644797       1.00000000
        8.470000       1.00000000        1.50017723      -0.32790260       1.00000000
        8.480000       1.00000000        1.50017723      -0.30922607       1.00000000
        8.490000       1.00000000        1.50017723      -0.29042586       1.00000000
        8.500000       1.00000000        1.50017723      -0.27150948       1.00000000
        8.510000       1.00000000        1.50017723      -0.25248450       1.00000000
        8.520000       1.00000000        1.50017723      -0.23335853       1.00000000
        8.530000       1.00000000        1.50017723      -0.21413923       1.00000000
        8.540000       1.00000000        1.50017723      -0.19483427       1.00000000
        8.550000       1.00000000        1.50017723      -0.17545138       1.00000000
        8.560000       1.00000000        1.50017723      -0.15599831       1.00000000
        8.570000       1.00000000        1.50017723      -0.13648285       1.00000000
        8.580000       1.00000000        1.50017723      -0.11691279       1.00000000
        8.590000       1.00000000        1.50017723      -0.09729597       1.00000000
        8.600000       1.00000000        1.50017723      -0.07764024       1.00000000
        8.610000       1.00000000        1.50017723      -0.05795345       1.00000000
        8.620000       1.00000000        1.50017723      -0.03824348       1.00000000
        8.630000       1.00000000        1.50017723      -0.01851822       1.00000000
        8.640000       1.00000000        1.50017723       0.00121445       1.00000000
        8.650000       1.00000000        1.50017723       0.02094663       1.00000000
        8.660000       1.00000000        1.50017723       0.04067044       1.00000000
        8.670000       1.00000000        1.50017723       0.06037798       1.00000000
        8.680000       1.00000000        1.50017723       0.08006136       1.00000000
        8.690000       1.00000000        1.50017723       0.09971272       1.00000000
        8.700000       1.00000000        1.50017723       0.11932420       1.00000000
        8.710000       1.00000000        1.50017723       0.13888795       1.00000000
        8.720000       1.00000000        1.50017723       0.15839614       1.00000000
        8.730000       1.00000000        1.50017723       0.17784098       1.00000000
        8.740000       1.00000000        1.50017723       0.19721468       1.00000000
        8.750000       1.00000000        1.50017723       0.21650950       1.00000000
        8.760000       1.00000000        1.50017723       0.23571772       1.00000000
        8.770000       1.00000000        1.50017723       0.25483165       1.00000000
        8.780000       1.00000000        1.50017723       0.27384365       1.00000000
        8.790000       1.00000000        1.50017723       0.29274612       1.00000000
        8.800000       1.00000000        1.50017723       0.31153149       1.00000000
        8.810000       1.00000000        1.50017723       0.33019226       1.00000000
        8.820000       1.00000000        1.50017723       0.34872095       1.00000000
        8.830000       1.00000000        1.50017723       0.36711015       1.00000000
        8.840000       1.00000000        1.50017723       0.38535252       1.00000000
        8.850000       1.00000000        1.50017723       0.40344075       1.00000000
        8.860000       1.00000000        1.50017723       0.42136761       1.00000000
        8.870000       1.00000000        1.50017723       0.43912593       1.00000000
        8.880000       1.00000000        1.50017723       0.45670860       1.00000000
        8.890000       1.00000000        1.50017723       0.47410859       1.00000000
        8.900000       1.00000000        1.50017723       0.49131895       1.00000000
        8.910000       1.00000000        1.50017723       0.50833278       1.00000000
        8.920000       1.00000000        1.50017723       0.52514329       1.00000000
        8.930000       1.00000000        1.50017723       0.54174375       1.00000000
        8.940000       1.00000000        1.50017723       0.55812751       1.00000000
        8.950000       1.00000000        1.50017723       0.57428804       1.00000000
        8.960000       1.00000000        1.50017723       0.59021885       1.00000000
        8.970000       1.00000000        1.50017723       0.60591358       1.00000000
        8.980000       1.00000000        1.50017723       0.62136596       1.00000000
        8.990000       1.00000000        1.50017723       0.63656980       1.00000000
        9.000000       1.00000000        1.50017723       0.65151902       1.00000000
        9.010000       1.00000000        1.50017723       0.66620763       1.00000000
        9.020000       1.00000000        1.50017723       0.68062978       1.00000000
        9.030000       1.00000000        1.50017723       0.69477968       1.00000000
        9.040000       1.00000000        1.50017723       0.70865167       1.00000000
        9.050000       1.00000000        1.50017723       0.72224022       1.00000000
        9.060000       1.00000000        1.50017723       0.73553988       1.00000000
        9.070000       1.00000000        1.50017723       0.74854533       1.00000000
        9.080000       1.00000000        1.50017723       0.76125137       1.00000000
        9.090000       1.00000000        1.50017723       0.77365293       1.00000000
        9.100000       1.00000000        1.50017723       0.78574503       1.00000000
        9.110000       1.00000000        1.50017723       0.79752284       1.00000000
        9.120000       1.00000000        1.50017723       0.80898166       1.00000000
        9.130000       1.00000000        1.50017723       0.82011689       1.00000000
        9.140000       1.00000000        1.50017723       0.83092408       1.00000000
        9.150000       1.00000000        1.50017723       0.84139892       1.00000000
        9.160000       1.00000000        1.50017723       0.85153721       1.00000000
        9.170000       1.00000000        1.50017723       0.86133489       1.00000000
        9.180000       1.00000000        1.50017723       0.87078805       1.00000000
        9.190000       1.00000000        1.50017723       0.87989291       1.00000000
        9.200000       1.00000000        1.50017723       0.88864582       1.00000000
        9.210000       1.00000000        1.50017723       0.89704329       1.00000000
        9.220000       1.00000000        1.50017723       0.90508195       1.00000000
        9.230000       1.00000000        1.50017723       0.91275859       1.00000000
        9.240000       1.00000000        1.50017723       0.92007013       1.00000000
        9.250000       1.00000000        1.50017723       0.92701366       1.00000000
        9.260000       1.00000000        1.50017723       0.93358640       1.00000000
        9.270000       1.00000000        1.50017723       0.93978571       1.00000000
        9.280000       1.00000000        1.50017723       0.94560912       1.00000000
        9.290000       1.00000000        1.50017723       0.95105430       1.00000000
        9.300000       1.00000000        1.50017723       0.95611908       1.00000000
        9.310000       1.00000000        1.50017723       0.96080141       1.00000000
        9.320000       1.00000000        1.50017723       0.96509944       1.00000000
        9.330000       1.00000000        1.50017723       0.96901144       1.00000000
        9.340000       1.00000000        1.50017723       0.97253585       1.00000000
        9.350000       1.00000000        1.50017723       0.97567125       1.00000000
        9.360000       1.00000000        1.50017723       0.97841641       1.00000000
        9.370000       1.00000000        1.50017723       0.98077020       1.00000000
        9.380000       1.00000000        1.50017723       0.98273170       1.00000000
        9.390000       1.00000000        1.50017723       0.98430013       1.00000000
        9.400000       1.00000000        1.50017723       0.98547484       1.00000000
        9.410000       1.00000000        1.50017723       0.98625538       1.00000000
        9.420000       1.00000000        1.50017723       0.98664143       1.00000000
        9.430000       1.00000000        1.50017723       0.98663283       1.00000000
        9.440000       1.00000000        1.50017723       0.98622959       1.00000000
        9.450000       1.00000000        1.50017723       0.98543188       1.00000000
        9.460000       1.00000000        1.50017723       0.98424000       1.00000000
        9.470000       1.00000000        1.50017723       0.98265444       1.00000000
        9.480000       1.00000000        1.50017723       0.98067584       1.00000000
        9.490000       1.00000000        1.50017723       0.97830497       1.00000000
        9.500000       1.00000000        1.50017723       0.97554280       1.00000000
        9.510000       1.00000000        1.50017723       0.97239042       1.00000000
        9.520000       1.00000000        1.50017723       0.96884910       1.00000000
        9.530000       1.00000000        1.50017723       0.96492025       1.00000000
        9.540000       1.00000000        1.50017723       0.96060544       1.00000000
        9.550000       1.00000000        1.50017723       0.95590641       1.00000000
        9.560000       1.00000000        1.50017723       0.95082502       1.00000000
        9.570000       1.00000000        1.50017723       0.94536332       1.00000000
        9.580000       1.00000000        1.50017723       0.93952348       1.00000000
        9.590000       1.00000000        1.50017723       0.93330785       1.00000000
        9.600000       1.00000000        1.50017723       0.92671891       1.00000000
        9.610000       1.00000000        1.50017723       0.91975929       1.00000000
        9.620000       1.00000000        1.50017723       0.91243178       1.00000000
        9.630000       1.00000000        1.50017723       0.90473930       1.00000000
        9.640000       1.00000000        1.50017723       0.89668495       1.00000000
        9.650000       1.00000000        1.50017723       0.88827193       1.00000000
        9.660000       1.00000000        1.50017723       0.87950361       1.00000000
        9.670000       1.00000000        1.50017723       0.87038351       1.00000000
        9.680000       1.00000000        1.50017723       0.86091526       1.00000000
        9.690000       1.00000000        1.50017723       0.85110265       1.00000000
        9.700000       1.00000000        1.50017723       0.84094962       1.00000000
        9.710000       1.00000000        1.50017723       0.83046022       1.00000000
        9.720000       1.00000000        1.50017723       0.81963864       1.00000000
        9.730000       1.00000000        1.50017723       0.80848922       1.00000000
        9.740000       1.00000000        1.50017723       0.79701641       1.00000000
        9.750000       1.00000000        1.50017723       0.78522481       1.00000000
        9.760000       1.00000000        1.50017723       0.77311913       1.00000000
        9.770000       1.00000000        1.50017723       0.76070421       1.00000000
        9.780000       1.00000000        1.50017723       0.74798502       1.00000000
        9.790000       1.00000000        1.50017723       0.73496664       1.00000000
        9.800000       1.00000000        1.50017723       0.72165428       1.00000000
        9.810000       1.00000000        1.50017723       0.70805328       1.00000000
        9.820000       1.00000000        1.50017723       0.69416906       1.00000000
        9.830000       1.00000000        1.50017723       0.68000718       1.00000000
        9.840000       1.00000000        1.50017723       0.66557331       1.00000000
        9.850000       1.00000000        1.50017723       0.65087322       1.00000000
        9.860000       1.00000000        1.50017723       0.63591278       1.00000000
        9.870000       1.00000000        1.50017723       0.62069799       1.00000000
        9.880000       1.00000000        1.50017723       0.60523493       1.00000000
        9.890000       1.00000000        1.50017723       0.58952978       1.00000000
        9.900000       1.00000000        1.50017723       0.57358883       1.00000000
        9.910000       1.00000000        1.50017723       0.55741844       1.00000000
        9.920000       1.00000000        1.50017723       0.54102510       1.00000000
        9.930000       1.00000000        1.50017723       0.52441536       1.00000000
        9.940000       1.00000000        1.50017723       0.50759585       1.00000000
        9.950000       1.00000000        1.50017723       0.49057331       1.00000000
        9.960000       1.00000000        1.50017723       0.47335455       1.00000000
        9.970000       1.00000000        1.50017723       0.45594645       1.00000000
        9.980000       1.00000000        1.50017723       0.43835598       1.00000000
        9.990000       1.00000000        1.50017723       0.42059018       1.00000000
       10.000000       1.00000000        1.50017723       0.40265614       1.00000000
