        0.010000        0.014142        1.414143
        0.020000        0.028282        1.413931
        0.030000        0.042420        1.413577
        0.040000        0.056553        1.413082
        0.050000        0.070681        1.412446
        0.060000        0.084802        1.411669
        0.070000        0.098914        1.410750
        0.080000        0.113016        1.409690
        0.090000        0.127107        1.408490
        0.100000        0.141186        1.407148
        0.110000        0.155250        1.405666
        0.120000        0.169299        1.404043
        0.130000        0.183330        1.402280
        0.140000        0.197344        1.400377
        0.150000        0.211337        1.398333
        0.160000        0.225310        1.396150
        0.170000        0.239260        1.393827
        0.180000        0.253186        1.391365
        0.190000        0.267087        1.388764
        0.200000        0.280961        1.386023
        0.210000        0.294807        1.383145
        0.220000        0.308623        1.380127
        0.230000        0.322409        1.376972
        0.240000        0.336162        1.373679
        0.250000        0.349882        1.370249
        0.260000        0.363567        1.366682
        0.270000        0.377215        1.362978
        0.280000        0.390826        1.359138
        0.290000        0.404398        1.355161
        0.300000        0.417929        1.351050
        0.310000        0.431418        1.346803
        0.320000        0.444864        1.342422
        0.330000        0.458266        1.337906
        0.340000        0.471622        1.333256
        0.350000        0.484931        1.328474
        0.360000        0.498191        1.323558
        0.370000        0.511401        1.318510
        0.380000        0.524561        1.313330
        0.390000        0.537668        1.308019
        0.400000        0.550721        1.302577
        0.410000        0.563719        1.297005
        0.420000        0.576660        1.291303
        0.430000        0.589544        1.285472
        0.440000        0.602369        1.279512
        0.450000        0.615134        1.273425
        0.460000        0.627837        1.267210
        0.470000        0.640478        1.260868
        0.480000        0.653054        1.254400
        0.490000        0.665566        1.247807
        0.500000        0.678010        1.241089
        0.510000        0.690387        1.234247
        0.520000        0.702695        1.227282
        0.530000        0.714932        1.220193
        0.540000        0.727098        1.212983
        0.550000        0.739191        1.205652
        0.560000        0.751211        1.198200
        0.570000        0.763155        1.190628
        0.580000        0.775023        1.182937
        0.590000        0.786813        1.175128
        0.600000        0.798525        1.167201
        0.610000        0.810157        1.159157
        0.620000        0.821708        1.150998
        0.630000        0.833177        1.142723
        0.640000        0.844562        1.134335
        0.650000        0.855863        1.125833
        0.660000        0.867078        1.117218
        0.670000        0.878207        1.108491
        0.680000        0.889248        1.099654
        0.690000        0.900200        1.090707
        0.700000        0.911061        1.081650
        0.710000        0.921832        1.072486
        0.720000        0.932511        1.063214
        0.730000        0.943096        1.053836
        0.740000        0.953587        1.044352
        0.750000        0.963983        1.034764
        0.760000        0.974282        1.025073
        0.770000        0.984484        1.015279
        0.780000        0.994587        1.005384
        0.790000        1.004591        0.995388
        0.800000        1.014495        0.985292
        0.810000        1.024297        0.975098
        0.820000        1.033996        0.964806
        0.830000        1.043593        0.954418
        0.840000        1.053084        0.943935
        0.850000        1.062471        0.933357
        0.860000        1.071751        0.922686
        0.870000        1.080924        0.911922
        0.880000        1.089989        0.901068
        0.890000        1.098945        0.890123
        0.900000        1.107792        0.879089
        0.910000        1.116527        0.867968
        0.920000        1.125151        0.856759
        0.930000        1.133662        0.845465
        0.940000        1.142060        0.834086
        0.950000        1.150343        0.822624
        0.960000        1.158512        0.811080
        0.970000        1.166565        0.799454
        0.980000        1.174501        0.787749
        0.990000        1.182319        0.775965
        1.000000        1.190020        0.764103
        1.010000        1.197601        0.752165
        1.020000        1.205063        0.740151
        1.030000        1.212404        0.728064
        1.040000        1.219624        0.715904
        1.050000        1.226722        0.703672
        1.060000        1.233697        0.691370
        1.070000        1.240549        0.678998
        1.080000        1.247277        0.666559
        1.090000        1.253880        0.654053
        1.100000        1.260358        0.641482
        1.110000        1.266709        0.628846
        1.120000        1.272934        0.616148
        1.130000        1.279032        0.603388
        1.140000        1.285002        0.590568
        1.150000        1.290843        0.577688
        1.160000        1.296555        0.564751
        1.170000        1.302138        0.551758
        1.180000        1.307590        0.538709
        1.190000        1.312912        0.525606
        1.200000        1.318102        0.512451
        1.210000        1.323161        0.499245
        1.220000        1.328087        0.485988
        1.230000        1.332880        0.472684
        1.240000        1.337541        0.459331
        1.250000        1.342067        0.445933
        1.260000        1.346459        0.432490
        1.270000        1.350717        0.419004
        1.280000        1.354839        0.405477
        1.290000        1.358826        0.391908
        1.300000        1.362677        0.378300
        1.310000        1.366392        0.364655
        1.320000        1.369970        0.350973
        1.330000        1.373411        0.337256
        1.340000        1.376715        0.323505
        1.350000        1.379881        0.309722
        1.360000        1.382909        0.295908
        1.370000        1.385799        0.282065
        1.380000        1.388551        0.268193
        1.390000        1.391163        0.254294
        1.400000        1.393636        0.240370
        1.410000        1.395970        0.226422
        1.420000        1.398165        0.212451
        1.430000        1.400219        0.198459
        1.440000        1.402134        0.184447
        1.450000        1.403908        0.170417
        1.460000        1.405542        0.156369
        1.470000        1.407036        0.142306
        1.480000        1.408388        0.128229
        1.490000        1.409600        0.114139
        1.500000        1.410671        0.100038
        1.510000        1.411601        0.085926
        1.520000        1.412389        0.071806
        1.530000        1.413037        0.057679
        1.540000        1.413543        0.043546
        1.550000        1.413908        0.029408
        1.560000        1.414131        0.015268
        1.570000        1.414213        0.001126
        1.580000        1.414154       -0.013016
        1.590000        1.413953       -0.027156
        1.600000        1.413611       -0.041294
        1.610000        1.413127       -0.055428
        1.620000        1.412502       -0.069556
        1.630000        1.411736       -0.083678
        1.640000        1.410828       -0.097791
        1.650000        1.409780       -0.111894
        1.660000        1.408591       -0.125986
        1.670000        1.407260       -0.140065
        1.680000        1.405789       -0.154131
        1.690000        1.404178       -0.168180
        1.700000        1.402426       -0.182214
        1.710000        1.400534       -0.196229
        1.720000        1.398501       -0.210224
        1.730000        1.396329       -0.224198
        1.740000        1.394017       -0.238150
        1.750000        1.391566       -0.252078
        1.760000        1.388976       -0.265981
        1.770000        1.386247       -0.279857
        1.780000        1.383379       -0.293705
        1.790000        1.380373       -0.307524
        1.800000        1.377229       -0.321312
        1.810000        1.373947       -0.335068
        1.820000        1.370527       -0.348791
        1.830000        1.366971       -0.362478
        1.840000        1.363278       -0.376130
        1.850000        1.359448       -0.389743
        1.860000        1.355483       -0.403318
        1.870000        1.351382       -0.416853
        1.880000        1.347146       -0.430345
        1.890000        1.342775       -0.443795
        1.900000        1.338270       -0.457200
        1.910000        1.333632       -0.470560
        1.920000        1.328859       -0.483873
        1.930000        1.323954       -0.497137
        1.940000        1.318917       -0.510351
        1.950000        1.313747       -0.523515
        1.960000        1.308447       -0.536626
        1.970000        1.303015       -0.549683
        1.980000        1.297453       -0.562686
        1.990000        1.291762       -0.575632
        2.000000        1.285941       -0.588521
        2.010000        1.279991       -0.601350
        2.020000        1.273914       -0.614120
        2.030000        1.267709       -0.626828
        2.040000        1.261378       -0.639474
        2.050000        1.254920       -0.652055
        2.060000        1.248337       -0.664572
        2.070000        1.241629       -0.677022
        2.080000        1.234797       -0.689404
        2.090000        1.227841       -0.701717
        2.100000        1.220762       -0.713960
        2.110000        1.213562       -0.726132
        2.120000        1.206240       -0.738231
        2.130000        1.198797       -0.750256
        2.140000        1.191235       -0.762207
        2.150000        1.183554       -0.774081
        2.160000        1.175754       -0.785877
        2.170000        1.167836       -0.797595
        2.180000        1.159802       -0.809234
        2.190000        1.151652       -0.820791
        2.200000        1.143387       -0.832266
        2.210000        1.135007       -0.843658
        2.220000        1.126514       -0.854966
        2.230000        1.117908       -0.866188
        2.240000        1.109190       -0.877324
        2.250000        1.100362       -0.888372
        2.260000        1.091423       -0.899331
        2.270000        1.082375       -0.910200
        2.280000        1.073219       -0.920978
        2.290000        1.063956       -0.931664
        2.300000        1.054586       -0.942257
        2.310000        1.045111       -0.952755
        2.320000        1.035532       -0.963158
        2.330000        1.025848       -0.973465
        2.340000        1.016063       -0.983675
        2.350000        1.006175       -0.993786
        2.360000        0.996187       -1.003798
        2.370000        0.986100       -1.013710
        2.380000        0.975913       -1.023520
        2.390000        0.965630       -1.033228
        2.400000        0.955249       -1.042832
        2.410000        0.944773       -1.052332
        2.420000        0.934203       -1.061727
        2.430000        0.923539       -1.071016
        2.440000        0.912783       -1.080198
        2.450000        0.901935       -1.089271
        2.460000        0.890998       -1.098236
        2.470000        0.879971       -1.107091
        2.480000        0.868856       -1.115835
        2.490000        0.857655       -1.124468
        2.500000        0.846367       -1.132988
        2.510000        0.834995       -1.141395
        2.520000        0.823540       -1.149688
        2.530000        0.812002       -1.157866
        2.540000        0.800383       -1.165928
        2.550000        0.788684       -1.173873
        2.560000        0.776906       -1.181701
        2.570000        0.765050       -1.189411
        2.580000        0.753118       -1.197002
        2.590000        0.741111       -1.204473
        2.600000        0.729029       -1.211824
        2.610000        0.716875       -1.219053
        2.620000        0.704648       -1.226161
        2.630000        0.692352       -1.233146
        2.640000        0.679986       -1.240008
        2.650000        0.667552       -1.246745
        2.660000        0.655051       -1.253359
        2.670000        0.642485       -1.259846
        2.680000        0.629855       -1.266208
        2.690000        0.617162       -1.272443
        2.700000        0.604406       -1.278551
        2.710000        0.591591       -1.284531
        2.720000        0.578716       -1.290383
        2.730000        0.565784       -1.296105
        2.740000        0.552795       -1.301698
        2.750000        0.539750       -1.307161
        2.760000        0.526652       -1.312493
        2.770000        0.513501       -1.317694
        2.780000        0.500298       -1.322763
        2.790000        0.487046       -1.327700
        2.800000        0.473745       -1.332504
        2.810000        0.460396       -1.337174
        2.820000        0.447002       -1.341711
        2.830000        0.433563       -1.346114
        2.840000        0.420080       -1.350382
        2.850000        0.406555       -1.354516
        2.860000        0.392990       -1.358513
        2.870000        0.379385       -1.362375
        2.880000        0.365743       -1.366101
        2.890000        0.352064       -1.369690
        2.900000        0.338350       -1.373142
        2.910000        0.324602       -1.376457
        2.920000        0.310821       -1.379634
        2.930000        0.297009       -1.382673
        2.940000        0.283168       -1.385574
        2.950000        0.269298       -1.388337
        2.960000        0.255402       -1.390960
        2.970000        0.241480       -1.393445
        2.980000        0.227533       -1.395790
        2.990000        0.213564       -1.397995
        3.000000        0.199574       -1.400061
        3.010000        0.185563       -1.401987
        3.020000        0.171535       -1.403772
        3.030000        0.157489       -1.405417
        3.040000        0.143427       -1.406922
        3.050000        0.129351       -1.408286
        3.060000        0.115261       -1.409509
        3.070000        0.101161       -1.410591
        3.080000        0.087050       -1.411532
        3.090000        0.072931       -1.412332
        3.100000        0.058804       -1.412990
        3.110000        0.044671       -1.413508
        3.120000        0.030534       -1.413884
        3.130000        0.016394       -1.414119
        3.140000        0.002252       -1.414212
        3.150000       -0.011890       -1.414164
        3.160000       -0.026030       -1.413974
        3.170000       -0.040169       -1.413643
        3.180000       -0.054303       -1.413171
        3.190000       -0.068432       -1.412557
        3.200000       -0.082554       -1.411802
        3.210000       -0.096667       -1.410906
        3.220000       -0.110771       -1.409869
        3.230000       -0.124864       -1.408691
        3.240000       -0.138944       -1.407371
        3.250000       -0.153011       -1.405912
        3.260000       -0.167062       -1.404311
        3.270000       -0.181097       -1.402570
        3.280000       -0.195113       -1.400689
        3.290000       -0.209110       -1.398668
        3.300000       -0.223086       -1.396507
        3.310000       -0.237040       -1.394207
        3.320000       -0.250970       -1.391767
        3.330000       -0.264875       -1.389187
        3.340000       -0.278753       -1.386469
        3.350000       -0.292604       -1.383612
        3.360000       -0.306425       -1.380617
        3.370000       -0.320215       -1.377484
        3.380000       -0.333974       -1.374213
        3.390000       -0.347699       -1.370805
        3.400000       -0.361390       -1.367259
        3.410000       -0.375044       -1.363577
        3.420000       -0.388661       -1.359758
        3.430000       -0.402239       -1.355804
        3.440000       -0.415776       -1.351714
        3.450000       -0.429273       -1.347488
        3.460000       -0.442726       -1.343128
        3.470000       -0.456135       -1.338634
        3.480000       -0.469498       -1.334006
        3.490000       -0.482814       -1.329244
        3.500000       -0.496082       -1.324350
        3.510000       -0.509301       -1.319323
        3.520000       -0.522468       -1.314164
        3.530000       -0.535584       -1.308874
        3.540000       -0.548645       -1.303452
        3.550000       -0.561652       -1.297901
        3.560000       -0.574603       -1.292220
        3.570000       -0.587496       -1.286409
        3.580000       -0.600331       -1.280470
        3.590000       -0.613105       -1.274403
        3.600000       -0.625818       -1.268208
        3.610000       -0.638469       -1.261886
        3.620000       -0.651056       -1.255439
        3.630000       -0.663577       -1.248866
        3.640000       -0.676033       -1.242167
        3.650000       -0.688420       -1.235345
        3.660000       -0.700739       -1.228399
        3.670000       -0.712988       -1.221331
        3.680000       -0.725165       -1.214140
        3.690000       -0.737270       -1.206827
        3.700000       -0.749301       -1.199395
        3.710000       -0.761258       -1.191842
        3.720000       -0.773138       -1.184170
        3.730000       -0.784941       -1.176379
        3.740000       -0.796665       -1.168471
        3.750000       -0.808310       -1.160446
        3.760000       -0.819874       -1.152305
        3.770000       -0.831355       -1.144049
        3.780000       -0.842754       -1.135678
        3.790000       -0.854069       -1.127194
        3.800000       -0.865298       -1.118597
        3.810000       -0.876440       -1.109889
        3.820000       -0.887495       -1.101069
        3.830000       -0.898461       -1.092139
        3.840000       -0.909338       -1.083100
        3.850000       -0.920123       -1.073952
        3.860000       -0.930816       -1.064698
        3.870000       -0.941416       -1.055336
        3.880000       -0.951923       -1.045870
        3.890000       -0.962334       -1.036298
        3.900000       -0.972648       -1.026623
        3.910000       -0.982866       -1.016846
        3.920000       -0.992985       -1.006966
        3.930000       -1.003005       -0.996986
        3.940000       -1.012924       -0.986907
        3.950000       -1.022742       -0.976728
        3.960000       -1.032458       -0.966452
        3.970000       -1.042071       -0.956079
        3.980000       -1.051580       -0.945611
        3.990000       -1.060983       -0.935048
        4.000000       -1.070280       -0.924392
        4.010000       -1.079471       -0.913643
        4.020000       -1.088553       -0.902803
        4.030000       -1.097526       -0.891872
        4.040000       -1.106390       -0.880852
        4.050000       -1.115143       -0.869745
        4.060000       -1.123785       -0.858550
        4.070000       -1.132314       -0.847269
        4.080000       -1.140730       -0.835904
        4.090000       -1.149032       -0.824455
        4.100000       -1.157219       -0.812924
        4.110000       -1.165290       -0.801311
        4.120000       -1.173245       -0.789618
        4.130000       -1.181082       -0.777847
        4.140000       -1.188801       -0.765997
        4.150000       -1.196402       -0.754071
        4.160000       -1.203882       -0.742070
        4.170000       -1.211243       -0.729994
        4.180000       -1.218482       -0.717845
        4.190000       -1.225599       -0.705625
        4.200000       -1.232594       -0.693334
        4.210000       -1.239466       -0.680973
        4.220000       -1.246214       -0.668545
        4.230000       -1.252837       -0.656049
        4.240000       -1.259334       -0.643488
        4.250000       -1.265706       -0.630863
        4.260000       -1.271951       -0.618175
        4.270000       -1.278069       -0.605424
        4.280000       -1.284060       -0.592614
        4.290000       -1.289921       -0.579744
        4.300000       -1.295654       -0.566816
        4.310000       -1.301258       -0.553831
        4.320000       -1.306731       -0.540791
        4.330000       -1.312073       -0.527697
        4.340000       -1.317284       -0.514550
        4.350000       -1.322364       -0.501352
        4.360000       -1.327311       -0.488103
        4.370000       -1.332126       -0.474806
        4.380000       -1.336807       -0.461461
        4.390000       -1.341355       -0.448070
        4.400000       -1.345769       -0.434634
        4.410000       -1.350048       -0.421155
        4.420000       -1.354192       -0.407634
        4.430000       -1.358200       -0.394072
        4.440000       -1.362073       -0.380470
        4.450000       -1.365809       -0.366831
        4.460000       -1.369409       -0.353155
        4.470000       -1.372872       -0.339443
        4.480000       -1.376198       -0.325698
        4.490000       -1.379386       -0.311920
        4.500000       -1.382436       -0.298110
        4.510000       -1.385348       -0.284271
        4.520000       -1.388122       -0.270404
        4.530000       -1.390756       -0.256509
        4.540000       -1.393252       -0.242589
        4.550000       -1.395608       -0.228645
        4.560000       -1.397825       -0.214677
        4.570000       -1.399901       -0.200689
        4.580000       -1.401838       -0.186680
        4.590000       -1.403635       -0.172652
        4.600000       -1.405291       -0.158608
        4.610000       -1.406807       -0.144547
        4.620000       -1.408182       -0.130472
        4.630000       -1.409416       -0.116384
        4.640000       -1.410510       -0.102284
        4.650000       -1.411462       -0.088174
        4.660000       -1.412273       -0.074055
        4.670000       -1.412943       -0.059929
        4.680000       -1.413472       -0.045797
        4.690000       -1.413859       -0.031660
        4.700000       -1.414105       -0.017520
        4.710000       -1.414210       -0.003379
        4.720000       -1.414173        0.010764
        4.730000       -1.413994        0.024904
        4.740000       -1.413675        0.039043
        4.750000       -1.413213        0.053177
        4.760000       -1.412611        0.067307
        4.770000       -1.411867        0.081429
        4.780000       -1.410982        0.095544
        4.790000       -1.409956        0.109648
        4.800000       -1.408790        0.123742
        4.810000       -1.407482        0.137824
        4.820000       -1.406033        0.151891
        4.830000       -1.404444        0.165944
        4.840000       -1.402714        0.179980
        4.850000       -1.400844        0.193998
        4.860000       -1.398834        0.207996
        4.870000       -1.396684        0.221974
        4.880000       -1.394395        0.235929
        4.890000       -1.391966        0.249861
        4.900000       -1.389398        0.263768
        4.910000       -1.386691        0.277649
        4.920000       -1.383845        0.291502
        4.930000       -1.380861        0.305325
        4.940000       -1.377739        0.319118
        4.950000       -1.374479        0.332880
        4.960000       -1.371081        0.346608
        4.970000       -1.367546        0.360301
        4.980000       -1.363875        0.373958
        4.990000       -1.360067        0.387578
        5.000000       -1.356124        0.401159
        5.010000       -1.352044        0.414700
        5.020000       -1.347830        0.428199
        5.030000       -1.343481        0.441656
        5.040000       -1.338997        0.455069
        5.050000       -1.334379        0.468436
        5.060000       -1.329628        0.481756
        5.070000       -1.324744        0.495028
        5.080000       -1.319728        0.508250
        5.090000       -1.314580        0.521422
        5.100000       -1.309300        0.534541
        5.110000       -1.303889        0.547607
        5.120000       -1.298348        0.560619
        5.130000       -1.292677        0.573574
        5.140000       -1.286876        0.586472
        5.150000       -1.280947        0.599311
        5.160000       -1.274890        0.612090
        5.170000       -1.268706        0.624808
        5.180000       -1.262394        0.637464
        5.190000       -1.255957        0.650056
        5.200000       -1.249394        0.662583
        5.210000       -1.242705        0.675043
        5.220000       -1.235893        0.687436
        5.230000       -1.228957        0.699761
        5.240000       -1.221898        0.712015
        5.250000       -1.214717        0.724198
        5.260000       -1.207414        0.736309
        5.270000       -1.199991        0.748346
        5.280000       -1.192448        0.760308
        5.290000       -1.184785        0.772195
        5.300000       -1.177004        0.784004
        5.310000       -1.169105        0.795734
        5.320000       -1.161089        0.807385
        5.330000       -1.152958        0.818956
        5.340000       -1.144711        0.830444
        5.350000       -1.136349        0.841850
        5.360000       -1.127874        0.853171
        5.370000       -1.119286        0.864407
        5.380000       -1.110586        0.875556
        5.390000       -1.101775        0.886618
        5.400000       -1.092854        0.897591
        5.410000       -1.083824        0.908475
        5.420000       -1.074685        0.919267
        5.430000       -1.065439        0.929968
        5.440000       -1.056086        0.940576
        5.450000       -1.046627        0.951089
        5.460000       -1.037064        0.961508
        5.470000       -1.027398        0.971830
        5.480000       -1.017628        0.982056
        5.490000       -1.007757        0.992183
        5.500000       -0.997785        1.002210
        5.510000       -0.987713        1.012138
        5.520000       -0.977542        1.021964
        5.530000       -0.967274        1.031688
        5.540000       -0.956909        1.041309
        5.550000       -0.946448        1.050826
        5.560000       -0.935893        1.060238
        5.570000       -0.925244        1.069544
        5.580000       -0.914502        1.078743
        5.590000       -0.903669        1.087834
        5.600000       -0.892746        1.096816
        5.610000       -0.881733        1.105688
        5.620000       -0.870632        1.114450
        5.630000       -0.859445        1.123101
        5.640000       -0.848171        1.131639
        5.650000       -0.836812        1.140064
        5.660000       -0.825370        1.148375
        5.670000       -0.813845        1.156571
        5.680000       -0.802239        1.164651
        5.690000       -0.790552        1.172615
        5.700000       -0.778787        1.180462
        5.710000       -0.766944        1.188191
        5.720000       -0.755024        1.195801
        5.730000       -0.743028        1.203291
        5.740000       -0.730958        1.210661
        5.750000       -0.718815        1.217910
        5.760000       -0.706600        1.225037
        5.770000       -0.694315        1.232042
        5.780000       -0.681960        1.238923
        5.790000       -0.669537        1.245681
        5.800000       -0.657047        1.252314
        5.810000       -0.644491        1.258821
        5.820000       -0.631871        1.265203
        5.830000       -0.619187        1.271459
        5.840000       -0.606442        1.277587
        5.850000       -0.593636        1.283587
        5.860000       -0.580771        1.289459
        5.870000       -0.567847        1.295203
        5.880000       -0.554867        1.300816
        5.890000       -0.541831        1.306300
        5.900000       -0.528741        1.311653
        5.910000       -0.515599        1.316874
        5.920000       -0.502404        1.321964
        5.930000       -0.489160        1.326922
        5.940000       -0.475866        1.331747
        5.950000       -0.462525        1.336439
        5.960000       -0.449138        1.340998
        5.970000       -0.435706        1.345422
        5.980000       -0.422230        1.349712
        5.990000       -0.408712        1.353866
        6.000000       -0.395153        1.357886
        6.010000       -0.381555        1.361769
        6.020000       -0.367918        1.365517
        6.030000       -0.354245        1.369128
        6.040000       -0.340536        1.372602
        6.050000       -0.326793        1.375938
        6.060000       -0.313018        1.379137
        6.070000       -0.299211        1.382199
        6.080000       -0.285374        1.385121
        6.090000       -0.271509        1.387906
        6.100000       -0.257617        1.390552
        6.110000       -0.243699        1.393058
        6.120000       -0.229756        1.395425
        6.130000       -0.215790        1.397653
        6.140000       -0.201803        1.399741
        6.150000       -0.187796        1.401689
        6.160000       -0.173770        1.403497
        6.170000       -0.159727        1.405165
        6.180000       -0.145667        1.406692
        6.190000       -0.131593        1.408078
        6.200000       -0.117506        1.409323
        6.210000       -0.103407        1.410428
        6.220000       -0.089298        1.411391
        6.230000       -0.075180        1.412214
        6.240000       -0.061054        1.412895
        6.250000       -0.046922        1.413435
        6.260000       -0.032786        1.413833
        6.270000       -0.018646        1.414091
        6.280000       -0.004505        1.414206
        6.290000        0.009637        1.414181
        6.300000        0.023778        1.414014
        6.310000        0.037917        1.413705
        6.320000        0.052052        1.413255
        6.330000        0.066182        1.412664
        6.340000        0.080305        1.411932
        6.350000        0.094420        1.411058
        6.360000        0.108526        1.410043
        6.370000        0.122620        1.408888
        6.380000        0.136703        1.407591
        6.390000        0.150772        1.406154
        6.400000        0.164825        1.404576
        6.410000        0.178863        1.402857
        6.420000        0.192882        1.400998
        6.430000        0.206882        1.399000
        6.440000        0.220862        1.396861
        6.450000        0.234819        1.394582
        6.460000        0.248753        1.392165
        6.470000        0.262662        1.389607
        6.480000        0.276545        1.386911
        6.490000        0.290400        1.384077
        6.500000        0.304226        1.381103
        6.510000        0.318021        1.377992
        6.520000        0.331785        1.374743
        6.530000        0.345516        1.371357
        6.540000        0.359212        1.367833
        6.550000        0.372872        1.364173
        6.560000        0.386495        1.360376
        6.570000        0.400079        1.356443
        6.580000        0.413623        1.352374
        6.590000        0.427126        1.348170
        6.600000        0.440586        1.343832
        6.610000        0.454002        1.339359
        6.620000        0.467373        1.334752
        6.630000        0.480697        1.330012
        6.640000        0.493973        1.325138
        6.650000        0.507199        1.320132
        6.660000        0.520375        1.314994
        6.670000        0.533498        1.309725
        6.680000        0.546569        1.304325
        6.690000        0.559585        1.298794
        6.700000        0.572544        1.293133
        6.710000        0.585447        1.287343
        6.720000        0.598291        1.281424
        6.730000        0.611075        1.275377
        6.740000        0.623798        1.269203
        6.750000        0.636458        1.262902
        6.760000        0.649055        1.256474
        6.770000        0.661587        1.249921
        6.780000        0.674053        1.243243
        6.790000        0.686452        1.236440
        6.800000        0.698782        1.229514
        6.810000        0.711042        1.222465
        6.820000        0.723231        1.215293
        6.830000        0.735347        1.208000
        6.840000        0.747390        1.200586
        6.850000        0.759359        1.193053
        6.860000        0.771251        1.185400
        6.870000        0.783066        1.177628
        6.880000        0.794803        1.169738
        6.890000        0.806461        1.161732
        6.900000        0.818037        1.153609
        6.910000        0.829532        1.145372
        6.920000        0.840944        1.137019
        6.930000        0.852272        1.128553
        6.940000        0.863515        1.119974
        6.950000        0.874671        1.111283
        6.960000        0.885740        1.102481
        6.970000        0.896721        1.093568
        6.980000        0.907611        1.084547
        6.990000        0.918411        1.075417
        7.000000        0.929119        1.066179
        7.010000        0.939735        1.056834
        7.020000        0.950256        1.047384
        7.030000        0.960682        1.037830
        7.040000        0.971012        1.028171
        7.050000        0.981245        1.018410
        7.060000        0.991380        1.008547
        7.070000        1.001416        0.998582
        7.080000        1.011351        0.988519
        7.090000        1.021186        0.978356
        7.100000        1.030918        0.968095
        7.110000        1.040547        0.957738
        7.120000        1.050072        0.947285
        7.130000        1.059493        0.936737
        7.140000        1.068807        0.926095
        7.150000        1.078014        0.915361
        7.160000        1.087114        0.904535
        7.170000        1.096105        0.893619
        7.180000        1.104986        0.882613
        7.190000        1.113756        0.871520
        7.200000        1.122416        0.860339
        7.210000        1.130963        0.849072
        7.220000        1.139397        0.837720
        7.230000        1.147717        0.826284
        7.240000        1.155922        0.814766
        7.250000        1.164012        0.803166
        7.260000        1.171985        0.791486
        7.270000        1.179842        0.779727
        7.280000        1.187580        0.767890
        7.290000        1.195199        0.755976
        7.300000        1.202699        0.743986
        7.310000        1.210079        0.731922
        7.320000        1.217337        0.719785
        7.330000        1.224474        0.707576
        7.340000        1.231488        0.695296
        7.350000        1.238380        0.682946
        7.360000        1.245147        0.670529
        7.370000        1.251790        0.658044
        7.380000        1.258308        0.645493
        7.390000        1.264700        0.632878
        7.400000        1.270965        0.620200
        7.410000        1.277104        0.607459
        7.420000        1.283114        0.594658
        7.430000        1.288996        0.581797
        7.440000        1.294750        0.568878
        7.450000        1.300374        0.555903
        7.460000        1.305868        0.542871
        7.470000        1.311231        0.529786
        7.480000        1.316463        0.516647
        7.490000        1.321564        0.503457
        7.500000        1.326532        0.490216
        7.510000        1.331368        0.476927
        7.520000        1.336071        0.463589
        7.530000        1.340640        0.450206
        7.540000        1.345075        0.436777
        7.550000        1.349375        0.423305
        7.560000        1.353541        0.409790
        7.570000        1.357571        0.396234
        7.580000        1.361465        0.382639
        7.590000        1.365223        0.369006
        7.600000        1.368845        0.355335
        7.610000        1.372330        0.341629
        7.620000        1.375678        0.327889
        7.630000        1.378888        0.314116
        7.640000        1.381960        0.300312
        7.650000        1.384894        0.286477
        7.660000        1.387689        0.272614
        7.670000        1.390346        0.258724
        7.680000        1.392864        0.244808
        7.690000        1.395242        0.230867
        7.700000        1.397481        0.216903
        7.710000        1.399580        0.202918
        7.720000        1.401539        0.188912
        7.730000        1.403358        0.174888
        7.740000        1.405037        0.160846
        7.750000        1.406575        0.146787
        7.760000        1.407973        0.132715
        7.770000        1.409229        0.118628
        7.780000        1.410345        0.104530
        7.790000        1.411320        0.090422
        7.800000        1.412154        0.076304
        7.810000        1.412846        0.062179
        7.820000        1.413397        0.048048
        7.830000        1.413807        0.033912
        7.840000        1.414075        0.019772
        7.850000        1.414202        0.005631
        7.860000        1.414188       -0.008511
        7.870000        1.414032       -0.022652
        7.880000        1.413735       -0.036791
        7.890000        1.413296       -0.050927
        7.900000        1.412716       -0.065057
        7.910000        1.411995       -0.079181
        7.920000        1.411133       -0.093296
        7.930000        1.410129       -0.107403
        7.940000        1.408985       -0.121498
        7.950000        1.407699       -0.135582
        7.960000        1.406273       -0.149652
        7.970000        1.404706       -0.163707
        7.980000        1.402999       -0.177746
        7.990000        1.401152       -0.191766
        8.000000        1.399164       -0.205768
        8.010000        1.397036       -0.219749
        8.020000        1.394769       -0.233708
        8.030000        1.392362       -0.247644
        8.040000        1.389816       -0.261555
        8.050000        1.387131       -0.275440
        8.060000        1.384307       -0.289297
        8.070000        1.381345       -0.303126
        8.080000        1.378245       -0.316924
        8.090000        1.375007       -0.330690
        8.100000        1.371631       -0.344423
        8.110000        1.368119       -0.358122
        8.120000        1.364469       -0.371785
        8.130000        1.360683       -0.385411
        8.140000        1.356761       -0.398999
        8.150000        1.352703       -0.412546
        8.160000        1.348510       -0.426052
        8.170000        1.344182       -0.439516
        8.180000        1.339720       -0.452935
        8.190000        1.335124       -0.466310
        8.200000        1.330394       -0.479637
        8.210000        1.325531       -0.492917
        8.220000        1.320536       -0.506148
        8.230000        1.315408       -0.519327
        8.240000        1.310149       -0.532455
        8.250000        1.304759       -0.545530
        8.260000        1.299239       -0.558550
        8.270000        1.293589       -0.571514
        8.280000        1.287809       -0.584421
        8.290000        1.281900       -0.597270
        8.300000        1.275864       -0.610059
        8.310000        1.269699       -0.622787
        8.320000        1.263408       -0.635453
        8.330000        1.256991       -0.648055
        8.340000        1.250447       -0.660592
        8.350000        1.243779       -0.673063
        8.360000        1.236986       -0.685467
        8.370000        1.230070       -0.697802
        8.380000        1.223030       -0.710068
        8.390000        1.215869       -0.722263
        8.400000        1.208585       -0.734385
        8.410000        1.201181       -0.746434
        8.420000        1.193657       -0.758408
        8.430000        1.186013       -0.770307
        8.440000        1.178251       -0.782128
        8.450000        1.170371       -0.793871
        8.460000        1.162374       -0.805535
        8.470000        1.154261       -0.817118
        8.480000        1.146032       -0.828620
        8.490000        1.137688       -0.840039
        8.500000        1.129231       -0.851373
        8.510000        1.120661       -0.862623
        8.520000        1.111979       -0.873786
        8.530000        1.103186       -0.884862
        8.540000        1.094282       -0.895850
        8.550000        1.085269       -0.906747
        8.560000        1.076148       -0.917555
        8.570000        1.066918       -0.928270
        8.580000        1.057582       -0.938893
        8.590000        1.048141       -0.949421
        8.600000        1.038594       -0.959855
        8.610000        1.028944       -0.970193
        8.620000        1.019191       -0.980434
        8.630000        1.009336       -0.990576
        8.640000        0.999380       -1.000620
        8.650000        0.989324       -1.010564
        8.660000        0.979169       -1.020406
        8.670000        0.968916       -1.030147
        8.680000        0.958566       -1.039784
        8.690000        0.948120       -1.049318
        8.700000        0.937580       -1.058746
        8.710000        0.926946       -1.068069
        8.720000        0.916219       -1.077285
        8.730000        0.905401       -1.086393
        8.740000        0.894492       -1.095393
        8.750000        0.883493       -1.104283
        8.760000        0.872406       -1.113062
        8.770000        0.861232       -1.121730
        8.780000        0.849972       -1.130286
        8.790000        0.838627       -1.138730
        8.800000        0.827198       -1.147059
        8.810000        0.815686       -1.155273
        8.820000        0.804093       -1.163372
        8.830000        0.792419       -1.171355
        8.840000        0.780666       -1.179220
        8.850000        0.768835       -1.186968
        8.860000        0.756927       -1.194597
        8.870000        0.744943       -1.202106
        8.880000        0.732885       -1.209495
        8.890000        0.720754       -1.216764
        8.900000        0.708550       -1.223910
        8.910000        0.696276       -1.230934
        8.920000        0.683932       -1.237836
        8.930000        0.671520       -1.244613
        8.940000        0.659040       -1.251266
        8.950000        0.646495       -1.257793
        8.960000        0.633885       -1.264195
        8.970000        0.621211       -1.270471
        8.980000        0.608476       -1.276619
        8.990000        0.595680       -1.282640
        9.000000        0.582824       -1.288533
        9.010000        0.569909       -1.294296
        9.020000        0.556938       -1.299931
        9.030000        0.543911       -1.305435
        9.040000        0.530830       -1.310809
        9.050000        0.517695       -1.316051
        9.060000        0.504509       -1.321163
        9.070000        0.491273       -1.326141
        9.080000        0.477987       -1.330988
        9.090000        0.464653       -1.335701
        9.100000        0.451273       -1.340281
        9.110000        0.437848       -1.344726
        9.120000        0.424379       -1.349038
        9.130000        0.410868       -1.353214
        9.140000        0.397315       -1.357255
        9.150000        0.383723       -1.361160
        9.160000        0.370093       -1.364929
        9.170000        0.356425       -1.368562
        9.180000        0.342722       -1.372057
        9.190000        0.328984       -1.375416
        9.200000        0.315214       -1.378637
        9.210000        0.301412       -1.381720
        9.220000        0.287580       -1.384665
        9.230000        0.273719       -1.387472
        9.240000        0.259831       -1.390140
        9.250000        0.245917       -1.392668
        9.260000        0.231978       -1.395058
        9.270000        0.218016       -1.397308
        9.280000        0.204032       -1.399418
        9.290000        0.190028       -1.401388
        9.300000        0.176005       -1.403219
        9.310000        0.161964       -1.404908
        9.320000        0.147907       -1.406458
        9.330000        0.133836       -1.407866
        9.340000        0.119751       -1.409134
        9.350000        0.105653       -1.410261
        9.360000        0.091546       -1.411247
        9.370000        0.077429       -1.412092
        9.380000        0.063304       -1.412796
        9.390000        0.049174       -1.413358
        9.400000        0.035038       -1.413779
        9.410000        0.020898       -1.414059
        9.420000        0.006757       -1.414197
        9.430000       -0.007385       -1.414194
        9.440000       -0.021526       -1.414050
        9.450000       -0.035666       -1.413764
        9.460000       -0.049801       -1.413336
        9.470000       -0.063932       -1.412768
        9.480000       -0.078056       -1.412058
        9.490000       -0.092173       -1.411207
        9.500000       -0.106280       -1.410214
        9.510000       -0.120376       -1.409081
        9.520000       -0.134461       -1.407807
        9.530000       -0.148532       -1.406392
        9.540000       -0.162588       -1.404836
        9.550000       -0.176628       -1.403140
        9.560000       -0.190651       -1.401304
        9.570000       -0.204654       -1.399327
        9.580000       -0.218637       -1.397211
        9.590000       -0.232598       -1.394955
        9.600000       -0.246535       -1.392559
        9.610000       -0.260448       -1.390024
        9.620000       -0.274335       -1.387350
        9.630000       -0.288195       -1.384537
        9.640000       -0.302026       -1.381586
        9.650000       -0.315826       -1.378497
        9.660000       -0.329595       -1.375270
        9.670000       -0.343331       -1.371905
        9.680000       -0.357033       -1.368403
        9.690000       -0.370699       -1.364765
        9.700000       -0.384328       -1.360989
        9.710000       -0.397918       -1.357078
        9.720000       -0.411469       -1.353031
        9.730000       -0.424978       -1.348849
        9.740000       -0.438445       -1.344532
        9.750000       -0.451868       -1.340080
        9.760000       -0.465246       -1.335495
        9.770000       -0.478578       -1.330775
        9.780000       -0.491861       -1.325923
        9.790000       -0.505096       -1.320938
        9.800000       -0.518280       -1.315821
        9.810000       -0.531412       -1.310573
        9.820000       -0.544491       -1.305193
        9.830000       -0.557515       -1.299683
        9.840000       -0.570484       -1.294043
        9.850000       -0.583396       -1.288274
        9.860000       -0.596249       -1.282376
        9.870000       -0.609043       -1.276349
        9.880000       -0.621776       -1.270195
        9.890000       -0.634446       -1.263914
        9.900000       -0.647053       -1.257506
        9.910000       -0.659596       -1.250973
        9.920000       -0.672073       -1.244314
        9.930000       -0.684482       -1.237532
        9.940000       -0.696823       -1.230625
        9.950000       -0.709094       -1.223595
        9.960000       -0.721294       -1.216443
        9.970000       -0.733422       -1.209170
        9.980000       -0.745477       -1.201775
        9.990000       -0.757457       -1.194260
       10.000000       -0.769362       -1.186626
