        0.010000        0.513488
        0.020000        0.513480
        0.030000        0.513467
        0.040000        0.513448
        0.050000        0.513424
        0.060000        0.513395
        0.070000        0.513360
        0.080000        0.513321
        0.090000        0.513276
        0.100000        0.513225
        0.110000        0.513170
        0.120000        0.513109
        0.130000        0.513043
        0.140000        0.512972
        0.150000        0.512896
        0.160000        0.512815
        0.170000        0.512729
        0.180000        0.512637
        0.190000        0.512541
        0.200000        0.512440
        0.210000        0.512334
        0.220000        0.512223
        0.230000        0.512107
        0.240000        0.511986
        0.250000        0.511861
        0.260000        0.511731
        0.270000        0.511596
        0.280000        0.511457
        0.290000        0.511314
        0.300000        0.511165
        0.310000        0.511013
        0.320000        0.510856
        0.330000        0.510695
        0.340000        0.510530
        0.350000        0.510360
        0.360000        0.510187
        0.370000        0.510009
        0.380000        0.509828
        0.390000        0.509642
        0.400000        0.509453
        0.410000        0.509260
        0.420000        0.509064
        0.430000        0.508864
        0.440000        0.508660
        0.450000        0.508453
        0.460000        0.508243
        0.470000        0.508030
        0.480000        0.507813
        0.490000        0.507594
        0.500000        0.507371
        0.510000        0.507145
        0.520000        0.506917
        0.530000        0.506686
        0.540000        0.506453
        0.550000        0.506217
        0.560000        0.505978
        0.570000        0.505737
        0.580000        0.505494
        0.590000        0.505249
        0.600000        0.505002
        0.610000        0.504753
        0.620000        0.504502
        0.630000        0.504249
        0.640000        0.503995
        0.650000        0.503739
        0.660000        0.503482
        0.670000        0.503224
        0.680000        0.502964
        0.690000        0.502703
        0.700000        0.502441
        0.710000        0.502178
        0.720000        0.501915
        0.730000        0.501650
        0.740000        0.501385
        0.750000        0.501120
        0.760000        0.500854
        0.770000        0.500588
        0.780000        0.500322
        0.790000        0.500056
        0.800000        0.499790
        0.810000        0.499524
        0.820000        0.499258
        0.830000        0.498992
        0.840000        0.498727
        0.850000        0.498463
        0.860000        0.498199
        0.870000        0.497937
        0.880000        0.497675
        0.890000        0.497414
        0.900000        0.497154
        0.910000        0.496895
        0.920000        0.496638
        0.930000        0.496382
        0.940000        0.496127
        0.950000        0.495875
        0.960000        0.495624
        0.970000        0.495374
        0.980000        0.495127
        0.990000        0.494882
        1.000000        0.494639
        1.010000        0.494398
        1.020000        0.494159
        1.030000        0.493923
        1.040000        0.493689
        1.050000        0.493458
        1.060000        0.493229
        1.070000        0.493004
        1.080000        0.492781
        1.090000        0.492561
        1.100000        0.492344
        1.110000        0.492131
        1.120000        0.491920
        1.130000        0.491713
        1.140000        0.491509
        1.150000        0.491309
        1.160000        0.491112
        1.170000        0.490919
        1.180000        0.490730
        1.190000        0.490544
        1.200000        0.490362
        1.210000        0.490184
        1.220000        0.490011
        1.230000        0.489841
        1.240000        0.489675
        1.250000        0.489514
        1.260000        0.489357
        1.270000        0.489204
        1.280000        0.489055
        1.290000        0.488911
        1.300000        0.488772
        1.310000        0.488637
        1.320000        0.488507
        1.330000        0.488381
        1.340000        0.488260
        1.350000        0.488144
        1.360000        0.488032
        1.370000        0.487926
        1.380000        0.487824
        1.390000        0.487728
        1.400000        0.487636
        1.410000        0.487549
        1.420000        0.487468
        1.430000        0.487391
        1.440000        0.487320
        1.450000        0.487254
        1.460000        0.487193
        1.470000        0.487137
        1.480000        0.487086
        1.490000        0.487041
        1.500000        0.487000
        1.510000        0.486965
        1.520000        0.486936
        1.530000        0.486912
        1.540000        0.486892
        1.550000        0.486879
        1.560000        0.486870
        1.570000        0.486867
        1.580000        0.486870
        1.590000        0.486877
        1.600000        0.486890
        1.610000        0.486908
        1.620000        0.486932
        1.630000        0.486961
        1.640000        0.486995
        1.650000        0.487034
        1.660000        0.487079
        1.670000        0.487129
        1.680000        0.487184
        1.690000        0.487244
        1.700000        0.487310
        1.710000        0.487380
        1.720000        0.487456
        1.730000        0.487537
        1.740000        0.487623
        1.750000        0.487714
        1.760000        0.487810
        1.770000        0.487911
        1.780000        0.488016
        1.790000        0.488127
        1.800000        0.488242
        1.810000        0.488363
        1.820000        0.488488
        1.830000        0.488617
        1.840000        0.488751
        1.850000        0.488890
        1.860000        0.489034
        1.870000        0.489181
        1.880000        0.489334
        1.890000        0.489490
        1.900000        0.489651
        1.910000        0.489816
        1.920000        0.489985
        1.930000        0.490158
        1.940000        0.490336
        1.950000        0.490517
        1.960000        0.490702
        1.970000        0.490891
        1.980000        0.491083
        1.990000        0.491279
        2.000000        0.491479
        2.010000        0.491682
        2.020000        0.491889
        2.030000        0.492099
        2.040000        0.492312
        2.050000        0.492529
        2.060000        0.492748
        2.070000        0.492970
        2.080000        0.493196
        2.090000        0.493424
        2.100000        0.493654
        2.110000        0.493888
        2.120000        0.494124
        2.130000        0.494362
        2.140000        0.494603
        2.150000        0.494845
        2.160000        0.495090
        2.170000        0.495337
        2.180000        0.495586
        2.190000        0.495837
        2.200000        0.496090
        2.210000        0.496344
        2.220000        0.496600
        2.230000        0.496857
        2.240000        0.497115
        2.250000        0.497375
        2.260000        0.497636
        2.270000        0.497898
        2.280000        0.498160
        2.290000        0.498424
        2.300000        0.498688
        2.310000        0.498953
        2.320000        0.499218
        2.330000        0.499484
        2.340000        0.499750
        2.350000        0.500016
        2.360000        0.500282
        2.370000        0.500549
        2.380000        0.500815
        2.390000        0.501080
        2.400000        0.501346
        2.410000        0.501611
        2.420000        0.501875
        2.430000        0.502139
        2.440000        0.502402
        2.450000        0.502664
        2.460000        0.502925
        2.470000        0.503185
        2.480000        0.503444
        2.490000        0.503701
        2.500000        0.503957
        2.510000        0.504212
        2.520000        0.504465
        2.530000        0.504716
        2.540000        0.504965
        2.550000        0.505213
        2.560000        0.505458
        2.570000        0.505701
        2.580000        0.505943
        2.590000        0.506181
        2.600000        0.506418
        2.610000        0.506652
        2.620000        0.506883
        2.630000        0.507112
        2.640000        0.507338
        2.650000        0.507561
        2.660000        0.507781
        2.670000        0.507998
        2.680000        0.508212
        2.690000        0.508422
        2.700000        0.508630
        2.710000        0.508834
        2.720000        0.509034
        2.730000        0.509231
        2.740000        0.509425
        2.750000        0.509614
        2.760000        0.509800
        2.770000        0.509982
        2.780000        0.510160
        2.790000        0.510335
        2.800000        0.510505
        2.810000        0.510671
        2.820000        0.510832
        2.830000        0.510990
        2.840000        0.511143
        2.850000        0.511292
        2.860000        0.511436
        2.870000        0.511576
        2.880000        0.511711
        2.890000        0.511842
        2.900000        0.511968
        2.910000        0.512089
        2.920000        0.512206
        2.930000        0.512317
        2.940000        0.512424
        2.950000        0.512526
        2.960000        0.512623
        2.970000        0.512715
        2.980000        0.512802
        2.990000        0.512884
        3.000000        0.512961
        3.010000        0.513033
        3.020000        0.513100
        3.030000        0.513161
        3.040000        0.513217
        3.050000        0.513268
        3.060000        0.513314
        3.070000        0.513355
        3.080000        0.513390
        3.090000        0.513420
        3.100000        0.513445
        3.110000        0.513464
        3.120000        0.513478
        3.130000        0.513487
        3.140000        0.513491
        3.150000        0.513489
        3.160000        0.513482
        3.170000        0.513469
        3.180000        0.513451
        3.190000        0.513428
        3.200000        0.513400
        3.210000        0.513366
        3.220000        0.513327
        3.230000        0.513283
        3.240000        0.513233
        3.250000        0.513178
        3.260000        0.513118
        3.270000        0.513053
        3.280000        0.512983
        3.290000        0.512908
        3.300000        0.512827
        3.310000        0.512742
        3.320000        0.512651
        3.330000        0.512556
        3.340000        0.512455
        3.350000        0.512350
        3.360000        0.512239
        3.370000        0.512124
        3.380000        0.512005
        3.390000        0.511880
        3.400000        0.511751
        3.410000        0.511617
        3.420000        0.511478
        3.430000        0.511335
        3.440000        0.511188
        3.450000        0.511036
        3.460000        0.510880
        3.470000        0.510719
        3.480000        0.510554
        3.490000        0.510386
        3.500000        0.510213
        3.510000        0.510036
        3.520000        0.509855
        3.530000        0.509670
        3.540000        0.509481
        3.550000        0.509289
        3.560000        0.509093
        3.570000        0.508894
        3.580000        0.508691
        3.590000        0.508484
        3.600000        0.508275
        3.610000        0.508062
        3.620000        0.507846
        3.630000        0.507626
        3.640000        0.507404
        3.650000        0.507179
        3.660000        0.506951
        3.670000        0.506721
        3.680000        0.506488
        3.690000        0.506252
        3.700000        0.506014
        3.710000        0.505773
        3.720000        0.505531
        3.730000        0.505286
        3.740000        0.505039
        3.750000        0.504790
        3.760000        0.504540
        3.770000        0.504287
        3.780000        0.504033
        3.790000        0.503777
        3.800000        0.503520
        3.810000        0.503262
        3.820000        0.503002
        3.830000        0.502742
        3.840000        0.502480
        3.850000        0.502217
        3.860000        0.501954
        3.870000        0.501690
        3.880000        0.501425
        3.890000        0.501159
        3.900000        0.500894
        3.910000        0.500628
        3.920000        0.500362
        3.930000        0.500095
        3.940000        0.499829
        3.950000        0.499563
        3.960000        0.499297
        3.970000        0.499032
        3.980000        0.498767
        3.990000        0.498502
        4.000000        0.498239
        4.010000        0.497976
        4.020000        0.497714
        4.030000        0.497452
        4.040000        0.497192
        4.050000        0.496934
        4.060000        0.496676
        4.070000        0.496420
        4.080000        0.496165
        4.090000        0.495912
        4.100000        0.495661
        4.110000        0.495411
        4.120000        0.495164
        4.130000        0.494918
        4.140000        0.494675
        4.150000        0.494433
        4.160000        0.494194
        4.170000        0.493958
        4.180000        0.493724
        4.190000        0.493492
        4.200000        0.493263
        4.210000        0.493037
        4.220000        0.492814
        4.230000        0.492594
        4.240000        0.492376
        4.250000        0.492162
        4.260000        0.491951
        4.270000        0.491744
        4.280000        0.491539
        4.290000        0.491339
        4.300000        0.491141
        4.310000        0.490948
        4.320000        0.490758
        4.330000        0.490571
        4.340000        0.490389
        4.350000        0.490211
        4.360000        0.490036
        4.370000        0.489866
        4.380000        0.489700
        4.390000        0.489538
        4.400000        0.489380
        4.410000        0.489226
        4.420000        0.489077
        4.430000        0.488932
        4.440000        0.488792
        4.450000        0.488657
        4.460000        0.488526
        4.470000        0.488399
        4.480000        0.488278
        4.490000        0.488161
        4.500000        0.488049
        4.510000        0.487941
        4.520000        0.487839
        4.530000        0.487742
        4.540000        0.487649
        4.550000        0.487562
        4.560000        0.487480
        4.570000        0.487402
        4.580000        0.487330
        4.590000        0.487263
        4.600000        0.487201
        4.610000        0.487145
        4.620000        0.487093
        4.630000        0.487047
        4.640000        0.487006
        4.650000        0.486970
        4.660000        0.486940
        4.670000        0.486915
        4.680000        0.486895
        4.690000        0.486880
        4.700000        0.486871
        4.710000        0.486867
        4.720000        0.486869
        4.730000        0.486876
        4.740000        0.486888
        4.750000        0.486905
        4.760000        0.486928
        4.770000        0.486956
        4.780000        0.486989
        4.790000        0.487028
        4.800000        0.487072
        4.810000        0.487121
        4.820000        0.487175
        4.830000        0.487235
        4.840000        0.487300
        4.850000        0.487369
        4.860000        0.487444
        4.870000        0.487525
        4.880000        0.487610
        4.890000        0.487700
        4.900000        0.487795
        4.910000        0.487895
        4.920000        0.488000
        4.930000        0.488110
        4.940000        0.488225
        4.950000        0.488344
        4.960000        0.488469
        4.970000        0.488598
        4.980000        0.488731
        4.990000        0.488869
        5.000000        0.489012
        5.010000        0.489159
        5.020000        0.489311
        5.030000        0.489467
        5.040000        0.489627
        5.050000        0.489791
        5.060000        0.489960
        5.070000        0.490132
        5.080000        0.490309
        5.090000        0.490490
        5.100000        0.490674
        5.110000        0.490862
        5.120000        0.491054
        5.130000        0.491250
        5.140000        0.491449
        5.150000        0.491652
        5.160000        0.491858
        5.170000        0.492068
        5.180000        0.492280
        5.190000        0.492496
        5.200000        0.492715
        5.210000        0.492937
        5.220000        0.493162
        5.230000        0.493390
        5.240000        0.493620
        5.250000        0.493853
        5.260000        0.494088
        5.270000        0.494326
        5.280000        0.494567
        5.290000        0.494809
        5.300000        0.495054
        5.310000        0.495301
        5.320000        0.495549
        5.330000        0.495800
        5.340000        0.496052
        5.350000        0.496306
        5.360000        0.496561
        5.370000        0.496818
        5.380000        0.497077
        5.390000        0.497336
        5.400000        0.497597
        5.410000        0.497859
        5.420000        0.498121
        5.430000        0.498385
        5.440000        0.498649
        5.450000        0.498913
        5.460000        0.499179
        5.470000        0.499444
        5.480000        0.499710
        5.490000        0.499977
        5.500000        0.500243
        5.510000        0.500509
        5.520000        0.500775
        5.530000        0.501041
        5.540000        0.501306
        5.550000        0.501571
        5.560000        0.501836
        5.570000        0.502100
        5.580000        0.502363
        5.590000        0.502625
        5.600000        0.502886
        5.610000        0.503146
        5.620000        0.503405
        5.630000        0.503663
        5.640000        0.503919
        5.650000        0.504174
        5.660000        0.504427
        5.670000        0.504679
        5.680000        0.504928
        5.690000        0.505176
        5.700000        0.505422
        5.710000        0.505665
        5.720000        0.505907
        5.730000        0.506146
        5.740000        0.506383
        5.750000        0.506617
        5.760000        0.506849
        5.770000        0.507078
        5.780000        0.507304
        5.790000        0.507528
        5.800000        0.507748
        5.810000        0.507966
        5.820000        0.508180
        5.830000        0.508391
        5.840000        0.508599
        5.850000        0.508804
        5.860000        0.509005
        5.870000        0.509202
        5.880000        0.509396
        5.890000        0.509586
        5.900000        0.509773
        5.910000        0.509955
        5.920000        0.510134
        5.930000        0.510309
        5.940000        0.510480
        5.950000        0.510646
        5.960000        0.510809
        5.970000        0.510967
        5.980000        0.511121
        5.990000        0.511270
        6.000000        0.511415
        6.010000        0.511555
        6.020000        0.511691
        6.030000        0.511823
        6.040000        0.511949
        6.050000        0.512071
        6.060000        0.512189
        6.070000        0.512301
        6.080000        0.512409
        6.090000        0.512511
        6.100000        0.512609
        6.110000        0.512702
        6.120000        0.512790
        6.130000        0.512872
        6.140000        0.512950
        6.150000        0.513023
        6.160000        0.513090
        6.170000        0.513152
        6.180000        0.513209
        6.190000        0.513261
        6.200000        0.513308
        6.210000        0.513349
        6.220000        0.513385
        6.230000        0.513416
        6.240000        0.513442
        6.250000        0.513462
        6.260000        0.513477
        6.270000        0.513486
        6.280000        0.513490
        6.290000        0.513489
        6.300000        0.513483
        6.310000        0.513471
        6.320000        0.513454
        6.330000        0.513432
        6.340000        0.513404
        6.350000        0.513371
        6.360000        0.513333
        6.370000        0.513290
        6.380000        0.513241
        6.390000        0.513187
        6.400000        0.513128
        6.410000        0.513063
        6.420000        0.512994
        6.430000        0.512919
        6.440000        0.512840
        6.450000        0.512755
        6.460000        0.512665
        6.470000        0.512570
        6.480000        0.512470
        6.490000        0.512366
        6.500000        0.512256
        6.510000        0.512142
        6.520000        0.512023
        6.530000        0.511899
        6.540000        0.511770
        6.550000        0.511637
        6.560000        0.511499
        6.570000        0.511357
        6.580000        0.511210
        6.590000        0.511059
        6.600000        0.510903
        6.610000        0.510743
        6.620000        0.510579
        6.630000        0.510411
        6.640000        0.510239
        6.650000        0.510062
        6.660000        0.509882
        6.670000        0.509698
        6.680000        0.509510
        6.690000        0.509318
        6.700000        0.509123
        6.710000        0.508924
        6.720000        0.508721
        6.730000        0.508515
        6.740000        0.508306
        6.750000        0.508094
        6.760000        0.507878
        6.770000        0.507659
        6.780000        0.507437
        6.790000        0.507213
        6.800000        0.506985
        6.810000        0.506755
        6.820000        0.506523
        6.830000        0.506287
        6.840000        0.506049
        6.850000        0.505809
        6.860000        0.505567
        6.870000        0.505322
        6.880000        0.505076
        6.890000        0.504827
        6.900000        0.504577
        6.910000        0.504325
        6.920000        0.504071
        6.930000        0.503816
        6.940000        0.503559
        6.950000        0.503301
        6.960000        0.503041
        6.970000        0.502781
        6.980000        0.502519
        6.990000        0.502256
        7.000000        0.501993
        7.010000        0.501729
        7.020000        0.501464
        7.030000        0.501199
        7.040000        0.500933
        7.050000        0.500667
        7.060000        0.500401
        7.070000        0.500135
        7.080000        0.499869
        7.090000        0.499603
        7.100000        0.499337
        7.110000        0.499071
        7.120000        0.498806
        7.130000        0.498542
        7.140000        0.498278
        7.150000        0.498015
        7.160000        0.497752
        7.170000        0.497491
        7.180000        0.497231
        7.190000        0.496972
        7.200000        0.496714
        7.210000        0.496458
        7.220000        0.496203
        7.230000        0.495950
        7.240000        0.495698
        7.250000        0.495448
        7.260000        0.495200
        7.270000        0.494955
        7.280000        0.494711
        7.290000        0.494469
        7.300000        0.494230
        7.310000        0.493993
        7.320000        0.493758
        7.330000        0.493526
        7.340000        0.493297
        7.350000        0.493071
        7.360000        0.492847
        7.370000        0.492626
        7.380000        0.492408
        7.390000        0.492194
        7.400000        0.491982
        7.410000        0.491774
        7.420000        0.491570
        7.430000        0.491368
        7.440000        0.491170
        7.450000        0.490976
        7.460000        0.490786
        7.470000        0.490599
        7.480000        0.490416
        7.490000        0.490237
        7.500000        0.490062
        7.510000        0.489891
        7.520000        0.489724
        7.530000        0.489561
        7.540000        0.489403
        7.550000        0.489249
        7.560000        0.489099
        7.570000        0.488954
        7.580000        0.488813
        7.590000        0.488677
        7.600000        0.488545
        7.610000        0.488418
        7.620000        0.488295
        7.630000        0.488178
        7.640000        0.488065
        7.650000        0.487957
        7.660000        0.487854
        7.670000        0.487756
        7.680000        0.487663
        7.690000        0.487575
        7.700000        0.487492
        7.710000        0.487414
        7.720000        0.487341
        7.730000        0.487273
        7.740000        0.487210
        7.750000        0.487153
        7.760000        0.487101
        7.770000        0.487054
        7.780000        0.487012
        7.790000        0.486975
        7.800000        0.486944
        7.810000        0.486918
        7.820000        0.486898
        7.830000        0.486882
        7.840000        0.486872
        7.850000        0.486868
        7.860000        0.486868
        7.870000        0.486874
        7.880000        0.486886
        7.890000        0.486902
        7.900000        0.486924
        7.910000        0.486952
        7.920000        0.486984
        7.930000        0.487022
        7.940000        0.487065
        7.950000        0.487113
        7.960000        0.487167
        7.970000        0.487226
        7.980000        0.487290
        7.990000        0.487359
        8.000000        0.487433
        8.010000        0.487512
        8.020000        0.487597
        8.030000        0.487686
        8.040000        0.487781
        8.050000        0.487880
        8.060000        0.487984
        8.070000        0.488093
        8.080000        0.488207
        8.090000        0.488326
        8.100000        0.488450
        8.110000        0.488578
        8.120000        0.488711
        8.130000        0.488848
        8.140000        0.488990
        8.150000        0.489137
        8.160000        0.489288
        8.170000        0.489443
        8.180000        0.489603
        8.190000        0.489766
        8.200000        0.489934
        8.210000        0.490106
        8.220000        0.490282
        8.230000        0.490462
        8.240000        0.490646
        8.250000        0.490834
        8.260000        0.491026
        8.270000        0.491221
        8.280000        0.491419
        8.290000        0.491622
        8.300000        0.491827
        8.310000        0.492036
        8.320000        0.492249
        8.330000        0.492464
        8.340000        0.492682
        8.350000        0.492904
        8.360000        0.493128
        8.370000        0.493356
        8.380000        0.493585
        8.390000        0.493818
        8.400000        0.494053
        8.410000        0.494291
        8.420000        0.494531
        8.430000        0.494773
        8.440000        0.495017
        8.450000        0.495264
        8.460000        0.495512
        8.470000        0.495762
        8.480000        0.496014
        8.490000        0.496268
        8.500000        0.496523
        8.510000        0.496780
        8.520000        0.497038
        8.530000        0.497298
        8.540000        0.497558
        8.550000        0.497820
        8.560000        0.498082
        8.570000        0.498345
        8.580000        0.498609
        8.590000        0.498874
        8.600000        0.499139
        8.610000        0.499405
        8.620000        0.499671
        8.630000        0.499937
        8.640000        0.500203
        8.650000        0.500469
        8.660000        0.500736
        8.670000        0.501001
        8.680000        0.501267
        8.690000        0.501532
        8.700000        0.501797
        8.710000        0.502061
        8.720000        0.502324
        8.730000        0.502586
        8.740000        0.502847
        8.750000        0.503108
        8.760000        0.503367
        8.770000        0.503625
        8.780000        0.503881
        8.790000        0.504136
        8.800000        0.504389
        8.810000        0.504641
        8.820000        0.504891
        8.830000        0.505139
        8.840000        0.505385
        8.850000        0.505629
        8.860000        0.505871
        8.870000        0.506111
        8.880000        0.506348
        8.890000        0.506582
        8.900000        0.506814
        8.910000        0.507044
        8.920000        0.507271
        8.930000        0.507495
        8.940000        0.507716
        8.950000        0.507933
        8.960000        0.508148
        8.970000        0.508360
        8.980000        0.508568
        8.990000        0.508773
        9.000000        0.508975
        9.010000        0.509173
        9.020000        0.509367
        9.030000        0.509558
        9.040000        0.509745
        9.050000        0.509929
        9.060000        0.510108
        9.070000        0.510283
        9.080000        0.510454
        9.090000        0.510622
        9.100000        0.510785
        9.110000        0.510943
        9.120000        0.511098
        9.130000        0.511248
        9.140000        0.511394
        9.150000        0.511535
        9.160000        0.511672
        9.170000        0.511804
        9.180000        0.511931
        9.190000        0.512054
        9.200000        0.512172
        9.210000        0.512285
        9.220000        0.512393
        9.230000        0.512496
        9.240000        0.512595
        9.250000        0.512688
        9.260000        0.512777
        9.270000        0.512860
        9.280000        0.512939
        9.290000        0.513012
        9.300000        0.513080
        9.310000        0.513143
        9.320000        0.513201
        9.330000        0.513254
        9.340000        0.513301
        9.350000        0.513343
        9.360000        0.513380
        9.370000        0.513412
        9.380000        0.513438
        9.390000        0.513459
        9.400000        0.513475
        9.410000        0.513485
        9.420000        0.513490
        9.430000        0.513490
        9.440000        0.513484
        9.450000        0.513473
        9.460000        0.513457
        9.470000        0.513436
        9.480000        0.513409
        9.490000        0.513376
        9.500000        0.513339
        9.510000        0.513296
        9.520000        0.513248
        9.530000        0.513195
        9.540000        0.513137
        9.550000        0.513073
        9.560000        0.513005
        9.570000        0.512931
        9.580000        0.512852
        9.590000        0.512768
        9.600000        0.512679
        9.610000        0.512585
        9.620000        0.512486
        9.630000        0.512382
        9.640000        0.512273
        9.650000        0.512159
        9.660000        0.512041
        9.670000        0.511917
        9.680000        0.511790
        9.690000        0.511657
        9.700000        0.511520
        9.710000        0.511378
        9.720000        0.511232
        9.730000        0.511082
        9.740000        0.510927
        9.750000        0.510767
        9.760000        0.510604
        9.770000        0.510436
        9.780000        0.510265
        9.790000        0.510089
        9.800000        0.509909
        9.810000        0.509725
        9.820000        0.509538
        9.830000        0.509347
        9.840000        0.509152
        9.850000        0.508953
        9.860000        0.508752
        9.870000        0.508546
        9.880000        0.508337
        9.890000        0.508125
        9.900000        0.507910
        9.910000        0.507692
        9.920000        0.507471
        9.930000        0.507246
        9.940000        0.507019
        9.950000        0.506790
        9.960000        0.506557
        9.970000        0.506322
        9.980000        0.506085
        9.990000        0.505845
       10.000000        0.505603
