        0.010000        0.513488
        0.020000        0.513480
        0.030000        0.513467
        0.040000        0.513448
        0.050000        0.513424
        0.060000        0.513395
        0.070000        0.513360
        0.080000        0.513321
        0.090000        0.513276
        0.100000        0.513225
        0.110000        0.513170
        0.120000        0.513109
        0.130000        0.513043
        0.140000        0.512972
        0.150000        0.512896
        0.160000        0.512815
        0.170000        0.512729
        0.180000        0.512637
        0.190000        0.512541
        0.200000        0.512440
        0.210000        0.512334
        0.220000        0.512223
        0.230000        0.512107
        0.240000        0.511986
        0.250000        0.511861
        0.260000        0.511731
        0.270000        0.511596
        0.280000        0.511457
        0.290000        0.511313
        0.300000        0.511165
        0.310000        0.511013
        0.320000        0.510856
        0.330000        0.510695
        0.340000        0.510529
        0.350000        0.510360
        0.360000        0.510186
        0.370000        0.510009
        0.380000        0.509827
        0.390000        0.509642
        0.400000        0.509453
        0.410000        0.509260
        0.420000        0.509063
        0.430000        0.508863
        0.440000        0.508660
        0.450000        0.508453
        0.460000        0.508243
        0.470000        0.508029
        0.480000        0.507813
        0.490000        0.507593
        0.500000        0.507371
        0.510000        0.507145
        0.520000        0.506917
        0.530000        0.506686
        0.540000        0.506452
        0.550000        0.506216
        0.560000        0.505978
        0.570000        0.505737
        0.580000        0.505494
        0.590000        0.505249
        0.600000        0.505001
        0.610000        0.504752
        0.620000        0.504501
        0.630000        0.504249
        0.640000        0.503994
        0.650000        0.503739
        0.660000        0.503481
        0.670000        0.503223
        0.680000        0.502963
        0.690000        0.502702
        0.700000        0.502440
        0.710000        0.502177
        0.720000        0.501914
        0.730000        0.501649
        0.740000        0.501384
        0.750000        0.501119
        0.760000        0.500853
        0.770000        0.500587
        0.780000        0.500321
        0.790000        0.500055
        0.800000        0.499788
        0.810000        0.499522
        0.820000        0.499257
        0.830000        0.498991
        0.840000        0.498726
        0.850000        0.498462
        0.860000        0.498198
        0.870000        0.497935
        0.880000        0.497673
        0.890000        0.497412
        0.900000        0.497152
        0.910000        0.496894
        0.920000        0.496636
        0.930000        0.496380
        0.940000        0.496126
        0.950000        0.495873
        0.960000        0.495622
        0.970000        0.495373
        0.980000        0.495125
        0.990000        0.494880
        1.000000        0.494637
        1.010000        0.494396
        1.020000        0.494157
        1.030000        0.493921
        1.040000        0.493687
        1.050000        0.493456
        1.060000        0.493227
        1.070000        0.493002
        1.080000        0.492779
        1.090000        0.492559
        1.100000        0.492342
        1.110000        0.492129
        1.120000        0.491918
        1.130000        0.491711
        1.140000        0.491507
        1.150000        0.491307
        1.160000        0.491110
        1.170000        0.490917
        1.180000        0.490727
        1.190000        0.490542
        1.200000        0.490360
        1.210000        0.490182
        1.220000        0.490008
        1.230000        0.489838
        1.240000        0.489673
        1.250000        0.489511
        1.260000        0.489354
        1.270000        0.489201
        1.280000        0.489053
        1.290000        0.488909
        1.300000        0.488769
        1.310000        0.488634
        1.320000        0.488504
        1.330000        0.488378
        1.340000        0.488257
        1.350000        0.488141
        1.360000        0.488030
        1.370000        0.487923
        1.380000        0.487821
        1.390000        0.487725
        1.400000        0.487633
        1.410000        0.487546
        1.420000        0.487465
        1.430000        0.487388
        1.440000        0.487317
        1.450000        0.487250
        1.460000        0.487189
        1.470000        0.487133
        1.480000        0.487083
        1.490000        0.487037
        1.500000        0.486997
        1.510000        0.486962
        1.520000        0.486932
        1.530000        0.486908
        1.540000        0.486889
        1.550000        0.486875
        1.560000        0.486867
        1.570000        0.486864
        1.580000        0.486866
        1.590000        0.486874
        1.600000        0.486886
        1.610000        0.486905
        1.620000        0.486928
        1.630000        0.486957
        1.640000        0.486991
        1.650000        0.487030
        1.660000        0.487075
        1.670000        0.487125
        1.680000        0.487180
        1.690000        0.487240
        1.700000        0.487306
        1.710000        0.487376
        1.720000        0.487452
        1.730000        0.487533
        1.740000        0.487619
        1.750000        0.487710
        1.760000        0.487806
        1.770000        0.487906
        1.780000        0.488012
        1.790000        0.488123
        1.800000        0.488238
        1.810000        0.488358
        1.820000        0.488483
        1.830000        0.488613
        1.840000        0.488747
        1.850000        0.488886
        1.860000        0.489029
        1.870000        0.489177
        1.880000        0.489329
        1.890000        0.489486
        1.900000        0.489647
        1.910000        0.489812
        1.920000        0.489981
        1.930000        0.490154
        1.940000        0.490331
        1.950000        0.490513
        1.960000        0.490698
        1.970000        0.490886
        1.980000        0.491079
        1.990000        0.491275
        2.000000        0.491475
        2.010000        0.491678
        2.020000        0.491885
        2.030000        0.492095
        2.040000        0.492308
        2.050000        0.492524
        2.060000        0.492744
        2.070000        0.492966
        2.080000        0.493191
        2.090000        0.493419
        2.100000        0.493650
        2.110000        0.493884
        2.120000        0.494119
        2.130000        0.494358
        2.140000        0.494598
        2.150000        0.494841
        2.160000        0.495086
        2.170000        0.495333
        2.180000        0.495582
        2.190000        0.495833
        2.200000        0.496086
        2.210000        0.496340
        2.220000        0.496595
        2.230000        0.496853
        2.240000        0.497111
        2.250000        0.497371
        2.260000        0.497632
        2.270000        0.497893
        2.280000        0.498156
        2.290000        0.498420
        2.300000        0.498684
        2.310000        0.498949
        2.320000        0.499214
        2.330000        0.499480
        2.340000        0.499746
        2.350000        0.500012
        2.360000        0.500279
        2.370000        0.500545
        2.380000        0.500811
        2.390000        0.501077
        2.400000        0.501342
        2.410000        0.501607
        2.420000        0.501872
        2.430000        0.502135
        2.440000        0.502398
        2.450000        0.502660
        2.460000        0.502921
        2.470000        0.503181
        2.480000        0.503440
        2.490000        0.503698
        2.500000        0.503954
        2.510000        0.504208
        2.520000        0.504461
        2.530000        0.504712
        2.540000        0.504962
        2.550000        0.505209
        2.560000        0.505455
        2.570000        0.505698
        2.580000        0.505939
        2.590000        0.506178
        2.600000        0.506415
        2.610000        0.506649
        2.620000        0.506880
        2.630000        0.507109
        2.640000        0.507335
        2.650000        0.507558
        2.660000        0.507778
        2.670000        0.507995
        2.680000        0.508209
        2.690000        0.508420
        2.700000        0.508627
        2.710000        0.508831
        2.720000        0.509032
        2.730000        0.509229
        2.740000        0.509422
        2.750000        0.509612
        2.760000        0.509798
        2.770000        0.509980
        2.780000        0.510158
        2.790000        0.510333
        2.800000        0.510503
        2.810000        0.510669
        2.820000        0.510831
        2.830000        0.510988
        2.840000        0.511141
        2.850000        0.511290
        2.860000        0.511435
        2.870000        0.511574
        2.880000        0.511710
        2.890000        0.511840
        2.900000        0.511967
        2.910000        0.512088
        2.920000        0.512204
        2.930000        0.512316
        2.940000        0.512423
        2.950000        0.512525
        2.960000        0.512622
        2.970000        0.512714
        2.980000        0.512801
        2.990000        0.512883
        3.000000        0.512960
        3.010000        0.513032
        3.020000        0.513099
        3.030000        0.513160
        3.040000        0.513217
        3.050000        0.513268
        3.060000        0.513314
        3.070000        0.513354
        3.080000        0.513390
        3.090000        0.513420
        3.100000        0.513445
        3.110000        0.513464
        3.120000        0.513478
        3.130000        0.513487
        3.140000        0.513491
        3.150000        0.513489
        3.160000        0.513482
        3.170000        0.513469
        3.180000        0.513451
        3.190000        0.513428
        3.200000        0.513400
        3.210000        0.513366
        3.220000        0.513327
        3.230000        0.513283
        3.240000        0.513234
        3.250000        0.513179
        3.260000        0.513119
        3.270000        0.513054
        3.280000        0.512984
        3.290000        0.512909
        3.300000        0.512828
        3.310000        0.512743
        3.320000        0.512652
        3.330000        0.512557
        3.340000        0.512456
        3.350000        0.512351
        3.360000        0.512241
        3.370000        0.512126
        3.380000        0.512006
        3.390000        0.511881
        3.400000        0.511752
        3.410000        0.511618
        3.420000        0.511480
        3.430000        0.511337
        3.440000        0.511189
        3.450000        0.511037
        3.460000        0.510881
        3.470000        0.510721
        3.480000        0.510556
        3.490000        0.510387
        3.500000        0.510214
        3.510000        0.510037
        3.520000        0.509856
        3.530000        0.509672
        3.540000        0.509483
        3.550000        0.509291
        3.560000        0.509095
        3.570000        0.508896
        3.580000        0.508693
        3.590000        0.508486
        3.600000        0.508276
        3.610000        0.508064
        3.620000        0.507847
        3.630000        0.507628
        3.640000        0.507406
        3.650000        0.507181
        3.660000        0.506953
        3.670000        0.506723
        3.680000        0.506490
        3.690000        0.506254
        3.700000        0.506016
        3.710000        0.505775
        3.720000        0.505533
        3.730000        0.505288
        3.740000        0.505041
        3.750000        0.504792
        3.760000        0.504541
        3.770000        0.504289
        3.780000        0.504035
        3.790000        0.503779
        3.800000        0.503522
        3.810000        0.503264
        3.820000        0.503004
        3.830000        0.502744
        3.840000        0.502482
        3.850000        0.502219
        3.860000        0.501956
        3.870000        0.501691
        3.880000        0.501427
        3.890000        0.501161
        3.900000        0.500896
        3.910000        0.500630
        3.920000        0.500363
        3.930000        0.500097
        3.940000        0.499831
        3.950000        0.499565
        3.960000        0.499299
        3.970000        0.499033
        3.980000        0.498768
        3.990000        0.498504
        4.000000        0.498240
        4.010000        0.497977
        4.020000        0.497715
        4.030000        0.497454
        4.040000        0.497194
        4.050000        0.496935
        4.060000        0.496677
        4.070000        0.496421
        4.080000        0.496166
        4.090000        0.495913
        4.100000        0.495662
        4.110000        0.495412
        4.120000        0.495165
        4.130000        0.494919
        4.140000        0.494675
        4.150000        0.494434
        4.160000        0.494195
        4.170000        0.493958
        4.180000        0.493724
        4.190000        0.493493
        4.200000        0.493264
        4.210000        0.493038
        4.220000        0.492814
        4.230000        0.492594
        4.240000        0.492377
        4.250000        0.492162
        4.260000        0.491951
        4.270000        0.491744
        4.280000        0.491539
        4.290000        0.491338
        4.300000        0.491141
        4.310000        0.490947
        4.320000        0.490757
        4.330000        0.490571
        4.340000        0.490389
        4.350000        0.490210
        4.360000        0.490036
        4.370000        0.489865
        4.380000        0.489699
        4.390000        0.489537
        4.400000        0.489379
        4.410000        0.489225
        4.420000        0.489076
        4.430000        0.488931
        4.440000        0.488791
        4.450000        0.488655
        4.460000        0.488524
        4.470000        0.488398
        4.480000        0.488276
        4.490000        0.488159
        4.500000        0.488047
        4.510000        0.487940
        4.520000        0.487837
        4.530000        0.487740
        4.540000        0.487647
        4.550000        0.487560
        4.560000        0.487477
        4.570000        0.487400
        4.580000        0.487328
        4.590000        0.487261
        4.600000        0.487199
        4.610000        0.487142
        4.620000        0.487090
        4.630000        0.487044
        4.640000        0.487003
        4.650000        0.486967
        4.660000        0.486937
        4.670000        0.486912
        4.680000        0.486892
        4.690000        0.486877
        4.700000        0.486868
        4.710000        0.486864
        4.720000        0.486865
        4.730000        0.486872
        4.740000        0.486884
        4.750000        0.486901
        4.760000        0.486924
        4.770000        0.486952
        4.780000        0.486985
        4.790000        0.487024
        4.800000        0.487068
        4.810000        0.487117
        4.820000        0.487171
        4.830000        0.487230
        4.840000        0.487295
        4.850000        0.487365
        4.860000        0.487440
        4.870000        0.487520
        4.880000        0.487605
        4.890000        0.487695
        4.900000        0.487790
        4.910000        0.487890
        4.920000        0.487995
        4.930000        0.488105
        4.940000        0.488220
        4.950000        0.488339
        4.960000        0.488463
        4.970000        0.488592
        4.980000        0.488726
        4.990000        0.488864
        5.000000        0.489006
        5.010000        0.489153
        5.020000        0.489305
        5.030000        0.489461
        5.040000        0.489621
        5.050000        0.489785
        5.060000        0.489954
        5.070000        0.490126
        5.080000        0.490303
        5.090000        0.490483
        5.100000        0.490668
        5.110000        0.490856
        5.120000        0.491048
        5.130000        0.491244
        5.140000        0.491443
        5.150000        0.491646
        5.160000        0.491852
        5.170000        0.492061
        5.180000        0.492274
        5.190000        0.492490
        5.200000        0.492709
        5.210000        0.492930
        5.220000        0.493155
        5.230000        0.493383
        5.240000        0.493613
        5.250000        0.493846
        5.260000        0.494082
        5.270000        0.494320
        5.280000        0.494560
        5.290000        0.494802
        5.300000        0.495047
        5.310000        0.495294
        5.320000        0.495542
        5.330000        0.495793
        5.340000        0.496045
        5.350000        0.496299
        5.360000        0.496555
        5.370000        0.496812
        5.380000        0.497070
        5.390000        0.497329
        5.400000        0.497590
        5.410000        0.497852
        5.420000        0.498114
        5.430000        0.498378
        5.440000        0.498642
        5.450000        0.498907
        5.460000        0.499172
        5.470000        0.499438
        5.480000        0.499704
        5.490000        0.499970
        5.500000        0.500236
        5.510000        0.500502
        5.520000        0.500768
        5.530000        0.501034
        5.540000        0.501300
        5.550000        0.501565
        5.560000        0.501829
        5.570000        0.502093
        5.580000        0.502356
        5.590000        0.502619
        5.600000        0.502880
        5.610000        0.503140
        5.620000        0.503399
        5.630000        0.503657
        5.640000        0.503913
        5.650000        0.504168
        5.660000        0.504421
        5.670000        0.504673
        5.680000        0.504922
        5.690000        0.505170
        5.700000        0.505416
        5.710000        0.505660
        5.720000        0.505901
        5.730000        0.506140
        5.740000        0.506377
        5.750000        0.506612
        5.760000        0.506843
        5.770000        0.507073
        5.780000        0.507299
        5.790000        0.507523
        5.800000        0.507743
        5.810000        0.507961
        5.820000        0.508175
        5.830000        0.508386
        5.840000        0.508594
        5.850000        0.508799
        5.860000        0.509000
        5.870000        0.509198
        5.880000        0.509392
        5.890000        0.509582
        5.900000        0.509769
        5.910000        0.509951
        5.920000        0.510130
        5.930000        0.510305
        5.940000        0.510476
        5.950000        0.510643
        5.960000        0.510805
        5.970000        0.510963
        5.980000        0.511117
        5.990000        0.511267
        6.000000        0.511412
        6.010000        0.511552
        6.020000        0.511689
        6.030000        0.511820
        6.040000        0.511947
        6.050000        0.512069
        6.060000        0.512186
        6.070000        0.512299
        6.080000        0.512406
        6.090000        0.512509
        6.100000        0.512607
        6.110000        0.512700
        6.120000        0.512788
        6.130000        0.512871
        6.140000        0.512948
        6.150000        0.513021
        6.160000        0.513089
        6.170000        0.513151
        6.180000        0.513208
        6.190000        0.513260
        6.200000        0.513307
        6.210000        0.513348
        6.220000        0.513385
        6.230000        0.513415
        6.240000        0.513441
        6.250000        0.513461
        6.260000        0.513476
        6.270000        0.513486
        6.280000        0.513490
        6.290000        0.513489
        6.300000        0.513483
        6.310000        0.513472
        6.320000        0.513455
        6.330000        0.513432
        6.340000        0.513405
        6.350000        0.513372
        6.360000        0.513334
        6.370000        0.513290
        6.380000        0.513242
        6.390000        0.513188
        6.400000        0.513129
        6.410000        0.513065
        6.420000        0.512995
        6.430000        0.512921
        6.440000        0.512841
        6.450000        0.512757
        6.460000        0.512667
        6.470000        0.512572
        6.480000        0.512473
        6.490000        0.512368
        6.500000        0.512258
        6.510000        0.512144
        6.520000        0.512025
        6.530000        0.511901
        6.540000        0.511773
        6.550000        0.511640
        6.560000        0.511502
        6.570000        0.511360
        6.580000        0.511213
        6.590000        0.511062
        6.600000        0.510906
        6.610000        0.510747
        6.620000        0.510583
        6.630000        0.510414
        6.640000        0.510242
        6.650000        0.510066
        6.660000        0.509886
        6.670000        0.509701
        6.680000        0.509513
        6.690000        0.509322
        6.700000        0.509126
        6.710000        0.508928
        6.720000        0.508725
        6.730000        0.508519
        6.740000        0.508310
        6.750000        0.508098
        6.760000        0.507882
        6.770000        0.507663
        6.780000        0.507442
        6.790000        0.507217
        6.800000        0.506990
        6.810000        0.506760
        6.820000        0.506527
        6.830000        0.506292
        6.840000        0.506054
        6.850000        0.505814
        6.860000        0.505571
        6.870000        0.505327
        6.880000        0.505080
        6.890000        0.504832
        6.900000        0.504582
        6.910000        0.504329
        6.920000        0.504076
        6.930000        0.503820
        6.940000        0.503563
        6.950000        0.503305
        6.960000        0.503046
        6.970000        0.502785
        6.980000        0.502524
        6.990000        0.502261
        7.000000        0.501998
        7.010000        0.501734
        7.020000        0.501469
        7.030000        0.501204
        7.040000        0.500938
        7.050000        0.500672
        7.060000        0.500406
        7.070000        0.500140
        7.080000        0.499873
        7.090000        0.499607
        7.100000        0.499341
        7.110000        0.499076
        7.120000        0.498811
        7.130000        0.498546
        7.140000        0.498282
        7.150000        0.498019
        7.160000        0.497757
        7.170000        0.497495
        7.180000        0.497235
        7.190000        0.496976
        7.200000        0.496718
        7.210000        0.496462
        7.220000        0.496207
        7.230000        0.495953
        7.240000        0.495702
        7.250000        0.495452
        7.260000        0.495204
        7.270000        0.494958
        7.280000        0.494714
        7.290000        0.494472
        7.300000        0.494233
        7.310000        0.493996
        7.320000        0.493761
        7.330000        0.493529
        7.340000        0.493300
        7.350000        0.493073
        7.360000        0.492850
        7.370000        0.492629
        7.380000        0.492411
        7.390000        0.492196
        7.400000        0.491985
        7.410000        0.491777
        7.420000        0.491572
        7.430000        0.491370
        7.440000        0.491172
        7.450000        0.490978
        7.460000        0.490787
        7.470000        0.490601
        7.480000        0.490417
        7.490000        0.490238
        7.500000        0.490063
        7.510000        0.489892
        7.520000        0.489725
        7.530000        0.489562
        7.540000        0.489404
        7.550000        0.489249
        7.560000        0.489099
        7.570000        0.488954
        7.580000        0.488813
        7.590000        0.488677
        7.600000        0.488545
        7.610000        0.488418
        7.620000        0.488295
        7.630000        0.488177
        7.640000        0.488064
        7.650000        0.487956
        7.660000        0.487853
        7.670000        0.487755
        7.680000        0.487662
        7.690000        0.487573
        7.700000        0.487490
        7.710000        0.487412
        7.720000        0.487339
        7.730000        0.487271
        7.740000        0.487208
        7.750000        0.487151
        7.760000        0.487098
        7.770000        0.487051
        7.780000        0.487009
        7.790000        0.486973
        7.800000        0.486941
        7.810000        0.486915
        7.820000        0.486895
        7.830000        0.486879
        7.840000        0.486869
        7.850000        0.486864
        7.860000        0.486865
        7.870000        0.486871
        7.880000        0.486882
        7.890000        0.486898
        7.900000        0.486920
        7.910000        0.486947
        7.920000        0.486980
        7.930000        0.487017
        7.940000        0.487060
        7.950000        0.487109
        7.960000        0.487162
        7.970000        0.487221
        7.980000        0.487284
        7.990000        0.487353
        8.000000        0.487427
        8.010000        0.487507
        8.020000        0.487591
        8.030000        0.487680
        8.040000        0.487775
        8.050000        0.487874
        8.060000        0.487978
        8.070000        0.488087
        8.080000        0.488201
        8.090000        0.488320
        8.100000        0.488443
        8.110000        0.488571
        8.120000        0.488704
        8.130000        0.488841
        8.140000        0.488983
        8.150000        0.489130
        8.160000        0.489280
        8.170000        0.489436
        8.180000        0.489595
        8.190000        0.489759
        8.200000        0.489927
        8.210000        0.490099
        8.220000        0.490274
        8.230000        0.490454
        8.240000        0.490638
        8.250000        0.490826
        8.260000        0.491017
        8.270000        0.491212
        8.280000        0.491411
        8.290000        0.491613
        8.300000        0.491819
        8.310000        0.492028
        8.320000        0.492240
        8.330000        0.492455
        8.340000        0.492674
        8.350000        0.492895
        8.360000        0.493119
        8.370000        0.493346
        8.380000        0.493576
        8.390000        0.493809
        8.400000        0.494044
        8.410000        0.494282
        8.420000        0.494521
        8.430000        0.494764
        8.440000        0.495008
        8.450000        0.495254
        8.460000        0.495503
        8.470000        0.495753
        8.480000        0.496005
        8.490000        0.496259
        8.500000        0.496514
        8.510000        0.496771
        8.520000        0.497029
        8.530000        0.497288
        8.540000        0.497548
        8.550000        0.497810
        8.560000        0.498072
        8.570000        0.498336
        8.580000        0.498600
        8.590000        0.498865
        8.600000        0.499130
        8.610000        0.499395
        8.620000        0.499661
        8.630000        0.499927
        8.640000        0.500194
        8.650000        0.500460
        8.660000        0.500726
        8.670000        0.500992
        8.680000        0.501258
        8.690000        0.501523
        8.700000        0.501787
        8.710000        0.502051
        8.720000        0.502315
        8.730000        0.502577
        8.740000        0.502838
        8.750000        0.503099
        8.760000        0.503358
        8.770000        0.503616
        8.780000        0.503872
        8.790000        0.504127
        8.800000        0.504381
        8.810000        0.504633
        8.820000        0.504883
        8.830000        0.505131
        8.840000        0.505377
        8.850000        0.505621
        8.860000        0.505863
        8.870000        0.506103
        8.880000        0.506340
        8.890000        0.506575
        8.900000        0.506807
        8.910000        0.507036
        8.920000        0.507263
        8.930000        0.507487
        8.940000        0.507708
        8.950000        0.507926
        8.960000        0.508141
        8.970000        0.508353
        8.980000        0.508561
        8.990000        0.508767
        9.000000        0.508968
        9.010000        0.509167
        9.020000        0.509361
        9.030000        0.509552
        9.040000        0.509739
        9.050000        0.509923
        9.060000        0.510102
        9.070000        0.510277
        9.080000        0.510449
        9.090000        0.510616
        9.100000        0.510779
        9.110000        0.510938
        9.120000        0.511093
        9.130000        0.511243
        9.140000        0.511389
        9.150000        0.511530
        9.160000        0.511667
        9.170000        0.511799
        9.180000        0.511927
        9.190000        0.512050
        9.200000        0.512168
        9.210000        0.512281
        9.220000        0.512390
        9.230000        0.512493
        9.240000        0.512592
        9.250000        0.512686
        9.260000        0.512774
        9.270000        0.512858
        9.280000        0.512936
        9.290000        0.513010
        9.300000        0.513078
        9.310000        0.513141
        9.320000        0.513199
        9.330000        0.513252
        9.340000        0.513300
        9.350000        0.513342
        9.360000        0.513379
        9.370000        0.513411
        9.380000        0.513437
        9.390000        0.513458
        9.400000        0.513474
        9.410000        0.513485
        9.420000        0.513490
        9.430000        0.513490
        9.440000        0.513485
        9.450000        0.513474
        9.460000        0.513458
        9.470000        0.513436
        9.480000        0.513410
        9.490000        0.513378
        9.500000        0.513340
        9.510000        0.513298
        9.520000        0.513250
        9.530000        0.513197
        9.540000        0.513139
        9.550000        0.513075
        9.560000        0.513007
        9.570000        0.512933
        9.580000        0.512854
        9.590000        0.512770
        9.600000        0.512681
        9.610000        0.512588
        9.620000        0.512489
        9.630000        0.512385
        9.640000        0.512276
        9.650000        0.512163
        9.660000        0.512044
        9.670000        0.511921
        9.680000        0.511794
        9.690000        0.511661
        9.700000        0.511524
        9.710000        0.511383
        9.720000        0.511237
        9.730000        0.511086
        9.740000        0.510931
        9.750000        0.510772
        9.760000        0.510609
        9.770000        0.510441
        9.780000        0.510270
        9.790000        0.510094
        9.800000        0.509914
        9.810000        0.509731
        9.820000        0.509544
        9.830000        0.509353
        9.840000        0.509158
        9.850000        0.508959
        9.860000        0.508758
        9.870000        0.508552
        9.880000        0.508344
        9.890000        0.508132
        9.900000        0.507917
        9.910000        0.507698
        9.920000        0.507477
        9.930000        0.507253
        9.940000        0.507026
        9.950000        0.506796
        9.960000        0.506564
        9.970000        0.506329
        9.980000        0.506092
        9.990000        0.505852
       10.000000        0.505610
