        0.010000        0.500040        0.008123
        0.020000        0.500161        0.016246
        0.030000        0.500361        0.024367
        0.040000        0.500642        0.032487
        0.050000        0.501004        0.040604
        0.060000        0.501445        0.048717
        0.070000        0.501967        0.056827
        0.080000        0.502569        0.064931
        0.090000        0.503251        0.073031
        0.100000        0.504013        0.081125
        0.110000        0.504855        0.089212
        0.120000        0.505777        0.097292
        0.130000        0.506779        0.105364
        0.140000        0.507861        0.113427
        0.150000        0.509023        0.121482
        0.160000        0.510264        0.129526
        0.170000        0.511585        0.137561
        0.180000        0.512986        0.145584
        0.190000        0.514466        0.153595
        0.200000        0.516025        0.161594
        0.210000        0.517663        0.169581
        0.220000        0.519381        0.177553
        0.230000        0.521177        0.185512
        0.240000        0.523052        0.193456
        0.250000        0.525006        0.201384
        0.260000        0.527039        0.209297
        0.270000        0.529150        0.217193
        0.280000        0.531339        0.225071
        0.290000        0.533607        0.232933
        0.300000        0.535952        0.240775
        0.310000        0.538375        0.248599
        0.320000        0.540876        0.256404
        0.330000        0.543455        0.264189
        0.340000        0.546111        0.271953
        0.350000        0.548844        0.279696
        0.360000        0.551653        0.287417
        0.370000        0.554540        0.295117
        0.380000        0.557503        0.302793
        0.390000        0.560543        0.310447
        0.400000        0.563659        0.318077
        0.410000        0.566851        0.325682
        0.420000        0.570118        0.333263
        0.430000        0.573462        0.340819
        0.440000        0.576880        0.348349
        0.450000        0.580374        0.355853
        0.460000        0.583942        0.363331
        0.470000        0.587585        0.370781
        0.480000        0.591302        0.378204
        0.490000        0.595094        0.385600
        0.500000        0.598959        0.392966
        0.510000        0.602899        0.400304
        0.520000        0.606911        0.407613
        0.530000        0.610997        0.414892
        0.540000        0.615155        0.422142
        0.550000        0.619386        0.429360
        0.560000        0.623690        0.436549
        0.570000        0.628065        0.443706
        0.580000        0.632512        0.450831
        0.590000        0.637031        0.457925
        0.600000        0.641621        0.464986
        0.610000        0.646281        0.472015
        0.620000        0.651013        0.479011
        0.630000        0.655814        0.485974
        0.640000        0.660686        0.492903
        0.650000        0.665627        0.499799
        0.660000        0.670638        0.506660
        0.670000        0.675718        0.513487
        0.680000        0.680866        0.520280
        0.690000        0.686084        0.527037
        0.700000        0.691369        0.533760
        0.710000        0.696722        0.540447
        0.720000        0.702142        0.547098
        0.730000        0.707630        0.553713
        0.740000        0.713184        0.560293
        0.750000        0.718805        0.566836
        0.760000        0.724492        0.573342
        0.770000        0.730245        0.579812
        0.780000        0.736063        0.586245
        0.790000        0.741946        0.592640
        0.800000        0.747895        0.598999
        0.810000        0.753907        0.605320
        0.820000        0.759984        0.611603
        0.830000        0.766124        0.617849
        0.840000        0.772328        0.624057
        0.850000        0.778595        0.630226
        0.860000        0.784924        0.636358
        0.870000        0.791316        0.642451
        0.880000        0.797769        0.648507
        0.890000        0.804284        0.654523
        0.900000        0.810861        0.660501
        0.910000        0.817498        0.666441
        0.920000        0.824195        0.672342
        0.930000        0.830953        0.678204
        0.940000        0.837771        0.684027
        0.950000        0.844647        0.689812
        0.960000        0.851583        0.695557
        0.970000        0.858577        0.701264
        0.980000        0.865630        0.706932
        0.990000        0.872740        0.712560
        1.000000        0.879908        0.718150
        1.010000        0.887133        0.723701
        1.020000        0.894414        0.729212
        1.030000        0.901752        0.734685
        1.040000        0.909146        0.740119
        1.050000        0.916596        0.745514
        1.060000        0.924100        0.750869
        1.070000        0.931660        0.756186
        1.080000        0.939274        0.761464
        1.090000        0.946941        0.766704
        1.100000        0.954663        0.771904
        1.110000        0.962438        0.777066
        1.120000        0.970265        0.782189
        1.130000        0.978146        0.787273
        1.140000        0.986078        0.792319
        1.150000        0.994062        0.797327
        1.160000        1.002097        0.802296
        1.170000        1.010184        0.807227
        1.180000        1.018321        0.812119
        1.190000        1.026508        0.816974
        1.200000        1.034745        0.821790
        1.210000        1.043032        0.826569
        1.220000        1.051367        0.831310
        1.230000        1.059751        0.836014
        1.240000        1.068184        0.840679
        1.250000        1.076664        0.845308
        1.260000        1.085193        0.849899
        1.270000        1.093768        0.854453
        1.280000        1.102390        0.858971
        1.290000        1.111058        0.863451
        1.300000        1.119773        0.867895
        1.310000        1.128533        0.872302
        1.320000        1.137339        0.876672
        1.330000        1.146189        0.881007
        1.340000        1.155084        0.885305
        1.350000        1.164024        0.889568
        1.360000        1.173007        0.893795
        1.370000        1.182034        0.897986
        1.380000        1.191103        0.902142
        1.390000        1.200216        0.906263
        1.400000        1.209371        0.910348
        1.410000        1.218567        0.914399
        1.420000        1.227806        0.918415
        1.430000        1.237086        0.922397
        1.440000        1.246407        0.926345
        1.450000        1.255768        0.930258
        1.460000        1.265170        0.934137
        1.470000        1.274611        0.937983
        1.480000        1.284092        0.941795
        1.490000        1.293613        0.945574
        1.500000        1.303172        0.949320
        1.510000        1.312769        0.953033
        1.520000        1.322405        0.956714
        1.530000        1.332079        0.960362
        1.540000        1.341790        0.963977
        1.550000        1.351538        0.967561
        1.560000        1.361323        0.971113
        1.570000        1.371145        0.974633
        1.580000        1.381002        0.978121
        1.590000        1.390896        0.981579
        1.600000        1.400825        0.985005
        1.610000        1.410789        0.988401
        1.620000        1.420788        0.991766
        1.630000        1.430821        0.995101
        1.640000        1.440889        0.998406
        1.650000        1.450991        1.001681
        1.660000        1.461126        1.004926
        1.670000        1.471294        1.008142
        1.680000        1.481495        1.011329
        1.690000        1.491729        1.014486
        1.700000        1.501995        1.017615
        1.710000        1.512293        1.020715
        1.720000        1.522623        1.023787
        1.730000        1.532985        1.026831
        1.740000        1.543377        1.029847
        1.750000        1.553800        1.032836
        1.760000        1.564254        1.035797
        1.770000        1.574738        1.038731
        1.780000        1.585252        1.041637
        1.790000        1.595795        1.044517
        1.800000        1.606368        1.047371
        1.810000        1.616970        1.050198
        1.820000        1.627601        1.053000
        1.830000        1.638260        1.055775
        1.840000        1.648948        1.058525
        1.850000        1.659663        1.061249
        1.860000        1.670406        1.063948
        1.870000        1.681177        1.066622
        1.880000        1.691975        1.069272
        1.890000        1.702799        1.071897
        1.900000        1.713650        1.074498
        1.910000        1.724528        1.077074
        1.920000        1.735431        1.079627
        1.930000        1.746361        1.082156
        1.940000        1.757316        1.084662
        1.950000        1.768296        1.087144
        1.960000        1.779302        1.089604
        1.970000        1.790332        1.092040
        1.980000        1.801387        1.094455
        1.990000        1.812466        1.096846
        2.000000        1.823569        1.099216
        2.010000        1.834696        1.101564
        2.020000        1.845847        1.103890
        2.030000        1.857021        1.106195
        2.040000        1.868219        1.108478
        2.050000        1.879439        1.110740
        2.060000        1.890682        1.112982
        2.070000        1.901947        1.115202
        2.080000        1.913235        1.117403
        2.090000        1.924544        1.119583
        2.100000        1.935876        1.121742
        2.110000        1.947229        1.123883
        2.120000        1.958603        1.126003
        2.130000        1.969998        1.128104
        2.140000        1.981415        1.130186
        2.150000        1.992852        1.132248
        2.160000        2.004309        1.134292
        2.170000        2.015787        1.136317
        2.180000        2.027285        1.138324
        2.190000        2.038803        1.140312
        2.200000        2.050341        1.142282
        2.210000        2.061898        1.144234
        2.220000        2.073474        1.146169
        2.230000        2.085070        1.148086
        2.240000        2.096684        1.149985
        2.250000        2.108317        1.151868
        2.260000        2.119969        1.153733
        2.270000        2.131639        1.155582
        2.280000        2.143327        1.157414
        2.290000        2.155033        1.159229
        2.300000        2.166757        1.161029
        2.310000        2.178499        1.162812
        2.320000        2.190258        1.164579
        2.330000        2.202034        1.166331
        2.340000        2.213828        1.168066
        2.350000        2.225638        1.169787
        2.360000        2.237465        1.171492
        2.370000        2.249309        1.173182
        2.380000        2.261169        1.174857
        2.390000        2.273045        1.176518
        2.400000        2.284938        1.178164
        2.410000        2.296846        1.179795
        2.420000        2.308770        1.181412
        2.430000        2.320710        1.183015
        2.440000        2.332665        1.184604
        2.450000        2.344636        1.186179
        2.460000        2.356622        1.187741
        2.470000        2.368622        1.189289
        2.480000        2.380638        1.190824
        2.490000        2.392668        1.192345
        2.500000        2.404713        1.193854
        2.510000        2.416773        1.195349
        2.520000        2.428846        1.196832
        2.530000        2.440934        1.198302
        2.540000        2.453035        1.199760
        2.550000        2.465151        1.201206
        2.560000        2.477280        1.202639
        2.570000        2.489423        1.204060
        2.580000        2.501580        1.205469
        2.590000        2.513749        1.206867
        2.600000        2.525932        1.208252
        2.610000        2.538128        1.209627
        2.620000        2.550337        1.210990
        2.630000        2.562559        1.212341
        2.640000        2.574793        1.213682
        2.650000        2.587040        1.215011
        2.660000        2.599299        1.216330
        2.670000        2.611571        1.217638
        2.680000        2.623855        1.218935
        2.690000        2.636151        1.220222
        2.700000        2.648459        1.221499
        2.710000        2.660779        1.222765
        2.720000        2.673110        1.224021
        2.730000        2.685453        1.225267
        2.740000        2.697808        1.226503
        2.750000        2.710174        1.227729
        2.760000        2.722552        1.228946
        2.770000        2.734940        1.230153
        2.780000        2.747340        1.231351
        2.790000        2.759751        1.232539
        2.800000        2.772172        1.233718
        2.810000        2.784605        1.234888
        2.820000        2.797048        1.236049
        2.830000        2.809501        1.237201
        2.840000        2.821966        1.238344
        2.850000        2.834440        1.239479
        2.860000        2.846925        1.240605
        2.870000        2.859420        1.241722
        2.880000        2.871925        1.242831
        2.890000        2.884440        1.243932
        2.900000        2.896965        1.245024
        2.910000        2.909500        1.246109
        2.920000        2.922045        1.247185
        2.930000        2.934599        1.248253
        2.940000        2.947163        1.249314
        2.950000        2.959736        1.250367
        2.960000        2.972319        1.251412
        2.970000        2.984911        1.252449
        2.980000        2.997512        1.253479
        2.990000        3.010122        1.254502
        3.000000        3.022742        1.255517
        3.010000        3.035370        1.256526
        3.020000        3.048008        1.257527
        3.030000        3.060654        1.258520
        3.040000        3.073309        1.259507
        3.050000        3.085972        1.260488
        3.060000        3.098644        1.261461
        3.070000        3.111325        1.262427
        3.080000        3.124014        1.263387
        3.090000        3.136711        1.264340
        3.100000        3.149417        1.265287
        3.110000        3.162131        1.266228
        3.120000        3.174853        1.267161
        3.130000        3.187584        1.268089
        3.140000        3.200322        1.269011
        3.150000        3.213068        1.269926
        3.160000        3.225822        1.270835
        3.170000        3.238584        1.271738
        3.180000        3.251354        1.272636
        3.190000        3.264131        1.273527
        3.200000        3.276916        1.274413
        3.210000        3.289708        1.275293
        3.220000        3.302508        1.276167
        3.230000        3.315316        1.277036
        3.240000        3.328131        1.277899
        3.250000        3.340953        1.278756
        3.260000        3.353782        1.279608
        3.270000        3.366619        1.280455
        3.280000        3.379463        1.281297
        3.290000        3.392313        1.282133
        3.300000        3.405171        1.282964
        3.310000        3.418036        1.283790
        3.320000        3.430908        1.284611
        3.330000        3.443786        1.285427
        3.340000        3.456672        1.286238
        3.350000        3.469564        1.287044
        3.360000        3.482463        1.287845
        3.370000        3.495368        1.288641
        3.380000        3.508280        1.289433
        3.390000        3.521199        1.290219
        3.400000        3.534124        1.291002
        3.410000        3.547055        1.291779
        3.420000        3.559993        1.292552
        3.430000        3.572937        1.293321
        3.440000        3.585888        1.294085
        3.450000        3.598845        1.294845
        3.460000        3.611808        1.295600
        3.470000        3.624777        1.296351
        3.480000        3.637752        1.297098
        3.490000        3.650734        1.297841
        3.500000        3.663721        1.298579
        3.510000        3.676714        1.299313
        3.520000        3.689713        1.300043
        3.530000        3.702719        1.300769
        3.540000        3.715730        1.301491
        3.550000        3.728746        1.302209
        3.560000        3.741769        1.302924
        3.570000        3.754797        1.303634
        3.580000        3.767831        1.304340
        3.590000        3.780871        1.305043
        3.600000        3.793916        1.305742
        3.610000        3.806967        1.306437
        3.620000        3.820023        1.307128
        3.630000        3.833085        1.307816
        3.640000        3.846152        1.308500
        3.650000        3.859224        1.309180
        3.660000        3.872302        1.309857
        3.670000        3.885386        1.310530
        3.680000        3.898474        1.311200
        3.690000        3.911568        1.311867
        3.700000        3.924667        1.312530
        3.710000        3.937771        1.313189
        3.720000        3.950881        1.313845
        3.730000        3.963995        1.314498
        3.740000        3.977115        1.315148
        3.750000        3.990239        1.315794
        3.760000        4.003369        1.316437
        3.770000        4.016504        1.317077
        3.780000        4.029643        1.317713
        3.790000        4.042788        1.318347
        3.800000        4.055937        1.318977
        3.810000        4.069091        1.319604
        3.820000        4.082250        1.320228
        3.830000        4.095414        1.320849
        3.840000        4.108582        1.321467
        3.850000        4.121756        1.322082
        3.860000        4.134934        1.322694
        3.870000        4.148116        1.323303
        3.880000        4.161304        1.323909
        3.890000        4.174496        1.324512
        3.900000        4.187692        1.325112
        3.910000        4.200893        1.325710
        3.920000        4.214099        1.326304
        3.930000        4.227309        1.326896
        3.940000        4.240523        1.327485
        3.950000        4.253742        1.328071
        3.960000        4.266965        1.328654
        3.970000        4.280193        1.329235
        3.980000        4.293425        1.329813
        3.990000        4.306662        1.330388
        4.000000        4.319902        1.330960
        4.010000        4.333147        1.331530
        4.020000        4.346397        1.332097
        4.030000        4.359650        1.332662
        4.040000        4.372908        1.333224
        4.050000        4.386170        1.333783
        4.060000        4.399436        1.334340
        4.070000        4.412706        1.334894
        4.080000        4.425980        1.335446
        4.090000        4.439258        1.335995
        4.100000        4.452541        1.336542
        4.110000        4.465827        1.337086
        4.120000        4.479117        1.337627
        4.130000        4.492412        1.338167
        4.140000        4.505710        1.338703
        4.150000        4.519012        1.339238
        4.160000        4.532318        1.339770
        4.170000        4.545628        1.340299
        4.180000        4.558942        1.340826
        4.190000        4.572260        1.341351
        4.200000        4.585582        1.341873
        4.210000        4.598907        1.342393
        4.220000        4.612236        1.342911
        4.230000        4.625569        1.343426
        4.240000        4.638906        1.343939
        4.250000        4.652246        1.344450
        4.260000        4.665590        1.344958
        4.270000        4.678938        1.345464
        4.280000        4.692289        1.345968
        4.290000        4.705644        1.346470
        4.300000        4.719003        1.346969
        4.310000        4.732365        1.347466
        4.320000        4.745731        1.347961
        4.330000        4.759100        1.348454
        4.340000        4.772473        1.348944
        4.350000        4.785850        1.349432
        4.360000        4.799229        1.349918
        4.370000        4.812613        1.350402
        4.380000        4.826000        1.350884
        4.390000        4.839390        1.351363
        4.400000        4.852783        1.351841
        4.410000        4.866180        1.352316
        4.420000        4.879581        1.352789
        4.430000        4.892985        1.353260
        4.440000        4.906392        1.353728
        4.450000        4.919802        1.354195
        4.460000        4.933216        1.354660
        4.470000        4.946633        1.355122
        4.480000        4.960053        1.355582
        4.490000        4.973477        1.356041
        4.500000        4.986903        1.356497
        4.510000        5.000333        1.356951
        4.520000        5.013767        1.357403
        4.530000        5.027203        1.357853
        4.540000        5.040642        1.358301
        4.550000        5.054085        1.358746
        4.560000        5.067531        1.359190
        4.570000        5.080980        1.359632
        4.580000        5.094432        1.360071
        4.590000        5.107887        1.360509
        4.600000        5.121345        1.360945
        4.610000        5.134806        1.361378
        4.620000        5.148270        1.361810
        4.630000        5.161737        1.362239
        4.640000        5.175207        1.362667
        4.650000        5.188680        1.363092
        4.660000        5.202157        1.363516
        4.670000        5.215636        1.363937
        4.680000        5.229118        1.364356
        4.690000        5.242602        1.364774
        4.700000        5.256090        1.365189
        4.710000        5.269581        1.365603
        4.720000        5.283074        1.366014
        4.730000        5.296571        1.366424
        4.740000        5.310070        1.366831
        4.750000        5.323572        1.367237
        4.760000        5.337076        1.367641
        4.770000        5.350584        1.368042
        4.780000        5.364094        1.368442
        4.790000        5.377607        1.368839
        4.800000        5.391123        1.369235
        4.810000        5.404642        1.369629
        4.820000        5.418163        1.370021
        4.830000        5.431687        1.370410
        4.840000        5.445213        1.370798
        4.850000        5.458742        1.371184
        4.860000        5.472274        1.371568
        4.870000        5.485809        1.371950
        4.880000        5.499346        1.372330
        4.890000        5.512885        1.372708
        4.900000        5.526428        1.373084
        4.910000        5.539973        1.373459
        4.920000        5.553520        1.373831
        4.930000        5.567070        1.374201
        4.940000        5.580622        1.374569
        4.950000        5.594177        1.374936
        4.960000        5.607735        1.375300
        4.970000        5.621295        1.375663
        4.980000        5.634857        1.376023
        4.990000        5.648422        1.376382
        5.000000        5.661989        1.376739
        5.010000        5.675559        1.377093
        5.020000        5.689131        1.377446
        5.030000        5.702705        1.377797
        5.040000        5.716282        1.378146
        5.050000        5.729861        1.378493
        5.060000        5.743443        1.378838
        5.070000        5.757027        1.379181
        5.080000        5.770613        1.379522
        5.090000        5.784201        1.379861
        5.100000        5.797792        1.380199
        5.110000        5.811385        1.380534
        5.120000        5.824981        1.380867
        5.130000        5.838578        1.381199
        5.140000        5.852178        1.381528
        5.150000        5.865780        1.381856
        5.160000        5.879384        1.382181
        5.170000        5.892991        1.382505
        5.180000        5.906599        1.382827
        5.190000        5.920210        1.383146
        5.200000        5.933823        1.383464
        5.210000        5.947438        1.383780
        5.220000        5.961055        1.384094
        5.230000        5.974674        1.384406
        5.240000        5.988296        1.384716
        5.250000        6.001919        1.385024
        5.260000        6.015544        1.385330
        5.270000        6.029172        1.385634
        5.280000        6.042802        1.385936
        5.290000        6.056433        1.386237
        5.300000        6.070067        1.386535
        5.310000        6.083702        1.386831
        5.320000        6.097340        1.387126
        5.330000        6.110979        1.387418
        5.340000        6.124621        1.387708
        5.350000        6.138264        1.387997
        5.360000        6.151909        1.388283
        5.370000        6.165557        1.388568
        5.380000        6.179206        1.388851
        5.390000        6.192857        1.389131
        5.400000        6.206510        1.389410
        5.410000        6.220164        1.389687
        5.420000        6.233821        1.389961
        5.430000        6.247479        1.390234
        5.440000        6.261140        1.390505
        5.450000        6.274802        1.390773
        5.460000        6.288465        1.391040
        5.470000        6.302131        1.391305
        5.480000        6.315798        1.391568
        5.490000        6.329467        1.391829
        5.500000        6.343138        1.392088
        5.510000        6.356811        1.392344
        5.520000        6.370485        1.392599
        5.530000        6.384161        1.392852
        5.540000        6.397838        1.393103
        5.550000        6.411518        1.393352
        5.560000        6.425199        1.393599
        5.570000        6.438881        1.393844
        5.580000        6.452565        1.394087
        5.590000        6.466251        1.394328
        5.600000        6.479938        1.394567
        5.610000        6.493627        1.394803
        5.620000        6.507318        1.395038
        5.630000        6.521010        1.395271
        5.640000        6.534703        1.395502
        5.650000        6.548399        1.395731
        5.660000        6.562095        1.395958
        5.670000        6.575793        1.396183
        5.680000        6.589493        1.396405
        5.690000        6.603194        1.396626
        5.700000        6.616896        1.396845
        5.710000        6.630600        1.397062
        5.720000        6.644306        1.397277
        5.730000        6.658013        1.397489
        5.740000        6.671721        1.397700
        5.750000        6.685430        1.397909
        5.760000        6.699141        1.398115
        5.770000        6.712854        1.398320
        5.780000        6.726567        1.398522
        5.790000        6.740283        1.398723
        5.800000        6.753999        1.398921
        5.810000        6.767716        1.399118
        5.820000        6.781435        1.399312
        5.830000        6.795156        1.399505
        5.840000        6.808877        1.399695
        5.850000        6.822600        1.399883
        5.860000        6.836324        1.400069
        5.870000        6.850049        1.400254
        5.880000        6.863775        1.400436
        5.890000        6.877503        1.400616
        5.900000        6.891232        1.400794
        5.910000        6.904962        1.400970
        5.920000        6.918693        1.401144
        5.930000        6.932425        1.401316
        5.940000        6.946158        1.401485
        5.950000        6.959893        1.401653
        5.960000        6.973629        1.401819
        5.970000        6.987365        1.401982
        5.980000        7.001103        1.402144
        5.990000        7.014842        1.402303
        6.000000        7.028582        1.402461
        6.010000        7.042323        1.402616
        6.020000        7.056064        1.402769
        6.030000        7.069807        1.402920
        6.040000        7.083551        1.403070
        6.050000        7.097296        1.403217
        6.060000        7.111042        1.403362
        6.070000        7.124789        1.403504
        6.080000        7.138536        1.403645
        6.090000        7.152285        1.403784
        6.100000        7.166035        1.403921
        6.110000        7.179785        1.404055
        6.120000        7.193536        1.404188
        6.130000        7.207289        1.404318
        6.140000        7.221042        1.404446
        6.150000        7.234796        1.404573
        6.160000        7.248550        1.404697
        6.170000        7.262306        1.404819
        6.180000        7.276062        1.404939
        6.190000        7.289819        1.405056
        6.200000        7.303577        1.405172
        6.210000        7.317336        1.405286
        6.220000        7.331095        1.405397
        6.230000        7.344855        1.405507
        6.240000        7.358616        1.405614
        6.250000        7.372378        1.405720
        6.260000        7.386140        1.405823
        6.270000        7.399903        1.405924
        6.280000        7.413667        1.406023
        6.290000        7.427431        1.406120
        6.300000        7.441196        1.406214
        6.310000        7.454961        1.406307
        6.320000        7.468727        1.406398
        6.330000        7.482494        1.406486
        6.340000        7.496261        1.406572
        6.350000        7.510029        1.406657
        6.360000        7.523797        1.406739
        6.370000        7.537566        1.406819
        6.380000        7.551336        1.406897
        6.390000        7.565106        1.406973
        6.400000        7.578876        1.407046
        6.410000        7.592647        1.407118
        6.420000        7.606419        1.407187
        6.430000        7.620190        1.407255
        6.440000        7.633963        1.407320
        6.450000        7.647735        1.407383
        6.460000        7.661509        1.407444
        6.470000        7.675282        1.407503
        6.480000        7.689056        1.407560
        6.490000        7.702830        1.407615
        6.500000        7.716605        1.407667
        6.510000        7.730380        1.407718
        6.520000        7.744155        1.407766
        6.530000        7.757931        1.407813
        6.540000        7.771707        1.407857
        6.550000        7.785483        1.407899
        6.560000        7.799260        1.407939
        6.570000        7.813037        1.407977
        6.580000        7.826814        1.408013
        6.590000        7.840591        1.408046
        6.600000        7.854369        1.408078
        6.610000        7.868146        1.408107
        6.620000        7.881924        1.408134
        6.630000        7.895702        1.408160
        6.640000        7.909481        1.408183
        6.650000        7.923259        1.408204
        6.660000        7.937038        1.408223
        6.670000        7.950817        1.408239
        6.680000        7.964595        1.408254
        6.690000        7.978374        1.408267
        6.700000        7.992153        1.408277
        6.710000        8.005932        1.408286
        6.720000        8.019712        1.408292
        6.730000        8.033491        1.408296
        6.740000        8.047270        1.408298
        6.750000        8.061049        1.408298
        6.760000        8.074829        1.408296
        6.770000        8.088608        1.408292
        6.780000        8.102387        1.408285
        6.790000        8.116166        1.408277
        6.800000        8.129945        1.408266
        6.810000        8.143725        1.408254
        6.820000        8.157504        1.408239
        6.830000        8.171283        1.408222
        6.840000        8.185061        1.408203
        6.850000        8.198840        1.408182
        6.860000        8.212619        1.408159
        6.870000        8.226397        1.408134
        6.880000        8.240175        1.408107
        6.890000        8.253954        1.408078
        6.900000        8.267732        1.408046
        6.910000        8.281509        1.408013
        6.920000        8.295287        1.407977
        6.930000        8.309064        1.407940
        6.940000        8.322841        1.407900
        6.950000        8.336618        1.407858
        6.960000        8.350395        1.407814
        6.970000        8.364171        1.407768
        6.980000        8.377947        1.407720
        6.990000        8.391723        1.407670
        7.000000        8.405498        1.407618
        7.010000        8.419273        1.407564
        7.020000        8.433048        1.407508
        7.030000        8.446822        1.407449
        7.040000        8.460596        1.407389
        7.050000        8.474370        1.407327
        7.060000        8.488143        1.407262
        7.070000        8.501916        1.407196
        7.080000        8.515688        1.407127
        7.090000        8.529460        1.407056
        7.100000        8.543232        1.406984
        7.110000        8.557003        1.406909
        7.120000        8.570774        1.406832
        7.130000        8.584544        1.406753
        7.140000        8.598313        1.406673
        7.150000        8.612082        1.406590
        7.160000        8.625851        1.406505
        7.170000        8.639619        1.406418
        7.180000        8.653387        1.406329
        7.190000        8.667153        1.406238
        7.200000        8.680920        1.406145
        7.210000        8.694686        1.406050
        7.220000        8.708451        1.405953
        7.230000        8.722215        1.405854
        7.240000        8.735979        1.405753
        7.250000        8.749742        1.405650
        7.260000        8.763505        1.405545
        7.270000        8.777267        1.405438
        7.280000        8.791028        1.405329
        7.290000        8.804789        1.405218
        7.300000        8.818549        1.405105
        7.310000        8.832308        1.404990
        7.320000        8.846066        1.404873
        7.330000        8.859824        1.404754
        7.340000        8.873581        1.404633
        7.350000        8.887337        1.404510
        7.360000        8.901092        1.404385
        7.370000        8.914847        1.404258
        7.380000        8.928601        1.404130
        7.390000        8.942354        1.403999
        7.400000        8.956106        1.403866
        7.410000        8.969857        1.403732
        7.420000        8.983608        1.403595
        7.430000        8.997357        1.403456
        7.440000        9.011106        1.403316
        7.450000        9.024854        1.403173
        7.460000        9.038600        1.403029
        7.470000        9.052346        1.402883
        7.480000        9.066091        1.402735
        7.490000        9.079836        1.402584
        7.500000        9.093579        1.402432
        7.510000        9.107321        1.402278
        7.520000        9.121062        1.402123
        7.530000        9.134802        1.401965
        7.540000        9.148541        1.401805
        7.550000        9.162280        1.401644
        7.560000        9.176017        1.401480
        7.570000        9.189753        1.401315
        7.580000        9.203488        1.401147
        7.590000        9.217222        1.400978
        7.600000        9.230955        1.400807
        7.610000        9.244687        1.400634
        7.620000        9.258417        1.400460
        7.630000        9.272147        1.400283
        7.640000        9.285875        1.400105
        7.650000        9.299603        1.399924
        7.660000        9.313329        1.399742
        7.670000        9.327054        1.399558
        7.680000        9.340778        1.399372
        7.690000        9.354501        1.399185
        7.700000        9.368222        1.398995
        7.710000        9.381942        1.398804
        7.720000        9.395661        1.398611
        7.730000        9.409379        1.398416
        7.740000        9.423096        1.398219
        7.750000        9.436811        1.398021
        7.760000        9.450525        1.397820
        7.770000        9.464238        1.397618
        7.780000        9.477950        1.397414
        7.790000        9.491660        1.397208
        7.800000        9.505369        1.397001
        7.810000        9.519076        1.396792
        7.820000        9.532783        1.396581
        7.830000        9.546488        1.396368
        7.840000        9.560191        1.396153
        7.850000        9.573893        1.395937
        7.860000        9.587594        1.395719
        7.870000        9.601294        1.395499
        7.880000        9.614992        1.395278
        7.890000        9.628688        1.395054
        7.900000        9.642384        1.394829
        7.910000        9.656077        1.394603
        7.920000        9.669770        1.394374
        7.930000        9.683461        1.394144
        7.940000        9.697150        1.393912
        7.950000        9.710838        1.393679
        7.960000        9.724524        1.393444
        7.970000        9.738209        1.393207
        7.980000        9.751893        1.392968
        7.990000        9.765575        1.392728
        8.000000        9.779255        1.392486
        8.010000        9.792934        1.392243
        8.020000        9.806611        1.391997
        8.030000        9.820287        1.391751
        8.040000        9.833961        1.391502
        8.050000        9.847634        1.391252
        8.060000        9.861305        1.391000
        8.070000        9.874974        1.390747
        8.080000        9.888642        1.390492
        8.090000        9.902308        1.390235
        8.100000        9.915973        1.389977
        8.110000        9.929636        1.389717
        8.120000        9.943297        1.389456
        8.130000        9.956957        1.389193
        8.140000        9.970614        1.388929
        8.150000        9.984271        1.388663
        8.160000        9.997925        1.388395
        8.170000       10.011578        1.388126
        8.180000       10.025229        1.387855
        8.190000       10.038879        1.387583
        8.200000       10.052526        1.387309
        8.210000       10.066172        1.387033
        8.220000       10.079816        1.386757
        8.230000       10.093459        1.386478
        8.240000       10.107099        1.386198
        8.250000       10.120738        1.385917
        8.260000       10.134375        1.385634
        8.270000       10.148010        1.385350
        8.280000       10.161644        1.385064
        8.290000       10.175276        1.384776
        8.300000       10.188905        1.384488
        8.310000       10.202533        1.384197
        8.320000       10.216159        1.383906
        8.330000       10.229784        1.383613
        8.340000       10.243406        1.383318
        8.350000       10.257027        1.383022
        8.360000       10.270645        1.382725
        8.370000       10.284262        1.382426
        8.380000       10.297877        1.382125
        8.390000       10.311490        1.381824
        8.400000       10.325101        1.381521
        8.410000       10.338710        1.381216
        8.420000       10.352317        1.380911
        8.430000       10.365922        1.380603
        8.440000       10.379525        1.380295
        8.450000       10.393127        1.379985
        8.460000       10.406726        1.379674
        8.470000       10.420323        1.379361
        8.480000       10.433919        1.379047
        8.490000       10.447512        1.378732
        8.500000       10.461103        1.378416
        8.510000       10.474693        1.378098
        8.520000       10.488280        1.377779
        8.530000       10.501865        1.377458
        8.540000       10.515449        1.377136
        8.550000       10.529030        1.376813
        8.560000       10.542609        1.376489
        8.570000       10.556186        1.376164
        8.580000       10.569761        1.375837
        8.590000       10.583334        1.375509
        8.600000       10.596905        1.375180
        8.610000       10.610473        1.374849
        8.620000       10.624040        1.374517
        8.630000       10.637605        1.374184
        8.640000       10.651167        1.373850
        8.650000       10.664727        1.373515
        8.660000       10.678285        1.373179
        8.670000       10.691841        1.372841
        8.680000       10.705395        1.372502
        8.690000       10.718947        1.372162
        8.700000       10.732496        1.371821
        8.710000       10.746044        1.371479
        8.720000       10.759589        1.371135
        8.730000       10.773132        1.370791
        8.740000       10.786673        1.370445
        8.750000       10.800212        1.370098
        8.760000       10.813748        1.369750
        8.770000       10.827282        1.369401
        8.780000       10.840814        1.369051
        8.790000       10.854344        1.368700
        8.800000       10.867871        1.368348
        8.810000       10.881397        1.367995
        8.820000       10.894920        1.367640
        8.830000       10.908440        1.367285
        8.840000       10.921959        1.366929
        8.850000       10.935475        1.366571
        8.860000       10.948989        1.366213
        8.870000       10.962501        1.365853
        8.880000       10.976010        1.365493
        8.890000       10.989517        1.365131
        8.900000       11.003022        1.364769
        8.910000       11.016525        1.364406
        8.920000       11.030025        1.364041
        8.930000       11.043523        1.363676
        8.940000       11.057018        1.363310
        8.950000       11.070512        1.362943
        8.960000       11.084003        1.362575
        8.970000       11.097491        1.362206
        8.980000       11.110977        1.361836
        8.990000       11.124461        1.361465
        9.000000       11.137943        1.361093
        9.010000       11.151422        1.360721
        9.020000       11.164899        1.360347
        9.030000       11.178373        1.359973
        9.040000       11.191845        1.359598
        9.050000       11.205315        1.359222
        9.060000       11.218782        1.358845
        9.070000       11.232247        1.358467
        9.080000       11.245709        1.358089
        9.090000       11.259169        1.357709
        9.100000       11.272627        1.357329
        9.110000       11.286082        1.356948
        9.120000       11.299535        1.356567
        9.130000       11.312985        1.356184
        9.140000       11.326433        1.355801
        9.150000       11.339879        1.355417
        9.160000       11.353322        1.355033
        9.170000       11.366762        1.354647
        9.180000       11.380200        1.354261
        9.190000       11.393636        1.353874
        9.200000       11.407069        1.353487
        9.210000       11.420500        1.353099
        9.220000       11.433928        1.352710
        9.230000       11.447354        1.352320
        9.240000       11.460778        1.351930
        9.250000       11.474198        1.351539
        9.260000       11.487617        1.351147
        9.270000       11.501033        1.350755
        9.280000       11.514446        1.350362
        9.290000       11.527857        1.349969
        9.300000       11.541266        1.349575
        9.310000       11.554671        1.349180
        9.320000       11.568075        1.348785
        9.330000       11.581476        1.348389
        9.340000       11.594874        1.347993
        9.350000       11.608270        1.347596
        9.360000       11.621663        1.347199
        9.370000       11.635054        1.346801
        9.380000       11.648442        1.346402
        9.390000       11.661828        1.346003
        9.400000       11.675211        1.345603
        9.410000       11.688592        1.345203
        9.420000       11.701970        1.344803
        9.430000       11.715346        1.344402
        9.440000       11.728719        1.344000
        9.450000       11.742089        1.343598
        9.460000       11.755457        1.343196
        9.470000       11.768822        1.342793
        9.480000       11.782185        1.342390
        9.490000       11.795545        1.341986
        9.500000       11.808903        1.341582
        9.510000       11.822258        1.341178
        9.520000       11.835611        1.340773
        9.530000       11.848961        1.340367
        9.540000       11.862308        1.339962
        9.550000       11.875653        1.339556
        9.560000       11.888995        1.339149
        9.570000       11.902335        1.338743
        9.580000       11.915672        1.338336
        9.590000       11.929006        1.337928
        9.600000       11.942338        1.337521
        9.610000       11.955667        1.337113
        9.620000       11.968994        1.336704
        9.630000       11.982318        1.336296
        9.640000       11.995640        1.335887
        9.650000       12.008958        1.335478
        9.660000       12.022275        1.335069
        9.670000       12.035588        1.334659
        9.680000       12.048900        1.334249
        9.690000       12.062208        1.333839
        9.700000       12.075514        1.333429
        9.710000       12.088817        1.333019
        9.720000       12.102118        1.332608
        9.730000       12.115416        1.332197
        9.740000       12.128711        1.331786
        9.750000       12.142004        1.331375
        9.760000       12.155295        1.330964
        9.770000       12.168582        1.330552
        9.780000       12.181867        1.330141
        9.790000       12.195150        1.329729
        9.800000       12.208429        1.329317
        9.810000       12.221706        1.328906
        9.820000       12.234981        1.328494
        9.830000       12.248253        1.328081
        9.840000       12.261522        1.327669
        9.850000       12.274789        1.327257
        9.860000       12.288053        1.326845
        9.870000       12.301314        1.326433
        9.880000       12.314573        1.326020
        9.890000       12.327829        1.325608
        9.900000       12.341083        1.325196
        9.910000       12.354334        1.324783
        9.920000       12.367582        1.324371
        9.930000       12.380828        1.323959
        9.940000       12.394071        1.323547
        9.950000       12.407312        1.323134
        9.960000       12.420550        1.322722
        9.970000       12.433785        1.322310
        9.980000       12.447017        1.321898
        9.990000       12.460247        1.321486
       10.000000       12.473475        1.321074
       10.010000       12.486700        1.320663
       10.020000       12.499922        1.320251
       10.030000       12.513141        1.319839
       10.040000       12.526358        1.319428
       10.050000       12.539573        1.319017
       10.060000       12.552784        1.318606
       10.070000       12.565994        1.318195
       10.080000       12.579200        1.317784
       10.090000       12.592404        1.317374
       10.100000       12.605605        1.316963
       10.110000       12.618804        1.316553
       10.120000       12.632000        1.316143
       10.130000       12.645193        1.315733
       10.140000       12.658384        1.315324
       10.150000       12.671572        1.314915
       10.160000       12.684758        1.314506
       10.170000       12.697941        1.314097
       10.180000       12.711122        1.313688
       10.190000       12.724300        1.313280
       10.200000       12.737475        1.312872
       10.210000       12.750648        1.312465
       10.220000       12.763818        1.312057
       10.230000       12.776985        1.311650
       10.240000       12.790150        1.311244
       10.250000       12.803312        1.310838
       10.260000       12.816472        1.310432
       10.270000       12.829629        1.310026
       10.280000       12.842784        1.309621
       10.290000       12.855936        1.309216
       10.300000       12.869086        1.308812
       10.310000       12.882232        1.308408
       10.320000       12.895377        1.308004
       10.330000       12.908519        1.307601
       10.340000       12.921658        1.307198
       10.350000       12.934794        1.306796
       10.360000       12.947929        1.306394
       10.370000       12.961060        1.305993
       10.380000       12.974189        1.305592
       10.390000       12.987316        1.305191
       10.400000       13.000439        1.304791
       10.410000       13.013561        1.304392
       10.420000       13.026680        1.303993
       10.430000       13.039796        1.303595
       10.440000       13.052910        1.303197
       10.450000       13.066021        1.302799
       10.460000       13.079130        1.302403
       10.470000       13.092236        1.302006
       10.480000       13.105340        1.301611
       10.490000       13.118441        1.301216
       10.500000       13.131539        1.300821
       10.510000       13.144636        1.300427
       10.520000       13.157729        1.300034
       10.530000       13.170820        1.299641
       10.540000       13.183909        1.299249
       10.550000       13.196995        1.298858
       10.560000       13.210079        1.298467
       10.570000       13.223160        1.298077
       10.580000       13.236239        1.297688
       10.590000       13.249315        1.297299
       10.600000       13.262389        1.296911
       10.610000       13.275460        1.296524
       10.620000       13.288529        1.296137
       10.630000       13.301596        1.295751
       10.640000       13.314660        1.295366
       10.650000       13.327721        1.294981
       10.660000       13.340780        1.294597
       10.670000       13.353837        1.294214
       10.680000       13.366891        1.293832
       10.690000       13.379943        1.293451
       10.700000       13.392992        1.293070
       10.710000       13.406039        1.292690
       10.720000       13.419084        1.292311
       10.730000       13.432126        1.291933
       10.740000       13.445166        1.291555
       10.750000       13.458203        1.291179
       10.760000       13.471238        1.290803
       10.770000       13.484271        1.290428
       10.780000       13.497301        1.290054
       10.790000       13.510329        1.289680
       10.800000       13.523354        1.289308
       10.810000       13.536377        1.288937
       10.820000       13.549398        1.288566
       10.830000       13.562416        1.288196
       10.840000       13.575433        1.287827
       10.850000       13.588446        1.287460
       10.860000       13.601458        1.287093
       10.870000       13.614467        1.286727
       10.880000       13.627473        1.286361
       10.890000       13.640478        1.285997
       10.900000       13.653480        1.285634
       10.910000       13.666480        1.285272
       10.920000       13.679477        1.284911
       10.930000       13.692472        1.284550
       10.940000       13.705465        1.284191
       10.950000       13.718456        1.283833
       10.960000       13.731444        1.283476
       10.970000       13.744430        1.283120
       10.980000       13.757414        1.282764
       10.990000       13.770396        1.282410
       11.000000       13.783375        1.282057
       11.010000       13.796352        1.281705
       11.020000       13.809327        1.281354
       11.030000       13.822299        1.281004
       11.040000       13.835270        1.280656
       11.050000       13.848238        1.280308
       11.060000       13.861204        1.279961
       11.070000       13.874168        1.279616
       11.080000       13.887129        1.279271
       11.090000       13.900089        1.278928
       11.100000       13.913046        1.278586
       11.110000       13.926001        1.278245
       11.120000       13.938954        1.277905
       11.130000       13.951905        1.277567
       11.140000       13.964853        1.277229
       11.150000       13.977800        1.276893
       11.160000       13.990744        1.276558
       11.170000       14.003686        1.276224
       11.180000       14.016626        1.275891
       11.190000       14.029564        1.275560
       11.200000       14.042500        1.275229
       11.210000       14.055434        1.274900
       11.220000       14.068366        1.274572
       11.230000       14.081295        1.274246
       11.240000       14.094223        1.273920
       11.250000       14.107148        1.273596
       11.260000       14.120072        1.273274
       11.270000       14.132993        1.272952
       11.280000       14.145913        1.272632
       11.290000       14.158830        1.272313
       11.300000       14.171745        1.271995
       11.310000       14.184658        1.271679
       11.320000       14.197570        1.271364
       11.330000       14.210479        1.271050
       11.340000       14.223386        1.270737
       11.350000       14.236291        1.270426
       11.360000       14.249195        1.270117
       11.370000       14.262096        1.269808
       11.380000       14.274996        1.269501
       11.390000       14.287893        1.269196
       11.400000       14.300789        1.268891
       11.410000       14.313682        1.268588
       11.420000       14.326574        1.268287
       11.430000       14.339464        1.267987
       11.440000       14.352351        1.267688
       11.450000       14.365237        1.267391
       11.460000       14.378121        1.267095
       11.470000       14.391004        1.266800
       11.480000       14.403884        1.266507
       11.490000       14.416762        1.266216
       11.500000       14.429639        1.265926
       11.510000       14.442514        1.265637
       11.520000       14.455387        1.265350
       11.530000       14.468258        1.265064
       11.540000       14.481127        1.264779
       11.550000       14.493995        1.264497
       11.560000       14.506861        1.264215
       11.570000       14.519725        1.263936
       11.580000       14.532587        1.263657
       11.590000       14.545447        1.263380
       11.600000       14.558306        1.263105
       11.610000       14.571163        1.262831
       11.620000       14.584018        1.262559
       11.630000       14.596871        1.262288
       11.640000       14.609723        1.262019
       11.650000       14.622573        1.261752
       11.660000       14.635421        1.261485
       11.670000       14.648268        1.261221
       11.680000       14.661113        1.260958
       11.690000       14.673956        1.260697
       11.700000       14.686798        1.260437
       11.710000       14.699638        1.260179
       11.720000       14.712476        1.259922
       11.730000       14.725313        1.259667
       11.740000       14.738148        1.259414
       11.750000       14.750982        1.259162
       11.760000       14.763814        1.258912
       11.770000       14.776644        1.258663
       11.780000       14.789473        1.258416
       11.790000       14.802300        1.258171
       11.800000       14.815126        1.257927
       11.810000       14.827950        1.257685
       11.820000       14.840773        1.257445
       11.830000       14.853594        1.257206
       11.840000       14.866413        1.256969
       11.850000       14.879231        1.256734
       11.860000       14.892048        1.256501
       11.870000       14.904863        1.256269
       11.880000       14.917677        1.256038
       11.890000       14.930489        1.255810
       11.900000       14.943299        1.255583
       11.910000       14.956109        1.255358
       11.920000       14.968917        1.255134
       11.930000       14.981723        1.254913
       11.940000       14.994528        1.254692
       11.950000       15.007332        1.254474
       11.960000       15.020134        1.254258
       11.970000       15.032935        1.254043
       11.980000       15.045734        1.253830
       11.990000       15.058533        1.253618
       12.000000       15.071329        1.253409
       12.010000       15.084125        1.253201
       12.020000       15.096919        1.252995
       12.030000       15.109712        1.252791
       12.040000       15.122504        1.252588
       12.050000       15.135294        1.252388
       12.060000       15.148083        1.252189
       12.070000       15.160871        1.251992
       12.080000       15.173657        1.251796
       12.090000       15.186443        1.251603
       12.100000       15.199227        1.251411
       12.110000       15.212010        1.251221
       12.120000       15.224791        1.251033
       12.130000       15.237572        1.250847
       12.140000       15.250351        1.250662
       12.150000       15.263129        1.250480
       12.160000       15.275906        1.250299
       12.170000       15.288682        1.250120
       12.180000       15.301457        1.249943
       12.190000       15.314230        1.249767
       12.200000       15.327003        1.249594
       12.210000       15.339774        1.249422
       12.220000       15.352545        1.249253
       12.230000       15.365314        1.249085
       12.240000       15.378082        1.248919
       12.250000       15.390849        1.248755
       12.260000       15.403615        1.248592
       12.270000       15.416380        1.248432
       12.280000       15.429144        1.248273
       12.290000       15.441908        1.248117
       12.300000       15.454670        1.247962
       12.310000       15.467431        1.247809
       12.320000       15.480191        1.247658
       12.330000       15.492950        1.247509
       12.340000       15.505708        1.247362
       12.350000       15.518466        1.247217
       12.360000       15.531222        1.247074
       12.370000       15.543977        1.246932
       12.380000       15.556732        1.246793
       12.390000       15.569486        1.246655
       12.400000       15.582239        1.246520
       12.410000       15.594990        1.246386
       12.420000       15.607742        1.246254
       12.430000       15.620492        1.246124
       12.440000       15.633241        1.245996
       12.450000       15.645990        1.245870
       12.460000       15.658738        1.245746
       12.470000       15.671485        1.245624
       12.480000       15.684231        1.245504
       12.490000       15.696977        1.245386
       12.500000       15.709722        1.245270
       12.510000       15.722466        1.245156
       12.520000       15.735209        1.245043
       12.530000       15.747952        1.244933
       12.540000       15.760694        1.244825
       12.550000       15.773435        1.244718
       12.560000       15.786176        1.244614
       12.570000       15.798916        1.244512
       12.580000       15.811655        1.244411
       12.590000       15.824394        1.244313
       12.600000       15.837132        1.244216
       12.610000       15.849870        1.244122
       12.620000       15.862606        1.244029
       12.630000       15.875343        1.243939
       12.640000       15.888078        1.243850
       12.650000       15.900814        1.243764
       12.660000       15.913548        1.243679
       12.670000       15.926282        1.243596
       12.680000       15.939016        1.243516
       12.690000       15.951749        1.243437
       12.700000       15.964482        1.243361
       12.710000       15.977214        1.243286
       12.720000       15.989945        1.243214
       12.730000       16.002677        1.243143
       12.740000       16.015407        1.243075
       12.750000       16.028138        1.243008
       12.760000       16.040867        1.242944
       12.770000       16.053597        1.242881
       12.780000       16.066326        1.242821
       12.790000       16.079055        1.242762
       12.800000       16.091783        1.242706
       12.810000       16.104511        1.242652
       12.820000       16.117239        1.242599
       12.830000       16.129966        1.242549
       12.840000       16.142693        1.242501
       12.850000       16.155420        1.242454
       12.860000       16.168146        1.242410
       12.870000       16.180873        1.242368
       12.880000       16.193598        1.242328
       12.890000       16.206324        1.242290
       12.900000       16.219049        1.242253
       12.910000       16.231775        1.242219
       12.920000       16.244500        1.242187
       12.930000       16.257224        1.242157
       12.940000       16.269949        1.242129
       12.950000       16.282673        1.242103
       12.960000       16.295398        1.242079
       12.970000       16.308122        1.242058
       12.980000       16.320846        1.242038
       12.990000       16.333570        1.242020
       13.000000       16.346294        1.242004
       13.010000       16.359017        1.241990
       13.020000       16.371741        1.241979
       13.030000       16.384464        1.241969
       13.040000       16.397188        1.241962
       13.050000       16.409911        1.241956
       13.060000       16.422635        1.241952
       13.070000       16.435358        1.241951
       13.080000       16.448081        1.241952
       13.090000       16.460805        1.241954
       13.100000       16.473528        1.241959
       13.110000       16.486252        1.241965
       13.120000       16.498975        1.241974
       13.130000       16.511699        1.241985
       13.140000       16.524422        1.241998
       13.150000       16.537146        1.242013
       13.160000       16.549870        1.242029
       13.170000       16.562594        1.242048
       13.180000       16.575318        1.242069
       13.190000       16.588042        1.242092
       13.200000       16.600767        1.242117
       13.210000       16.613491        1.242144
       13.220000       16.626216        1.242173
       13.230000       16.638941        1.242205
       13.240000       16.651666        1.242238
       13.250000       16.664391        1.242273
       13.260000       16.677117        1.242310
       13.270000       16.689842        1.242350
       13.280000       16.702568        1.242391
       13.290000       16.715295        1.242434
       13.300000       16.728021        1.242480
       13.310000       16.740748        1.242527
       13.320000       16.753475        1.242576
       13.330000       16.766203        1.242628
       13.340000       16.778931        1.242681
       13.350000       16.791659        1.242737
       13.360000       16.804388        1.242794
       13.370000       16.817116        1.242854
       13.380000       16.829846        1.242915
       13.390000       16.842576        1.242979
       13.400000       16.855306        1.243044
       13.410000       16.868036        1.243112
       13.420000       16.880767        1.243182
       13.430000       16.893499        1.243253
       13.440000       16.906230        1.243327
       13.450000       16.918963        1.243402
       13.460000       16.931696        1.243480
       13.470000       16.944429        1.243560
       13.480000       16.957163        1.243641
       13.490000       16.969897        1.243725
       13.500000       16.982632        1.243811
       13.510000       16.995368        1.243898
       13.520000       17.008104        1.243988
       13.530000       17.020840        1.244080
       13.540000       17.033578        1.244173
       13.550000       17.046315        1.244269
       13.560000       17.059054        1.244366
       13.570000       17.071793        1.244466
       13.580000       17.084533        1.244567
       13.590000       17.097273        1.244671
       13.600000       17.110014        1.244776
       13.610000       17.122756        1.244884
       13.620000       17.135498        1.244993
       13.630000       17.148241        1.245105
       13.640000       17.160985        1.245218
       13.650000       17.173729        1.245333
       13.660000       17.186474        1.245451
       13.670000       17.199220        1.245570
       13.680000       17.211967        1.245691
       13.690000       17.224715        1.245814
       13.700000       17.237463        1.245939
       13.710000       17.250212        1.246066
       13.720000       17.262962        1.246195
       13.730000       17.275713        1.246326
       13.740000       17.288465        1.246459
       13.750000       17.301217        1.246594
       13.760000       17.313970        1.246730
       13.770000       17.326724        1.246869
       13.780000       17.339480        1.247009
       13.790000       17.352236        1.247152
       13.800000       17.364992        1.247296
       13.810000       17.377750        1.247443
       13.820000       17.390509        1.247591
       13.830000       17.403269        1.247741
       13.840000       17.416029        1.247893
       13.850000       17.428791        1.248047
       13.860000       17.441554        1.248202
       13.870000       17.454317        1.248360
       13.880000       17.467082        1.248520
       13.890000       17.479847        1.248681
       13.900000       17.492614        1.248844
       13.910000       17.505382        1.249009
       13.920000       17.518151        1.249176
       13.930000       17.530920        1.249345
       13.940000       17.543691        1.249516
       13.950000       17.556463        1.249689
       13.960000       17.569236        1.249863
       13.970000       17.582011        1.250039
       13.980000       17.594786        1.250218
       13.990000       17.607562        1.250398
       14.000000       17.620340        1.250579
       14.010000       17.633119        1.250763
       14.020000       17.645899        1.250949
       14.030000       17.658680        1.251136
       14.040000       17.671462        1.251325
       14.050000       17.684246        1.251516
       14.060000       17.697031        1.251709
       14.070000       17.709817        1.251903
       14.080000       17.722604        1.252099
       14.090000       17.735392        1.252298
       14.100000       17.748182        1.252497
       14.110000       17.760973        1.252699
       14.120000       17.773765        1.252903
       14.130000       17.786559        1.253108
       14.140000       17.799354        1.253315
       14.150000       17.812150        1.253524
       14.160000       17.824948        1.253734
       14.170000       17.837747        1.253946
       14.180000       17.850547        1.254160
       14.190000       17.863349        1.254376
       14.200000       17.876152        1.254594
       14.210000       17.888956        1.254813
       14.220000       17.901762        1.255034
       14.230000       17.914569        1.255257
       14.240000       17.927378        1.255481
       14.250000       17.940188        1.255707
       14.260000       17.952999        1.255935
       14.270000       17.965812        1.256164
       14.280000       17.978627        1.256396
       14.290000       17.991443        1.256628
       14.300000       18.004260        1.256863
       14.310000       18.017079        1.257099
       14.320000       18.029899        1.257337
       14.330000       18.042721        1.257577
       14.340000       18.055545        1.257818
       14.350000       18.068370        1.258061
       14.360000       18.081196        1.258305
       14.370000       18.094024        1.258551
       14.380000       18.106854        1.258799
       14.390000       18.119685        1.259049
       14.400000       18.132518        1.259300
       14.410000       18.145352        1.259552
       14.420000       18.158188        1.259807
       14.430000       18.171026        1.260063
       14.440000       18.183865        1.260320
       14.450000       18.196706        1.260579
       14.460000       18.209549        1.260840
       14.470000       18.222393        1.261102
       14.480000       18.235239        1.261366
       14.490000       18.248086        1.261631
       14.500000       18.260936        1.261898
       14.510000       18.273787        1.262167
       14.520000       18.286639        1.262437
       14.530000       18.299494        1.262708
       14.540000       18.312350        1.262981
       14.550000       18.325208        1.263256
       14.560000       18.338067        1.263532
       14.570000       18.350929        1.263810
       14.580000       18.363792        1.264089
       14.590000       18.376657        1.264370
       14.600000       18.389524        1.264652
       14.610000       18.402392        1.264935
       14.620000       18.415262        1.265220
       14.630000       18.428135        1.265507
       14.640000       18.441009        1.265795
       14.650000       18.453884        1.266085
       14.660000       18.466762        1.266375
       14.670000       18.479641        1.266668
       14.680000       18.492523        1.266962
       14.690000       18.505406        1.267257
       14.700000       18.518291        1.267554
       14.710000       18.531178        1.267852
       14.720000       18.544067        1.268151
       14.730000       18.556958        1.268452
       14.740000       18.569851        1.268754
       14.750000       18.582745        1.269058
       14.760000       18.595642        1.269363
       14.770000       18.608540        1.269670
       14.780000       18.621441        1.269977
       14.790000       18.634343        1.270287
       14.800000       18.647248        1.270597
       14.810000       18.660154        1.270909
       14.820000       18.673062        1.271222
       14.830000       18.685973        1.271536
       14.840000       18.698885        1.271852
       14.850000       18.711800        1.272169
       14.860000       18.724716        1.272488
       14.870000       18.737634        1.272807
       14.880000       18.750555        1.273128
       14.890000       18.763477        1.273451
       14.900000       18.776402        1.273774
       14.910000       18.789328        1.274099
       14.920000       18.802257        1.274425
       14.930000       18.815188        1.274752
       14.940000       18.828121        1.275081
       14.950000       18.841056        1.275411
       14.960000       18.853993        1.275742
       14.970000       18.866932        1.276074
       14.980000       18.879873        1.276407
       14.990000       18.892816        1.276742
       15.000000       18.905762        1.277078
