        0.010000        0.640544
        0.020000        0.640545
        0.030000        0.640547
        0.040000        0.640549
        0.050000        0.640551
        0.060000        0.640554
        0.070000        0.640558
        0.080000        0.640562
        0.090000        0.640567
        0.100000        0.640572
        0.110000        0.640577
        0.120000        0.640584
        0.130000        0.640590
        0.140000        0.640598
        0.150000        0.640606
        0.160000        0.640614
        0.170000        0.640623
        0.180000        0.640632
        0.190000        0.640642
        0.200000        0.640652
        0.210000        0.640662
        0.220000        0.640673
        0.230000        0.640685
        0.240000        0.640697
        0.250000        0.640709
        0.260000        0.640722
        0.270000        0.640735
        0.280000        0.640748
        0.290000        0.640762
        0.300000        0.640776
        0.310000        0.640790
        0.320000        0.640805
        0.330000        0.640820
        0.340000        0.640835
        0.350000        0.640851
        0.360000        0.640866
        0.370000        0.640882
        0.380000        0.640899
        0.390000        0.640915
        0.400000        0.640932
        0.410000        0.640948
        0.420000        0.640965
        0.430000        0.640982
        0.440000        0.640999
        0.450000        0.641016
        0.460000        0.641034
        0.470000        0.641051
        0.480000        0.641068
        0.490000        0.641086
        0.500000        0.641103
        0.510000        0.641121
        0.520000        0.641138
        0.530000        0.641155
        0.540000        0.641173
        0.550000        0.641190
        0.560000        0.641207
        0.570000        0.641224
        0.580000        0.641241
        0.590000        0.641257
        0.600000        0.641274
        0.610000        0.641290
        0.620000        0.641306
        0.630000        0.641322
        0.640000        0.641338
        0.650000        0.641353
        0.660000        0.641368
        0.670000        0.641383
        0.680000        0.641398
        0.690000        0.641412
        0.700000        0.641426
        0.710000        0.641440
        0.720000        0.641453
        0.730000        0.641466
        0.740000        0.641479
        0.750000        0.641491
        0.760000        0.641503
        0.770000        0.641514
        0.780000        0.641525
        0.790000        0.641535
        0.800000        0.641545
        0.810000        0.641555
        0.820000        0.641564
        0.830000        0.641572
        0.840000        0.641580
        0.850000        0.641588
        0.860000        0.641595
        0.870000        0.641601
        0.880000        0.641607
        0.890000        0.641613
        0.900000        0.641618
        0.910000        0.641622
        0.920000        0.641625
        0.930000        0.641629
        0.940000        0.641631
        0.950000        0.641633
        0.960000        0.641634
        0.970000        0.641635
        0.980000        0.641635
        0.990000        0.641635
        1.000000        0.641634
        1.010000        0.641632
        1.020000        0.641629
        1.030000        0.641626
        1.040000        0.641623
        1.050000        0.641618
        1.060000        0.641613
        1.070000        0.641608
        1.080000        0.641601
        1.090000        0.641594
        1.100000        0.641587
        1.110000        0.641579
        1.120000        0.641570
        1.130000        0.641560
        1.140000        0.641550
        1.150000        0.641539
        1.160000        0.641527
        1.170000        0.641515
        1.180000        0.641502
        1.190000        0.641488
        1.200000        0.641474
        1.210000        0.641459
        1.220000        0.641444
        1.230000        0.641428
        1.240000        0.641411
        1.250000        0.641393
        1.260000        0.641375
        1.270000        0.641356
        1.280000        0.641337
        1.290000        0.641316
        1.300000        0.641296
        1.310000        0.641274
        1.320000        0.641252
        1.330000        0.641230
        1.340000        0.641206
        1.350000        0.641182
        1.360000        0.641158
        1.370000        0.641133
        1.380000        0.641107
        1.390000        0.641081
        1.400000        0.641054
        1.410000        0.641026
        1.420000        0.640998
        1.430000        0.640969
        1.440000        0.640940
        1.450000        0.640910
        1.460000        0.640880
        1.470000        0.640849
        1.480000        0.640817
        1.490000        0.640785
        1.500000        0.640753
        1.510000        0.640720
        1.520000        0.640686
        1.530000        0.640652
        1.540000        0.640617
        1.550000        0.640582
        1.560000        0.640547
        1.570000        0.640510
        1.580000        0.640474
        1.590000        0.640437
        1.600000        0.640399
        1.610000        0.640361
        1.620000        0.640323
        1.630000        0.640284
        1.640000        0.640245
        1.650000        0.640205
        1.660000        0.640165
        1.670000        0.640124
        1.680000        0.640083
        1.690000        0.640042
        1.700000        0.640000
        1.710000        0.639958
        1.720000        0.639916
        1.730000        0.639873
        1.740000        0.639829
        1.750000        0.639786
        1.760000        0.639742
        1.770000        0.639698
        1.780000        0.639653
        1.790000        0.639609
        1.800000        0.639563
        1.810000        0.639518
        1.820000        0.639472
        1.830000        0.639426
        1.840000        0.639380
        1.850000        0.639334
        1.860000        0.639287
        1.870000        0.639240
        1.880000        0.639193
        1.890000        0.639145
        1.900000        0.639098
        1.910000        0.639050
        1.920000        0.639002
        1.930000        0.638953
        1.940000        0.638905
        1.950000        0.638856
        1.960000        0.638807
        1.970000        0.638759
        1.980000        0.638709
        1.990000        0.638660
        2.000000        0.638611
        2.010000        0.638561
        2.020000        0.638512
        2.030000        0.638462
        2.040000        0.638412
        2.050000        0.638362
        2.060000        0.638312
        2.070000        0.638262
        2.080000        0.638212
        2.090000        0.638162
        2.100000        0.638112
        2.110000        0.638061
        2.120000        0.638011
        2.130000        0.637961
        2.140000        0.637910
        2.150000        0.637860
        2.160000        0.637809
        2.170000        0.637759
        2.180000        0.637709
        2.190000        0.637658
        2.200000        0.637608
        2.210000        0.637557
        2.220000        0.637507
        2.230000        0.637457
        2.240000        0.637407
        2.250000        0.637357
        2.260000        0.637307
        2.270000        0.637257
        2.280000        0.637207
        2.290000        0.637157
        2.300000        0.637107
        2.310000        0.637058
        2.320000        0.637008
        2.330000        0.636959
        2.340000        0.636910
        2.350000        0.636860
        2.360000        0.636812
        2.370000        0.636763
        2.380000        0.636714
        2.390000        0.636666
        2.400000        0.636617
        2.410000        0.636569
        2.420000        0.636521
        2.430000        0.636473
        2.440000        0.636426
        2.450000        0.636378
        2.460000        0.636331
        2.470000        0.636284
        2.480000        0.636237
        2.490000        0.636191
        2.500000        0.636144
        2.510000        0.636098
        2.520000        0.636053
        2.530000        0.636007
        2.540000        0.635962
        2.550000        0.635917
        2.560000        0.635872
        2.570000        0.635827
        2.580000        0.635783
        2.590000        0.635739
        2.600000        0.635695
        2.610000        0.635652
        2.620000        0.635609
        2.630000        0.635566
        2.640000        0.635524
        2.650000        0.635481
        2.660000        0.635440
        2.670000        0.635398
        2.680000        0.635357
        2.690000        0.635316
        2.700000        0.635275
        2.710000        0.635235
        2.720000        0.635195
        2.730000        0.635156
        2.740000        0.635117
        2.750000        0.635078
        2.760000        0.635040
        2.770000        0.635002
        2.780000        0.634964
        2.790000        0.634927
        2.800000        0.634890
        2.810000        0.634854
        2.820000        0.634818
        2.830000        0.634782
        2.840000        0.634747
        2.850000        0.634712
        2.860000        0.634677
        2.870000        0.634643
        2.880000        0.634610
        2.890000        0.634577
        2.900000        0.634544
        2.910000        0.634512
        2.920000        0.634480
        2.930000        0.634448
        2.940000        0.634417
        2.950000        0.634387
        2.960000        0.634357
        2.970000        0.634327
        2.980000        0.634298
        2.990000        0.634269
        3.000000        0.634241
        3.010000        0.634213
        3.020000        0.634186
        3.030000        0.634159
        3.040000        0.634133
        3.050000        0.634107
        3.060000        0.634082
        3.070000        0.634057
        3.080000        0.634032
        3.090000        0.634008
        3.100000        0.633985
        3.110000        0.633962
        3.120000        0.633940
        3.130000        0.633918
        3.140000        0.633896
        3.150000        0.633875
        3.160000        0.633855
        3.170000        0.633835
        3.180000        0.633816
        3.190000        0.633797
        3.200000        0.633778
        3.210000        0.633761
        3.220000        0.633743
        3.230000        0.633726
        3.240000        0.633710
        3.250000        0.633694
        3.260000        0.633679
        3.270000        0.633665
        3.280000        0.633651
        3.290000        0.633637
        3.300000        0.633624
        3.310000        0.633611
        3.320000        0.633599
        3.330000        0.633588
        3.340000        0.633577
        3.350000        0.633567
        3.360000        0.633557
        3.370000        0.633548
        3.380000        0.633539
        3.390000        0.633531
        3.400000        0.633523
        3.410000        0.633516
        3.420000        0.633509
        3.430000        0.633503
        3.440000        0.633498
        3.450000        0.633493
        3.460000        0.633489
        3.470000        0.633485
        3.480000        0.633482
        3.490000        0.633479
        3.500000        0.633477
        3.510000        0.633476
        3.520000        0.633475
        3.530000        0.633474
        3.540000        0.633474
        3.550000        0.633475
        3.560000        0.633476
        3.570000        0.633478
        3.580000        0.633480
        3.590000        0.633483
        3.600000        0.633487
        3.610000        0.633491
        3.620000        0.633495
        3.630000        0.633500
        3.640000        0.633506
        3.650000        0.633512
        3.660000        0.633519
        3.670000        0.633527
        3.680000        0.633534
        3.690000        0.633543
        3.700000        0.633552
        3.710000        0.633561
        3.720000        0.633572
        3.730000        0.633582
        3.740000        0.633593
        3.750000        0.633605
        3.760000        0.633617
        3.770000        0.633630
        3.780000        0.633644
        3.790000        0.633658
        3.800000        0.633672
        3.810000        0.633687
        3.820000        0.633703
        3.830000        0.633719
        3.840000        0.633735
        3.850000        0.633752
        3.860000        0.633770
        3.870000        0.633788
        3.880000        0.633807
        3.890000        0.633826
        3.900000        0.633846
        3.910000        0.633866
        3.920000        0.633887
        3.930000        0.633909
        3.940000        0.633930
        3.950000        0.633953
        3.960000        0.633976
        3.970000        0.633999
        3.980000        0.634023
        3.990000        0.634047
        4.000000        0.634072
        4.010000        0.634098
        4.020000        0.634124
        4.030000        0.634150
        4.040000        0.634177
        4.050000        0.634204
        4.060000        0.634232
        4.070000        0.634261
        4.080000        0.634289
        4.090000        0.634319
        4.100000        0.634349
        4.110000        0.634379
        4.120000        0.634410
        4.130000        0.634441
        4.140000        0.634473
        4.150000        0.634505
        4.160000        0.634537
        4.170000        0.634570
        4.180000        0.634604
        4.190000        0.634638
        4.200000        0.634672
        4.210000        0.634707
        4.220000        0.634743
        4.230000        0.634778
        4.240000        0.634815
        4.250000        0.634851
        4.260000        0.634888
        4.270000        0.634926
        4.280000        0.634964
        4.290000        0.635002
        4.300000        0.635041
        4.310000        0.635080
        4.320000        0.635119
        4.330000        0.635159
        4.340000        0.635199
        4.350000        0.635240
        4.360000        0.635281
        4.370000        0.635323
        4.380000        0.635365
        4.390000        0.635407
        4.400000        0.635450
        4.410000        0.635492
        4.420000        0.635536
        4.430000        0.635580
        4.440000        0.635624
        4.450000        0.635668
        4.460000        0.635713
        4.470000        0.635758
        4.480000        0.635803
        4.490000        0.635849
        4.500000        0.635895
        4.510000        0.635942
        4.520000        0.635988
        4.530000        0.636036
        4.540000        0.636083
        4.550000        0.636131
        4.560000        0.636179
        4.570000        0.636227
        4.580000        0.636276
        4.590000        0.636324
        4.600000        0.636374
        4.610000        0.636423
        4.620000        0.636473
        4.630000        0.636523
        4.640000        0.636573
        4.650000        0.636624
        4.660000        0.636674
        4.670000        0.636725
        4.680000        0.636777
        4.690000        0.636828
        4.700000        0.636880
        4.710000        0.636932
        4.720000        0.636984
        4.730000        0.637036
        4.740000        0.637089
        4.750000        0.637142
        4.760000        0.637195
        4.770000        0.637248
        4.780000        0.637302
        4.790000        0.637355
        4.800000        0.637409
        4.810000        0.637463
        4.820000        0.637517
        4.830000        0.637572
        4.840000        0.637626
        4.850000        0.637681
        4.860000        0.637736
        4.870000        0.637791
        4.880000        0.637846
        4.890000        0.637901
        4.900000        0.637956
        4.910000        0.638012
        4.920000        0.638067
        4.930000        0.638123
        4.940000        0.638179
        4.950000        0.638235
        4.960000        0.638291
        4.970000        0.638347
        4.980000        0.638403
        4.990000        0.638460
        5.000000        0.638516
        5.010000        0.638573
        5.020000        0.638629
        5.030000        0.638686
        5.040000        0.638742
        5.050000        0.638799
        5.060000        0.638856
        5.070000        0.638913
        5.080000        0.638969
        5.090000        0.639026
        5.100000        0.639083
        5.110000        0.639140
        5.120000        0.639197
        5.130000        0.639254
        5.140000        0.639311
        5.150000        0.639367
        5.160000        0.639424
        5.170000        0.639481
        5.180000        0.639538
        5.190000        0.639595
        5.200000        0.639652
        5.210000        0.639708
        5.220000        0.639765
        5.230000        0.639822
        5.240000        0.639878
        5.250000        0.639935
        5.260000        0.639991
        5.270000        0.640048
        5.280000        0.640104
        5.290000        0.640160
        5.300000        0.640216
        5.310000        0.640272
        5.320000        0.640328
        5.330000        0.640384
        5.340000        0.640440
        5.350000        0.640496
        5.360000        0.640551
        5.370000        0.640607
        5.380000        0.640662
        5.390000        0.640717
        5.400000        0.640772
        5.410000        0.640827
        5.420000        0.640881
        5.430000        0.640936
        5.440000        0.640990
        5.450000        0.641044
        5.460000        0.641098
        5.470000        0.641152
        5.480000        0.641206
        5.490000        0.641259
        5.500000        0.641313
        5.510000        0.641366
        5.520000        0.641418
        5.530000        0.641471
        5.540000        0.641524
        5.550000        0.641576
        5.560000        0.641628
        5.570000        0.641679
        5.580000        0.641731
        5.590000        0.641782
        5.600000        0.641833
        5.610000        0.641884
        5.620000        0.641935
        5.630000        0.641985
        5.640000        0.642035
        5.650000        0.642085
        5.660000        0.642134
        5.670000        0.642183
        5.680000        0.642232
        5.690000        0.642281
        5.700000        0.642329
        5.710000        0.642377
        5.720000        0.642425
        5.730000        0.642472
        5.740000        0.642519
        5.750000        0.642566
        5.760000        0.642612
        5.770000        0.642659
        5.780000        0.642704
        5.790000        0.642750
        5.800000        0.642795
        5.810000        0.642840
        5.820000        0.642884
        5.830000        0.642928
        5.840000        0.642972
        5.850000        0.643015
        5.860000        0.643058
        5.870000        0.643101
        5.880000        0.643143
        5.890000        0.643185
        5.900000        0.643226
        5.910000        0.643267
        5.920000        0.643308
        5.930000        0.643348
        5.940000        0.643388
        5.950000        0.643428
        5.960000        0.643467
        5.970000        0.643506
        5.980000        0.643544
        5.990000        0.643582
        6.000000        0.643619
        6.010000        0.643656
        6.020000        0.643693
        6.030000        0.643729
        6.040000        0.643765
        6.050000        0.643800
        6.060000        0.643835
        6.070000        0.643869
        6.080000        0.643903
        6.090000        0.643937
        6.100000        0.643970
        6.110000        0.644002
        6.120000        0.644035
        6.130000        0.644066
        6.140000        0.644097
        6.150000        0.644128
        6.160000        0.644158
        6.170000        0.644188
        6.180000        0.644217
        6.190000        0.644246
        6.200000        0.644275
        6.210000        0.644302
        6.220000        0.644330
        6.230000        0.644357
        6.240000        0.644383
        6.250000        0.644409
        6.260000        0.644434
        6.270000        0.644459
        6.280000        0.644483
        6.290000        0.644507
        6.300000        0.644530
        6.310000        0.644553
        6.320000        0.644576
        6.330000        0.644597
        6.340000        0.644619
        6.350000        0.644639
        6.360000        0.644660
        6.370000        0.644679
        6.380000        0.644698
        6.390000        0.644717
        6.400000        0.644735
        6.410000        0.644753
        6.420000        0.644770
        6.430000        0.644786
        6.440000        0.644802
        6.450000        0.644818
        6.460000        0.644833
        6.470000        0.644847
        6.480000        0.644861
        6.490000        0.644874
        6.500000        0.644887
        6.510000        0.644899
        6.520000        0.644910
        6.530000        0.644921
        6.540000        0.644932
        6.550000        0.644942
        6.560000        0.644951
        6.570000        0.644960
        6.580000        0.644968
        6.590000        0.644976
        6.600000        0.644983
        6.610000        0.644990
        6.620000        0.644996
        6.630000        0.645001
        6.640000        0.645006
        6.650000        0.645011
        6.660000        0.645015
        6.670000        0.645018
        6.680000        0.645021
        6.690000        0.645023
        6.700000        0.645024
        6.710000        0.645025
        6.720000        0.645026
        6.730000        0.645026
        6.740000        0.645025
        6.750000        0.645024
        6.760000        0.645022
        6.770000        0.645020
        6.780000        0.645017
        6.790000        0.645013
        6.800000        0.645009
        6.810000        0.645005
        6.820000        0.645000
        6.830000        0.644994
        6.840000        0.644988
        6.850000        0.644981
        6.860000        0.644974
        6.870000        0.644966
        6.880000        0.644957
        6.890000        0.644948
        6.900000        0.644939
        6.910000        0.644928
        6.920000        0.644918
        6.930000        0.644906
        6.940000        0.644895
        6.950000        0.644882
        6.960000        0.644869
        6.970000        0.644856
        6.980000        0.644842
        6.990000        0.644828
        7.000000        0.644812
        7.010000        0.644797
        7.020000        0.644781
        7.030000        0.644764
        7.040000        0.644747
        7.050000        0.644729
        7.060000        0.644711
        7.070000        0.644692
        7.080000        0.644673
        7.090000        0.644653
        7.100000        0.644632
        7.110000        0.644612
        7.120000        0.644590
        7.130000        0.644568
        7.140000        0.644546
        7.150000        0.644523
        7.160000        0.644499
        7.170000        0.644475
        7.180000        0.644451
        7.190000        0.644426
        7.200000        0.644400
        7.210000        0.644374
        7.220000        0.644348
        7.230000        0.644321
        7.240000        0.644293
        7.250000        0.644265
        7.260000        0.644237
        7.270000        0.644208
        7.280000        0.644178
        7.290000        0.644148
        7.300000        0.644118
        7.310000        0.644087
        7.320000        0.644056
        7.330000        0.644024
        7.340000        0.643992
        7.350000        0.643959
        7.360000        0.643926
        7.370000        0.643892
        7.380000        0.643858
        7.390000        0.643824
        7.400000        0.643789
        7.410000        0.643753
        7.420000        0.643718
        7.430000        0.643681
        7.440000        0.643645
        7.450000        0.643607
        7.460000        0.643570
        7.470000        0.643532
        7.480000        0.643494
        7.490000        0.643455
        7.500000        0.643416
        7.510000        0.643376
        7.520000        0.643336
        7.530000        0.643296
        7.540000        0.643255
        7.550000        0.643214
        7.560000        0.643172
        7.570000        0.643130
        7.580000        0.643088
        7.590000        0.643045
        7.600000        0.643002
        7.610000        0.642959
        7.620000        0.642915
        7.630000        0.642871
        7.640000        0.642826
        7.650000        0.642781
        7.660000        0.642736
        7.670000        0.642691
        7.680000        0.642645
        7.690000        0.642599
        7.700000        0.642552
        7.710000        0.642506
        7.720000        0.642458
        7.730000        0.642411
        7.740000        0.642363
        7.750000        0.642315
        7.760000        0.642267
        7.770000        0.642218
        7.780000        0.642169
        7.790000        0.642120
        7.800000        0.642071
        7.810000        0.642021
        7.820000        0.641971
        7.830000        0.641921
        7.840000        0.641870
        7.850000        0.641820
        7.860000        0.641769
        7.870000        0.641717
        7.880000        0.641666
        7.890000        0.641614
        7.900000        0.641562
        7.910000        0.641510
        7.920000        0.641458
        7.930000        0.641405
        7.940000        0.641352
        7.950000        0.641299
        7.960000        0.641246
        7.970000        0.641193
        7.980000        0.641139
        7.990000        0.641085
        8.000000        0.641031
        8.010000        0.640977
        8.020000        0.640923
        8.030000        0.640869
        8.040000        0.640814
        8.050000        0.640759
        8.060000        0.640704
        8.070000        0.640649
        8.080000        0.640594
        8.090000        0.640539
        8.100000        0.640484
        8.110000        0.640428
        8.120000        0.640372
        8.130000        0.640317
        8.140000        0.640261
        8.150000        0.640205
        8.160000        0.640149
        8.170000        0.640093
        8.180000        0.640037
        8.190000        0.639981
        8.200000        0.639924
        8.210000        0.639868
        8.220000        0.639811
        8.230000        0.639755
        8.240000        0.639698
        8.250000        0.639642
        8.260000        0.639585
        8.270000        0.639529
        8.280000        0.639472
        8.290000        0.639415
        8.300000        0.639359
        8.310000        0.639302
        8.320000        0.639245
        8.330000        0.639189
        8.340000        0.639132
        8.350000        0.639075
        8.360000        0.639019
        8.370000        0.638962
        8.380000        0.638906
        8.390000        0.638849
        8.400000        0.638793
        8.410000        0.638736
        8.420000        0.638680
        8.430000        0.638624
        8.440000        0.638567
        8.450000        0.638511
        8.460000        0.638455
        8.470000        0.638399
        8.480000        0.638343
        8.490000        0.638287
        8.500000        0.638232
        8.510000        0.638176
        8.520000        0.638121
        8.530000        0.638065
        8.540000        0.638010
        8.550000        0.637955
        8.560000        0.637900
        8.570000        0.637845
        8.580000        0.637790
        8.590000        0.637735
        8.600000        0.637681
        8.610000        0.637627
        8.620000        0.637573
        8.630000        0.637519
        8.640000        0.637465
        8.650000        0.637411
        8.660000        0.637358
        8.670000        0.637305
        8.680000        0.637252
        8.690000        0.637199
        8.700000        0.637146
        8.710000        0.637094
        8.720000        0.637042
        8.730000        0.636990
        8.740000        0.636938
        8.750000        0.636886
        8.760000        0.636835
        8.770000        0.636784
        8.780000        0.636733
        8.790000        0.636683
        8.800000        0.636633
        8.810000        0.636582
        8.820000        0.636533
        8.830000        0.636483
        8.840000        0.636434
        8.850000        0.636385
        8.860000        0.636336
        8.870000        0.636288
        8.880000        0.636240
        8.890000        0.636192
        8.900000        0.636145
        8.910000        0.636098
        8.920000        0.636051
        8.930000        0.636004
        8.940000        0.635958
        8.950000        0.635912
        8.960000        0.635867
        8.970000        0.635822
        8.980000        0.635777
        8.990000        0.635732
        9.000000        0.635688
        9.010000        0.635644
        9.020000        0.635601
        9.030000        0.635558
        9.040000        0.635515
        9.050000        0.635473
        9.060000        0.635431
        9.070000        0.635389
        9.080000        0.635348
        9.090000        0.635307
        9.100000        0.635267
        9.110000        0.635227
        9.120000        0.635187
        9.130000        0.635148
        9.140000        0.635109
        9.150000        0.635070
        9.160000        0.635032
        9.170000        0.634995
        9.180000        0.634958
        9.190000        0.634921
        9.200000        0.634885
        9.210000        0.634849
        9.220000        0.634813
        9.230000        0.634778
        9.240000        0.634744
        9.250000        0.634710
        9.260000        0.634676
        9.270000        0.634643
        9.280000        0.634610
        9.290000        0.634578
        9.300000        0.634546
        9.310000        0.634515
        9.320000        0.634484
        9.330000        0.634453
        9.340000        0.634423
        9.350000        0.634394
        9.360000        0.634365
        9.370000        0.634336
        9.380000        0.634308
        9.390000        0.634281
        9.400000        0.634254
        9.410000        0.634227
        9.420000        0.634201
        9.430000        0.634175
        9.440000        0.634150
        9.450000        0.634126
        9.460000        0.634102
        9.470000        0.634078
        9.480000        0.634055
        9.490000        0.634033
        9.500000        0.634011
        9.510000        0.633989
        9.520000        0.633968
        9.530000        0.633948
        9.540000        0.633928
        9.550000        0.633909
        9.560000        0.633890
        9.570000        0.633871
        9.580000        0.633854
        9.590000        0.633836
        9.600000        0.633820
        9.610000        0.633803
        9.620000        0.633788
        9.630000        0.633773
        9.640000        0.633758
        9.650000        0.633744
        9.660000        0.633730
        9.670000        0.633718
        9.680000        0.633705
        9.690000        0.633693
        9.700000        0.633682
        9.710000        0.633671
        9.720000        0.633661
        9.730000        0.633651
        9.740000        0.633642
        9.750000        0.633634
        9.760000        0.633626
        9.770000        0.633618
        9.780000        0.633611
        9.790000        0.633605
        9.800000        0.633599
        9.810000        0.633594
        9.820000        0.633590
        9.830000        0.633585
        9.840000        0.633582
        9.850000        0.633579
        9.860000        0.633577
        9.870000        0.633575
        9.880000        0.633573
        9.890000        0.633573
        9.900000        0.633573
        9.910000        0.633573
        9.920000        0.633574
        9.930000        0.633575
        9.940000        0.633578
        9.950000        0.633580
        9.960000        0.633583
        9.970000        0.633587
        9.980000        0.633591
        9.990000        0.633596
       10.000000        0.633602
       10.010000        0.633608
       10.020000        0.633614
       10.030000        0.633621
       10.040000        0.633629
       10.050000        0.633637
       10.060000        0.633646
       10.070000        0.633655
       10.080000        0.633665
       10.090000        0.633676
       10.100000        0.633687
       10.110000        0.633698
       10.120000        0.633710
       10.130000        0.633723
       10.140000        0.633736
       10.150000        0.633750
       10.160000        0.633764
       10.170000        0.633779
       10.180000        0.633794
       10.190000        0.633810
       10.200000        0.633827
       10.210000        0.633844
       10.220000        0.633861
       10.230000        0.633879
       10.240000        0.633898
       10.250000        0.633917
       10.260000        0.633936
       10.270000        0.633956
       10.280000        0.633977
       10.290000        0.633998
       10.300000        0.634020
       10.310000        0.634042
       10.320000        0.634065
       10.330000        0.634088
       10.340000        0.634112
       10.350000        0.634136
       10.360000        0.634161
       10.370000        0.634186
       10.380000        0.634212
       10.390000        0.634238
       10.400000        0.634265
       10.410000        0.634292
       10.420000        0.634320
       10.430000        0.634348
       10.440000        0.634377
       10.450000        0.634406
       10.460000        0.634436
       10.470000        0.634466
       10.480000        0.634497
       10.490000        0.634528
       10.500000        0.634559
       10.510000        0.634591
       10.520000        0.634624
       10.530000        0.634657
       10.540000        0.634690
       10.550000        0.634724
       10.560000        0.634758
       10.570000        0.634793
       10.580000        0.634828
       10.590000        0.634864
       10.600000        0.634900
       10.610000        0.634937
       10.620000        0.634974
       10.630000        0.635011
       10.640000        0.635049
       10.650000        0.635087
       10.660000        0.635125
       10.670000        0.635164
       10.680000        0.635204
       10.690000        0.635244
       10.700000        0.635284
       10.710000        0.635324
       10.720000        0.635365
       10.730000        0.635407
       10.740000        0.635449
       10.750000        0.635491
       10.760000        0.635533
       10.770000        0.635576
       10.780000        0.635619
       10.790000        0.635663
       10.800000        0.635707
       10.810000        0.635751
       10.820000        0.635796
       10.830000        0.635841
       10.840000        0.635886
       10.850000        0.635932
       10.860000        0.635978
       10.870000        0.636024
       10.880000        0.636071
       10.890000        0.636118
       10.900000        0.636165
       10.910000        0.636213
       10.920000        0.636261
       10.930000        0.636309
       10.940000        0.636357
       10.950000        0.636406
       10.960000        0.636455
       10.970000        0.636504
       10.980000        0.636554
       10.990000        0.636604
       11.000000        0.636654
       11.010000        0.636704
       11.020000        0.636755
       11.030000        0.636806
       11.040000        0.636857
       11.050000        0.636908
       11.060000        0.636960
       11.070000        0.637012
       11.080000        0.637064
       11.090000        0.637116
       11.100000        0.637169
       11.110000        0.637221
       11.120000        0.637274
       11.130000        0.637327
       11.140000        0.637381
       11.150000        0.637434
       11.160000        0.637488
       11.170000        0.637542
       11.180000        0.637596
       11.190000        0.637650
       11.200000        0.637704
       11.210000        0.637759
       11.220000        0.637813
       11.230000        0.637868
       11.240000        0.637923
       11.250000        0.637978
       11.260000        0.638033
       11.270000        0.638089
       11.280000        0.638144
       11.290000        0.638200
       11.300000        0.638255
       11.310000        0.638311
       11.320000        0.638367
       11.330000        0.638423
       11.340000        0.638479
       11.350000        0.638535
       11.360000        0.638591
       11.370000        0.638647
       11.380000        0.638704
       11.390000        0.638760
       11.400000        0.638817
       11.410000        0.638873
       11.420000        0.638930
       11.430000        0.638986
       11.440000        0.639043
       11.450000        0.639099
       11.460000        0.639156
       11.470000        0.639213
       11.480000        0.639269
       11.490000        0.639326
       11.500000        0.639383
       11.510000        0.639439
       11.520000        0.639496
       11.530000        0.639553
       11.540000        0.639609
       11.550000        0.639666
       11.560000        0.639722
       11.570000        0.639779
       11.580000        0.639835
       11.590000        0.639892
       11.600000        0.639948
       11.610000        0.640004
       11.620000        0.640060
       11.630000        0.640116
       11.640000        0.640172
       11.650000        0.640228
       11.660000        0.640284
       11.670000        0.640340
       11.680000        0.640396
       11.690000        0.640451
       11.700000        0.640507
       11.710000        0.640562
       11.720000        0.640617
       11.730000        0.640672
       11.740000        0.640727
       11.750000        0.640782
       11.760000        0.640837
       11.770000        0.640891
       11.780000        0.640946
       11.790000        0.641000
       11.800000        0.641054
       11.810000        0.641108
       11.820000        0.641161
       11.830000        0.641215
       11.840000        0.641268
       11.850000        0.641321
       11.860000        0.641374
       11.870000        0.641427
       11.880000        0.641479
       11.890000        0.641532
       11.900000        0.641584
       11.910000        0.641635
       11.920000        0.641687
       11.930000        0.641738
       11.940000        0.641790
       11.950000        0.641840
       11.960000        0.641891
       11.970000        0.641941
       11.980000        0.641992
       11.990000        0.642041
       12.000000        0.642091
       12.010000        0.642140
       12.020000        0.642189
       12.030000        0.642238
       12.040000        0.642287
       12.050000        0.642335
       12.060000        0.642383
       12.070000        0.642430
       12.080000        0.642478
       12.090000        0.642525
       12.100000        0.642571
       12.110000        0.642618
       12.120000        0.642664
       12.130000        0.642709
       12.140000        0.642755
       12.150000        0.642800
       12.160000        0.642844
       12.170000        0.642889
       12.180000        0.642933
       12.190000        0.642976
       12.200000        0.643019
       12.210000        0.643062
       12.220000        0.643105
       12.230000        0.643147
       12.240000        0.643189
       12.250000        0.643230
       12.260000        0.643271
       12.270000        0.643312
       12.280000        0.643352
       12.290000        0.643392
       12.300000        0.643431
       12.310000        0.643470
       12.320000        0.643509
       12.330000        0.643547
       12.340000        0.643585
       12.350000        0.643622
       12.360000        0.643659
       12.370000        0.643695
       12.380000        0.643731
       12.390000        0.643767
       12.400000        0.643802
       12.410000        0.643837
       12.420000        0.643871
       12.430000        0.643905
       12.440000        0.643939
       12.450000        0.643972
       12.460000        0.644004
       12.470000        0.644036
       12.480000        0.644068
       12.490000        0.644099
       12.500000        0.644129
       12.510000        0.644160
       12.520000        0.644189
       12.530000        0.644219
       12.540000        0.644247
       12.550000        0.644276
       12.560000        0.644303
       12.570000        0.644331
       12.580000        0.644357
       12.590000        0.644384
       12.600000        0.644409
       12.610000        0.644435
       12.620000        0.644459
       12.630000        0.644484
       12.640000        0.644507
       12.650000        0.644531
       12.660000        0.644553
       12.670000        0.644576
       12.680000        0.644597
       12.690000        0.644619
       12.700000        0.644639
       12.710000        0.644659
       12.720000        0.644679
       12.730000        0.644698
       12.740000        0.644717
       12.750000        0.644735
       12.760000        0.644752
       12.770000        0.644769
       12.780000        0.644786
       12.790000        0.644801
       12.800000        0.644817
       12.810000        0.644832
       12.820000        0.644846
       12.830000        0.644860
       12.840000        0.644873
       12.850000        0.644885
       12.860000        0.644898
       12.870000        0.644909
       12.880000        0.644920
       12.890000        0.644931
       12.900000        0.644940
       12.910000        0.644950
       12.920000        0.644959
       12.930000        0.644967
       12.940000        0.644974
       12.950000        0.644982
       12.960000        0.644988
       12.970000        0.644994
       12.980000        0.645000
       12.990000        0.645004
       13.000000        0.645009
       13.010000        0.645013
       13.020000        0.645016
       13.030000        0.645018
       13.040000        0.645020
       13.050000        0.645022
       13.060000        0.645023
       13.070000        0.645023
       13.080000        0.645023
       13.090000        0.645023
       13.100000        0.645021
       13.110000        0.645019
       13.120000        0.645017
       13.130000        0.645014
       13.140000        0.645011
       13.150000        0.645006
       13.160000        0.645002
       13.170000        0.644997
       13.180000        0.644991
       13.190000        0.644985
       13.200000        0.644978
       13.210000        0.644970
       13.220000        0.644962
       13.230000        0.644954
       13.240000        0.644945
       13.250000        0.644935
       13.260000        0.644925
       13.270000        0.644914
       13.280000        0.644903
       13.290000        0.644891
       13.300000        0.644879
       13.310000        0.644866
       13.320000        0.644852
       13.330000        0.644838
       13.340000        0.644824
       13.350000        0.644808
       13.360000        0.644793
       13.370000        0.644777
       13.380000        0.644760
       13.390000        0.644743
       13.400000        0.644725
       13.410000        0.644707
       13.420000        0.644688
       13.430000        0.644668
       13.440000        0.644648
       13.450000        0.644628
       13.460000        0.644607
       13.470000        0.644586
       13.480000        0.644564
       13.490000        0.644541
       13.500000        0.644518
       13.510000        0.644495
       13.520000        0.644470
       13.530000        0.644446
       13.540000        0.644421
       13.550000        0.644395
       13.560000        0.644369
       13.570000        0.644343
       13.580000        0.644316
       13.590000        0.644288
       13.600000        0.644260
       13.610000        0.644232
       13.620000        0.644203
       13.630000        0.644173
       13.640000        0.644143
       13.650000        0.644113
       13.660000        0.644082
       13.670000        0.644051
       13.680000        0.644019
       13.690000        0.643986
       13.700000        0.643954
       13.710000        0.643920
       13.720000        0.643887
       13.730000        0.643853
       13.740000        0.643818
       13.750000        0.643783
       13.760000        0.643748
       13.770000        0.643712
       13.780000        0.643676
       13.790000        0.643639
       13.800000        0.643602
       13.810000        0.643564
       13.820000        0.643526
       13.830000        0.643488
       13.840000        0.643449
       13.850000        0.643410
       13.860000        0.643370
       13.870000        0.643330
       13.880000        0.643289
       13.890000        0.643249
       13.900000        0.643207
       13.910000        0.643166
       13.920000        0.643124
       13.930000        0.643082
       13.940000        0.643039
       13.950000        0.642996
       13.960000        0.642952
       13.970000        0.642909
       13.980000        0.642864
       13.990000        0.642820
       14.000000        0.642775
       14.010000        0.642730
       14.020000        0.642684
       14.030000        0.642638
       14.040000        0.642592
       14.050000        0.642546
       14.060000        0.642499
       14.070000        0.642452
       14.080000        0.642404
       14.090000        0.642357
       14.100000        0.642309
       14.110000        0.642260
       14.120000        0.642212
       14.130000        0.642163
       14.140000        0.642114
       14.150000        0.642064
       14.160000        0.642014
       14.170000        0.641964
       14.180000        0.641914
       14.190000        0.641863
       14.200000        0.641813
       14.210000        0.641762
       14.220000        0.641710
       14.230000        0.641659
       14.240000        0.641607
       14.250000        0.641555
       14.260000        0.641503
       14.270000        0.641451
       14.280000        0.641398
       14.290000        0.641345
       14.300000        0.641292
       14.310000        0.641239
       14.320000        0.641186
       14.330000        0.641132
       14.340000        0.641078
       14.350000        0.641024
       14.360000        0.640970
       14.370000        0.640916
       14.380000        0.640861
       14.390000        0.640807
       14.400000        0.640752
       14.410000        0.640697
       14.420000        0.640642
       14.430000        0.640587
       14.440000        0.640532
       14.450000        0.640476
       14.460000        0.640421
       14.470000        0.640365
       14.480000        0.640310
       14.490000        0.640254
       14.500000        0.640198
       14.510000        0.640142
       14.520000        0.640086
       14.530000        0.640030
       14.540000        0.639973
       14.550000        0.639917
       14.560000        0.639861
       14.570000        0.639804
       14.580000        0.639748
       14.590000        0.639691
       14.600000        0.639635
       14.610000        0.639578
       14.620000        0.639522
       14.630000        0.639465
       14.640000        0.639408
       14.650000        0.639352
       14.660000        0.639295
       14.670000        0.639238
       14.680000        0.639182
       14.690000        0.639125
       14.700000        0.639068
       14.710000        0.639012
       14.720000        0.638955
       14.730000        0.638899
       14.740000        0.638842
       14.750000        0.638786
       14.760000        0.638729
       14.770000        0.638673
       14.780000        0.638617
       14.790000        0.638560
       14.800000        0.638504
       14.810000        0.638448
       14.820000        0.638392
       14.830000        0.638336
       14.840000        0.638281
       14.850000        0.638225
       14.860000        0.638169
       14.870000        0.638114
       14.880000        0.638058
       14.890000        0.638003
       14.900000        0.637948
       14.910000        0.637893
       14.920000        0.637838
       14.930000        0.637783
       14.940000        0.637729
       14.950000        0.637674
       14.960000        0.637620
       14.970000        0.637566
       14.980000        0.637512
       14.990000        0.637458
       15.000000        0.637405
