  0.88622692545275794       : 
 -->  0.88622692545275794       =>    0.0000000000000000        0.0000000000000000        0.0000000000000000     
 -->  0.84191556861547179       =>    0.0000000000000000       0.88622692545275794       0.39269908169872408     
 -->  0.79981978014828248       =>    0.0000000000000000        1.7281424940682297        1.4932382399021806     
 -->  0.75982878160627354       =>    0.0000000000000000        2.5279622742165122        3.1952966299309602     
  0.84191556861547179       : 
 -->  0.88622692545275794       =>   0.88622692545275794        0.0000000000000000       0.39269908169872408     
 -->  0.84191556861547179       =>   0.88622692545275794       0.88622692545275794       0.78539816339744817     
 -->  0.84191556861547179       =>   0.88622692545275794        1.7281424940682297        1.8859373216009048     
 -->  0.84191556861547179       =>   0.88622692545275794        2.5700580626837013        3.6952983044814740     
  0.79981978014828248       : 
 -->  0.88622692545275794       =>    1.7281424940682297        0.0000000000000000        1.4932382399021806     
 -->  0.84191556861547179       =>    1.7281424940682297       0.88622692545275794        1.8859373216009048     
 -->  0.84191556861547179       =>    1.7281424940682297        1.7281424940682297        2.9864764798043613     
 -->  0.84191556861547179       =>    1.7281424940682297        2.5700580626837013        4.7958374626849309     
  0.75982878160627354       : 
 -->  0.88622692545275794       =>    2.5279622742165122        0.0000000000000000        3.1952966299309602     
 -->  0.84191556861547179       =>    2.5279622742165122       0.88622692545275794        3.5879957116296843     
 -->  0.84191556861547179       =>    2.5279622742165122        1.7281424940682297        4.6885348698331413     
 -->  0.84191556861547179       =>    2.5279622742165122        2.5700580626837013        6.4978958527137101     
      0.39975724      -0.00000000     -0.27889716      -0.00000000     -0.14746627       0.00000000     -0.06526383       0.00000000     -0.22925219      -0.00000000     -0.25775286      -0.00000000     -0.20515577      -0.00000000     -0.12654966      -0.00000000     -0.19400408       0.00000000     -0.32523813      -0.00000000     -0.47929721       0.00000000     -0.43146820      -0.00000000
      0.39975724      -0.00000000      0.27889716      -0.00000000     -0.14746627      -0.00000000      0.06526383      -0.00000000     -0.22925219       0.00000000      0.25775286      -0.00000000     -0.20515577      -0.00000000      0.12654966       0.00000000     -0.19400408       0.00000000      0.32523813      -0.00000000      0.47929721       0.00000000     -0.43146820       0.00000000
      0.25718700      -0.00000000     -0.33121648      -0.00000000     -0.33375844       0.00000000     -0.28419061       0.00000000      0.09454201       0.00000000     -0.09783430       0.00000000     -0.27885883       0.00000000     -0.38655218      -0.00000000      0.41823039       0.00000000      0.36155787       0.00000000      0.14075904      -0.00000000      0.24666385      -0.00000000
      0.25718700      -0.00000000      0.33121648       0.00000000     -0.33375844       0.00000000      0.28419061      -0.00000000      0.09454201       0.00000000      0.09783430       0.00000000     -0.27885883      -0.00000000      0.38655218       0.00000000      0.41823039      -0.00000000     -0.36155787       0.00000000     -0.14075904      -0.00000000      0.24666385      -0.00000000
      0.15507739      -0.00000000     -0.25002404      -0.00000000     -0.34184646       0.00000000     -0.40617278       0.00000000      0.43417191       0.00000000      0.41712338       0.00000000      0.36076151       0.00000000      0.29079648       0.00000000     -0.19350907      -0.00000000     -0.11617257       0.00000000     -0.02147270       0.00000000     -0.05470040       0.00000000
      0.15507739      -0.00000000      0.25002404       0.00000000     -0.34184646       0.00000000      0.40617278       0.00000000      0.43417191       0.00000000     -0.41712338      -0.00000000      0.36076151       0.00000000     -0.29079648      -0.00000000     -0.19350907      -0.00000000      0.11617257      -0.00000000      0.02147270       0.00000000     -0.05470040       0.00000000
      0.39975724       0.00000000     -0.00000000      -0.27889716      0.14746627      -0.00000000     -0.00000000       0.06526383     -0.22925219      -0.00000000      0.00000000      -0.25775286      0.20515577       0.00000000     -0.00000000       0.12654966     -0.19400408      -0.00000000      0.00000000      -0.32523813     -0.00000000       0.47929721      0.43146820      -0.00000000
      0.39975724      -0.00000000     -0.00000000       0.27889716      0.14746627       0.00000000     -0.00000000      -0.06526383     -0.22925219       0.00000000     -0.00000000       0.25775286      0.20515577       0.00000000     -0.00000000      -0.12654966     -0.19400408      -0.00000000      0.00000000       0.32523813     -0.00000000      -0.47929721      0.43146820       0.00000000
      0.25718700       0.00000000     -0.00000000      -0.33121648      0.33375844      -0.00000000     -0.00000000       0.28419061      0.09454201      -0.00000000     -0.00000000      -0.09783430      0.27885883       0.00000000     -0.00000000       0.38655218      0.41823039       0.00000000     -0.00000000       0.36155787      0.00000000      -0.14075904     -0.24666385       0.00000000
      0.25718700      -0.00000000     -0.00000000       0.33121648      0.33375844      -0.00000000     -0.00000000      -0.28419061      0.09454201       0.00000000      0.00000000       0.09783430      0.27885883       0.00000000      0.00000000      -0.38655218      0.41823039       0.00000000     -0.00000000      -0.36155787      0.00000000       0.14075904     -0.24666385       0.00000000
      0.15507739       0.00000000     -0.00000000      -0.25002404      0.34184646       0.00000000      0.00000000       0.40617278      0.43417191       0.00000000     -0.00000000       0.41712338     -0.36076151      -0.00000000      0.00000000      -0.29079648     -0.19350907      -0.00000000      0.00000000      -0.11617257     -0.00000000       0.02147270      0.05470040      -0.00000000
      0.15507739      -0.00000000     -0.00000000       0.25002404      0.34184646      -0.00000000     -0.00000000      -0.40617278      0.43417191       0.00000000     -0.00000000      -0.41712338     -0.36076151      -0.00000000     -0.00000000       0.29079648     -0.19350907       0.00000000      0.00000000       0.11617257     -0.00000000      -0.02147270      0.05470040      -0.00000000
       overlap        hamiltonian
      3.99522661       0.50000030
      3.15842541       8.55297216
      2.21470482       4.50023911
      1.50677891      11.51931935
      0.70946495      10.52631548
      0.29331811       9.53677750
      0.09265294       7.50001865
      0.02479829       6.50003986
      0.00407498       5.50009260
      0.00051701       1.50000002
      0.00000162       3.50000000
      0.00003635       2.50000000
