        0.010000        0.500034        0.007176
        0.020000        0.500135        0.014351
        0.030000        0.500303        0.021525
        0.040000        0.500539        0.028697
        0.050000        0.500843        0.035866
        0.060000        0.501213        0.043032
        0.070000        0.501651        0.050193
        0.080000        0.502156        0.057350
        0.090000        0.502728        0.064500
        0.100000        0.503368        0.071645
        0.110000        0.504074        0.078783
        0.120000        0.504847        0.085912
        0.130000        0.505687        0.093034
        0.140000        0.506594        0.100146
        0.150000        0.507567        0.107249
        0.160000        0.508607        0.114341
        0.170000        0.509713        0.121423
        0.180000        0.510886        0.128492
        0.190000        0.512124        0.135549
        0.200000        0.513428        0.142593
        0.210000        0.514798        0.149623
        0.220000        0.516234        0.156639
        0.230000        0.517735        0.163640
        0.240000        0.519301        0.170626
        0.250000        0.520932        0.177595
        0.260000        0.522628        0.184547
        0.270000        0.524389        0.191482
        0.280000        0.526214        0.198398
        0.290000        0.528103        0.205296
        0.300000        0.530056        0.212174
        0.310000        0.532073        0.219033
        0.320000        0.534154        0.225871
        0.330000        0.536297        0.232688
        0.340000        0.538504        0.239483
        0.350000        0.540773        0.246257
        0.360000        0.543105        0.253007
        0.370000        0.545500        0.259734
        0.380000        0.547956        0.266437
        0.390000        0.550473        0.273116
        0.400000        0.553053        0.279770
        0.410000        0.555693        0.286399
        0.420000        0.558394        0.293001
        0.430000        0.561156        0.299578
        0.440000        0.563978        0.306127
        0.450000        0.566860        0.312649
        0.460000        0.569801        0.319143
        0.470000        0.572802        0.325609
        0.480000        0.575862        0.332046
        0.490000        0.578981        0.338454
        0.500000        0.582158        0.344832
        0.510000        0.585393        0.351181
        0.520000        0.588686        0.357499
        0.530000        0.592036        0.363786
        0.540000        0.595443        0.370041
        0.550000        0.598907        0.376266
        0.560000        0.602428        0.382458
        0.570000        0.606005        0.388618
        0.580000        0.609637        0.394745
        0.590000        0.613325        0.400839
        0.600000        0.617068        0.406899
        0.610000        0.620865        0.412926
        0.620000        0.624717        0.418919
        0.630000        0.628623        0.424878
        0.640000        0.632583        0.430802
        0.650000        0.636596        0.436691
        0.660000        0.640662        0.442545
        0.670000        0.644781        0.448363
        0.680000        0.648952        0.454146
        0.690000        0.653176        0.459892
        0.700000        0.657450        0.465603
        0.710000        0.661777        0.471277
        0.720000        0.666154        0.476914
        0.730000        0.670581        0.482515
        0.740000        0.675059        0.488078
        0.750000        0.679587        0.493605
        0.760000        0.684165        0.499094
        0.770000        0.688792        0.504545
        0.780000        0.693467        0.509959
        0.790000        0.698192        0.515334
        0.800000        0.702964        0.520672
        0.810000        0.707785        0.525972
        0.820000        0.712653        0.531233
        0.830000        0.717568        0.536456
        0.840000        0.722531        0.541640
        0.850000        0.727539        0.546786
        0.860000        0.732595        0.551893
        0.870000        0.737696        0.556961
        0.880000        0.742842        0.561991
        0.890000        0.748035        0.566982
        0.900000        0.753272        0.571934
        0.910000        0.758553        0.576847
        0.920000        0.763880        0.581720
        0.930000        0.769250        0.586555
        0.940000        0.774664        0.591351
        0.950000        0.780121        0.596108
        0.960000        0.785622        0.600826
        0.970000        0.791165        0.605505
        0.980000        0.796751        0.610145
        0.990000        0.802380        0.614746
        1.000000        0.808050        0.619308
        1.010000        0.813762        0.623831
        1.020000        0.819515        0.628316
        1.030000        0.825310        0.632762
        1.040000        0.831145        0.637169
        1.050000        0.837021        0.641538
        1.060000        0.842937        0.645868
        1.070000        0.848894        0.650160
        1.080000        0.854890        0.654413
        1.090000        0.860925        0.658629
        1.100000        0.867000        0.662806
        1.110000        0.873114        0.666946
        1.120000        0.879266        0.671047
        1.130000        0.885457        0.675112
        1.140000        0.891686        0.679138
        1.150000        0.897953        0.683128
        1.160000        0.904257        0.687080
        1.170000        0.910599        0.690995
        1.180000        0.916978        0.694874
        1.190000        0.923394        0.698716
        1.200000        0.929847        0.702522
        1.210000        0.936337        0.706291
        1.220000        0.942862        0.710025
        1.230000        0.949423        0.713723
        1.240000        0.956021        0.717385
        1.250000        0.962653        0.721012
        1.260000        0.969321        0.724604
        1.270000        0.976024        0.728161
        1.280000        0.982762        0.731684
        1.290000        0.989534        0.735172
        1.300000        0.996341        0.738627
        1.310000        1.003182        0.742048
        1.320000        1.010057        0.745435
        1.330000        1.016965        0.748789
        1.340000        1.023907        0.752110
        1.350000        1.030882        0.755398
        1.360000        1.037890        0.758654
        1.370000        1.044931        0.761878
        1.380000        1.052004        0.765070
        1.390000        1.059109        0.768231
        1.400000        1.066247        0.771361
        1.410000        1.073417        0.774460
        1.420000        1.080618        0.777529
        1.430000        1.087850        0.780567
        1.440000        1.095114        0.783575
        1.450000        1.102409        0.786555
        1.460000        1.109734        0.789504
        1.470000        1.117090        0.792425
        1.480000        1.124476        0.795318
        1.490000        1.131892        0.798183
        1.500000        1.139338        0.801019
        1.510000        1.146814        0.803828
        1.520000        1.154319        0.806610
        1.530000        1.161853        0.809366
        1.540000        1.169416        0.812095
        1.550000        1.177007        0.814798
        1.560000        1.184627        0.817475
        1.570000        1.192275        0.820127
        1.580000        1.199951        0.822754
        1.590000        1.207655        0.825356
        1.600000        1.215386        0.827934
        1.610000        1.223144        0.830488
        1.620000        1.230930        0.833018
        1.630000        1.238742        0.835525
        1.640000        1.246580        0.838010
        1.650000        1.254445        0.840471
        1.660000        1.262336        0.842911
        1.670000        1.270252        0.845329
        1.680000        1.278194        0.847725
        1.690000        1.286161        0.850100
        1.700000        1.294153        0.852454
        1.710000        1.302170        0.854788
        1.720000        1.310211        0.857102
        1.730000        1.318277        0.859396
        1.740000        1.326366        0.861670
        1.750000        1.334480        0.863925
        1.760000        1.342616        0.866162
        1.770000        1.350776        0.868379
        1.780000        1.358959        0.870579
        1.790000        1.367164        0.872761
        1.800000        1.375392        0.874925
        1.810000        1.383643        0.877071
        1.820000        1.391915        0.879201
        1.830000        1.400208        0.881314
        1.840000        1.408523        0.883410
        1.850000        1.416860        0.885491
        1.860000        1.425217        0.887555
        1.870000        1.433595        0.889604
        1.880000        1.441993        0.891637
        1.890000        1.450411        0.893655
        1.900000        1.458850        0.895659
        1.910000        1.467308        0.897647
        1.920000        1.475785        0.899622
        1.930000        1.484282        0.901582
        1.940000        1.492797        0.903528
        1.950000        1.501331        0.905461
        1.960000        1.509884        0.907380
        1.970000        1.518455        0.909285
        1.980000        1.527043        0.911178
        1.990000        1.535650        0.913058
        2.000000        1.544274        0.914925
        2.010000        1.552915        0.916780
        2.020000        1.561574        0.918622
        2.030000        1.570249        0.920452
        2.040000        1.578941        0.922270
        2.050000        1.587649        0.924076
        2.060000        1.596373        0.925871
        2.070000        1.605114        0.927654
        2.080000        1.613870        0.929426
        2.090000        1.622642        0.931186
        2.100000        1.631429        0.932935
        2.110000        1.640231        0.934674
        2.120000        1.649049        0.936401
        2.130000        1.657881        0.938118
        2.140000        1.666728        0.939824
        2.150000        1.675589        0.941520
        2.160000        1.684465        0.943205
        2.170000        1.693354        0.944880
        2.180000        1.702258        0.946544
        2.190000        1.711176        0.948199
        2.200000        1.720107        0.949843
        2.210000        1.729051        0.951477
        2.220000        1.738009        0.953102
        2.230000        1.746981        0.954717
        2.240000        1.755965        0.956321
        2.250000        1.764962        0.957917
        2.260000        1.773972        0.959502
        2.270000        1.782995        0.961078
        2.280000        1.792030        0.962645
        2.290000        1.801078        0.964202
        2.300000        1.810138        0.965749
        2.310000        1.819211        0.967287
        2.320000        1.828295        0.968816
        2.330000        1.837392        0.970336
        2.340000        1.846501        0.971846
        2.350000        1.855621        0.973348
        2.360000        1.864754        0.974840
        2.370000        1.873898        0.976322
        2.380000        1.883054        0.977796
        2.390000        1.892221        0.979261
        2.400000        1.901400        0.980717
        2.410000        1.910591        0.982164
        2.420000        1.919793        0.983601
        2.430000        1.929006        0.985030
        2.440000        1.938231        0.986450
        2.450000        1.947467        0.987861
        2.460000        1.956715        0.989264
        2.470000        1.965973        0.990657
        2.480000        1.975243        0.992042
        2.490000        1.984524        0.993418
        2.500000        1.993816        0.994786
        2.510000        2.003120        0.996145
        2.520000        2.012435        0.997495
        2.530000        2.021760        0.998836
        2.540000        2.031097        1.000170
        2.550000        2.040445        1.001494
        2.560000        2.049804        1.002810
        2.570000        2.059175        1.004118
        2.580000        2.068556        1.005418
        2.590000        2.077949        1.006709
        2.600000        2.087353        1.007992
        2.610000        2.096768        1.009266
        2.620000        2.106194        1.010533
        2.630000        2.115632        1.011791
        2.640000        2.125080        1.013042
        2.650000        2.134540        1.014284
        2.660000        2.144012        1.015519
        2.670000        2.153494        1.016745
        2.680000        2.162988        1.017964
        2.690000        2.172493        1.019175
        2.700000        2.182010        1.020379
        2.710000        2.191538        1.021575
        2.720000        2.201078        1.022764
        2.730000        2.210629        1.023945
        2.740000        2.220191        1.025118
        2.750000        2.229766        1.026285
        2.760000        2.239351        1.027444
        2.770000        2.248949        1.028597
        2.780000        2.258558        1.029742
        2.790000        2.268179        1.030880
        2.800000        2.277811        1.032012
        2.810000        2.287455        1.033137
        2.820000        2.297112        1.034255
        2.830000        2.306779        1.035367
        2.840000        2.316459        1.036473
        2.850000        2.326151        1.037572
        2.860000        2.335855        1.038665
        2.870000        2.345570        1.039752
        2.880000        2.355298        1.040833
        2.890000        2.365037        1.041908
        2.900000        2.374789        1.042978
        2.910000        2.384553        1.044041
        2.920000        2.394329        1.045100
        2.930000        2.404117        1.046153
        2.940000        2.413917        1.047200
        2.950000        2.423729        1.048243
        2.960000        2.433554        1.049280
        2.970000        2.443390        1.050312
        2.980000        2.453239        1.051340
        2.990000        2.463101        1.052363
        3.000000        2.472974        1.053382
        3.010000        2.482860        1.054396
        3.020000        2.492758        1.055405
        3.030000        2.502669        1.056411
        3.040000        2.512592        1.057412
        3.050000        2.522527        1.058409
        3.060000        2.532474        1.059403
        3.070000        2.542434        1.060393
        3.080000        2.552406        1.061379
        3.090000        2.562391        1.062361
        3.100000        2.572388        1.063341
        3.110000        2.582397        1.064317
        3.120000        2.592419        1.065289
        3.130000        2.602453        1.066259
        3.140000        2.612499        1.067226
        3.150000        2.622558        1.068190
        3.160000        2.632629        1.069151
        3.170000        2.642713        1.070110
        3.180000        2.652808        1.071066
        3.190000        2.662916        1.072020
        3.200000        2.673037        1.072971
        3.210000        2.683169        1.073920
        3.220000        2.693314        1.074868
        3.230000        2.703471        1.075813
        3.240000        2.713641        1.076756
        3.250000        2.723823        1.077697
        3.260000        2.734016        1.078636
        3.270000        2.744222        1.079574
        3.280000        2.754441        1.080510
        3.290000        2.764671        1.081445
        3.300000        2.774913        1.082378
        3.310000        2.785168        1.083310
        3.320000        2.795435        1.084241
        3.330000        2.805713        1.085170
        3.340000        2.816004        1.086098
        3.350000        2.826307        1.087025
        3.360000        2.836621        1.087951
        3.370000        2.846948        1.088876
        3.380000        2.857286        1.089800
        3.390000        2.867637        1.090724
        3.400000        2.877999        1.091646
        3.410000        2.888373        1.092568
        3.420000        2.898759        1.093488
        3.430000        2.909157        1.094409
        3.440000        2.919566        1.095328
        3.450000        2.929987        1.096247
        3.460000        2.940420        1.097166
        3.470000        2.950865        1.098083
        3.480000        2.961321        1.099001
        3.490000        2.971788        1.099917
        3.500000        2.982268        1.100834
        3.510000        2.992758        1.101750
        3.520000        3.003261        1.102665
        3.530000        3.013774        1.103580
        3.540000        3.024300        1.104495
        3.550000        3.034836        1.105409
        3.560000        3.045384        1.106323
        3.570000        3.055943        1.107236
        3.580000        3.066514        1.108149
        3.590000        3.077096        1.109062
        3.600000        3.087689        1.109974
        3.610000        3.098294        1.110886
        3.620000        3.108909        1.111798
        3.630000        3.119536        1.112709
        3.640000        3.130174        1.113620
        3.650000        3.140824        1.114530
        3.660000        3.151484        1.115440
        3.670000        3.162155        1.116350
        3.680000        3.172838        1.117259
        3.690000        3.183531        1.118168
        3.700000        3.194235        1.119076
        3.710000        3.204951        1.119983
        3.720000        3.215677        1.120891
        3.730000        3.226414        1.121797
        3.740000        3.237162        1.122703
        3.750000        3.247921        1.123608
        3.760000        3.258691        1.124513
        3.770000        3.269472        1.125417
        3.780000        3.280264        1.126321
        3.790000        3.291066        1.127223
        3.800000        3.301879        1.128125
        3.810000        3.312703        1.129026
        3.820000        3.323537        1.129926
        3.830000        3.334383        1.130826
        3.840000        3.345238        1.131724
        3.850000        3.356105        1.132622
        3.860000        3.366982        1.133518
        3.870000        3.377870        1.134413
        3.880000        3.388769        1.135308
        3.890000        3.399678        1.136201
        3.900000        3.410597        1.137093
        3.910000        3.421527        1.137984
        3.920000        3.432468        1.138874
        3.930000        3.443419        1.139762
        3.940000        3.454381        1.140649
        3.950000        3.465353        1.141534
        3.960000        3.476336        1.142418
        3.970000        3.487329        1.143301
        3.980000        3.498333        1.144182
        3.990000        3.509347        1.145062
        4.000000        3.520371        1.145939
        4.010000        3.531406        1.146816
        4.020000        3.542451        1.147690
        4.030000        3.553507        1.148563
        4.040000        3.564573        1.149433
        4.050000        3.575649        1.150302
        4.060000        3.586736        1.151169
        4.070000        3.597833        1.152034
        4.080000        3.608940        1.152897
        4.090000        3.620057        1.153758
        4.100000        3.631185        1.154617
        4.110000        3.642323        1.155473
        4.120000        3.653472        1.156328
        4.130000        3.664630        1.157180
        4.140000        3.675799        1.158029
        4.150000        3.686978        1.158876
        4.160000        3.698167        1.159721
        4.170000        3.709367        1.160563
        4.180000        3.720576        1.161403
        4.190000        3.731796        1.162240
        4.200000        3.743026        1.163075
        4.210000        3.754266        1.163907
        4.220000        3.765517        1.164736
        4.230000        3.776777        1.165562
        4.240000        3.788048        1.166385
        4.250000        3.799328        1.167206
        4.260000        3.810619        1.168023
        4.270000        3.821920        1.168837
        4.280000        3.833231        1.169649
        4.290000        3.844552        1.170457
        4.300000        3.855883        1.171262
        4.310000        3.867224        1.172064
        4.320000        3.878576        1.172863
        4.330000        3.889937        1.173659
        4.340000        3.901308        1.174451
        4.350000        3.912690        1.175240
        4.360000        3.924081        1.176025
        4.370000        3.935482        1.176807
        4.380000        3.946894        1.177585
        4.390000        3.958315        1.178360
        4.400000        3.969746        1.179131
        4.410000        3.981187        1.179899
        4.420000        3.992639        1.180663
        4.430000        4.004100        1.181423
        4.440000        4.015571        1.182179
        4.450000        4.027052        1.182932
        4.460000        4.038543        1.183681
        4.470000        4.050043        1.184425
        4.480000        4.061554        1.185166
        4.490000        4.073075        1.185903
        4.500000        4.084605        1.186636
        4.510000        4.096145        1.187365
        4.520000        4.107695        1.188090
        4.530000        4.119255        1.188810
        4.540000        4.130825        1.189527
        4.550000        4.142405        1.190239
        4.560000        4.153994        1.190947
        4.570000        4.165593        1.191651
        4.580000        4.177202        1.192351
        4.590000        4.188821        1.193046
        4.600000        4.200449        1.193737
        4.610000        4.212087        1.194423
        4.620000        4.223735        1.195105
        4.630000        4.235393        1.195783
        4.640000        4.247060        1.196456
        4.650000        4.258737        1.197125
        4.660000        4.270423        1.197789
        4.670000        4.282120        1.198448
        4.680000        4.293825        1.199103
        4.690000        4.305541        1.199754
        4.700000        4.317266        1.200399
        4.710000        4.329001        1.201040
        4.720000        4.340745        1.201676
        4.730000        4.352499        1.202308
        4.740000        4.364262        1.202935
        4.750000        4.376035        1.203557
        4.760000        4.387818        1.204174
        4.770000        4.399610        1.204786
        4.780000        4.411411        1.205394
        4.790000        4.423222        1.205997
        4.800000        4.435042        1.206594
        4.810000        4.446872        1.207187
        4.820000        4.458711        1.207775
        4.830000        4.470560        1.208358
        4.840000        4.482417        1.208937
        4.850000        4.494285        1.209510
        4.860000        4.506161        1.210078
        4.870000        4.518047        1.210641
        4.880000        4.529942        1.211199
        4.890000        4.541847        1.211752
        4.900000        4.553761        1.212301
        4.910000        4.565684        1.212844
        4.920000        4.577616        1.213382
        4.930000        4.589557        1.213915
        4.940000        4.601508        1.214442
        4.950000        4.613467        1.214965
        4.960000        4.625436        1.215483
        4.970000        4.637414        1.215995
        4.980000        4.649401        1.216503
        4.990000        4.661397        1.217005
        5.000000        4.673402        1.217502
        5.010000        4.685417        1.217994
        5.020000        4.697440        1.218481
        5.030000        4.709472        1.218963
        5.040000        4.721513        1.219439
        5.050000        4.733563        1.219910
        5.060000        4.745622        1.220377
        5.070000        4.757689        1.220838
        5.080000        4.769766        1.221293
        5.090000        4.781851        1.221744
        5.100000        4.793945        1.222190
        5.110000        4.806048        1.222630
        5.120000        4.818160        1.223065
        5.130000        4.830280        1.223495
        5.140000        4.842409        1.223920
        5.150000        4.854547        1.224339
        5.160000        4.866693        1.224754
        5.170000        4.878848        1.225163
        5.180000        4.891011        1.225567
        5.190000        4.903183        1.225966
        5.200000        4.915363        1.226360
        5.210000        4.927552        1.226748
        5.220000        4.939750        1.227132
        5.230000        4.951955        1.227510
        5.240000        4.964169        1.227883
        5.250000        4.976392        1.228251
        5.260000        4.988622        1.228614
        5.270000        5.000861        1.228972
        5.280000        5.013109        1.229325
        5.290000        5.025364        1.229672
        5.300000        5.037628        1.230015
        5.310000        5.049900        1.230353
        5.320000        5.062179        1.230685
        5.330000        5.074467        1.231012
        5.340000        5.086763        1.231335
        5.350000        5.099067        1.231652
        5.360000        5.111379        1.231964
        5.370000        5.123699        1.232272
        5.380000        5.136027        1.232574
        5.390000        5.148363        1.232871
        5.400000        5.160706        1.233164
        5.410000        5.173057        1.233451
        5.420000        5.185416        1.233734
        5.430000        5.197783        1.234011
        5.440000        5.210157        1.234284
        5.450000        5.222539        1.234552
        5.460000        5.234929        1.234815
        5.470000        5.247326        1.235073
        5.480000        5.259731        1.235326
        5.490000        5.272143        1.235575
        5.500000        5.284562        1.235818
        5.510000        5.296989        1.236057
        5.520000        5.309424        1.236292
        5.530000        5.321865        1.236521
        5.540000        5.334314        1.236746
        5.550000        5.346770        1.236966
        5.560000        5.359234        1.237181
        5.570000        5.371704        1.237392
        5.580000        5.384182        1.237598
        5.590000        5.396666        1.237800
        5.600000        5.409158        1.237997
        5.610000        5.421656        1.238189
        5.620000        5.434162        1.238377
        5.630000        5.446674        1.238560
        5.640000        5.459193        1.238739
        5.650000        5.471719        1.238914
        5.660000        5.484252        1.239084
        5.670000        5.496792        1.239249
        5.680000        5.509338        1.239410
        5.690000        5.521891        1.239567
        5.700000        5.534450        1.239720
        5.710000        5.547016        1.239868
        5.720000        5.559588        1.240012
        5.730000        5.572167        1.240151
        5.740000        5.584752        1.240287
        5.750000        5.597343        1.240418
        5.760000        5.609941        1.240545
        5.770000        5.622545        1.240668
        5.780000        5.635155        1.240787
        5.790000        5.647771        1.240901
        5.800000        5.660394        1.241012
        5.810000        5.673022        1.241119
        5.820000        5.685657        1.241221
        5.830000        5.698297        1.241320
        5.840000        5.710943        1.241414
        5.850000        5.723596        1.241505
        5.860000        5.736254        1.241592
        5.870000        5.748917        1.241675
        5.880000        5.761587        1.241754
        5.890000        5.774262        1.241829
        5.900000        5.786942        1.241901
        5.910000        5.799629        1.241969
        5.920000        5.812320        1.242033
        5.930000        5.825017        1.242093
        5.940000        5.837720        1.242150
        5.950000        5.850428        1.242203
        5.960000        5.863141        1.242253
        5.970000        5.875859        1.242299
        5.980000        5.888583        1.242341
        5.990000        5.901312        1.242380
        6.000000        5.914046        1.242416
        6.010000        5.926785        1.242448
        6.020000        5.939528        1.242477
        6.030000        5.952277        1.242502
        6.040000        5.965031        1.242524
        6.050000        5.977789        1.242543
        6.060000        5.990553        1.242558
        6.070000        6.003321        1.242571
        6.080000        6.016093        1.242580
        6.090000        6.028871        1.242585
        6.100000        6.041653        1.242588
        6.110000        6.054439        1.242588
        6.120000        6.067230        1.242584
        6.130000        6.080025        1.242577
        6.140000        6.092825        1.242568
        6.150000        6.105629        1.242555
        6.160000        6.118437        1.242540
        6.170000        6.131249        1.242521
        6.180000        6.144066        1.242500
        6.190000        6.156886        1.242476
        6.200000        6.169711        1.242449
        6.210000        6.182539        1.242419
        6.220000        6.195372        1.242387
        6.230000        6.208208        1.242351
        6.240000        6.221048        1.242313
        6.250000        6.233892        1.242273
        6.260000        6.246740        1.242230
        6.270000        6.259591        1.242184
        6.280000        6.272446        1.242135
        6.290000        6.285305        1.242084
        6.300000        6.298167        1.242031
        6.310000        6.311032        1.241975
        6.320000        6.323901        1.241917
        6.330000        6.336773        1.241856
        6.340000        6.349649        1.241793
        6.350000        6.362527        1.241728
        6.360000        6.375409        1.241660
        6.370000        6.388294        1.241590
        6.380000        6.401182        1.241518
        6.390000        6.414073        1.241443
        6.400000        6.426967        1.241367
        6.410000        6.439864        1.241288
        6.420000        6.452764        1.241207
        6.430000        6.465666        1.241124
        6.440000        6.478572        1.241039
        6.450000        6.491480        1.240952
        6.460000        6.504390        1.240863
        6.470000        6.517304        1.240772
        6.480000        6.530219        1.240679
        6.490000        6.543138        1.240584
        6.500000        6.556058        1.240487
        6.510000        6.568981        1.240389
        6.520000        6.581907        1.240288
        6.530000        6.594834        1.240186
        6.540000        6.607764        1.240082
        6.550000        6.620696        1.239977
        6.560000        6.633631        1.239869
        6.570000        6.646567        1.239760
        6.580000        6.659505        1.239650
        6.590000        6.672445        1.239537
        6.600000        6.685387        1.239424
        6.610000        6.698331        1.239308
        6.620000        6.711277        1.239191
        6.630000        6.724225        1.239073
        6.640000        6.737174        1.238953
        6.650000        6.750125        1.238832
        6.660000        6.763078        1.238709
        6.670000        6.776032        1.238585
        6.680000        6.788987        1.238460
        6.690000        6.801944        1.238333
        6.700000        6.814903        1.238205
        6.710000        6.827863        1.238076
        6.720000        6.840824        1.237945
        6.730000        6.853786        1.237814
        6.740000        6.866750        1.237681
        6.750000        6.879714        1.237547
        6.760000        6.892680        1.237412
        6.770000        6.905647        1.237275
        6.780000        6.918615        1.237138
        6.790000        6.931584        1.236999
        6.800000        6.944554        1.236860
        6.810000        6.957524        1.236719
        6.820000        6.970496        1.236578
        6.830000        6.983468        1.236436
        6.840000        6.996441        1.236292
        6.850000        7.009415        1.236148
        6.860000        7.022389        1.236003
        6.870000        7.035364        1.235857
        6.880000        7.048339        1.235710
        6.890000        7.061315        1.235562
        6.900000        7.074292        1.235414
        6.910000        7.087269        1.235265
        6.920000        7.100246        1.235115
        6.930000        7.113223        1.234964
        6.940000        7.126201        1.234813
        6.950000        7.139179        1.234661
        6.960000        7.152157        1.234508
        6.970000        7.165135        1.234355
        6.980000        7.178114        1.234201
        6.990000        7.191092        1.234046
        7.000000        7.204070        1.233891
        7.010000        7.217049        1.233736
        7.020000        7.230027        1.233579
        7.030000        7.243005        1.233423
        7.040000        7.255983        1.233266
        7.050000        7.268961        1.233108
        7.060000        7.281939        1.232950
        7.070000        7.294916        1.232792
        7.080000        7.307893        1.232633
        7.090000        7.320870        1.232473
        7.100000        7.333846        1.232314
        7.110000        7.346821        1.232154
        7.120000        7.359797        1.231994
        7.130000        7.372771        1.231833
        7.140000        7.385745        1.231672
        7.150000        7.398719        1.231511
        7.160000        7.411692        1.231350
        7.170000        7.424664        1.231188
        7.180000        7.437635        1.231026
        7.190000        7.450606        1.230864
        7.200000        7.463576        1.230702
        7.210000        7.476545        1.230540
        7.220000        7.489513        1.230377
        7.230000        7.502481        1.230214
        7.240000        7.515447        1.230051
        7.250000        7.528412        1.229889
        7.260000        7.541376        1.229726
        7.270000        7.554340        1.229563
        7.280000        7.567302        1.229399
        7.290000        7.580263        1.229236
        7.300000        7.593223        1.229073
        7.310000        7.606181        1.228910
        7.320000        7.619139        1.228747
        7.330000        7.632095        1.228584
        7.340000        7.645050        1.228421
        7.350000        7.658004        1.228257
        7.360000        7.670956        1.228094
        7.370000        7.683906        1.227932
        7.380000        7.696856        1.227769
        7.390000        7.709804        1.227606
        7.400000        7.722750        1.227443
        7.410000        7.735695        1.227281
        7.420000        7.748638        1.227118
        7.430000        7.761580        1.226956
        7.440000        7.774520        1.226794
        7.450000        7.787459        1.226632
        7.460000        7.800396        1.226471
        7.470000        7.813331        1.226309
        7.480000        7.826264        1.226148
        7.490000        7.839196        1.225987
        7.500000        7.852126        1.225826
        7.510000        7.865054        1.225666
        7.520000        7.877980        1.225505
        7.530000        7.890904        1.225345
        7.540000        7.903827        1.225186
        7.550000        7.916747        1.225026
        7.560000        7.929666        1.224867
        7.570000        7.942582        1.224708
        7.580000        7.955497        1.224550
        7.590000        7.968409        1.224391
        7.600000        7.981320        1.224233
        7.610000        7.994228        1.224076
        7.620000        8.007134        1.223919
        7.630000        8.020038        1.223762
        7.640000        8.032940        1.223605
        7.650000        8.045840        1.223449
        7.660000        8.058738        1.223294
        7.670000        8.071633        1.223138
        7.680000        8.084526        1.222984
        7.690000        8.097417        1.222829
        7.700000        8.110306        1.222675
        7.710000        8.123192        1.222522
        7.720000        8.136076        1.222368
        7.730000        8.148957        1.222216
        7.740000        8.161836        1.222063
        7.750000        8.174713        1.221912
        7.760000        8.187588        1.221760
        7.770000        8.200459        1.221609
        7.780000        8.213329        1.221459
        7.790000        8.226196        1.221309
        7.800000        8.239060        1.221159
        7.810000        8.251922        1.221011
        7.820000        8.264782        1.220862
        7.830000        8.277638        1.220714
        7.840000        8.290493        1.220567
        7.850000        8.303344        1.220420
        7.860000        8.316193        1.220273
        7.870000        8.329040        1.220128
        7.880000        8.341884        1.219982
        7.890000        8.354725        1.219837
        7.900000        8.367563        1.219693
        7.910000        8.380399        1.219550
        7.920000        8.393232        1.219406
        7.930000        8.406062        1.219264
        7.940000        8.418890        1.219122
        7.950000        8.431715        1.218980
        7.960000        8.444537        1.218839
        7.970000        8.457356        1.218699
        7.980000        8.470173        1.218559
        7.990000        8.482986        1.218420
        8.000000        8.495797        1.218282
        8.010000        8.508605        1.218144
        8.020000        8.521410        1.218006
        8.030000        8.534213        1.217869
        8.040000        8.547012        1.217733
        8.050000        8.559809        1.217598
        8.060000        8.572602        1.217463
        8.070000        8.585393        1.217328
        8.080000        8.598181        1.217194
        8.090000        8.610966        1.217061
        8.100000        8.623748        1.216929
        8.110000        8.636526        1.216797
        8.120000        8.649302        1.216665
        8.130000        8.662075        1.216535
        8.140000        8.674846        1.216405
        8.150000        8.687613        1.216275
        8.160000        8.700377        1.216146
        8.170000        8.713138        1.216018
        8.180000        8.725896        1.215891
        8.190000        8.738651        1.215764
        8.200000        8.751402        1.215637
        8.210000        8.764151        1.215512
        8.220000        8.776897        1.215387
        8.230000        8.789640        1.215262
        8.240000        8.802380        1.215138
        8.250000        8.815116        1.215015
        8.260000        8.827850        1.214893
        8.270000        8.840580        1.214771
        8.280000        8.853308        1.214650
        8.290000        8.866032        1.214529
        8.300000        8.878753        1.214409
        8.310000        8.891471        1.214290
        8.320000        8.904186        1.214171
        8.330000        8.916898        1.214053
        8.340000        8.929606        1.213936
        8.350000        8.942312        1.213819
        8.360000        8.955014        1.213703
        8.370000        8.967713        1.213588
        8.380000        8.980409        1.213473
        8.390000        8.993102        1.213359
        8.400000        9.005792        1.213246
        8.410000        9.018479        1.213133
        8.420000        9.031162        1.213021
        8.430000        9.043842        1.212909
        8.440000        9.056519        1.212798
        8.450000        9.069193        1.212688
        8.460000        9.081864        1.212579
        8.470000        9.094532        1.212470
        8.480000        9.107196        1.212362
        8.490000        9.119857        1.212254
        8.500000        9.132515        1.212147
        8.510000        9.145170        1.212041
        8.520000        9.157822        1.211935
        8.530000        9.170471        1.211830
        8.540000        9.183116        1.211725
        8.550000        9.195758        1.211622
        8.560000        9.208397        1.211519
        8.570000        9.221033        1.211416
        8.580000        9.233665        1.211314
        8.590000        9.246295        1.211213
        8.600000        9.258921        1.211112
        8.610000        9.271544        1.211013
        8.620000        9.284164        1.210913
        8.630000        9.296780        1.210815
        8.640000        9.309394        1.210716
        8.650000        9.322004        1.210619
        8.660000        9.334611        1.210522
        8.670000        9.347215        1.210426
        8.680000        9.359816        1.210331
        8.690000        9.372414        1.210236
        8.700000        9.385008        1.210141
        8.710000        9.397599        1.210048
        8.720000        9.410187        1.209955
        8.730000        9.422772        1.209862
        8.740000        9.435354        1.209770
        8.750000        9.447933        1.209679
        8.760000        9.460508        1.209589
        8.770000        9.473080        1.209499
        8.780000        9.485649        1.209409
        8.790000        9.498215        1.209321
        8.800000        9.510778        1.209232
        8.810000        9.523338        1.209145
        8.820000        9.535895        1.209058
        8.830000        9.548448        1.208972
        8.840000        9.560998        1.208886
        8.850000        9.573546        1.208801
        8.860000        9.586090        1.208716
        8.870000        9.598631        1.208632
        8.880000        9.611168        1.208549
        8.890000        9.623703        1.208466
        8.900000        9.636235        1.208384
        8.910000        9.648763        1.208302
        8.920000        9.661289        1.208221
        8.930000        9.673811        1.208141
        8.940000        9.686331        1.208061
        8.950000        9.698847        1.207982
        8.960000        9.711360        1.207903
        8.970000        9.723870        1.207825
        8.980000        9.736377        1.207747
        8.990000        9.748881        1.207670
        9.000000        9.761382        1.207594
        9.010000        9.773880        1.207518
        9.020000        9.786375        1.207442
        9.030000        9.798867        1.207368
        9.040000        9.811356        1.207293
        9.050000        9.823842        1.207220
        9.060000        9.836325        1.207147
        9.070000        9.848805        1.207074
        9.080000        9.861282        1.207002
        9.090000        9.873756        1.206931
        9.100000        9.886227        1.206860
        9.110000        9.898695        1.206789
        9.120000        9.911160        1.206719
        9.130000        9.923622        1.206650
        9.140000        9.936081        1.206581
        9.150000        9.948537        1.206513
        9.160000        9.960991        1.206445
        9.170000        9.973441        1.206378
        9.180000        9.985888        1.206311
        9.190000        9.998333        1.206245
        9.200000       10.010775        1.206179
        9.210000       10.023214        1.206114
        9.220000       10.035650        1.206050
        9.230000       10.048083        1.205986
        9.240000       10.060513        1.205922
        9.250000       10.072940        1.205859
        9.260000       10.085365        1.205796
        9.270000       10.097787        1.205734
        9.280000       10.110205        1.205672
        9.290000       10.122622        1.205611
        9.300000       10.135035        1.205551
        9.310000       10.147445        1.205490
        9.320000       10.159853        1.205431
        9.330000       10.172258        1.205372
        9.340000       10.184660        1.205313
        9.350000       10.197060        1.205255
        9.360000       10.209456        1.205197
        9.370000       10.221850        1.205140
        9.380000       10.234242        1.205083
        9.390000       10.246630        1.205026
        9.400000       10.259016        1.204970
        9.410000       10.271399        1.204915
        9.420000       10.283779        1.204860
        9.430000       10.296157        1.204806
        9.440000       10.308532        1.204752
        9.450000       10.320905        1.204698
        9.460000       10.333275        1.204645
        9.470000       10.345642        1.204592
        9.480000       10.358006        1.204540
        9.490000       10.370368        1.204488
        9.500000       10.382728        1.204437
        9.510000       10.395084        1.204386
        9.520000       10.407438        1.204335
        9.530000       10.419790        1.204285
        9.540000       10.432139        1.204235
        9.550000       10.444485        1.204186
        9.560000       10.456829        1.204137
        9.570000       10.469171        1.204089
        9.580000       10.481510        1.204041
        9.590000       10.493846        1.203993
        9.600000       10.506180        1.203946
        9.610000       10.518511        1.203899
        9.620000       10.530840        1.203853
        9.630000       10.543167        1.203807
        9.640000       10.555491        1.203761
        9.650000       10.567812        1.203716
        9.660000       10.580131        1.203672
        9.670000       10.592448        1.203627
        9.680000       10.604762        1.203583
        9.690000       10.617074        1.203540
        9.700000       10.629384        1.203497
        9.710000       10.641691        1.203454
        9.720000       10.653996        1.203411
        9.730000       10.666298        1.203369
        9.740000       10.678598        1.203328
        9.750000       10.690896        1.203286
        9.760000       10.703191        1.203245
        9.770000       10.715484        1.203205
        9.780000       10.727775        1.203165
        9.790000       10.740064        1.203125
        9.800000       10.752350        1.203085
        9.810000       10.764634        1.203046
        9.820000       10.776916        1.203008
        9.830000       10.789195        1.202969
        9.840000       10.801473        1.202931
        9.850000       10.813748        1.202893
        9.860000       10.826021        1.202856
        9.870000       10.838291        1.202819
        9.880000       10.850560        1.202782
        9.890000       10.862826        1.202746
        9.900000       10.875090        1.202710
        9.910000       10.887352        1.202675
        9.920000       10.899612        1.202639
        9.930000       10.911870        1.202604
        9.940000       10.924126        1.202570
        9.950000       10.936379        1.202535
        9.960000       10.948631        1.202501
        9.970000       10.960880        1.202468
        9.980000       10.973127        1.202434
        9.990000       10.985372        1.202401
       10.000000       10.997616        1.202368
       10.010000       11.009857        1.202336
       10.020000       11.022096        1.202304
       10.030000       11.034333        1.202272
       10.040000       11.046568        1.202240
       10.050000       11.058801        1.202209
       10.060000       11.071033        1.202178
       10.070000       11.083262        1.202148
       10.080000       11.095489        1.202117
       10.090000       11.107714        1.202087
       10.100000       11.119938        1.202058
       10.110000       11.132159        1.202028
       10.120000       11.144379        1.201999
       10.130000       11.156596        1.201970
       10.140000       11.168812        1.201942
       10.150000       11.181026        1.201913
       10.160000       11.193238        1.201885
       10.170000       11.205448        1.201857
       10.180000       11.217656        1.201830
       10.190000       11.229863        1.201803
       10.200000       11.242068        1.201776
       10.210000       11.254271        1.201749
       10.220000       11.266472        1.201723
       10.230000       11.278671        1.201696
       10.240000       11.290868        1.201671
       10.250000       11.303064        1.201645
       10.260000       11.315258        1.201620
       10.270000       11.327450        1.201594
       10.280000       11.339641        1.201570
       10.290000       11.351830        1.201545
       10.300000       11.364017        1.201521
       10.310000       11.376202        1.201496
       10.320000       11.388386        1.201472
       10.330000       11.400568        1.201449
       10.340000       11.412749        1.201425
       10.350000       11.424927        1.201402
       10.360000       11.437104        1.201379
       10.370000       11.449280        1.201357
       10.380000       11.461454        1.201334
       10.390000       11.473626        1.201312
       10.400000       11.485797        1.201290
       10.410000       11.497966        1.201268
       10.420000       11.510133        1.201247
       10.430000       11.522299        1.201225
       10.440000       11.534464        1.201204
       10.450000       11.546626        1.201183
       10.460000       11.558788        1.201163
       10.470000       11.570947        1.201142
       10.480000       11.583106        1.201122
       10.490000       11.595262        1.201102
       10.500000       11.607418        1.201082
       10.510000       11.619572        1.201062
       10.520000       11.631724        1.201043
       10.530000       11.643875        1.201024
       10.540000       11.656024        1.201005
       10.550000       11.668172        1.200986
       10.560000       11.680319        1.200967
       10.570000       11.692464        1.200949
       10.580000       11.704607        1.200931
       10.590000       11.716750        1.200913
       10.600000       11.728891        1.200895
       10.610000       11.741030        1.200877
       10.620000       11.753168        1.200860
       10.630000       11.765305        1.200842
       10.640000       11.777441        1.200825
       10.650000       11.789575        1.200808
       10.660000       11.801707        1.200792
       10.670000       11.813839        1.200775
       10.680000       11.825969        1.200759
       10.690000       11.838098        1.200743
       10.700000       11.850225        1.200727
       10.710000       11.862352        1.200711
       10.720000       11.874477        1.200695
       10.730000       11.886601        1.200680
       10.740000       11.898723        1.200664
       10.750000       11.910844        1.200649
       10.760000       11.922964        1.200634
       10.770000       11.935083        1.200619
       10.780000       11.947201        1.200605
       10.790000       11.959317        1.200590
       10.800000       11.971432        1.200576
       10.810000       11.983546        1.200562
       10.820000       11.995659        1.200548
       10.830000       12.007771        1.200534
       10.840000       12.019881        1.200520
       10.850000       12.031991        1.200507
       10.860000       12.044099        1.200493
       10.870000       12.056206        1.200480
       10.880000       12.068312        1.200467
       10.890000       12.080417        1.200454
       10.900000       12.092521        1.200441
       10.910000       12.104623        1.200428
       10.920000       12.116725        1.200416
       10.930000       12.128825        1.200403
       10.940000       12.140925        1.200391
       10.950000       12.153023        1.200379
       10.960000       12.165120        1.200367
       10.970000       12.177217        1.200355
       10.980000       12.189312        1.200344
       10.990000       12.201406        1.200332
       11.000000       12.213499        1.200321
       11.010000       12.225591        1.200309
       11.020000       12.237683        1.200298
       11.030000       12.249773        1.200287
       11.040000       12.261862        1.200276
       11.050000       12.273950        1.200265
       11.060000       12.286037        1.200255
       11.070000       12.298124        1.200244
       11.080000       12.310209        1.200234
       11.090000       12.322293        1.200223
       11.100000       12.334377        1.200213
       11.110000       12.346459        1.200203
       11.120000       12.358541        1.200193
       11.130000       12.370622        1.200183
       11.140000       12.382702        1.200174
       11.150000       12.394780        1.200164
       11.160000       12.406858        1.200155
       11.170000       12.418936        1.200145
       11.180000       12.431012        1.200136
       11.190000       12.443087        1.200127
       11.200000       12.455162        1.200118
       11.210000       12.467235        1.200109
       11.220000       12.479308        1.200100
       11.230000       12.491380        1.200091
       11.240000       12.503451        1.200083
       11.250000       12.515522        1.200074
       11.260000       12.527591        1.200066
       11.270000       12.539660        1.200057
       11.280000       12.551728        1.200049
       11.290000       12.563795        1.200041
       11.300000       12.575862        1.200033
       11.310000       12.587927        1.200025
       11.320000       12.599992        1.200017
       11.330000       12.612056        1.200010
       11.340000       12.624119        1.200002
       11.350000       12.636182        1.199994
       11.360000       12.648244        1.199987
       11.370000       12.660305        1.199980
       11.380000       12.672365        1.199972
       11.390000       12.684425        1.199965
       11.400000       12.696484        1.199958
       11.410000       12.708542        1.199951
       11.420000       12.720599        1.199944
       11.430000       12.732656        1.199937
       11.440000       12.744712        1.199931
       11.450000       12.756768        1.199924
       11.460000       12.768822        1.199917
       11.470000       12.780876        1.199911
       11.480000       12.792930        1.199904
       11.490000       12.804982        1.199898
       11.500000       12.817035        1.199892
       11.510000       12.829086        1.199886
       11.520000       12.841137        1.199879
       11.530000       12.853187        1.199873
       11.540000       12.865237        1.199867
       11.550000       12.877285        1.199861
       11.560000       12.889334        1.199856
       11.570000       12.901381        1.199850
       11.580000       12.913429        1.199844
       11.590000       12.925475        1.199839
       11.600000       12.937521        1.199833
       11.610000       12.949566        1.199828
       11.620000       12.961611        1.199822
       11.630000       12.973655        1.199817
       11.640000       12.985699        1.199812
       11.650000       12.997742        1.199807
       11.660000       13.009784        1.199801
       11.670000       13.021826        1.199796
       11.680000       13.033867        1.199791
       11.690000       13.045908        1.199786
       11.700000       13.057949        1.199782
       11.710000       13.069988        1.199777
       11.720000       13.082028        1.199772
       11.730000       13.094066        1.199767
       11.740000       13.106104        1.199763
       11.750000       13.118142        1.199758
       11.760000       13.130179        1.199754
       11.770000       13.142216        1.199749
       11.780000       13.154252        1.199745
       11.790000       13.166288        1.199741
       11.800000       13.178323        1.199736
       11.810000       13.190358        1.199732
       11.820000       13.202392        1.199728
       11.830000       13.214426        1.199724
       11.840000       13.226459        1.199720
       11.850000       13.238492        1.199716
       11.860000       13.250524        1.199712
       11.870000       13.262556        1.199708
       11.880000       13.274588        1.199704
       11.890000       13.286619        1.199700
       11.900000       13.298649        1.199697
       11.910000       13.310680        1.199693
       11.920000       13.322709        1.199689
       11.930000       13.334739        1.199686
       11.940000       13.346768        1.199682
       11.950000       13.358796        1.199679
       11.960000       13.370824        1.199675
       11.970000       13.382852        1.199672
       11.980000       13.394879        1.199668
       11.990000       13.406906        1.199665
       12.000000       13.418932        1.199662
       12.010000       13.430959        1.199659
       12.020000       13.442984        1.199655
       12.030000       13.455010        1.199652
       12.040000       13.467035        1.199649
       12.050000       13.479059        1.199646
       12.060000       13.491083        1.199643
       12.070000       13.503107        1.199640
       12.080000       13.515131        1.199637
       12.090000       13.527154        1.199634
       12.100000       13.539176        1.199631
       12.110000       13.551199        1.199629
       12.120000       13.563221        1.199626
       12.130000       13.575243        1.199623
       12.140000       13.587264        1.199620
       12.150000       13.599285        1.199618
       12.160000       13.611306        1.199615
       12.170000       13.623326        1.199613
       12.180000       13.635346        1.199610
       12.190000       13.647366        1.199607
       12.200000       13.659385        1.199605
       12.210000       13.671405        1.199603
       12.220000       13.683423        1.199600
       12.230000       13.695442        1.199598
       12.240000       13.707460        1.199595
       12.250000       13.719478        1.199593
       12.260000       13.731496        1.199591
       12.270000       13.743513        1.199589
       12.280000       13.755530        1.199586
       12.290000       13.767547        1.199584
       12.300000       13.779563        1.199582
       12.310000       13.791579        1.199580
       12.320000       13.803595        1.199578
       12.330000       13.815611        1.199576
       12.340000       13.827626        1.199574
       12.350000       13.839641        1.199572
       12.360000       13.851656        1.199570
       12.370000       13.863670        1.199568
       12.380000       13.875685        1.199566
       12.390000       13.887699        1.199564
       12.400000       13.899713        1.199562
       12.410000       13.911726        1.199560
       12.420000       13.923739        1.199558
       12.430000       13.935752        1.199557
       12.440000       13.947765        1.199555
       12.450000       13.959778        1.199553
       12.460000       13.971790        1.199551
       12.470000       13.983802        1.199550
       12.480000       13.995814        1.199548
       12.490000       14.007826        1.199546
       12.500000       14.019837        1.199545
       12.510000       14.031848        1.199543
       12.520000       14.043859        1.199542
       12.530000       14.055870        1.199540
       12.540000       14.067880        1.199538
       12.550000       14.079891        1.199537
       12.560000       14.091901        1.199535
       12.570000       14.103911        1.199534
       12.580000       14.115920        1.199533
       12.590000       14.127930        1.199531
       12.600000       14.139939        1.199530
       12.610000       14.151948        1.199528
       12.620000       14.163957        1.199527
       12.630000       14.175966        1.199526
       12.640000       14.187974        1.199524
       12.650000       14.199983        1.199523
       12.660000       14.211991        1.199522
       12.670000       14.223999        1.199521
       12.680000       14.236007        1.199519
       12.690000       14.248014        1.199518
       12.700000       14.260022        1.199517
       12.710000       14.272029        1.199516
       12.720000       14.284036        1.199515
       12.730000       14.296043        1.199513
       12.740000       14.308050        1.199512
       12.750000       14.320056        1.199511
       12.760000       14.332063        1.199510
       12.770000       14.344069        1.199509
       12.780000       14.356075        1.199508
       12.790000       14.368081        1.199507
       12.800000       14.380087        1.199506
       12.810000       14.392092        1.199505
       12.820000       14.404098        1.199504
       12.830000       14.416103        1.199503
       12.840000       14.428108        1.199502
       12.850000       14.440113        1.199501
       12.860000       14.452118        1.199500
       12.870000       14.464123        1.199499
       12.880000       14.476127        1.199498
       12.890000       14.488132        1.199497
       12.900000       14.500136        1.199496
       12.910000       14.512140        1.199495
       12.920000       14.524144        1.199495
       12.930000       14.536148        1.199494
       12.940000       14.548152        1.199493
       12.950000       14.560156        1.199492
       12.960000       14.572159        1.199491
       12.970000       14.584162        1.199491
       12.980000       14.596166        1.199490
       12.990000       14.608169        1.199489
       13.000000       14.620172        1.199488
       13.010000       14.632175        1.199487
       13.020000       14.644177        1.199487
       13.030000       14.656180        1.199486
       13.040000       14.668183        1.199485
       13.050000       14.680185        1.199485
       13.060000       14.692187        1.199484
       13.070000       14.704190        1.199483
       13.080000       14.716192        1.199483
       13.090000       14.728194        1.199482
       13.100000       14.740196        1.199481
       13.110000       14.752197        1.199481
       13.120000       14.764199        1.199480
       13.130000       14.776201        1.199479
       13.140000       14.788202        1.199479
       13.150000       14.800203        1.199478
       13.160000       14.812205        1.199478
       13.170000       14.824206        1.199477
       13.180000       14.836207        1.199476
       13.190000       14.848208        1.199476
       13.200000       14.860209        1.199475
       13.210000       14.872209        1.199475
       13.220000       14.884210        1.199474
       13.230000       14.896211        1.199474
       13.240000       14.908211        1.199473
       13.250000       14.920212        1.199473
       13.260000       14.932212        1.199472
       13.270000       14.944212        1.199472
       13.280000       14.956212        1.199471
       13.290000       14.968212        1.199471
       13.300000       14.980212        1.199470
       13.310000       14.992212        1.199470
       13.320000       15.004212        1.199469
       13.330000       15.016212        1.199469
       13.340000       15.028212        1.199469
       13.350000       15.040211        1.199468
       13.360000       15.052211        1.199468
       13.370000       15.064210        1.199467
       13.380000       15.076210        1.199467
       13.390000       15.088209        1.199466
       13.400000       15.100208        1.199466
       13.410000       15.112207        1.199466
       13.420000       15.124206        1.199465
       13.430000       15.136206        1.199465
       13.440000       15.148204        1.199465
       13.450000       15.160203        1.199464
       13.460000       15.172202        1.199464
       13.470000       15.184201        1.199464
       13.480000       15.196200        1.199463
       13.490000       15.208198        1.199463
       13.500000       15.220197        1.199463
       13.510000       15.232195        1.199462
       13.520000       15.244194        1.199462
       13.530000       15.256192        1.199462
       13.540000       15.268191        1.199461
       13.550000       15.280189        1.199461
       13.560000       15.292187        1.199461
       13.570000       15.304185        1.199460
       13.580000       15.316183        1.199460
       13.590000       15.328181        1.199460
       13.600000       15.340179        1.199459
       13.610000       15.352177        1.199459
       13.620000       15.364175        1.199459
       13.630000       15.376173        1.199459
       13.640000       15.388171        1.199458
       13.650000       15.400168        1.199458
       13.660000       15.412166        1.199458
       13.670000       15.424164        1.199458
       13.680000       15.436161        1.199457
       13.690000       15.448159        1.199457
       13.700000       15.460156        1.199457
       13.710000       15.472154        1.199457
       13.720000       15.484151        1.199457
       13.730000       15.496149        1.199456
       13.740000       15.508146        1.199456
       13.750000       15.520143        1.199456
       13.760000       15.532140        1.199456
       13.770000       15.544138        1.199455
       13.780000       15.556135        1.199455
       13.790000       15.568132        1.199455
       13.800000       15.580129        1.199455
       13.810000       15.592126        1.199455
       13.820000       15.604123        1.199454
       13.830000       15.616120        1.199454
       13.840000       15.628117        1.199454
       13.850000       15.640113        1.199454
       13.860000       15.652110        1.199454
       13.870000       15.664107        1.199454
       13.880000       15.676104        1.199453
       13.890000       15.688101        1.199453
       13.900000       15.700097        1.199453
       13.910000       15.712094        1.199453
       13.920000       15.724090        1.199453
       13.930000       15.736087        1.199453
       13.940000       15.748084        1.199452
       13.950000       15.760080        1.199452
       13.960000       15.772076        1.199452
       13.970000       15.784073        1.199452
       13.980000       15.796069        1.199452
       13.990000       15.808066        1.199452
       14.000000       15.820062        1.199452
       14.010000       15.832058        1.199452
       14.020000       15.844055        1.199451
       14.030000       15.856051        1.199451
       14.040000       15.868047        1.199451
       14.050000       15.880043        1.199451
       14.060000       15.892040        1.199451
       14.070000       15.904036        1.199451
       14.080000       15.916032        1.199451
       14.090000       15.928028        1.199451
       14.100000       15.940024        1.199450
       14.110000       15.952020        1.199450
       14.120000       15.964016        1.199450
       14.130000       15.976012        1.199450
       14.140000       15.988008        1.199450
       14.150000       16.000004        1.199450
       14.160000       16.012000        1.199450
       14.170000       16.023996        1.199450
       14.180000       16.035992        1.199450
       14.190000       16.047987        1.199450
       14.200000       16.059983        1.199449
       14.210000       16.071979        1.199449
       14.220000       16.083975        1.199449
       14.230000       16.095971        1.199449
       14.240000       16.107966        1.199449
       14.250000       16.119962        1.199449
       14.260000       16.131958        1.199449
       14.270000       16.143953        1.199449
       14.280000       16.155949        1.199449
       14.290000       16.167945        1.199449
       14.300000       16.179940        1.199449
       14.310000       16.191936        1.199449
       14.320000       16.203931        1.199449
       14.330000       16.215927        1.199448
       14.340000       16.227923        1.199448
       14.350000       16.239918        1.199448
       14.360000       16.251914        1.199448
       14.370000       16.263909        1.199448
       14.380000       16.275905        1.199448
       14.390000       16.287900        1.199448
       14.400000       16.299895        1.199448
       14.410000       16.311891        1.199448
       14.420000       16.323886        1.199448
       14.430000       16.335882        1.199448
       14.440000       16.347877        1.199448
       14.450000       16.359872        1.199448
       14.460000       16.371868        1.199448
       14.470000       16.383863        1.199448
       14.480000       16.395858        1.199448
       14.490000       16.407854        1.199448
       14.500000       16.419849        1.199447
       14.510000       16.431844        1.199447
       14.520000       16.443839        1.199447
       14.530000       16.455835        1.199447
       14.540000       16.467830        1.199447
       14.550000       16.479825        1.199447
       14.560000       16.491820        1.199447
       14.570000       16.503816        1.199447
       14.580000       16.515811        1.199447
       14.590000       16.527806        1.199447
       14.600000       16.539801        1.199447
       14.610000       16.551796        1.199447
       14.620000       16.563791        1.199447
       14.630000       16.575786        1.199447
       14.640000       16.587782        1.199447
       14.650000       16.599777        1.199447
       14.660000       16.611772        1.199447
       14.670000       16.623767        1.199447
       14.680000       16.635762        1.199447
       14.690000       16.647757        1.199447
       14.700000       16.659752        1.199447
       14.710000       16.671747        1.199447
       14.720000       16.683742        1.199447
       14.730000       16.695737        1.199447
       14.740000       16.707732        1.199447
       14.750000       16.719727        1.199447
       14.760000       16.731722        1.199447
       14.770000       16.743717        1.199447
       14.780000       16.755712        1.199447
       14.790000       16.767707        1.199446
       14.800000       16.779702        1.199446
       14.810000       16.791697        1.199446
       14.820000       16.803692        1.199446
       14.830000       16.815687        1.199446
       14.840000       16.827682        1.199446
       14.850000       16.839677        1.199446
       14.860000       16.851671        1.199446
       14.870000       16.863666        1.199446
       14.880000       16.875661        1.199446
       14.890000       16.887656        1.199446
       14.900000       16.899651        1.199446
       14.910000       16.911646        1.199446
       14.920000       16.923641        1.199446
       14.930000       16.935636        1.199446
       14.940000       16.947630        1.199446
       14.950000       16.959625        1.199446
       14.960000       16.971620        1.199446
       14.970000       16.983615        1.199446
       14.980000       16.995610        1.199446
       14.990000       17.007604        1.199446
       15.000000       17.019599        1.199446
       15.010000       17.031594        1.199446
       15.020000       17.043589        1.199446
       15.030000       17.055584        1.199446
       15.040000       17.067578        1.199446
       15.050000       17.079573        1.199446
       15.060000       17.091568        1.199446
       15.070000       17.103563        1.199446
       15.080000       17.115558        1.199446
       15.090000       17.127552        1.199446
       15.100000       17.139547        1.199446
       15.110000       17.151542        1.199446
       15.120000       17.163536        1.199446
       15.130000       17.175531        1.199446
       15.140000       17.187526        1.199446
       15.150000       17.199521        1.199446
       15.160000       17.211515        1.199446
       15.170000       17.223510        1.199446
       15.180000       17.235505        1.199446
       15.190000       17.247500        1.199446
       15.200000       17.259494        1.199446
       15.210000       17.271489        1.199446
       15.220000       17.283484        1.199446
       15.230000       17.295478        1.199446
       15.240000       17.307473        1.199446
       15.250000       17.319468        1.199446
       15.260000       17.331462        1.199446
       15.270000       17.343457        1.199446
       15.280000       17.355452        1.199446
       15.290000       17.367446        1.199446
       15.300000       17.379441        1.199446
       15.310000       17.391436        1.199446
       15.320000       17.403430        1.199446
       15.330000       17.415425        1.199446
       15.340000       17.427420        1.199446
       15.350000       17.439414        1.199446
       15.360000       17.451409        1.199446
       15.370000       17.463404        1.199446
       15.380000       17.475398        1.199446
       15.390000       17.487393        1.199446
       15.400000       17.499387        1.199446
       15.410000       17.511382        1.199446
       15.420000       17.523377        1.199446
       15.430000       17.535371        1.199446
       15.440000       17.547366        1.199446
       15.450000       17.559360        1.199446
       15.460000       17.571355        1.199446
       15.470000       17.583350        1.199446
       15.480000       17.595344        1.199446
       15.490000       17.607339        1.199446
       15.500000       17.619333        1.199446
       15.510000       17.631328        1.199446
       15.520000       17.643323        1.199446
       15.530000       17.655317        1.199446
       15.540000       17.667312        1.199446
       15.550000       17.679306        1.199446
       15.560000       17.691301        1.199446
       15.570000       17.703296        1.199446
       15.580000       17.715290        1.199446
       15.590000       17.727285        1.199446
       15.600000       17.739279        1.199446
       15.610000       17.751274        1.199446
       15.620000       17.763268        1.199446
       15.630000       17.775263        1.199446
       15.640000       17.787258        1.199446
       15.650000       17.799252        1.199446
       15.660000       17.811247        1.199446
       15.670000       17.823241        1.199446
       15.680000       17.835236        1.199446
       15.690000       17.847230        1.199446
       15.700000       17.859225        1.199446
       15.710000       17.871220        1.199446
       15.720000       17.883214        1.199446
       15.730000       17.895209        1.199446
       15.740000       17.907203        1.199446
       15.750000       17.919198        1.199446
       15.760000       17.931192        1.199446
       15.770000       17.943187        1.199446
       15.780000       17.955181        1.199446
       15.790000       17.967176        1.199446
       15.800000       17.979170        1.199446
       15.810000       17.991165        1.199446
       15.820000       18.003159        1.199446
       15.830000       18.015154        1.199446
       15.840000       18.027149        1.199446
       15.850000       18.039143        1.199446
       15.860000       18.051138        1.199446
       15.870000       18.063132        1.199446
       15.880000       18.075127        1.199446
       15.890000       18.087121        1.199446
       15.900000       18.099116        1.199446
       15.910000       18.111110        1.199446
       15.920000       18.123105        1.199446
       15.930000       18.135099        1.199446
       15.940000       18.147094        1.199446
       15.950000       18.159088        1.199446
       15.960000       18.171083        1.199446
       15.970000       18.183077        1.199446
       15.980000       18.195072        1.199446
       15.990000       18.207066        1.199446
       16.000000       18.219061        1.199446
       16.010000       18.231055        1.199446
       16.020000       18.243050        1.199446
       16.030000       18.255044        1.199446
       16.040000       18.267039        1.199446
       16.050000       18.279033        1.199446
       16.060000       18.291028        1.199446
       16.070000       18.303022        1.199446
       16.080000       18.315017        1.199446
       16.090000       18.327011        1.199446
       16.100000       18.339006        1.199446
       16.110000       18.351000        1.199446
       16.120000       18.362995        1.199446
       16.130000       18.374989        1.199446
       16.140000       18.386984        1.199446
       16.150000       18.398978        1.199446
       16.160000       18.410973        1.199446
       16.170000       18.422967        1.199446
       16.180000       18.434962        1.199446
       16.190000       18.446956        1.199446
       16.200000       18.458951        1.199446
       16.210000       18.470945        1.199446
       16.220000       18.482940        1.199446
       16.230000       18.494934        1.199446
       16.240000       18.506929        1.199446
       16.250000       18.518923        1.199446
       16.260000       18.530918        1.199446
       16.270000       18.542912        1.199446
       16.280000       18.554907        1.199446
       16.290000       18.566901        1.199446
       16.300000       18.578896        1.199446
       16.310000       18.590890        1.199446
       16.320000       18.602885        1.199446
       16.330000       18.614879        1.199446
       16.340000       18.626874        1.199446
       16.350000       18.638868        1.199446
       16.360000       18.650863        1.199446
       16.370000       18.662857        1.199446
       16.380000       18.674852        1.199446
       16.390000       18.686846        1.199446
       16.400000       18.698841        1.199446
       16.410000       18.710835        1.199446
       16.420000       18.722830        1.199446
       16.430000       18.734824        1.199446
       16.440000       18.746819        1.199446
       16.450000       18.758813        1.199446
       16.460000       18.770808        1.199446
       16.470000       18.782802        1.199446
       16.480000       18.794797        1.199446
       16.490000       18.806791        1.199446
       16.500000       18.818786        1.199446
       16.510000       18.830780        1.199446
       16.520000       18.842775        1.199446
       16.530000       18.854769        1.199446
       16.540000       18.866764        1.199446
       16.550000       18.878758        1.199446
       16.560000       18.890752        1.199446
       16.570000       18.902747        1.199446
       16.580000       18.914741        1.199446
       16.590000       18.926736        1.199446
       16.600000       18.938730        1.199446
       16.610000       18.950725        1.199446
       16.620000       18.962719        1.199446
       16.630000       18.974714        1.199446
       16.640000       18.986708        1.199446
       16.650000       18.998703        1.199446
       16.660000       19.010697        1.199446
       16.670000       19.022692        1.199446
       16.680000       19.034686        1.199446
       16.690000       19.046681        1.199446
       16.700000       19.058675        1.199446
       16.710000       19.070670        1.199446
       16.720000       19.082664        1.199446
       16.730000       19.094659        1.199446
       16.740000       19.106653        1.199446
       16.750000       19.118648        1.199446
       16.760000       19.130642        1.199446
       16.770000       19.142636        1.199446
       16.780000       19.154631        1.199446
       16.790000       19.166625        1.199446
       16.800000       19.178620        1.199446
       16.810000       19.190614        1.199446
       16.820000       19.202609        1.199446
       16.830000       19.214603        1.199446
       16.840000       19.226598        1.199446
       16.850000       19.238592        1.199446
       16.860000       19.250587        1.199446
       16.870000       19.262581        1.199446
       16.880000       19.274576        1.199446
       16.890000       19.286570        1.199446
       16.900000       19.298565        1.199446
       16.910000       19.310559        1.199446
       16.920000       19.322554        1.199446
       16.930000       19.334548        1.199446
       16.940000       19.346542        1.199446
       16.950000       19.358537        1.199446
       16.960000       19.370531        1.199446
       16.970000       19.382526        1.199446
       16.980000       19.394520        1.199446
       16.990000       19.406515        1.199446
       17.000000       19.418509        1.199446
       17.010000       19.430504        1.199446
       17.020000       19.442498        1.199446
       17.030000       19.454493        1.199446
       17.040000       19.466487        1.199446
       17.050000       19.478482        1.199446
       17.060000       19.490476        1.199446
       17.070000       19.502471        1.199446
       17.080000       19.514465        1.199446
       17.090000       19.526460        1.199446
       17.100000       19.538454        1.199446
       17.110000       19.550448        1.199446
       17.120000       19.562443        1.199446
       17.130000       19.574437        1.199446
       17.140000       19.586432        1.199446
       17.150000       19.598426        1.199446
       17.160000       19.610421        1.199446
       17.170000       19.622415        1.199446
       17.180000       19.634410        1.199446
       17.190000       19.646404        1.199446
       17.200000       19.658399        1.199446
       17.210000       19.670393        1.199446
       17.220000       19.682388        1.199446
       17.230000       19.694382        1.199446
       17.240000       19.706377        1.199446
       17.250000       19.718371        1.199446
       17.260000       19.730365        1.199446
       17.270000       19.742360        1.199446
       17.280000       19.754354        1.199446
       17.290000       19.766349        1.199446
       17.300000       19.778343        1.199446
       17.310000       19.790338        1.199446
       17.320000       19.802332        1.199446
       17.330000       19.814327        1.199446
       17.340000       19.826321        1.199446
       17.350000       19.838316        1.199446
       17.360000       19.850310        1.199446
       17.370000       19.862305        1.199446
       17.380000       19.874299        1.199446
       17.390000       19.886294        1.199446
       17.400000       19.898288        1.199446
       17.410000       19.910282        1.199446
       17.420000       19.922277        1.199446
       17.430000       19.934271        1.199446
       17.440000       19.946266        1.199446
       17.450000       19.958260        1.199446
       17.460000       19.970255        1.199446
       17.470000       19.982249        1.199446
       17.480000       19.994244        1.199446
       17.490000       20.006238        1.199446
       17.500000       20.018233        1.199446
       17.510000       20.030227        1.199446
       17.520000       20.042222        1.199446
       17.530000       20.054216        1.199446
       17.540000       20.066211        1.199446
       17.550000       20.078205        1.199446
       17.560000       20.090199        1.199446
       17.570000       20.102194        1.199446
       17.580000       20.114188        1.199446
       17.590000       20.126183        1.199446
       17.600000       20.138177        1.199446
       17.610000       20.150172        1.199446
       17.620000       20.162166        1.199446
       17.630000       20.174161        1.199446
       17.640000       20.186155        1.199446
       17.650000       20.198150        1.199446
       17.660000       20.210144        1.199446
       17.670000       20.222139        1.199446
       17.680000       20.234133        1.199446
       17.690000       20.246128        1.199446
       17.700000       20.258122        1.199446
       17.710000       20.270116        1.199446
       17.720000       20.282111        1.199446
       17.730000       20.294105        1.199446
       17.740000       20.306100        1.199446
       17.750000       20.318094        1.199446
       17.760000       20.330089        1.199446
       17.770000       20.342083        1.199446
       17.780000       20.354078        1.199446
       17.790000       20.366072        1.199446
       17.800000       20.378067        1.199446
       17.810000       20.390061        1.199446
       17.820000       20.402056        1.199446
       17.830000       20.414050        1.199446
       17.840000       20.426044        1.199446
       17.850000       20.438039        1.199446
       17.860000       20.450033        1.199446
       17.870000       20.462028        1.199446
       17.880000       20.474022        1.199446
       17.890000       20.486017        1.199446
       17.900000       20.498011        1.199446
       17.910000       20.510006        1.199446
       17.920000       20.522000        1.199446
       17.930000       20.533995        1.199446
       17.940000       20.545989        1.199446
       17.950000       20.557984        1.199446
       17.960000       20.569978        1.199446
       17.970000       20.581973        1.199446
       17.980000       20.593967        1.199446
       17.990000       20.605961        1.199446
       18.000000       20.617956        1.199446
       18.010000       20.629950        1.199446
       18.020000       20.641945        1.199446
       18.030000       20.653939        1.199446
       18.040000       20.665934        1.199446
       18.050000       20.677928        1.199446
       18.060000       20.689923        1.199446
       18.070000       20.701917        1.199446
       18.080000       20.713912        1.199446
       18.090000       20.725906        1.199446
       18.100000       20.737901        1.199446
       18.110000       20.749895        1.199446
       18.120000       20.761890        1.199446
       18.130000       20.773884        1.199446
       18.140000       20.785878        1.199446
       18.150000       20.797873        1.199446
       18.160000       20.809867        1.199446
       18.170000       20.821862        1.199446
       18.180000       20.833856        1.199446
       18.190000       20.845851        1.199446
       18.200000       20.857845        1.199446
       18.210000       20.869840        1.199446
       18.220000       20.881834        1.199446
       18.230000       20.893829        1.199446
       18.240000       20.905823        1.199446
       18.250000       20.917818        1.199446
       18.260000       20.929812        1.199446
       18.270000       20.941806        1.199446
       18.280000       20.953801        1.199446
       18.290000       20.965795        1.199446
       18.300000       20.977790        1.199446
       18.310000       20.989784        1.199446
       18.320000       21.001779        1.199446
       18.330000       21.013773        1.199446
       18.340000       21.025768        1.199446
       18.350000       21.037762        1.199446
       18.360000       21.049757        1.199446
       18.370000       21.061751        1.199446
       18.380000       21.073746        1.199446
       18.390000       21.085740        1.199446
       18.400000       21.097735        1.199446
       18.410000       21.109729        1.199446
       18.420000       21.121723        1.199446
       18.430000       21.133718        1.199446
       18.440000       21.145712        1.199446
       18.450000       21.157707        1.199446
       18.460000       21.169701        1.199446
       18.470000       21.181696        1.199446
       18.480000       21.193690        1.199446
       18.490000       21.205685        1.199446
       18.500000       21.217679        1.199446
       18.510000       21.229674        1.199446
       18.520000       21.241668        1.199446
       18.530000       21.253663        1.199446
       18.540000       21.265657        1.199446
       18.550000       21.277652        1.199446
       18.560000       21.289646        1.199446
       18.570000       21.301640        1.199446
       18.580000       21.313635        1.199446
       18.590000       21.325629        1.199446
       18.600000       21.337624        1.199446
       18.610000       21.349618        1.199446
       18.620000       21.361613        1.199446
       18.630000       21.373607        1.199446
       18.640000       21.385602        1.199446
       18.650000       21.397596        1.199446
       18.660000       21.409591        1.199446
       18.670000       21.421585        1.199446
       18.680000       21.433580        1.199446
       18.690000       21.445574        1.199446
       18.700000       21.457568        1.199447
       18.710000       21.469563        1.199447
       18.720000       21.481557        1.199447
       18.730000       21.493552        1.199447
       18.740000       21.505546        1.199447
       18.750000       21.517541        1.199447
       18.760000       21.529535        1.199447
       18.770000       21.541530        1.199447
       18.780000       21.553524        1.199447
       18.790000       21.565519        1.199447
       18.800000       21.577513        1.199447
       18.810000       21.589508        1.199447
       18.820000       21.601502        1.199447
       18.830000       21.613497        1.199447
       18.840000       21.625491        1.199447
       18.850000       21.637485        1.199447
       18.860000       21.649480        1.199447
       18.870000       21.661474        1.199447
       18.880000       21.673469        1.199447
       18.890000       21.685463        1.199447
       18.900000       21.697458        1.199447
       18.910000       21.709452        1.199447
       18.920000       21.721447        1.199447
       18.930000       21.733441        1.199447
       18.940000       21.745436        1.199447
       18.950000       21.757430        1.199447
       18.960000       21.769425        1.199447
       18.970000       21.781419        1.199447
       18.980000       21.793414        1.199447
       18.990000       21.805408        1.199447
       19.000000       21.817402        1.199447
       19.010000       21.829397        1.199447
       19.020000       21.841391        1.199447
       19.030000       21.853386        1.199447
       19.040000       21.865380        1.199447
       19.050000       21.877375        1.199447
       19.060000       21.889369        1.199447
       19.070000       21.901364        1.199447
       19.080000       21.913358        1.199447
       19.090000       21.925353        1.199447
       19.100000       21.937347        1.199447
       19.110000       21.949342        1.199447
       19.120000       21.961336        1.199447
       19.130000       21.973330        1.199447
       19.140000       21.985325        1.199447
       19.150000       21.997319        1.199447
       19.160000       22.009314        1.199447
       19.170000       22.021308        1.199447
       19.180000       22.033303        1.199447
       19.190000       22.045297        1.199447
       19.200000       22.057292        1.199447
       19.210000       22.069286        1.199447
       19.220000       22.081281        1.199447
       19.230000       22.093275        1.199447
       19.240000       22.105270        1.199447
       19.250000       22.117264        1.199447
       19.260000       22.129259        1.199447
       19.270000       22.141253        1.199447
       19.280000       22.153247        1.199447
       19.290000       22.165242        1.199447
       19.300000       22.177236        1.199447
       19.310000       22.189231        1.199447
       19.320000       22.201225        1.199447
       19.330000       22.213220        1.199447
       19.340000       22.225214        1.199447
       19.350000       22.237209        1.199447
       19.360000       22.249203        1.199447
       19.370000       22.261198        1.199447
       19.380000       22.273192        1.199447
       19.390000       22.285187        1.199447
       19.400000       22.297181        1.199447
       19.410000       22.309176        1.199447
       19.420000       22.321170        1.199447
       19.430000       22.333164        1.199447
       19.440000       22.345159        1.199447
       19.450000       22.357153        1.199447
       19.460000       22.369148        1.199447
       19.470000       22.381142        1.199447
       19.480000       22.393137        1.199447
       19.490000       22.405131        1.199447
       19.500000       22.417126        1.199447
       19.510000       22.429120        1.199447
       19.520000       22.441115        1.199447
       19.530000       22.453109        1.199447
       19.540000       22.465104        1.199447
       19.550000       22.477098        1.199447
       19.560000       22.489093        1.199447
       19.570000       22.501087        1.199447
       19.580000       22.513081        1.199447
       19.590000       22.525076        1.199447
       19.600000       22.537070        1.199447
       19.610000       22.549065        1.199447
       19.620000       22.561059        1.199447
       19.630000       22.573054        1.199447
       19.640000       22.585048        1.199447
       19.650000       22.597043        1.199447
       19.660000       22.609037        1.199447
       19.670000       22.621032        1.199447
       19.680000       22.633026        1.199447
       19.690000       22.645021        1.199447
       19.700000       22.657015        1.199447
       19.710000       22.669009        1.199447
       19.720000       22.681004        1.199447
       19.730000       22.692998        1.199447
       19.740000       22.704993        1.199447
       19.750000       22.716987        1.199447
       19.760000       22.728982        1.199447
       19.770000       22.740976        1.199447
       19.780000       22.752971        1.199447
       19.790000       22.764965        1.199447
       19.800000       22.776960        1.199447
       19.810000       22.788954        1.199447
       19.820000       22.800949        1.199447
       19.830000       22.812943        1.199447
       19.840000       22.824938        1.199447
       19.850000       22.836932        1.199447
       19.860000       22.848926        1.199447
       19.870000       22.860921        1.199447
       19.880000       22.872915        1.199447
       19.890000       22.884910        1.199447
       19.900000       22.896904        1.199447
       19.910000       22.908899        1.199447
       19.920000       22.920893        1.199447
       19.930000       22.932888        1.199447
       19.940000       22.944882        1.199447
       19.950000       22.956877        1.199447
       19.960000       22.968871        1.199447
       19.970000       22.980866        1.199447
       19.980000       22.992860        1.199447
       19.990000       23.004855        1.199447
