        0.010000        0.640531
        0.020000        0.640490
        0.030000        0.640422
        0.040000        0.640327
        0.050000        0.640204
        0.060000        0.640055
        0.070000        0.639879
        0.080000        0.639676
        0.090000        0.639445
        0.100000        0.639189
        0.110000        0.638905
        0.120000        0.638595
        0.130000        0.638258
        0.140000        0.637896
        0.150000        0.637507
        0.160000        0.637091
        0.170000        0.636651
        0.180000        0.636184
        0.190000        0.635692
        0.200000        0.635175
        0.210000        0.634632
        0.220000        0.634065
        0.230000        0.633473
        0.240000        0.632856
        0.250000        0.632215
        0.260000        0.631551
        0.270000        0.630862
        0.280000        0.630150
        0.290000        0.629415
        0.300000        0.628657
        0.310000        0.627876
        0.320000        0.627073
        0.330000        0.626248
        0.340000        0.625401
        0.350000        0.624533
        0.360000        0.623644
        0.370000        0.622733
        0.380000        0.621803
        0.390000        0.620852
        0.400000        0.619882
        0.410000        0.618892
        0.420000        0.617883
        0.430000        0.616855
        0.440000        0.615810
        0.450000        0.614746
        0.460000        0.613664
        0.470000        0.612566
        0.480000        0.611450
        0.490000        0.610318
        0.500000        0.609171
        0.510000        0.608007
        0.520000        0.606829
        0.530000        0.605635
        0.540000        0.604427
        0.550000        0.603205
        0.560000        0.601970
        0.570000        0.600721
        0.580000        0.599460
        0.590000        0.598186
        0.600000        0.596900
        0.610000        0.595603
        0.620000        0.594295
        0.630000        0.592976
        0.640000        0.591647
        0.650000        0.590308
        0.660000        0.588960
        0.670000        0.587602
        0.680000        0.586236
        0.690000        0.584862
        0.700000        0.583481
        0.710000        0.582092
        0.720000        0.580696
        0.730000        0.579293
        0.740000        0.577885
        0.750000        0.576471
        0.760000        0.575052
        0.770000        0.573628
        0.780000        0.572199
        0.790000        0.570767
        0.800000        0.569331
        0.810000        0.567891
        0.820000        0.566449
        0.830000        0.565005
        0.840000        0.563558
        0.850000        0.562110
        0.860000        0.560661
        0.870000        0.559211
        0.880000        0.557760
        0.890000        0.556309
        0.900000        0.554858
        0.910000        0.553408
        0.920000        0.551959
        0.930000        0.550512
        0.940000        0.549065
        0.950000        0.547621
        0.960000        0.546179
        0.970000        0.544740
        0.980000        0.543304
        0.990000        0.541871
        1.000000        0.540442
        1.010000        0.539017
        1.020000        0.537596
        1.030000        0.536179
        1.040000        0.534768
        1.050000        0.533361
        1.060000        0.531960
        1.070000        0.530565
        1.080000        0.529175
        1.090000        0.527792
        1.100000        0.526416
        1.110000        0.525046
        1.120000        0.523683
        1.130000        0.522327
        1.140000        0.520979
        1.150000        0.519638
        1.160000        0.518305
        1.170000        0.516981
        1.180000        0.515665
        1.190000        0.514357
        1.200000        0.513058
        1.210000        0.511768
        1.220000        0.510487
        1.230000        0.509216
        1.240000        0.507954
        1.250000        0.506702
        1.260000        0.505459
        1.270000        0.504226
        1.280000        0.503004
        1.290000        0.501792
        1.300000        0.500590
        1.310000        0.499399
        1.320000        0.498218
        1.330000        0.497048
        1.340000        0.495890
        1.350000        0.494742
        1.360000        0.493605
        1.370000        0.492480
        1.380000        0.491365
        1.390000        0.490263
        1.400000        0.489172
        1.410000        0.488092
        1.420000        0.487024
        1.430000        0.485968
        1.440000        0.484923
        1.450000        0.483891
        1.460000        0.482870
        1.470000        0.481861
        1.480000        0.480865
        1.490000        0.479880
        1.500000        0.478907
        1.510000        0.477947
        1.520000        0.476999
        1.530000        0.476063
        1.540000        0.475139
        1.550000        0.474227
        1.560000        0.473328
        1.570000        0.472441
        1.580000        0.471566
        1.590000        0.470703
        1.600000        0.469853
        1.610000        0.469015
        1.620000        0.468189
        1.630000        0.467376
        1.640000        0.466575
        1.650000        0.465786
        1.660000        0.465009
        1.670000        0.464245
        1.680000        0.463492
        1.690000        0.462752
        1.700000        0.462024
        1.710000        0.461308
        1.720000        0.460604
        1.730000        0.459912
        1.740000        0.459232
        1.750000        0.458564
        1.760000        0.457908
        1.770000        0.457263
        1.780000        0.456631
        1.790000        0.456010
        1.800000        0.455401
        1.810000        0.454803
        1.820000        0.454217
        1.830000        0.453643
        1.840000        0.453080
        1.850000        0.452528
        1.860000        0.451988
        1.870000        0.451459
        1.880000        0.450941
        1.890000        0.450434
        1.900000        0.449938
        1.910000        0.449453
        1.920000        0.448978
        1.930000        0.448515
        1.940000        0.448062
        1.950000        0.447619
        1.960000        0.447187
        1.970000        0.446765
        1.980000        0.446354
        1.990000        0.445952
        2.000000        0.445561
        2.010000        0.445179
        2.020000        0.444808
        2.030000        0.444446
        2.040000        0.444093
        2.050000        0.443750
        2.060000        0.443416
        2.070000        0.443091
        2.080000        0.442775
        2.090000        0.442468
        2.100000        0.442169
        2.110000        0.441880
        2.120000        0.441598
        2.130000        0.441325
        2.140000        0.441060
        2.150000        0.440803
        2.160000        0.440554
        2.170000        0.440312
        2.180000        0.440078
        2.190000        0.439851
        2.200000        0.439631
        2.210000        0.439418
        2.220000        0.439212
        2.230000        0.439012
        2.240000        0.438819
        2.250000        0.438631
        2.260000        0.438450
        2.270000        0.438275
        2.280000        0.438105
        2.290000        0.437940
        2.300000        0.437781
        2.310000        0.437626
        2.320000        0.437477
        2.330000        0.437332
        2.340000        0.437191
        2.350000        0.437054
        2.360000        0.436921
        2.370000        0.436792
        2.380000        0.436666
        2.390000        0.436543
        2.400000        0.436424
        2.410000        0.436307
        2.420000        0.436193
        2.430000        0.436080
        2.440000        0.435970
        2.450000        0.435862
        2.460000        0.435756
        2.470000        0.435651
        2.480000        0.435547
        2.490000        0.435444
        2.500000        0.435341
        2.510000        0.435239
        2.520000        0.435137
        2.530000        0.435036
        2.540000        0.434934
        2.550000        0.434831
        2.560000        0.434728
        2.570000        0.434624
        2.580000        0.434519
        2.590000        0.434413
        2.600000        0.434305
        2.610000        0.434196
        2.620000        0.434084
        2.630000        0.433970
        2.640000        0.433854
        2.650000        0.433736
        2.660000        0.433614
        2.670000        0.433490
        2.680000        0.433363
        2.690000        0.433232
        2.700000        0.433098
        2.710000        0.432961
        2.720000        0.432819
        2.730000        0.432674
        2.740000        0.432524
        2.750000        0.432370
        2.760000        0.432212
        2.770000        0.432050
        2.780000        0.431882
        2.790000        0.431710
        2.800000        0.431533
        2.810000        0.431351
        2.820000        0.431164
        2.830000        0.430972
        2.840000        0.430774
        2.850000        0.430571
        2.860000        0.430363
        2.870000        0.430149
        2.880000        0.429929
        2.890000        0.429704
        2.900000        0.429473
        2.910000        0.429236
        2.920000        0.428994
        2.930000        0.428745
        2.940000        0.428491
        2.950000        0.428231
        2.960000        0.427966
        2.970000        0.427694
        2.980000        0.427416
        2.990000        0.427133
        3.000000        0.426844
        3.010000        0.426549
        3.020000        0.426248
        3.030000        0.425942
        3.040000        0.425630
        3.050000        0.425312
        3.060000        0.424989
        3.070000        0.424661
        3.080000        0.424326
        3.090000        0.423987
        3.100000        0.423642
        3.110000        0.423292
        3.120000        0.422937
        3.130000        0.422578
        3.140000        0.422213
        3.150000        0.421843
        3.160000        0.421469
        3.170000        0.421090
        3.180000        0.420707
        3.190000        0.420320
        3.200000        0.419928
        3.210000        0.419532
        3.220000        0.419133
        3.230000        0.418730
        3.240000        0.418323
        3.250000        0.417913
        3.260000        0.417500
        3.270000        0.417083
        3.280000        0.416664
        3.290000        0.416241
        3.300000        0.415816
        3.310000        0.415389
        3.320000        0.414960
        3.330000        0.414528
        3.340000        0.414094
        3.350000        0.413659
        3.360000        0.413222
        3.370000        0.412784
        3.380000        0.412344
        3.390000        0.411904
        3.400000        0.411462
        3.410000        0.411020
        3.420000        0.410578
        3.430000        0.410135
        3.440000        0.409692
        3.450000        0.409250
        3.460000        0.408807
        3.470000        0.408366
        3.480000        0.407924
        3.490000        0.407484
        3.500000        0.407045
        3.510000        0.406607
        3.520000        0.406170
        3.530000        0.405736
        3.540000        0.405303
        3.550000        0.404872
        3.560000        0.404443
        3.570000        0.404017
        3.580000        0.403593
        3.590000        0.403172
        3.600000        0.402754
        3.610000        0.402340
        3.620000        0.401929
        3.630000        0.401521
        3.640000        0.401117
        3.650000        0.400717
        3.660000        0.400321
        3.670000        0.399929
        3.680000        0.399542
        3.690000        0.399160
        3.700000        0.398782
        3.710000        0.398409
        3.720000        0.398042
        3.730000        0.397680
        3.740000        0.397323
        3.750000        0.396973
        3.760000        0.396628
        3.770000        0.396289
        3.780000        0.395957
        3.790000        0.395631
        3.800000        0.395311
        3.810000        0.394999
        3.820000        0.394693
        3.830000        0.394395
        3.840000        0.394103
        3.850000        0.393820
        3.860000        0.393543
        3.870000        0.393275
        3.880000        0.393014
        3.890000        0.392762
        3.900000        0.392518
        3.910000        0.392282
        3.920000        0.392055
        3.930000        0.391836
        3.940000        0.391626
        3.950000        0.391426
        3.960000        0.391234
        3.970000        0.391052
        3.980000        0.390879
        3.990000        0.390716
        4.000000        0.390563
        4.010000        0.390419
        4.020000        0.390286
        4.030000        0.390163
        4.040000        0.390050
        4.050000        0.389947
        4.060000        0.389856
        4.070000        0.389775
        4.080000        0.389705
        4.090000        0.389645
        4.100000        0.389598
        4.110000        0.389561
        4.120000        0.389536
        4.130000        0.389522
        4.140000        0.389520
        4.150000        0.389530
        4.160000        0.389552
        4.170000        0.389586
        4.180000        0.389632
        4.190000        0.389690
        4.200000        0.389761
        4.210000        0.389845
        4.220000        0.389941
        4.230000        0.390050
        4.240000        0.390172
        4.250000        0.390307
        4.260000        0.390455
        4.270000        0.390616
        4.280000        0.390791
        4.290000        0.390980
        4.300000        0.391182
        4.310000        0.391398
        4.320000        0.391627
        4.330000        0.391871
        4.340000        0.392129
        4.350000        0.392401
        4.360000        0.392688
        4.370000        0.392988
        4.380000        0.393304
        4.390000        0.393634
        4.400000        0.393979
        4.410000        0.394338
        4.420000        0.394713
        4.430000        0.395103
        4.440000        0.395507
        4.450000        0.395927
        4.460000        0.396363
        4.470000        0.396814
        4.480000        0.397280
        4.490000        0.397763
        4.500000        0.398261
        4.510000        0.398774
        4.520000        0.399304
        4.530000        0.399850
        4.540000        0.400412
        4.550000        0.400990
        4.560000        0.401585
        4.570000        0.402196
        4.580000        0.402823
        4.590000        0.403467
        4.600000        0.404128
        4.610000        0.404806
        4.620000        0.405500
        4.630000        0.406212
        4.640000        0.406940
        4.650000        0.407686
        4.660000        0.408448
        4.670000        0.409228
        4.680000        0.410026
        4.690000        0.410841
        4.700000        0.411673
        4.710000        0.412523
        4.720000        0.413390
        4.730000        0.414276
        4.740000        0.415179
        4.750000        0.416100
        4.760000        0.417039
        4.770000        0.417996
        4.780000        0.418971
        4.790000        0.419965
        4.800000        0.420976
        4.810000        0.422006
        4.820000        0.423055
        4.830000        0.424122
        4.840000        0.425207
        4.850000        0.426311
        4.860000        0.427434
        4.870000        0.428575
        4.880000        0.429735
        4.890000        0.430914
        4.900000        0.432112
        4.910000        0.433329
        4.920000        0.434564
        4.930000        0.435819
        4.940000        0.437093
        4.950000        0.438386
        4.960000        0.439699
        4.970000        0.441030
        4.980000        0.442381
        4.990000        0.443752
        5.000000        0.445141
        5.010000        0.446551
        5.020000        0.447979
        5.030000        0.449428
        5.040000        0.450896
        5.050000        0.452383
        5.060000        0.453891
        5.070000        0.455418
        5.080000        0.456965
        5.090000        0.458531
        5.100000        0.460118
        5.110000        0.461724
        5.120000        0.463351
        5.130000        0.464997
        5.140000        0.466663
        5.150000        0.468349
        5.160000        0.470056
        5.170000        0.471782
        5.180000        0.473529
        5.190000        0.475296
        5.200000        0.477082
        5.210000        0.478890
        5.220000        0.480717
        5.230000        0.482564
        5.240000        0.484432
        5.250000        0.486320
        5.260000        0.488229
        5.270000        0.490157
        5.280000        0.492106
        5.290000        0.494076
        5.300000        0.496066
        5.310000        0.498076
        5.320000        0.500106
        5.330000        0.502157
        5.340000        0.504229
        5.350000        0.506321
        5.360000        0.508433
        5.370000        0.510566
        5.380000        0.512719
        5.390000        0.514892
        5.400000        0.517086
        5.410000        0.519301
        5.420000        0.521536
        5.430000        0.523791
        5.440000        0.526067
        5.450000        0.528364
        5.460000        0.530680
        5.470000        0.533018
        5.480000        0.535375
        5.490000        0.537754
        5.500000        0.540152
        5.510000        0.542571
        5.520000        0.545010
        5.530000        0.547470
        5.540000        0.549950
        5.550000        0.552451
        5.560000        0.554972
        5.570000        0.557513
        5.580000        0.560075
        5.590000        0.562656
        5.600000        0.565258
        5.610000        0.567881
        5.620000        0.570523
        5.630000        0.573186
        5.640000        0.575869
        5.650000        0.578573
        5.660000        0.581296
        5.670000        0.584039
        5.680000        0.586803
        5.690000        0.589586
        5.700000        0.592390
        5.710000        0.595214
        5.720000        0.598057
        5.730000        0.600921
        5.740000        0.603804
        5.750000        0.606707
        5.760000        0.609630
        5.770000        0.612573
        5.780000        0.615536
        5.790000        0.618518
        5.800000        0.621520
        5.810000        0.624542
        5.820000        0.627583
        5.830000        0.630644
        5.840000        0.633724
        5.850000        0.636824
        5.860000        0.639943
        5.870000        0.643081
        5.880000        0.646239
        5.890000        0.649416
        5.900000        0.652612
        5.910000        0.655828
        5.920000        0.659062
        5.930000        0.662316
        5.940000        0.665588
        5.950000        0.668880
        5.960000        0.672190
        5.970000        0.675519
        5.980000        0.678867
        5.990000        0.682234
        6.000000        0.685619
        6.010000        0.689023
        6.020000        0.692446
        6.030000        0.695887
        6.040000        0.699346
        6.050000        0.702824
        6.060000        0.706320
        6.070000        0.709834
        6.080000        0.713367
        6.090000        0.716917
        6.100000        0.720486
        6.110000        0.724073
        6.120000        0.727677
        6.130000        0.731299
        6.140000        0.734939
        6.150000        0.738597
        6.160000        0.742272
        6.170000        0.745965
        6.180000        0.749676
        6.190000        0.753403
        6.200000        0.757148
        6.210000        0.760911
        6.220000        0.764690
        6.230000        0.768487
        6.240000        0.772301
        6.250000        0.776131
        6.260000        0.779979
        6.270000        0.783843
        6.280000        0.787724
        6.290000        0.791622
        6.300000        0.795536
        6.310000        0.799467
        6.320000        0.803414
        6.330000        0.807378
        6.340000        0.811358
        6.350000        0.815354
        6.360000        0.819366
        6.370000        0.823394
        6.380000        0.827438
        6.390000        0.831498
        6.400000        0.835573
        6.410000        0.839665
        6.420000        0.843772
        6.430000        0.847894
        6.440000        0.852032
        6.450000        0.856185
        6.460000        0.860354
        6.470000        0.864537
        6.480000        0.868736
        6.490000        0.872950
        6.500000        0.877179
        6.510000        0.881422
        6.520000        0.885681
        6.530000        0.889954
        6.540000        0.894241
        6.550000        0.898543
        6.560000        0.902860
        6.570000        0.907191
        6.580000        0.911536
        6.590000        0.915895
        6.600000        0.920269
        6.610000        0.924656
        6.620000        0.929057
        6.630000        0.933472
        6.640000        0.937901
        6.650000        0.942343
        6.660000        0.946799
        6.670000        0.951269
        6.680000        0.955752
        6.690000        0.960248
        6.700000        0.964757
        6.710000        0.969279
        6.720000        0.973815
        6.730000        0.978363
        6.740000        0.982924
        6.750000        0.987498
        6.760000        0.992085
        6.770000        0.996684
        6.780000        1.001296
        6.790000        1.005920
        6.800000        1.010556
        6.810000        1.015205
        6.820000        1.019866
        6.830000        1.024539
        6.840000        1.029224
        6.850000        1.033921
        6.860000        1.038630
        6.870000        1.043350
        6.880000        1.048082
        6.890000        1.052826
        6.900000        1.057581
        6.910000        1.062348
        6.920000        1.067125
        6.930000        1.071914
        6.940000        1.076715
        6.950000        1.081526
        6.960000        1.086348
        6.970000        1.091181
        6.980000        1.096025
        6.990000        1.100880
        7.000000        1.105745
        7.010000        1.110621
        7.020000        1.115507
        7.030000        1.120404
        7.040000        1.125311
        7.050000        1.130229
        7.060000        1.135156
        7.070000        1.140094
        7.080000        1.145042
        7.090000        1.149999
        7.100000        1.154966
        7.110000        1.159944
        7.120000        1.164930
        7.130000        1.169927
        7.140000        1.174933
        7.150000        1.179949
        7.160000        1.184973
        7.170000        1.190008
        7.180000        1.195051
        7.190000        1.200104
        7.200000        1.205165
        7.210000        1.210236
        7.220000        1.215316
        7.230000        1.220404
        7.240000        1.225502
        7.250000        1.230608
        7.260000        1.235723
        7.270000        1.240846
        7.280000        1.245978
        7.290000        1.251118
        7.300000        1.256267
        7.310000        1.261424
        7.320000        1.266589
        7.330000        1.271763
        7.340000        1.276944
        7.350000        1.282134
        7.360000        1.287332
        7.370000        1.292537
        7.380000        1.297751
        7.390000        1.302972
        7.400000        1.308201
        7.410000        1.313437
        7.420000        1.318682
        7.430000        1.323933
        7.440000        1.329193
        7.450000        1.334459
        7.460000        1.339733
        7.470000        1.345015
        7.480000        1.350303
        7.490000        1.355599
        7.500000        1.360902
        7.510000        1.366212
        7.520000        1.371529
        7.530000        1.376853
        7.540000        1.382184
        7.550000        1.387522
        7.560000        1.392866
        7.570000        1.398218
        7.580000        1.403576
        7.590000        1.408940
        7.600000        1.414312
        7.610000        1.419690
        7.620000        1.425074
        7.630000        1.430465
        7.640000        1.435862
        7.650000        1.441265
        7.660000        1.446675
        7.670000        1.452091
        7.680000        1.457514
        7.690000        1.462942
        7.700000        1.468377
        7.710000        1.473818
        7.720000        1.479264
        7.730000        1.484717
        7.740000        1.490176
        7.750000        1.495641
        7.760000        1.501111
        7.770000        1.506587
        7.780000        1.512070
        7.790000        1.517558
        7.800000        1.523051
        7.810000        1.528550
        7.820000        1.534055
        7.830000        1.539566
        7.840000        1.545082
        7.850000        1.550604
        7.860000        1.556131
        7.870000        1.561664
        7.880000        1.567202
        7.890000        1.572745
        7.900000        1.578294
        7.910000        1.583848
        7.920000        1.589408
        7.930000        1.594973
        7.940000        1.600543
        7.950000        1.606118
        7.960000        1.611699
        7.970000        1.617284
        7.980000        1.622875
        7.990000        1.628471
        8.000000        1.634072
        8.010000        1.639678
        8.020000        1.645289
        8.030000        1.650906
        8.040000        1.656527
        8.050000        1.662153
        8.060000        1.667784
        8.070000        1.673420
        8.080000        1.679061
        8.090000        1.684707
        8.100000        1.690358
        8.110000        1.696013
        8.120000        1.701673
        8.130000        1.707339
        8.140000        1.713009
        8.150000        1.718683
        8.160000        1.724363
        8.170000        1.730047
        8.180000        1.735736
        8.190000        1.741430
        8.200000        1.747129
        8.210000        1.752832
        8.220000        1.758540
        8.230000        1.764252
        8.240000        1.769969
        8.250000        1.775691
        8.260000        1.781417
        8.270000        1.787148
        8.280000        1.792884
        8.290000        1.798624
        8.300000        1.804369
        8.310000        1.810119
        8.320000        1.815873
        8.330000        1.821631
        8.340000        1.827395
        8.350000        1.833162
        8.360000        1.838935
        8.370000        1.844711
        8.380000        1.850493
        8.390000        1.856279
        8.400000        1.862069
        8.410000        1.867864
        8.420000        1.873663
        8.430000        1.879467
        8.440000        1.885276
        8.450000        1.891089
        8.460000        1.896907
        8.470000        1.902729
        8.480000        1.908555
        8.490000        1.914386
        8.500000        1.920222
        8.510000        1.926062
        8.520000        1.931907
        8.530000        1.937756
        8.540000        1.943610
        8.550000        1.949468
        8.560000        1.955331
        8.570000        1.961198
        8.580000        1.967070
        8.590000        1.972946
        8.600000        1.978827
        8.610000        1.984712
        8.620000        1.990602
        8.630000        1.996497
        8.640000        2.002396
        8.650000        2.008300
        8.660000        2.014208
        8.670000        2.020121
        8.680000        2.026038
        8.690000        2.031960
        8.700000        2.037887
        8.710000        2.043818
        8.720000        2.049754
        8.730000        2.055694
        8.740000        2.061639
        8.750000        2.067589
        8.760000        2.073543
        8.770000        2.079502
        8.780000        2.085466
        8.790000        2.091434
        8.800000        2.097407
        8.810000        2.103385
        8.820000        2.109367
        8.830000        2.115355
        8.840000        2.121347
        8.850000        2.127343
        8.860000        2.133345
        8.870000        2.139351
        8.880000        2.145362
        8.890000        2.151378
        8.900000        2.157398
        8.910000        2.163424
        8.920000        2.169454
        8.930000        2.175489
        8.940000        2.181529
        8.950000        2.187574
        8.960000        2.193623
        8.970000        2.199678
        8.980000        2.205738
        8.990000        2.211802
        9.000000        2.217872
        9.010000        2.223946
        9.020000        2.230025
        9.030000        2.236110
        9.040000        2.242199
        9.050000        2.248293
        9.060000        2.254393
        9.070000        2.260497
        9.080000        2.266607
        9.090000        2.272722
        9.100000        2.278841
        9.110000        2.284966
        9.120000        2.291096
        9.130000        2.297231
        9.140000        2.303372
        9.150000        2.309517
        9.160000        2.315668
        9.170000        2.321824
        9.180000        2.327985
        9.190000        2.334152
        9.200000        2.340323
        9.210000        2.346501
        9.220000        2.352683
        9.230000        2.358871
        9.240000        2.365064
        9.250000        2.371262
        9.260000        2.377466
        9.270000        2.383675
        9.280000        2.389890
        9.290000        2.396110
        9.300000        2.402335
        9.310000        2.408566
        9.320000        2.414803
        9.330000        2.421045
        9.340000        2.427292
        9.350000        2.433545
        9.360000        2.439804
        9.370000        2.446068
        9.380000        2.452338
        9.390000        2.458614
        9.400000        2.464895
        9.410000        2.471182
        9.420000        2.477474
        9.430000        2.483772
        9.440000        2.490076
        9.450000        2.496386
        9.460000        2.502701
        9.470000        2.509023
        9.480000        2.515350
        9.490000        2.521683
        9.500000        2.528021
        9.510000        2.534366
        9.520000        2.540716
        9.530000        2.547073
        9.540000        2.553435
        9.550000        2.559803
        9.560000        2.566177
        9.570000        2.572557
        9.580000        2.578943
        9.590000        2.585335
        9.600000        2.591734
        9.610000        2.598138
        9.620000        2.604548
        9.630000        2.610965
        9.640000        2.617387
        9.650000        2.623816
        9.660000        2.630250
        9.670000        2.636691
        9.680000        2.643138
        9.690000        2.649592
        9.700000        2.656051
        9.710000        2.662517
        9.720000        2.668989
        9.730000        2.675468
        9.740000        2.681952
        9.750000        2.688443
        9.760000        2.694941
        9.770000        2.701444
        9.780000        2.707954
        9.790000        2.714471
        9.800000        2.720994
        9.810000        2.727523
        9.820000        2.734059
        9.830000        2.740601
        9.840000        2.747150
        9.850000        2.753705
        9.860000        2.760267
        9.870000        2.766835
        9.880000        2.773410
        9.890000        2.779991
        9.900000        2.786579
        9.910000        2.793174
        9.920000        2.799775
        9.930000        2.806383
        9.940000        2.812998
        9.950000        2.819619
        9.960000        2.826247
        9.970000        2.832882
        9.980000        2.839523
        9.990000        2.846172
       10.000000        2.852827
       10.010000        2.859489
       10.020000        2.866157
       10.030000        2.872833
       10.040000        2.879515
       10.050000        2.886204
       10.060000        2.892900
       10.070000        2.899603
       10.080000        2.906313
       10.090000        2.913030
       10.100000        2.919754
       10.110000        2.926484
       10.120000        2.933222
       10.130000        2.939967
       10.140000        2.946718
       10.150000        2.953477
       10.160000        2.960243
       10.170000        2.967016
       10.180000        2.973796
       10.190000        2.980583
       10.200000        2.987377
       10.210000        2.994178
       10.220000        3.000987
       10.230000        3.007802
       10.240000        3.014625
       10.250000        3.021455
       10.260000        3.028292
       10.270000        3.035136
       10.280000        3.041988
       10.290000        3.048847
       10.300000        3.055713
       10.310000        3.062586
       10.320000        3.069467
       10.330000        3.076355
       10.340000        3.083250
       10.350000        3.090153
       10.360000        3.097063
       10.370000        3.103980
       10.380000        3.110905
       10.390000        3.117837
       10.400000        3.124776
       10.410000        3.131723
       10.420000        3.138678
       10.430000        3.145640
       10.440000        3.152609
       10.450000        3.159586
       10.460000        3.166570
       10.470000        3.173562
       10.480000        3.180561
       10.490000        3.187568
       10.500000        3.194582
       10.510000        3.201604
       10.520000        3.208634
       10.530000        3.215671
       10.540000        3.222716
       10.550000        3.229768
       10.560000        3.236828
       10.570000        3.243895
       10.580000        3.250971
       10.590000        3.258053
       10.600000        3.265144
       10.610000        3.272242
       10.620000        3.279348
       10.630000        3.286462
       10.640000        3.293583
       10.650000        3.300712
       10.660000        3.307849
       10.670000        3.314993
       10.680000        3.322146
       10.690000        3.329306
       10.700000        3.336473
       10.710000        3.343649
       10.720000        3.350833
       10.730000        3.358024
       10.740000        3.365223
       10.750000        3.372430
       10.760000        3.379645
       10.770000        3.386867
       10.780000        3.394098
       10.790000        3.401336
       10.800000        3.408583
       10.810000        3.415837
       10.820000        3.423099
       10.830000        3.430369
       10.840000        3.437647
       10.850000        3.444933
       10.860000        3.452227
       10.870000        3.459528
       10.880000        3.466838
       10.890000        3.474156
       10.900000        3.481482
       10.910000        3.488816
       10.920000        3.496157
       10.930000        3.503507
       10.940000        3.510865
       10.950000        3.518231
       10.960000        3.525605
       10.970000        3.532987
       10.980000        3.540377
       10.990000        3.547775
       11.000000        3.555181
       11.010000        3.562595
       11.020000        3.570017
       11.030000        3.577448
       11.040000        3.584886
       11.050000        3.592333
       11.060000        3.599788
       11.070000        3.607251
       11.080000        3.614722
       11.090000        3.622201
       11.100000        3.629689
       11.110000        3.637184
       11.120000        3.644688
       11.130000        3.652200
       11.140000        3.659720
       11.150000        3.667248
       11.160000        3.674785
       11.170000        3.682330
       11.180000        3.689882
       11.190000        3.697444
       11.200000        3.705013
       11.210000        3.712591
       11.220000        3.720177
       11.230000        3.727771
       11.240000        3.735373
       11.250000        3.742984
       11.260000        3.750603
       11.270000        3.758230
       11.280000        3.765865
       11.290000        3.773509
       11.300000        3.781161
       11.310000        3.788822
       11.320000        3.796491
       11.330000        3.804168
       11.340000        3.811853
       11.350000        3.819547
       11.360000        3.827249
       11.370000        3.834959
       11.380000        3.842678
       11.390000        3.850405
       11.400000        3.858140
       11.410000        3.865884
       11.420000        3.873636
       11.430000        3.881397
       11.440000        3.889165
       11.450000        3.896943
       11.460000        3.904728
       11.470000        3.912523
       11.480000        3.920325
       11.490000        3.928136
       11.500000        3.935955
       11.510000        3.943783
       11.520000        3.951619
       11.530000        3.959464
       11.540000        3.967317
       11.550000        3.975178
       11.560000        3.983048
       11.570000        3.990926
       11.580000        3.998813
       11.590000        4.006708
       11.600000        4.014612
       11.610000        4.022524
       11.620000        4.030444
       11.630000        4.038373
       11.640000        4.046311
       11.650000        4.054257
       11.660000        4.062211
       11.670000        4.070174
       11.680000        4.078146
       11.690000        4.086126
       11.700000        4.094114
       11.710000        4.102111
       11.720000        4.110117
       11.730000        4.118131
       11.740000        4.126153
       11.750000        4.134184
       11.760000        4.142224
       11.770000        4.150272
       11.780000        4.158328
       11.790000        4.166393
       11.800000        4.174467
       11.810000        4.182549
       11.820000        4.190640
       11.830000        4.198739
       11.840000        4.206847
       11.850000        4.214963
       11.860000        4.223088
       11.870000        4.231222
       11.880000        4.239364
       11.890000        4.247514
       11.900000        4.255673
       11.910000        4.263841
       11.920000        4.272017
       11.930000        4.280202
       11.940000        4.288396
       11.950000        4.296598
       11.960000        4.304808
       11.970000        4.313028
       11.980000        4.321255
       11.990000        4.329492
       12.000000        4.337737
       12.010000        4.345990
       12.020000        4.354252
       12.030000        4.362523
       12.040000        4.370803
       12.050000        4.379091
       12.060000        4.387387
       12.070000        4.395692
       12.080000        4.404006
       12.090000        4.412329
       12.100000        4.420660
       12.110000        4.428999
       12.120000        4.437348
       12.130000        4.445705
       12.140000        4.454070
       12.150000        4.462444
       12.160000        4.470827
       12.170000        4.479219
       12.180000        4.487619
       12.190000        4.496027
       12.200000        4.504445
       12.210000        4.512871
       12.220000        4.521305
       12.230000        4.529749
       12.240000        4.538200
       12.250000        4.546661
       12.260000        4.555130
       12.270000        4.563608
       12.280000        4.572095
       12.290000        4.580590
       12.300000        4.589094
       12.310000        4.597606
       12.320000        4.606127
       12.330000        4.614657
       12.340000        4.623196
       12.350000        4.631743
       12.360000        4.640299
       12.370000        4.648863
       12.380000        4.657436
       12.390000        4.666018
       12.400000        4.674609
       12.410000        4.683208
       12.420000        4.691816
       12.430000        4.700432
       12.440000        4.709057
       12.450000        4.717691
       12.460000        4.726334
       12.470000        4.734985
       12.480000        4.743645
       12.490000        4.752314
       12.500000        4.760991
       12.510000        4.769677
       12.520000        4.778372
       12.530000        4.787075
       12.540000        4.795787
       12.550000        4.804508
       12.560000        4.813237
       12.570000        4.821975
       12.580000        4.830722
       12.590000        4.839478
       12.600000        4.848242
       12.610000        4.857015
       12.620000        4.865797
       12.630000        4.874587
       12.640000        4.883386
       12.650000        4.892194
       12.660000        4.901010
       12.670000        4.909835
       12.680000        4.918669
       12.690000        4.927512
       12.700000        4.936363
       12.710000        4.945223
       12.720000        4.954091
       12.730000        4.962969
       12.740000        4.971855
       12.750000        4.980750
       12.760000        4.989653
       12.770000        4.998565
       12.780000        5.007486
       12.790000        5.016416
       12.800000        5.025354
       12.810000        5.034301
       12.820000        5.043257
       12.830000        5.052222
       12.840000        5.061195
       12.850000        5.070177
       12.860000        5.079167
       12.870000        5.088167
       12.880000        5.097175
       12.890000        5.106192
       12.900000        5.115217
       12.910000        5.124251
       12.920000        5.133294
       12.930000        5.142346
       12.940000        5.151406
       12.950000        5.160476
       12.960000        5.169553
       12.970000        5.178640
       12.980000        5.187735
       12.990000        5.196839
       13.000000        5.205952
       13.010000        5.215074
       13.020000        5.224204
       13.030000        5.233343
       13.040000        5.242490
       13.050000        5.251647
       13.060000        5.260812
       13.070000        5.269986
       13.080000        5.279168
       13.090000        5.288360
       13.100000        5.297560
       13.110000        5.306768
       13.120000        5.315986
       13.130000        5.325212
       13.140000        5.334447
       13.150000        5.343691
       13.160000        5.352943
       13.170000        5.362204
       13.180000        5.371474
       13.190000        5.380753
       13.200000        5.390040
       13.210000        5.399336
       13.220000        5.408641
       13.230000        5.417955
       13.240000        5.427277
       13.250000        5.436608
       13.260000        5.445948
       13.270000        5.455296
       13.280000        5.464654
       13.290000        5.474020
       13.300000        5.483394
       13.310000        5.492778
       13.320000        5.502170
       13.330000        5.511571
       13.340000        5.520981
       13.350000        5.530399
       13.360000        5.539826
       13.370000        5.549262
       13.380000        5.558707
       13.390000        5.568160
       13.400000        5.577622
       13.410000        5.587093
       13.420000        5.596573
       13.430000        5.606061
       13.440000        5.615558
       13.450000        5.625064
       13.460000        5.634578
       13.470000        5.644102
       13.480000        5.653634
       13.490000        5.663174
       13.500000        5.672724
       13.510000        5.682282
       13.520000        5.691849
       13.530000        5.701425
       13.540000        5.711009
       13.550000        5.720602
       13.560000        5.730204
       13.570000        5.739815
       13.580000        5.749435
       13.590000        5.759063
       13.600000        5.768700
       13.610000        5.778345
       13.620000        5.788000
       13.630000        5.797663
       13.640000        5.807335
       13.650000        5.817015
       13.660000        5.826705
       13.670000        5.836403
       13.680000        5.846110
       13.690000        5.855825
       13.700000        5.865550
       13.710000        5.875283
       13.720000        5.885024
       13.730000        5.894775
       13.740000        5.904534
       13.750000        5.914302
       13.760000        5.924079
       13.770000        5.933865
       13.780000        5.943659
       13.790000        5.953462
       13.800000        5.963274
       13.810000        5.973094
       13.820000        5.982924
       13.830000        5.992762
       13.840000        6.002608
       13.850000        6.012464
       13.860000        6.022328
       13.870000        6.032201
       13.880000        6.042083
       13.890000        6.051973
       13.900000        6.061872
       13.910000        6.071780
       13.920000        6.081697
       13.930000        6.091623
       13.940000        6.101557
       13.950000        6.111500
       13.960000        6.121451
       13.970000        6.131412
       13.980000        6.141381
       13.990000        6.151359
       14.000000        6.161345
       14.010000        6.171341
       14.020000        6.181345
       14.030000        6.191358
       14.040000        6.201380
       14.050000        6.211410
       14.060000        6.221449
       14.070000        6.231497
       14.080000        6.241554
       14.090000        6.251619
       14.100000        6.261693
       14.110000        6.271776
       14.120000        6.281867
       14.130000        6.291968
       14.140000        6.302077
       14.150000        6.312195
       14.160000        6.322321
       14.170000        6.332457
       14.180000        6.342601
       14.190000        6.352753
       14.200000        6.362915
       14.210000        6.373085
       14.220000        6.383264
       14.230000        6.393452
       14.240000        6.403649
       14.250000        6.413854
       14.260000        6.424068
       14.270000        6.434291
       14.280000        6.444522
       14.290000        6.454762
       14.300000        6.465011
       14.310000        6.475269
       14.320000        6.485536
       14.330000        6.495811
       14.340000        6.506095
       14.350000        6.516388
       14.360000        6.526689
       14.370000        6.536999
       14.380000        6.547318
       14.390000        6.557646
       14.400000        6.567982
       14.410000        6.578328
       14.420000        6.588682
       14.430000        6.599044
       14.440000        6.609416
       14.450000        6.619796
       14.460000        6.630185
       14.470000        6.640582
       14.480000        6.650989
       14.490000        6.661404
       14.500000        6.671828
       14.510000        6.682261
       14.520000        6.692702
       14.530000        6.703152
       14.540000        6.713611
       14.550000        6.724079
       14.560000        6.734555
       14.570000        6.745040
       14.580000        6.755534
       14.590000        6.766036
       14.600000        6.776548
       14.610000        6.787068
       14.620000        6.797597
       14.630000        6.808134
       14.640000        6.818681
       14.650000        6.829236
       14.660000        6.839800
       14.670000        6.850372
       14.680000        6.860953
       14.690000        6.871543
       14.700000        6.882142
       14.710000        6.892750
       14.720000        6.903366
       14.730000        6.913991
       14.740000        6.924625
       14.750000        6.935267
       14.760000        6.945919
       14.770000        6.956579
       14.780000        6.967247
       14.790000        6.977925
       14.800000        6.988611
       14.810000        6.999306
       14.820000        7.010010
       14.830000        7.020722
       14.840000        7.031443
       14.850000        7.042173
       14.860000        7.052912
       14.870000        7.063659
       14.880000        7.074416
       14.890000        7.085181
       14.900000        7.095954
       14.910000        7.106737
       14.920000        7.117528
       14.930000        7.128328
       14.940000        7.139136
       14.950000        7.149954
       14.960000        7.160780
       14.970000        7.171615
       14.980000        7.182458
       14.990000        7.193311
       15.000000        7.204172
       15.010000        7.215042
       15.020000        7.225920
       15.030000        7.236808
       15.040000        7.247704
       15.050000        7.258609
       15.060000        7.269522
       15.070000        7.280445
       15.080000        7.291376
       15.090000        7.302315
       15.100000        7.313264
       15.110000        7.324221
       15.120000        7.335187
       15.130000        7.346162
       15.140000        7.357146
       15.150000        7.368138
       15.160000        7.379139
       15.170000        7.390149
       15.180000        7.401167
       15.190000        7.412194
       15.200000        7.423230
       15.210000        7.434275
       15.220000        7.445329
       15.230000        7.456391
       15.240000        7.467462
       15.250000        7.478542
       15.260000        7.489630
       15.270000        7.500727
       15.280000        7.511833
       15.290000        7.522948
       15.300000        7.534071
       15.310000        7.545203
       15.320000        7.556344
       15.330000        7.567494
       15.340000        7.578652
       15.350000        7.589820
       15.360000        7.600995
       15.370000        7.612180
       15.380000        7.623373
       15.390000        7.634576
       15.400000        7.645786
       15.410000        7.657006
       15.420000        7.668234
       15.430000        7.679472
       15.440000        7.690717
       15.450000        7.701972
       15.460000        7.713235
       15.470000        7.724507
       15.480000        7.735788
       15.490000        7.747078
       15.500000        7.758376
       15.510000        7.769683
       15.520000        7.780999
       15.530000        7.792323
       15.540000        7.803657
       15.550000        7.814999
       15.560000        7.826349
       15.570000        7.837709
       15.580000        7.849077
       15.590000        7.860454
       15.600000        7.871840
       15.610000        7.883234
       15.620000        7.894638
       15.630000        7.906050
       15.640000        7.917470
       15.650000        7.928900
       15.660000        7.940338
       15.670000        7.951785
       15.680000        7.963240
       15.690000        7.974705
       15.700000        7.986178
       15.710000        7.997660
       15.720000        8.009151
       15.730000        8.020650
       15.740000        8.032158
       15.750000        8.043675
       15.760000        8.055201
       15.770000        8.066735
       15.780000        8.078278
       15.790000        8.089830
       15.800000        8.101391
       15.810000        8.112960
       15.820000        8.124538
       15.830000        8.136125
       15.840000        8.147720
       15.850000        8.159325
       15.860000        8.170938
       15.870000        8.182560
       15.880000        8.194190
       15.890000        8.205829
       15.900000        8.217477
       15.910000        8.229134
       15.920000        8.240800
       15.930000        8.252474
       15.940000        8.264157
       15.950000        8.275849
       15.960000        8.287549
       15.970000        8.299258
       15.980000        8.310976
       15.990000        8.322703
       16.000000        8.334438
       16.010000        8.346183
       16.020000        8.357936
       16.030000        8.369697
       16.040000        8.381468
       16.050000        8.393247
       16.060000        8.405035
       16.070000        8.416831
       16.080000        8.428637
       16.090000        8.440451
       16.100000        8.452274
       16.110000        8.464106
       16.120000        8.475946
       16.130000        8.487795
       16.140000        8.499653
       16.150000        8.511519
       16.160000        8.523395
       16.170000        8.535279
       16.180000        8.547172
       16.190000        8.559073
       16.200000        8.570984
       16.210000        8.582903
       16.220000        8.594830
       16.230000        8.606767
       16.240000        8.618712
       16.250000        8.630666
       16.260000        8.642629
       16.270000        8.654601
       16.280000        8.666581
       16.290000        8.678570
       16.300000        8.690568
       16.310000        8.702574
       16.320000        8.714589
       16.330000        8.726613
       16.340000        8.738646
       16.350000        8.750687
       16.360000        8.762738
       16.370000        8.774797
       16.380000        8.786864
       16.390000        8.798941
       16.400000        8.811026
       16.410000        8.823120
       16.420000        8.835222
       16.430000        8.847334
       16.440000        8.859454
       16.450000        8.871583
       16.460000        8.883721
       16.470000        8.895867
       16.480000        8.908022
       16.490000        8.920186
       16.500000        8.932358
       16.510000        8.944540
       16.520000        8.956730
       16.530000        8.968929
       16.540000        8.981136
       16.550000        8.993353
       16.560000        9.005578
       16.570000        9.017811
       16.580000        9.030054
       16.590000        9.042305
       16.600000        9.054565
       16.610000        9.066834
       16.620000        9.079112
       16.630000        9.091398
       16.640000        9.103693
       16.650000        9.115997
       16.660000        9.128309
       16.670000        9.140630
       16.680000        9.152960
       16.690000        9.165299
       16.700000        9.177646
       16.710000        9.190003
       16.720000        9.202368
       16.730000        9.214741
       16.740000        9.227124
       16.750000        9.239515
       16.760000        9.251915
       16.770000        9.264323
       16.780000        9.276741
       16.790000        9.289167
       16.800000        9.301602
       16.810000        9.314045
       16.820000        9.326498
       16.830000        9.338959
       16.840000        9.351429
       16.850000        9.363907
       16.860000        9.376395
       16.870000        9.388891
       16.880000        9.401396
       16.890000        9.413909
       16.900000        9.426432
       16.910000        9.438963
       16.920000        9.451502
       16.930000        9.464051
       16.940000        9.476608
       16.950000        9.489174
       16.960000        9.501749
       16.970000        9.514333
       16.980000        9.526925
       16.990000        9.539526
       17.000000        9.552136
       17.010000        9.564754
       17.020000        9.577381
       17.030000        9.590017
       17.040000        9.602662
       17.050000        9.615315
       17.060000        9.627978
       17.070000        9.640649
       17.080000        9.653328
       17.090000        9.666017
       17.100000        9.678714
       17.110000        9.691420
       17.120000        9.704134
       17.130000        9.716858
       17.140000        9.729590
       17.150000        9.742331
       17.160000        9.755080
       17.170000        9.767839
       17.180000        9.780606
       17.190000        9.793382
       17.200000        9.806166
       17.210000        9.818960
       17.220000        9.831762
       17.230000        9.844573
       17.240000        9.857392
       17.250000        9.870220
       17.260000        9.883058
       17.270000        9.895903
       17.280000        9.908758
       17.290000        9.921621
       17.300000        9.934493
       17.310000        9.947374
       17.320000        9.960263
       17.330000        9.973162
       17.340000        9.986069
       17.350000        9.998984
       17.360000       10.011909
       17.370000       10.024842
       17.380000       10.037784
       17.390000       10.050735
       17.400000       10.063694
       17.410000       10.076662
       17.420000       10.089639
       17.430000       10.102625
       17.440000       10.115620
       17.450000       10.128623
       17.460000       10.141635
       17.470000       10.154655
       17.480000       10.167685
       17.490000       10.180723
       17.500000       10.193770
       17.510000       10.206825
       17.520000       10.219890
       17.530000       10.232963
       17.540000       10.246045
       17.550000       10.259135
       17.560000       10.272235
       17.570000       10.285343
       17.580000       10.298459
       17.590000       10.311585
       17.600000       10.324719
       17.610000       10.337862
       17.620000       10.351014
       17.630000       10.364175
       17.640000       10.377344
       17.650000       10.390522
       17.660000       10.403709
       17.670000       10.416904
       17.680000       10.430109
       17.690000       10.443322
       17.700000       10.456543
       17.710000       10.469774
       17.720000       10.483013
       17.730000       10.496261
       17.740000       10.509518
       17.750000       10.522783
       17.760000       10.536057
       17.770000       10.549340
       17.780000       10.562632
       17.790000       10.575932
       17.800000       10.589242
       17.810000       10.602559
       17.820000       10.615886
       17.830000       10.629222
       17.840000       10.642566
       17.850000       10.655919
       17.860000       10.669280
       17.870000       10.682651
       17.880000       10.696030
       17.890000       10.709417
       17.900000       10.722814
       17.910000       10.736219
       17.920000       10.749633
       17.930000       10.763056
       17.940000       10.776488
       17.950000       10.789928
       17.960000       10.803377
       17.970000       10.816835
       17.980000       10.830302
       17.990000       10.843777
       18.000000       10.857261
       18.010000       10.870754
       18.020000       10.884255
       18.030000       10.897765
       18.040000       10.911284
       18.050000       10.924812
       18.060000       10.938349
       18.070000       10.951894
       18.080000       10.965448
       18.090000       10.979011
       18.100000       10.992582
       18.110000       11.006162
       18.120000       11.019751
       18.130000       11.033349
       18.140000       11.046955
       18.150000       11.060570
       18.160000       11.074194
       18.170000       11.087827
       18.180000       11.101468
       18.190000       11.115118
       18.200000       11.128777
       18.210000       11.142445
       18.220000       11.156121
       18.230000       11.169806
       18.240000       11.183500
       18.250000       11.197203
       18.260000       11.210914
       18.270000       11.224634
       18.280000       11.238363
       18.290000       11.252101
       18.300000       11.265847
       18.310000       11.279602
       18.320000       11.293366
       18.330000       11.307138
       18.340000       11.320920
       18.350000       11.334710
       18.360000       11.348508
       18.370000       11.362316
       18.380000       11.376132
       18.390000       11.389957
       18.400000       11.403791
       18.410000       11.417633
       18.420000       11.431485
       18.430000       11.445345
       18.440000       11.459213
       18.450000       11.473091
       18.460000       11.486977
       18.470000       11.500872
       18.480000       11.514776
       18.490000       11.528688
       18.500000       11.542609
       18.510000       11.556539
       18.520000       11.570478
       18.530000       11.584425
       18.540000       11.598381
       18.550000       11.612346
       18.560000       11.626320
       18.570000       11.640302
       18.580000       11.654293
       18.590000       11.668293
       18.600000       11.682302
       18.610000       11.696319
       18.620000       11.710345
       18.630000       11.724380
       18.640000       11.738424
       18.650000       11.752476
       18.660000       11.766537
       18.670000       11.780607
       18.680000       11.794685
       18.690000       11.808773
       18.700000       11.822869
       18.710000       11.836973
       18.720000       11.851087
       18.730000       11.865209
       18.740000       11.879340
       18.750000       11.893480
       18.760000       11.907628
       18.770000       11.921786
       18.780000       11.935952
       18.790000       11.950126
       18.800000       11.964310
       18.810000       11.978502
       18.820000       11.992703
       18.830000       12.006912
       18.840000       12.021131
       18.850000       12.035358
       18.860000       12.049594
       18.870000       12.063839
       18.880000       12.078092
       18.890000       12.092354
       18.900000       12.106625
       18.910000       12.120905
       18.920000       12.135193
       18.930000       12.149490
       18.940000       12.163796
       18.950000       12.178111
       18.960000       12.192434
       18.970000       12.206766
       18.980000       12.221107
       18.990000       12.235456
       19.000000       12.249815
       19.010000       12.264182
       19.020000       12.278558
       19.030000       12.292942
       19.040000       12.307335
       19.050000       12.321737
       19.060000       12.336148
       19.070000       12.350568
       19.080000       12.364996
       19.090000       12.379433
       19.100000       12.393879
       19.110000       12.408333
       19.120000       12.422796
       19.130000       12.437268
       19.140000       12.451749
       19.150000       12.466239
       19.160000       12.480737
       19.170000       12.495244
       19.180000       12.509759
       19.190000       12.524284
       19.200000       12.538817
       19.210000       12.553359
       19.220000       12.567910
       19.230000       12.582469
       19.240000       12.597037
       19.250000       12.611614
       19.260000       12.626200
       19.270000       12.640794
       19.280000       12.655397
       19.290000       12.670009
       19.300000       12.684630
       19.310000       12.699259
       19.320000       12.713897
       19.330000       12.728544
       19.340000       12.743199
       19.350000       12.757864
       19.360000       12.772537
       19.370000       12.787219
       19.380000       12.801909
       19.390000       12.816608
       19.400000       12.831316
       19.410000       12.846033
       19.420000       12.860759
       19.430000       12.875493
       19.440000       12.890236
       19.450000       12.904988
       19.460000       12.919748
       19.470000       12.934517
       19.480000       12.949295
       19.490000       12.964082
       19.500000       12.978878
       19.510000       12.993682
       19.520000       13.008495
       19.530000       13.023316
       19.540000       13.038147
       19.550000       13.052986
       19.560000       13.067834
       19.570000       13.082691
       19.580000       13.097556
       19.590000       13.112430
       19.600000       13.127313
       19.610000       13.142205
       19.620000       13.157105
       19.630000       13.172014
       19.640000       13.186932
       19.650000       13.201859
       19.660000       13.216794
       19.670000       13.231738
       19.680000       13.246691
       19.690000       13.261652
       19.700000       13.276623
       19.710000       13.291602
       19.720000       13.306590
       19.730000       13.321586
       19.740000       13.336591
       19.750000       13.351605
       19.760000       13.366628
       19.770000       13.381660
       19.780000       13.396700
       19.790000       13.411749
       19.800000       13.426807
       19.810000       13.441873
       19.820000       13.456948
       19.830000       13.472032
       19.840000       13.487125
       19.850000       13.502227
       19.860000       13.517337
       19.870000       13.532456
       19.880000       13.547583
       19.890000       13.562720
       19.900000       13.577865
       19.910000       13.593019
       19.920000       13.608182
       19.930000       13.623353
       19.940000       13.638533
       19.950000       13.653722
       19.960000       13.668920
       19.970000       13.684126
       19.980000       13.699341
       19.990000       13.714565
